

================================================================
== Vitis HLS Report for 'entry_proc'
================================================================
* Date:           Fri May  3 00:29:02 2024

* Version:        2021.1.1 (Build 3286242 on Wed Jul 28 13:09:46 MDT 2021)
* Project:        example-4
* Solution:       solution1 (Vitis Kernel Flow Target)
* Product family: virtexuplus
* Target device:  xcu50-fsvh2104-2-e


================================================================
== Performance Estimates
================================================================
+ Timing: 
    * Summary: 
    +--------+---------+----------+------------+
    |  Clock |  Target | Estimated| Uncertainty|
    +--------+---------+----------+------------+
    |ap_clk  |  3.33 ns|  1.217 ns|     0.90 ns|
    +--------+---------+----------+------------+

+ Latency: 
    * Summary: 
    +---------+---------+----------+----------+-----+-----+---------+
    |  Latency (cycles) |  Latency (absolute) |  Interval | Pipeline|
    |   min   |   max   |    min   |    max   | min | max |   Type  |
    +---------+---------+----------+----------+-----+-----+---------+
    |        0|        0|      0 ns|      0 ns|    0|    0|       no|
    +---------+---------+----------+----------+-----+-----+---------+

    + Detail: 
        * Instance: 
        N/A

        * Loop: 
        N/A



================================================================
== Utilization Estimates
================================================================
* Summary: 
+---------------------+---------+------+---------+--------+-----+
|         Name        | BRAM_18K|  DSP |    FF   |   LUT  | URAM|
+---------------------+---------+------+---------+--------+-----+
|DSP                  |        -|     -|        -|       -|    -|
|Expression           |        -|     -|        0|       2|    -|
|FIFO                 |        -|     -|        -|       -|    -|
|Instance             |        -|     -|        -|       -|    -|
|Memory               |        -|     -|        -|       -|    -|
|Multiplexer          |        -|     -|        -|      45|    -|
|Register             |        -|     -|        2|       -|    -|
+---------------------+---------+------+---------+--------+-----+
|Total                |        0|     0|        2|      47|    0|
+---------------------+---------+------+---------+--------+-----+
|Available SLR        |     1344|  2976|   871680|  435840|  320|
+---------------------+---------+------+---------+--------+-----+
|Utilization SLR (%)  |        0|     0|       ~0|      ~0|    0|
+---------------------+---------+------+---------+--------+-----+
|Available            |     2688|  5952|  1743360|  871680|  640|
+---------------------+---------+------+---------+--------+-----+
|Utilization (%)      |        0|     0|       ~0|      ~0|    0|
+---------------------+---------+------+---------+--------+-----+

+ Detail: 
    * Instance: 
    N/A

    * DSP: 
    N/A

    * Memory: 
    N/A

    * FIFO: 
    N/A

    * Expression: 
    +-----------------+----------+----+---+----+------------+------------+
    |  Variable Name  | Operation| DSP| FF| LUT| Bitwidth P0| Bitwidth P1|
    +-----------------+----------+----+---+----+------------+------------+
    |ap_block_state1  |        or|   0|  0|   2|           1|           1|
    +-----------------+----------+----+---+----+------------+------------+
    |Total            |          |   0|  0|   2|           1|           1|
    +-----------------+----------+----+---+----+------------+------------+

    * Multiplexer: 
    +---------------------+----+-----------+-----+-----------+
    |         Name        | LUT| Input Size| Bits| Total Bits|
    +---------------------+----+-----------+-----+-----------+
    |ap_done              |   9|          2|    1|          2|
    |layer_num_c13_blk_n  |   9|          2|    1|          2|
    |layer_num_c14_blk_n  |   9|          2|    1|          2|
    |layer_num_c15_blk_n  |   9|          2|    1|          2|
    |layer_num_c_blk_n    |   9|          2|    1|          2|
    +---------------------+----+-----------+-----+-----------+
    |Total                |  45|         10|    5|         10|
    +---------------------+----+-----------+-----+-----------+

    * Register: 
    +-------------+---+----+-----+-----------+
    |     Name    | FF| LUT| Bits| Const Bits|
    +-------------+---+----+-----+-----------+
    |ap_CS_fsm    |  1|   0|    1|          0|
    |ap_done_reg  |  1|   0|    1|          0|
    +-------------+---+----+-----+-----------+
    |Total        |  2|   0|    2|          0|
    +-------------+---+----+-----+-----------+



================================================================
== Interface
================================================================
* Summary: 
+----------------------+-----+-----+------------+---------------+--------------+
|       RTL Ports      | Dir | Bits|  Protocol  | Source Object |    C Type    |
+----------------------+-----+-----+------------+---------------+--------------+
|ap_clk                |   in|    1|  ap_ctrl_hs|     entry_proc|  return value|
|ap_rst                |   in|    1|  ap_ctrl_hs|     entry_proc|  return value|
|ap_start              |   in|    1|  ap_ctrl_hs|     entry_proc|  return value|
|ap_done               |  out|    1|  ap_ctrl_hs|     entry_proc|  return value|
|ap_continue           |   in|    1|  ap_ctrl_hs|     entry_proc|  return value|
|ap_idle               |  out|    1|  ap_ctrl_hs|     entry_proc|  return value|
|ap_ready              |  out|    1|  ap_ctrl_hs|     entry_proc|  return value|
|layer_num             |   in|    3|     ap_none|      layer_num|        scalar|
|layer_num_c_din       |  out|    3|     ap_fifo|    layer_num_c|       pointer|
|layer_num_c_full_n    |   in|    1|     ap_fifo|    layer_num_c|       pointer|
|layer_num_c_write     |  out|    1|     ap_fifo|    layer_num_c|       pointer|
|layer_num_c13_din     |  out|    3|     ap_fifo|  layer_num_c13|       pointer|
|layer_num_c13_full_n  |   in|    1|     ap_fifo|  layer_num_c13|       pointer|
|layer_num_c13_write   |  out|    1|     ap_fifo|  layer_num_c13|       pointer|
|layer_num_c14_din     |  out|    3|     ap_fifo|  layer_num_c14|       pointer|
|layer_num_c14_full_n  |   in|    1|     ap_fifo|  layer_num_c14|       pointer|
|layer_num_c14_write   |  out|    1|     ap_fifo|  layer_num_c14|       pointer|
|layer_num_c15_din     |  out|    3|     ap_fifo|  layer_num_c15|       pointer|
|layer_num_c15_full_n  |   in|    1|     ap_fifo|  layer_num_c15|       pointer|
|layer_num_c15_write   |  out|    1|     ap_fifo|  layer_num_c15|       pointer|
+----------------------+-----+-----+------------+---------------+--------------+

