

================================================================
== Vitis HLS Report for 'global_mean_pooling'
================================================================
* Date:           Fri May  3 00:29:43 2024

* Version:        2021.1.1 (Build 3286242 on Wed Jul 28 13:09:46 MDT 2021)
* Project:        example-4
* Solution:       solution1 (Vitis Kernel Flow Target)
* Product family: virtexuplus
* Target device:  xcu50-fsvh2104-2-e


================================================================
== Performance Estimates
================================================================
+ Timing: 
    * Summary: 
    +--------+---------+----------+------------+
    |  Clock |  Target | Estimated| Uncertainty|
    +--------+---------+----------+------------+
    |ap_clk  |  3.33 ns|  2.394 ns|     0.90 ns|
    +--------+---------+----------+------------+

+ Latency: 
    * Summary: 
    +---------+---------+----------+----------+-----+-----+---------+
    |  Latency (cycles) |  Latency (absolute) |  Interval | Pipeline|
    |   min   |   max   |    min   |    max   | min | max |   Type  |
    +---------+---------+----------+----------+-----+-----+---------+
    |      534|      534|  1.780 us|  1.780 us|  534|  534|       no|
    +---------+---------+----------+----------+-----+-----+---------+

    + Detail: 
        * Instance: 
        +----------------------------------------------------------------------------------+-----------------------------------------------------------------------+---------+---------+----------+----------+-----+-----+---------+
        |                                                                                  |                                                                       |  Latency (cycles) |  Latency (absolute) |  Interval | Pipeline|
        |                                     Instance                                     |                                 Module                                |   min   |   max   |    min   |    max   | min | max |   Type  |
        +----------------------------------------------------------------------------------+-----------------------------------------------------------------------+---------+---------+----------+----------+-----+-----+---------+
        |grp_global_mean_pooling_Pipeline_global_mean_pooling_main_VITIS_LOOP_53_1_fu_472  |global_mean_pooling_Pipeline_global_mean_pooling_main_VITIS_LOOP_53_1  |      453|      453|  1.510 us|  1.510 us|  453|  453|       no|
        |grp_global_mean_pooling_Pipeline_global_mean_pooling_tail_fu_487                  |global_mean_pooling_Pipeline_global_mean_pooling_tail                  |       74|       74|  0.247 us|  0.247 us|   74|   74|       no|
        +----------------------------------------------------------------------------------+-----------------------------------------------------------------------+---------+---------+----------+----------+-----+-----+---------+

        * Loop: 
        N/A



================================================================
== Utilization Estimates
================================================================
* Summary: 
+---------------------+---------+------+---------+--------+-----+
|         Name        | BRAM_18K|  DSP |    FF   |   LUT  | URAM|
+---------------------+---------+------+---------+--------+-----+
|DSP                  |        -|     -|        -|       -|    -|
|Expression           |        -|     -|        0|     272|    -|
|FIFO                 |        -|     -|        -|       -|    -|
|Instance             |        -|     1|     6920|   71703|    -|
|Memory               |        0|     -|       32|      34|    0|
|Multiplexer          |        -|     -|        -|     206|    -|
|Register             |        -|     -|       87|       -|    -|
+---------------------+---------+------+---------+--------+-----+
|Total                |        0|     1|     7039|   72215|    0|
+---------------------+---------+------+---------+--------+-----+
|Available SLR        |     1344|  2976|   871680|  435840|  320|
+---------------------+---------+------+---------+--------+-----+
|Utilization SLR (%)  |        0|    ~0|       ~0|      16|    0|
+---------------------+---------+------+---------+--------+-----+
|Available            |     2688|  5952|  1743360|  871680|  640|
+---------------------+---------+------+---------+--------+-----+
|Utilization (%)      |        0|    ~0|       ~0|       8|    0|
+---------------------+---------+------+---------+--------+-----+

+ Detail: 
    * Instance: 
    +----------------------------------------------------------------------------------+-----------------------------------------------------------------------+---------+----+------+-------+-----+
    |                                     Instance                                     |                                 Module                                | BRAM_18K| DSP|  FF  |  LUT  | URAM|
    +----------------------------------------------------------------------------------+-----------------------------------------------------------------------+---------+----+------+-------+-----+
    |grp_global_mean_pooling_Pipeline_global_mean_pooling_main_VITIS_LOOP_53_1_fu_472  |global_mean_pooling_Pipeline_global_mean_pooling_main_VITIS_LOOP_53_1  |        0|   0|   127|    429|    0|
    |grp_global_mean_pooling_Pipeline_global_mean_pooling_tail_fu_487                  |global_mean_pooling_Pipeline_global_mean_pooling_tail                  |        0|   0|  6628|  71225|    0|
    |mul_32ns_7ns_38_2_1_U6932                                                         |mul_32ns_7ns_38_2_1                                                    |        0|   1|   165|     49|    0|
    +----------------------------------------------------------------------------------+-----------------------------------------------------------------------+---------+----+------+-------+-----+
    |Total                                                                             |                                                                       |        0|   1|  6920|  71703|    0|
    +----------------------------------------------------------------------------------+-----------------------------------------------------------------------+---------+----+------+-------+-----+

    * DSP: 
    N/A

    * Memory: 
    +------------+------------------------------+---------+----+----+-----+------+-----+------+-------------+
    |   Memory   |            Module            | BRAM_18K| FF | LUT| URAM| Words| Bits| Banks| W*Bits*Banks|
    +------------+------------------------------+---------+----+----+-----+------+-----+------+-------------+
    |sums_V_0_U  |global_mean_pooling_sums_V_0  |        0|  16|  17|    0|    50|   16|     1|          800|
    |sums_V_1_U  |global_mean_pooling_sums_V_0  |        0|  16|  17|    0|    50|   16|     1|          800|
    +------------+------------------------------+---------+----+----+-----+------+-----+------+-------------+
    |Total       |                              |        0|  32|  34|    0|   100|   32|     2|         1600|
    +------------+------------------------------+---------+----+----+-----+------+-----+------+-------------+

    * FIFO: 
    N/A

    * Expression: 
    +-----------------------+----------+----+---+----+------------+------------+
    |     Variable Name     | Operation| DSP| FF| LUT| Bitwidth P0| Bitwidth P1|
    +-----------------------+----------+----+---+----+------------+------------+
    |add_ln10_fu_610_p2     |         +|   0|  0|  39|          32|           1|
    |add_ln48_fu_713_p2     |         +|   0|  0|  39|          32|           2|
    |num_iters_fu_672_p2    |         +|   0|  0|  39|          32|           2|
    |sub_ln10_fu_644_p2     |         -|   0|  0|  39|           1|          32|
    |sub_ln48_fu_692_p2     |         -|   0|  0|   9|           1|           2|
    |cmp39_1_fu_752_p2      |      icmp|   0|  0|   8|           2|           1|
    |cmp39_fu_745_p2        |      icmp|   0|  0|   8|           2|           2|
    |cmp59_fu_708_p2        |      icmp|   0|  0|  20|          32|           1|
    |ap_block_state1        |        or|   0|  0|   2|           1|           1|
    |or_ln107_fu_759_p2     |        or|   0|  0|   2|           1|           1|
    |select_ln10_fu_664_p3  |    select|   0|  0|  32|           1|          32|
    |select_ln48_fu_738_p3  |    select|   0|  0|   2|           1|           2|
    |xor_ln10_fu_634_p2     |       xor|   0|  0|  31|          31|           2|
    |xor_ln48_fu_678_p2     |       xor|   0|  0|   2|           1|           2|
    +-----------------------+----------+----+---+----+------------+------------+
    |Total                  |          |   0|  0| 272|         170|          83|
    +-----------------------+----------+----+---+----+------------+------------+

    * Multiplexer: 
    +-----------------------------+----+-----------+-----+-----------+
    |             Name            | LUT| Input Size| Bits| Total Bits|
    +-----------------------------+----+-----------+-----+-----------+
    |ap_NS_fsm                    |  49|          9|    1|          9|
    |ap_done                      |   9|          2|    1|          2|
    |embeddings_0_0_0_0_012_read  |  14|          3|    1|          3|
    |embeddings_0_0_0_0_013_read  |  14|          3|    1|          3|
    |embeddings_0_0_0_0_01_read   |  14|          3|    1|          3|
    |embeddings_0_0_0_0_0_read    |  14|          3|    1|          3|
    |sums_V_0_address0            |  14|          3|    6|         18|
    |sums_V_0_ce0                 |  14|          3|    1|          3|
    |sums_V_0_ce1                 |   9|          2|    1|          2|
    |sums_V_0_we0                 |   9|          2|    1|          2|
    |sums_V_1_address0            |  14|          3|    6|         18|
    |sums_V_1_ce0                 |  14|          3|    1|          3|
    |sums_V_1_ce1                 |   9|          2|    1|          2|
    |sums_V_1_we0                 |   9|          2|    1|          2|
    +-----------------------------+----+-----------+-----+-----------+
    |Total                        | 206|         43|   24|         73|
    +-----------------------------+----+-----------+-----+-----------+

    * Register: 
    +-----------------------------------------------------------------------------------------------+----+----+-----+-----------+
    |                                              Name                                             | FF | LUT| Bits| Const Bits|
    +-----------------------------------------------------------------------------------------------+----+----+-----+-----------+
    |ap_CS_fsm                                                                                      |   8|   0|    8|          0|
    |ap_done_reg                                                                                    |   1|   0|    1|          0|
    |bound_reg_2293                                                                                 |  38|   0|   38|          0|
    |cmp39_1_reg_2303                                                                               |   1|   0|    1|          0|
    |cmp39_reg_2298                                                                                 |   1|   0|    1|          0|
    |cmp59_reg_2288                                                                                 |   1|   0|    1|          0|
    |grp_global_mean_pooling_Pipeline_global_mean_pooling_main_VITIS_LOOP_53_1_fu_472_ap_start_reg  |   1|   0|    1|          0|
    |grp_global_mean_pooling_Pipeline_global_mean_pooling_tail_fu_487_ap_start_reg                  |   1|   0|    1|          0|
    |num_iters_reg_2272                                                                             |  32|   0|   32|          0|
    |or_ln107_reg_2308                                                                              |   1|   0|    1|          0|
    |sub_ln48_reg_2278                                                                              |   2|   0|    2|          0|
    +-----------------------------------------------------------------------------------------------+----+----+-----+-----------+
    |Total                                                                                          |  87|   0|   87|          0|
    +-----------------------------------------------------------------------------------------------+----+----+-----+-----------+



================================================================
== Interface
================================================================
* Summary: 
+--------------------------------+-----+-----+------------+------------------------+--------------+
|            RTL Ports           | Dir | Bits|  Protocol  |      Source Object     |    C Type    |
+--------------------------------+-----+-----+------------+------------------------+--------------+
|ap_clk                          |   in|    1|  ap_ctrl_hs|     global_mean_pooling|  return value|
|ap_rst                          |   in|    1|  ap_ctrl_hs|     global_mean_pooling|  return value|
|ap_start                        |   in|    1|  ap_ctrl_hs|     global_mean_pooling|  return value|
|ap_done                         |  out|    1|  ap_ctrl_hs|     global_mean_pooling|  return value|
|ap_continue                     |   in|    1|  ap_ctrl_hs|     global_mean_pooling|  return value|
|ap_idle                         |  out|    1|  ap_ctrl_hs|     global_mean_pooling|  return value|
|ap_ready                        |  out|    1|  ap_ctrl_hs|     global_mean_pooling|  return value|
|ap_return_0                     |  out|   16|  ap_ctrl_hs|     global_mean_pooling|  return value|
|ap_return_1                     |  out|   16|  ap_ctrl_hs|     global_mean_pooling|  return value|
|ap_return_2                     |  out|   16|  ap_ctrl_hs|     global_mean_pooling|  return value|
|ap_return_3                     |  out|   16|  ap_ctrl_hs|     global_mean_pooling|  return value|
|ap_return_4                     |  out|   16|  ap_ctrl_hs|     global_mean_pooling|  return value|
|ap_return_5                     |  out|   16|  ap_ctrl_hs|     global_mean_pooling|  return value|
|ap_return_6                     |  out|   16|  ap_ctrl_hs|     global_mean_pooling|  return value|
|ap_return_7                     |  out|   16|  ap_ctrl_hs|     global_mean_pooling|  return value|
|ap_return_8                     |  out|   16|  ap_ctrl_hs|     global_mean_pooling|  return value|
|ap_return_9                     |  out|   16|  ap_ctrl_hs|     global_mean_pooling|  return value|
|ap_return_10                    |  out|   16|  ap_ctrl_hs|     global_mean_pooling|  return value|
|ap_return_11                    |  out|   16|  ap_ctrl_hs|     global_mean_pooling|  return value|
|ap_return_12                    |  out|   16|  ap_ctrl_hs|     global_mean_pooling|  return value|
|ap_return_13                    |  out|   16|  ap_ctrl_hs|     global_mean_pooling|  return value|
|ap_return_14                    |  out|   16|  ap_ctrl_hs|     global_mean_pooling|  return value|
|ap_return_15                    |  out|   16|  ap_ctrl_hs|     global_mean_pooling|  return value|
|ap_return_16                    |  out|   16|  ap_ctrl_hs|     global_mean_pooling|  return value|
|ap_return_17                    |  out|   16|  ap_ctrl_hs|     global_mean_pooling|  return value|
|ap_return_18                    |  out|   16|  ap_ctrl_hs|     global_mean_pooling|  return value|
|ap_return_19                    |  out|   16|  ap_ctrl_hs|     global_mean_pooling|  return value|
|ap_return_20                    |  out|   16|  ap_ctrl_hs|     global_mean_pooling|  return value|
|ap_return_21                    |  out|   16|  ap_ctrl_hs|     global_mean_pooling|  return value|
|ap_return_22                    |  out|   16|  ap_ctrl_hs|     global_mean_pooling|  return value|
|ap_return_23                    |  out|   16|  ap_ctrl_hs|     global_mean_pooling|  return value|
|ap_return_24                    |  out|   16|  ap_ctrl_hs|     global_mean_pooling|  return value|
|ap_return_25                    |  out|   16|  ap_ctrl_hs|     global_mean_pooling|  return value|
|ap_return_26                    |  out|   16|  ap_ctrl_hs|     global_mean_pooling|  return value|
|ap_return_27                    |  out|   16|  ap_ctrl_hs|     global_mean_pooling|  return value|
|ap_return_28                    |  out|   16|  ap_ctrl_hs|     global_mean_pooling|  return value|
|ap_return_29                    |  out|   16|  ap_ctrl_hs|     global_mean_pooling|  return value|
|ap_return_30                    |  out|   16|  ap_ctrl_hs|     global_mean_pooling|  return value|
|ap_return_31                    |  out|   16|  ap_ctrl_hs|     global_mean_pooling|  return value|
|ap_return_32                    |  out|   16|  ap_ctrl_hs|     global_mean_pooling|  return value|
|ap_return_33                    |  out|   16|  ap_ctrl_hs|     global_mean_pooling|  return value|
|ap_return_34                    |  out|   16|  ap_ctrl_hs|     global_mean_pooling|  return value|
|ap_return_35                    |  out|   16|  ap_ctrl_hs|     global_mean_pooling|  return value|
|ap_return_36                    |  out|   16|  ap_ctrl_hs|     global_mean_pooling|  return value|
|ap_return_37                    |  out|   16|  ap_ctrl_hs|     global_mean_pooling|  return value|
|ap_return_38                    |  out|   16|  ap_ctrl_hs|     global_mean_pooling|  return value|
|ap_return_39                    |  out|   16|  ap_ctrl_hs|     global_mean_pooling|  return value|
|ap_return_40                    |  out|   16|  ap_ctrl_hs|     global_mean_pooling|  return value|
|ap_return_41                    |  out|   16|  ap_ctrl_hs|     global_mean_pooling|  return value|
|ap_return_42                    |  out|   16|  ap_ctrl_hs|     global_mean_pooling|  return value|
|ap_return_43                    |  out|   16|  ap_ctrl_hs|     global_mean_pooling|  return value|
|ap_return_44                    |  out|   16|  ap_ctrl_hs|     global_mean_pooling|  return value|
|ap_return_45                    |  out|   16|  ap_ctrl_hs|     global_mean_pooling|  return value|
|ap_return_46                    |  out|   16|  ap_ctrl_hs|     global_mean_pooling|  return value|
|ap_return_47                    |  out|   16|  ap_ctrl_hs|     global_mean_pooling|  return value|
|ap_return_48                    |  out|   16|  ap_ctrl_hs|     global_mean_pooling|  return value|
|ap_return_49                    |  out|   16|  ap_ctrl_hs|     global_mean_pooling|  return value|
|ap_return_50                    |  out|   16|  ap_ctrl_hs|     global_mean_pooling|  return value|
|ap_return_51                    |  out|   16|  ap_ctrl_hs|     global_mean_pooling|  return value|
|ap_return_52                    |  out|   16|  ap_ctrl_hs|     global_mean_pooling|  return value|
|ap_return_53                    |  out|   16|  ap_ctrl_hs|     global_mean_pooling|  return value|
|ap_return_54                    |  out|   16|  ap_ctrl_hs|     global_mean_pooling|  return value|
|ap_return_55                    |  out|   16|  ap_ctrl_hs|     global_mean_pooling|  return value|
|ap_return_56                    |  out|   16|  ap_ctrl_hs|     global_mean_pooling|  return value|
|ap_return_57                    |  out|   16|  ap_ctrl_hs|     global_mean_pooling|  return value|
|ap_return_58                    |  out|   16|  ap_ctrl_hs|     global_mean_pooling|  return value|
|ap_return_59                    |  out|   16|  ap_ctrl_hs|     global_mean_pooling|  return value|
|ap_return_60                    |  out|   16|  ap_ctrl_hs|     global_mean_pooling|  return value|
|ap_return_61                    |  out|   16|  ap_ctrl_hs|     global_mean_pooling|  return value|
|ap_return_62                    |  out|   16|  ap_ctrl_hs|     global_mean_pooling|  return value|
|ap_return_63                    |  out|   16|  ap_ctrl_hs|     global_mean_pooling|  return value|
|ap_return_64                    |  out|   16|  ap_ctrl_hs|     global_mean_pooling|  return value|
|ap_return_65                    |  out|   16|  ap_ctrl_hs|     global_mean_pooling|  return value|
|ap_return_66                    |  out|   16|  ap_ctrl_hs|     global_mean_pooling|  return value|
|ap_return_67                    |  out|   16|  ap_ctrl_hs|     global_mean_pooling|  return value|
|ap_return_68                    |  out|   16|  ap_ctrl_hs|     global_mean_pooling|  return value|
|ap_return_69                    |  out|   16|  ap_ctrl_hs|     global_mean_pooling|  return value|
|ap_return_70                    |  out|   16|  ap_ctrl_hs|     global_mean_pooling|  return value|
|ap_return_71                    |  out|   16|  ap_ctrl_hs|     global_mean_pooling|  return value|
|ap_return_72                    |  out|   16|  ap_ctrl_hs|     global_mean_pooling|  return value|
|ap_return_73                    |  out|   16|  ap_ctrl_hs|     global_mean_pooling|  return value|
|ap_return_74                    |  out|   16|  ap_ctrl_hs|     global_mean_pooling|  return value|
|ap_return_75                    |  out|   16|  ap_ctrl_hs|     global_mean_pooling|  return value|
|ap_return_76                    |  out|   16|  ap_ctrl_hs|     global_mean_pooling|  return value|
|ap_return_77                    |  out|   16|  ap_ctrl_hs|     global_mean_pooling|  return value|
|ap_return_78                    |  out|   16|  ap_ctrl_hs|     global_mean_pooling|  return value|
|ap_return_79                    |  out|   16|  ap_ctrl_hs|     global_mean_pooling|  return value|
|ap_return_80                    |  out|   16|  ap_ctrl_hs|     global_mean_pooling|  return value|
|ap_return_81                    |  out|   16|  ap_ctrl_hs|     global_mean_pooling|  return value|
|ap_return_82                    |  out|   16|  ap_ctrl_hs|     global_mean_pooling|  return value|
|ap_return_83                    |  out|   16|  ap_ctrl_hs|     global_mean_pooling|  return value|
|ap_return_84                    |  out|   16|  ap_ctrl_hs|     global_mean_pooling|  return value|
|ap_return_85                    |  out|   16|  ap_ctrl_hs|     global_mean_pooling|  return value|
|ap_return_86                    |  out|   16|  ap_ctrl_hs|     global_mean_pooling|  return value|
|ap_return_87                    |  out|   16|  ap_ctrl_hs|     global_mean_pooling|  return value|
|ap_return_88                    |  out|   16|  ap_ctrl_hs|     global_mean_pooling|  return value|
|ap_return_89                    |  out|   16|  ap_ctrl_hs|     global_mean_pooling|  return value|
|ap_return_90                    |  out|   16|  ap_ctrl_hs|     global_mean_pooling|  return value|
|ap_return_91                    |  out|   16|  ap_ctrl_hs|     global_mean_pooling|  return value|
|ap_return_92                    |  out|   16|  ap_ctrl_hs|     global_mean_pooling|  return value|
|ap_return_93                    |  out|   16|  ap_ctrl_hs|     global_mean_pooling|  return value|
|ap_return_94                    |  out|   16|  ap_ctrl_hs|     global_mean_pooling|  return value|
|ap_return_95                    |  out|   16|  ap_ctrl_hs|     global_mean_pooling|  return value|
|ap_return_96                    |  out|   16|  ap_ctrl_hs|     global_mean_pooling|  return value|
|ap_return_97                    |  out|   16|  ap_ctrl_hs|     global_mean_pooling|  return value|
|ap_return_98                    |  out|   16|  ap_ctrl_hs|     global_mean_pooling|  return value|
|ap_return_99                    |  out|   16|  ap_ctrl_hs|     global_mean_pooling|  return value|
|embeddings_0_0_0_0_0_dout       |   in|   16|     ap_fifo|    embeddings_0_0_0_0_0|       pointer|
|embeddings_0_0_0_0_0_empty_n    |   in|    1|     ap_fifo|    embeddings_0_0_0_0_0|       pointer|
|embeddings_0_0_0_0_0_read       |  out|    1|     ap_fifo|    embeddings_0_0_0_0_0|       pointer|
|embeddings_0_0_0_0_01_dout      |   in|   16|     ap_fifo|   embeddings_0_0_0_0_01|       pointer|
|embeddings_0_0_0_0_01_empty_n   |   in|    1|     ap_fifo|   embeddings_0_0_0_0_01|       pointer|
|embeddings_0_0_0_0_01_read      |  out|    1|     ap_fifo|   embeddings_0_0_0_0_01|       pointer|
|embeddings_0_0_0_0_012_dout     |   in|   16|     ap_fifo|  embeddings_0_0_0_0_012|       pointer|
|embeddings_0_0_0_0_012_empty_n  |   in|    1|     ap_fifo|  embeddings_0_0_0_0_012|       pointer|
|embeddings_0_0_0_0_012_read     |  out|    1|     ap_fifo|  embeddings_0_0_0_0_012|       pointer|
|embeddings_0_0_0_0_013_dout     |   in|   16|     ap_fifo|  embeddings_0_0_0_0_013|       pointer|
|embeddings_0_0_0_0_013_empty_n  |   in|    1|     ap_fifo|  embeddings_0_0_0_0_013|       pointer|
|embeddings_0_0_0_0_013_read     |  out|    1|     ap_fifo|  embeddings_0_0_0_0_013|       pointer|
|num_of_nodes                    |   in|   32|     ap_none|            num_of_nodes|        scalar|
+--------------------------------+-----+-----+------------+------------------------+--------------+

