

================================================================
== Vitis HLS Report for 'global_mean_pooling_Pipeline_global_mean_pooling_tail'
================================================================
* Date:           Fri May  3 00:29:39 2024

* Version:        2021.1.1 (Build 3286242 on Wed Jul 28 13:09:46 MDT 2021)
* Project:        example-4
* Solution:       solution1 (Vitis Kernel Flow Target)
* Product family: virtexuplus
* Target device:  xcu50-fsvh2104-2-e


================================================================
== Performance Estimates
================================================================
+ Timing: 
    * Summary: 
    +--------+---------+----------+------------+
    |  Clock |  Target | Estimated| Uncertainty|
    +--------+---------+----------+------------+
    |ap_clk  |  3.33 ns|  2.212 ns|     0.90 ns|
    +--------+---------+----------+------------+

+ Latency: 
    * Summary: 
    +---------+---------+----------+----------+-----+-----+---------+
    |  Latency (cycles) |  Latency (absolute) |  Interval | Pipeline|
    |   min   |   max   |    min   |    max   | min | max |   Type  |
    +---------+---------+----------+----------+-----+-----+---------+
    |       74|       74|  0.247 us|  0.247 us|   74|   74|       no|
    +---------+---------+----------+----------+-----+-----+---------+

    + Detail: 
        * Instance: 
        N/A

        * Loop: 
        +----------------------------+---------+---------+----------+-----------+-----------+------+----------+
        |                            |  Latency (cycles) | Iteration|  Initiation Interval  | Trip |          |
        |          Loop Name         |   min   |   max   |  Latency |  achieved |   target  | Count| Pipelined|
        +----------------------------+---------+---------+----------+-----------+-----------+------+----------+
        |- global_mean_pooling_tail  |       72|       72|        24|          1|          1|    50|       yes|
        +----------------------------+---------+---------+----------+-----------+-----------+------+----------+



================================================================
== Utilization Estimates
================================================================
* Summary: 
+---------------------+---------+------+---------+--------+-----+
|         Name        | BRAM_18K|  DSP |    FF   |   LUT  | URAM|
+---------------------+---------+------+---------+--------+-----+
|DSP                  |        -|     -|        -|       -|    -|
|Expression           |        -|     -|        0|     223|    -|
|FIFO                 |        -|     -|        -|       -|    -|
|Instance             |        -|     -|     4566|   70776|    -|
|Memory               |        -|     -|        -|       -|    -|
|Multiplexer          |        -|     -|        -|     162|    -|
|Register             |        -|     -|     2062|      64|    -|
+---------------------+---------+------+---------+--------+-----+
|Total                |        0|     0|     6628|   71225|    0|
+---------------------+---------+------+---------+--------+-----+
|Available SLR        |     1344|  2976|   871680|  435840|  320|
+---------------------+---------+------+---------+--------+-----+
|Utilization SLR (%)  |        0|     0|       ~0|      16|    0|
+---------------------+---------+------+---------+--------+-----+
|Available            |     2688|  5952|  1743360|  871680|  640|
+---------------------+---------+------+---------+--------+-----+
|Utilization (%)      |        0|     0|       ~0|       8|    0|
+---------------------+---------+------+---------+--------+-----+

+ Detail: 
    * Instance: 
    +-----------------------------+-----------------------+---------+----+------+------+-----+
    |           Instance          |         Module        | BRAM_18K| DSP|  FF  |  LUT | URAM|
    +-----------------------------+-----------------------+---------+----+------+------+-----+
    |mux_1287_16_1_1_U6719        |mux_1287_16_1_1        |        0|   0|     0|   673|    0|
    |mux_1287_16_1_1_U6720        |mux_1287_16_1_1        |        0|   0|     0|   673|    0|
    |mux_1287_16_1_1_U6721        |mux_1287_16_1_1        |        0|   0|     0|   673|    0|
    |mux_1287_16_1_1_U6722        |mux_1287_16_1_1        |        0|   0|     0|   673|    0|
    |mux_1287_16_1_1_U6723        |mux_1287_16_1_1        |        0|   0|     0|   673|    0|
    |mux_1287_16_1_1_U6724        |mux_1287_16_1_1        |        0|   0|     0|   673|    0|
    |mux_1287_16_1_1_U6725        |mux_1287_16_1_1        |        0|   0|     0|   673|    0|
    |mux_1287_16_1_1_U6726        |mux_1287_16_1_1        |        0|   0|     0|   673|    0|
    |mux_1287_16_1_1_U6727        |mux_1287_16_1_1        |        0|   0|     0|   673|    0|
    |mux_1287_16_1_1_U6728        |mux_1287_16_1_1        |        0|   0|     0|   673|    0|
    |mux_1287_16_1_1_U6729        |mux_1287_16_1_1        |        0|   0|     0|   673|    0|
    |mux_1287_16_1_1_U6730        |mux_1287_16_1_1        |        0|   0|     0|   673|    0|
    |mux_1287_16_1_1_U6731        |mux_1287_16_1_1        |        0|   0|     0|   673|    0|
    |mux_1287_16_1_1_U6732        |mux_1287_16_1_1        |        0|   0|     0|   673|    0|
    |mux_1287_16_1_1_U6733        |mux_1287_16_1_1        |        0|   0|     0|   673|    0|
    |mux_1287_16_1_1_U6734        |mux_1287_16_1_1        |        0|   0|     0|   673|    0|
    |mux_1287_16_1_1_U6735        |mux_1287_16_1_1        |        0|   0|     0|   673|    0|
    |mux_1287_16_1_1_U6736        |mux_1287_16_1_1        |        0|   0|     0|   673|    0|
    |mux_1287_16_1_1_U6737        |mux_1287_16_1_1        |        0|   0|     0|   673|    0|
    |mux_1287_16_1_1_U6738        |mux_1287_16_1_1        |        0|   0|     0|   673|    0|
    |mux_1287_16_1_1_U6739        |mux_1287_16_1_1        |        0|   0|     0|   673|    0|
    |mux_1287_16_1_1_U6740        |mux_1287_16_1_1        |        0|   0|     0|   673|    0|
    |mux_1287_16_1_1_U6741        |mux_1287_16_1_1        |        0|   0|     0|   673|    0|
    |mux_1287_16_1_1_U6742        |mux_1287_16_1_1        |        0|   0|     0|   673|    0|
    |mux_1287_16_1_1_U6743        |mux_1287_16_1_1        |        0|   0|     0|   673|    0|
    |mux_1287_16_1_1_U6744        |mux_1287_16_1_1        |        0|   0|     0|   673|    0|
    |mux_1287_16_1_1_U6745        |mux_1287_16_1_1        |        0|   0|     0|   673|    0|
    |mux_1287_16_1_1_U6746        |mux_1287_16_1_1        |        0|   0|     0|   673|    0|
    |mux_1287_16_1_1_U6747        |mux_1287_16_1_1        |        0|   0|     0|   673|    0|
    |mux_1287_16_1_1_U6748        |mux_1287_16_1_1        |        0|   0|     0|   673|    0|
    |mux_1287_16_1_1_U6749        |mux_1287_16_1_1        |        0|   0|     0|   673|    0|
    |mux_1287_16_1_1_U6750        |mux_1287_16_1_1        |        0|   0|     0|   673|    0|
    |mux_1287_16_1_1_U6751        |mux_1287_16_1_1        |        0|   0|     0|   673|    0|
    |mux_1287_16_1_1_U6752        |mux_1287_16_1_1        |        0|   0|     0|   673|    0|
    |mux_1287_16_1_1_U6753        |mux_1287_16_1_1        |        0|   0|     0|   673|    0|
    |mux_1287_16_1_1_U6754        |mux_1287_16_1_1        |        0|   0|     0|   673|    0|
    |mux_1287_16_1_1_U6755        |mux_1287_16_1_1        |        0|   0|     0|   673|    0|
    |mux_1287_16_1_1_U6756        |mux_1287_16_1_1        |        0|   0|     0|   673|    0|
    |mux_1287_16_1_1_U6757        |mux_1287_16_1_1        |        0|   0|     0|   673|    0|
    |mux_1287_16_1_1_U6758        |mux_1287_16_1_1        |        0|   0|     0|   673|    0|
    |mux_1287_16_1_1_U6759        |mux_1287_16_1_1        |        0|   0|     0|   673|    0|
    |mux_1287_16_1_1_U6760        |mux_1287_16_1_1        |        0|   0|     0|   673|    0|
    |mux_1287_16_1_1_U6761        |mux_1287_16_1_1        |        0|   0|     0|   673|    0|
    |mux_1287_16_1_1_U6762        |mux_1287_16_1_1        |        0|   0|     0|   673|    0|
    |mux_1287_16_1_1_U6763        |mux_1287_16_1_1        |        0|   0|     0|   673|    0|
    |mux_1287_16_1_1_U6764        |mux_1287_16_1_1        |        0|   0|     0|   673|    0|
    |mux_1287_16_1_1_U6765        |mux_1287_16_1_1        |        0|   0|     0|   673|    0|
    |mux_1287_16_1_1_U6766        |mux_1287_16_1_1        |        0|   0|     0|   673|    0|
    |mux_1287_16_1_1_U6767        |mux_1287_16_1_1        |        0|   0|     0|   673|    0|
    |mux_1287_16_1_1_U6768        |mux_1287_16_1_1        |        0|   0|     0|   673|    0|
    |mux_1287_16_1_1_U6769        |mux_1287_16_1_1        |        0|   0|     0|   673|    0|
    |mux_1287_16_1_1_U6770        |mux_1287_16_1_1        |        0|   0|     0|   673|    0|
    |mux_1287_16_1_1_U6771        |mux_1287_16_1_1        |        0|   0|     0|   673|    0|
    |mux_1287_16_1_1_U6772        |mux_1287_16_1_1        |        0|   0|     0|   673|    0|
    |mux_1287_16_1_1_U6773        |mux_1287_16_1_1        |        0|   0|     0|   673|    0|
    |mux_1287_16_1_1_U6774        |mux_1287_16_1_1        |        0|   0|     0|   673|    0|
    |mux_1287_16_1_1_U6775        |mux_1287_16_1_1        |        0|   0|     0|   673|    0|
    |mux_1287_16_1_1_U6776        |mux_1287_16_1_1        |        0|   0|     0|   673|    0|
    |mux_1287_16_1_1_U6777        |mux_1287_16_1_1        |        0|   0|     0|   673|    0|
    |mux_1287_16_1_1_U6778        |mux_1287_16_1_1        |        0|   0|     0|   673|    0|
    |mux_1287_16_1_1_U6779        |mux_1287_16_1_1        |        0|   0|     0|   673|    0|
    |mux_1287_16_1_1_U6780        |mux_1287_16_1_1        |        0|   0|     0|   673|    0|
    |mux_1287_16_1_1_U6781        |mux_1287_16_1_1        |        0|   0|     0|   673|    0|
    |mux_1287_16_1_1_U6782        |mux_1287_16_1_1        |        0|   0|     0|   673|    0|
    |mux_1287_16_1_1_U6783        |mux_1287_16_1_1        |        0|   0|     0|   673|    0|
    |mux_1287_16_1_1_U6784        |mux_1287_16_1_1        |        0|   0|     0|   673|    0|
    |mux_1287_16_1_1_U6785        |mux_1287_16_1_1        |        0|   0|     0|   673|    0|
    |mux_1287_16_1_1_U6786        |mux_1287_16_1_1        |        0|   0|     0|   673|    0|
    |mux_1287_16_1_1_U6787        |mux_1287_16_1_1        |        0|   0|     0|   673|    0|
    |mux_1287_16_1_1_U6788        |mux_1287_16_1_1        |        0|   0|     0|   673|    0|
    |mux_1287_16_1_1_U6789        |mux_1287_16_1_1        |        0|   0|     0|   673|    0|
    |mux_1287_16_1_1_U6790        |mux_1287_16_1_1        |        0|   0|     0|   673|    0|
    |mux_1287_16_1_1_U6791        |mux_1287_16_1_1        |        0|   0|     0|   673|    0|
    |mux_1287_16_1_1_U6792        |mux_1287_16_1_1        |        0|   0|     0|   673|    0|
    |mux_1287_16_1_1_U6793        |mux_1287_16_1_1        |        0|   0|     0|   673|    0|
    |mux_1287_16_1_1_U6794        |mux_1287_16_1_1        |        0|   0|     0|   673|    0|
    |mux_1287_16_1_1_U6795        |mux_1287_16_1_1        |        0|   0|     0|   673|    0|
    |mux_1287_16_1_1_U6796        |mux_1287_16_1_1        |        0|   0|     0|   673|    0|
    |mux_1287_16_1_1_U6797        |mux_1287_16_1_1        |        0|   0|     0|   673|    0|
    |mux_1287_16_1_1_U6798        |mux_1287_16_1_1        |        0|   0|     0|   673|    0|
    |mux_1287_16_1_1_U6799        |mux_1287_16_1_1        |        0|   0|     0|   673|    0|
    |mux_1287_16_1_1_U6800        |mux_1287_16_1_1        |        0|   0|     0|   673|    0|
    |mux_1287_16_1_1_U6801        |mux_1287_16_1_1        |        0|   0|     0|   673|    0|
    |mux_1287_16_1_1_U6802        |mux_1287_16_1_1        |        0|   0|     0|   673|    0|
    |mux_1287_16_1_1_U6803        |mux_1287_16_1_1        |        0|   0|     0|   673|    0|
    |mux_1287_16_1_1_U6804        |mux_1287_16_1_1        |        0|   0|     0|   673|    0|
    |mux_1287_16_1_1_U6805        |mux_1287_16_1_1        |        0|   0|     0|   673|    0|
    |mux_1287_16_1_1_U6806        |mux_1287_16_1_1        |        0|   0|     0|   673|    0|
    |mux_1287_16_1_1_U6807        |mux_1287_16_1_1        |        0|   0|     0|   673|    0|
    |mux_1287_16_1_1_U6808        |mux_1287_16_1_1        |        0|   0|     0|   673|    0|
    |mux_1287_16_1_1_U6809        |mux_1287_16_1_1        |        0|   0|     0|   673|    0|
    |mux_1287_16_1_1_U6810        |mux_1287_16_1_1        |        0|   0|     0|   673|    0|
    |mux_1287_16_1_1_U6811        |mux_1287_16_1_1        |        0|   0|     0|   673|    0|
    |mux_1287_16_1_1_U6812        |mux_1287_16_1_1        |        0|   0|     0|   673|    0|
    |mux_1287_16_1_1_U6813        |mux_1287_16_1_1        |        0|   0|     0|   673|    0|
    |mux_1287_16_1_1_U6814        |mux_1287_16_1_1        |        0|   0|     0|   673|    0|
    |mux_1287_16_1_1_U6815        |mux_1287_16_1_1        |        0|   0|     0|   673|    0|
    |mux_1287_16_1_1_U6816        |mux_1287_16_1_1        |        0|   0|     0|   673|    0|
    |mux_1287_16_1_1_U6817        |mux_1287_16_1_1        |        0|   0|     0|   673|    0|
    |mux_1287_16_1_1_U6818        |mux_1287_16_1_1        |        0|   0|     0|   673|    0|
    |sdiv_17s_32ns_16_21_1_U6717  |sdiv_17s_32ns_16_21_1  |        0|   0|  2283|  1738|    0|
    |sdiv_17s_32ns_16_21_1_U6718  |sdiv_17s_32ns_16_21_1  |        0|   0|  2283|  1738|    0|
    +-----------------------------+-----------------------+---------+----+------+------+-----+
    |Total                        |                       |        0|   0|  4566| 70776|    0|
    +-----------------------------+-----------------------+---------+----+------+------+-----+

    * DSP: 
    N/A

    * Memory: 
    N/A

    * FIFO: 
    N/A

    * Expression: 
    +----------------------------------+----------+----+---+----+------------+------------+
    |           Variable Name          | Operation| DSP| FF| LUT| Bitwidth P0| Bitwidth P1|
    +----------------------------------+----------+----+---+----+------------+------------+
    |add_ln84_fu_1523_p2               |         +|   0|  0|  14|           7|           2|
    |h_graph_el_V_1_fu_1624_p2         |         +|   0|  0|  23|          16|          16|
    |h_graph_el_V_3_fu_1601_p2         |         +|   0|  0|  23|          16|          16|
    |h_graph_el_V_4_fu_1645_p2         |         +|   0|  0|  23|          16|          16|
    |h_graph_el_V_fu_1550_p2           |         +|   0|  0|  23|          16|          16|
    |ap_block_pp0_stage0_01001         |       and|   0|  0|   2|           1|           1|
    |ap_condition_130                  |       and|   0|  0|   2|           1|           1|
    |ap_condition_3046                 |       and|   0|  0|   2|           1|           1|
    |ap_condition_3047                 |       and|   0|  0|   2|           1|           1|
    |ap_predicate_op147_read_state2    |       and|   0|  0|   2|           1|           1|
    |io_acc_block_signal_op147         |       and|   0|  0|   2|           1|           1|
    |io_acc_block_signal_op151         |       and|   0|  0|   2|           1|           1|
    |icmp_ln84_fu_1517_p2              |      icmp|   0|  0|  10|           7|           6|
    |ap_block_state2_pp0_stage0_iter1  |        or|   0|  0|   2|           1|           1|
    |ap_condition_2976                 |        or|   0|  0|   2|           1|           1|
    |or_ln112_fu_15022_p2              |        or|   0|  0|   7|           7|           1|
    |h_graph_el_V_6_fu_1629_p3         |    select|   0|  0|  16|           1|          16|
    |h_graph_el_V_7_fu_1649_p3         |    select|   0|  0|  16|           1|          16|
    |select_ln107_1_fu_1594_p3         |    select|   0|  0|  16|           1|           1|
    |select_ln107_2_fu_1607_p3         |    select|   0|  0|  16|           1|          16|
    |select_ln107_fu_1584_p3           |    select|   0|  0|  16|           1|           1|
    |ap_enable_pp0                     |       xor|   0|  0|   2|           1|           2|
    +----------------------------------+----------+----+---+----+------------+------------+
    |Total                             |          |   0|  0| 223|         100|         134|
    +----------------------------------+----------+----+---+----+------------+------------+

    * Multiplexer: 
    +-----------------------------------------------+----+-----------+-----+-----------+
    |                      Name                     | LUT| Input Size| Bits| Total Bits|
    +-----------------------------------------------+----+-----------+-----+-----------+
    |ap_done_int                                    |   9|          2|    1|          2|
    |ap_enable_reg_pp0_iter3                        |   9|          2|    1|          2|
    |ap_phi_mux_empty_370_phi_fu_1483_p4            |   9|          2|   16|         32|
    |ap_phi_mux_empty_371_phi_fu_1493_p4            |   9|          2|   16|         32|
    |ap_phi_mux_p_ph115_phi_fu_1474_p4              |   9|          2|   16|         32|
    |ap_phi_mux_p_ph_phi_fu_1465_p4                 |   9|          2|   16|         32|
    |ap_phi_reg_pp0_iter2_empty_370_reg_1480        |   9|          2|   16|         32|
    |ap_phi_reg_pp0_iter2_empty_371_reg_1490        |   9|          2|   16|         32|
    |ap_phi_reg_pp0_iter2_h_graph_el49_08_reg_1500  |   9|          2|   16|         32|
    |ap_phi_reg_pp0_iter2_p_ph115_reg_1471          |   9|          2|   16|         32|
    |ap_phi_reg_pp0_iter2_p_ph_reg_1462             |   9|          2|   16|         32|
    |ap_phi_reg_pp0_iter3_h_graph_el49_08_reg_1500  |   9|          2|   16|         32|
    |ap_sig_allocacmp_dim_1                         |   9|          2|    7|         14|
    |dim_fu_274                                     |   9|          2|    7|         14|
    |embeddings_0_0_0_0_012_blk_n                   |   9|          2|    1|          2|
    |embeddings_0_0_0_0_013_blk_n                   |   9|          2|    1|          2|
    |embeddings_0_0_0_0_01_blk_n                    |   9|          2|    1|          2|
    |embeddings_0_0_0_0_0_blk_n                     |   9|          2|    1|          2|
    +-----------------------------------------------+----+-----------+-----+-----------+
    |Total                                          | 162|         36|  180|        360|
    +-----------------------------------------------+----+-----------+-----+-----------+

    * Register: 
    +-----------------------------------------------+----+----+-----+-----------+
    |                      Name                     | FF | LUT| Bits| Const Bits|
    +-----------------------------------------------+----+----+-----+-----------+
    |ap_CS_fsm                                      |   1|   0|    1|          0|
    |ap_done_reg                                    |   1|   0|    1|          0|
    |ap_enable_reg_pp0_iter1                        |   1|   0|    1|          0|
    |ap_enable_reg_pp0_iter10                       |   1|   0|    1|          0|
    |ap_enable_reg_pp0_iter11                       |   1|   0|    1|          0|
    |ap_enable_reg_pp0_iter12                       |   1|   0|    1|          0|
    |ap_enable_reg_pp0_iter13                       |   1|   0|    1|          0|
    |ap_enable_reg_pp0_iter14                       |   1|   0|    1|          0|
    |ap_enable_reg_pp0_iter15                       |   1|   0|    1|          0|
    |ap_enable_reg_pp0_iter16                       |   1|   0|    1|          0|
    |ap_enable_reg_pp0_iter17                       |   1|   0|    1|          0|
    |ap_enable_reg_pp0_iter18                       |   1|   0|    1|          0|
    |ap_enable_reg_pp0_iter19                       |   1|   0|    1|          0|
    |ap_enable_reg_pp0_iter2                        |   1|   0|    1|          0|
    |ap_enable_reg_pp0_iter20                       |   1|   0|    1|          0|
    |ap_enable_reg_pp0_iter21                       |   1|   0|    1|          0|
    |ap_enable_reg_pp0_iter22                       |   1|   0|    1|          0|
    |ap_enable_reg_pp0_iter23                       |   1|   0|    1|          0|
    |ap_enable_reg_pp0_iter3                        |   1|   0|    1|          0|
    |ap_enable_reg_pp0_iter4                        |   1|   0|    1|          0|
    |ap_enable_reg_pp0_iter5                        |   1|   0|    1|          0|
    |ap_enable_reg_pp0_iter6                        |   1|   0|    1|          0|
    |ap_enable_reg_pp0_iter7                        |   1|   0|    1|          0|
    |ap_enable_reg_pp0_iter8                        |   1|   0|    1|          0|
    |ap_enable_reg_pp0_iter9                        |   1|   0|    1|          0|
    |ap_loop_exit_ready_pp0_iter10_reg              |   1|   0|    1|          0|
    |ap_loop_exit_ready_pp0_iter11_reg              |   1|   0|    1|          0|
    |ap_loop_exit_ready_pp0_iter12_reg              |   1|   0|    1|          0|
    |ap_loop_exit_ready_pp0_iter13_reg              |   1|   0|    1|          0|
    |ap_loop_exit_ready_pp0_iter14_reg              |   1|   0|    1|          0|
    |ap_loop_exit_ready_pp0_iter15_reg              |   1|   0|    1|          0|
    |ap_loop_exit_ready_pp0_iter16_reg              |   1|   0|    1|          0|
    |ap_loop_exit_ready_pp0_iter17_reg              |   1|   0|    1|          0|
    |ap_loop_exit_ready_pp0_iter18_reg              |   1|   0|    1|          0|
    |ap_loop_exit_ready_pp0_iter19_reg              |   1|   0|    1|          0|
    |ap_loop_exit_ready_pp0_iter1_reg               |   1|   0|    1|          0|
    |ap_loop_exit_ready_pp0_iter20_reg              |   1|   0|    1|          0|
    |ap_loop_exit_ready_pp0_iter21_reg              |   1|   0|    1|          0|
    |ap_loop_exit_ready_pp0_iter22_reg              |   1|   0|    1|          0|
    |ap_loop_exit_ready_pp0_iter2_reg               |   1|   0|    1|          0|
    |ap_loop_exit_ready_pp0_iter3_reg               |   1|   0|    1|          0|
    |ap_loop_exit_ready_pp0_iter4_reg               |   1|   0|    1|          0|
    |ap_loop_exit_ready_pp0_iter5_reg               |   1|   0|    1|          0|
    |ap_loop_exit_ready_pp0_iter6_reg               |   1|   0|    1|          0|
    |ap_loop_exit_ready_pp0_iter7_reg               |   1|   0|    1|          0|
    |ap_loop_exit_ready_pp0_iter8_reg               |   1|   0|    1|          0|
    |ap_loop_exit_ready_pp0_iter9_reg               |   1|   0|    1|          0|
    |ap_phi_reg_pp0_iter1_empty_370_reg_1480        |  16|   0|   16|          0|
    |ap_phi_reg_pp0_iter1_empty_371_reg_1490        |  16|   0|   16|          0|
    |ap_phi_reg_pp0_iter1_h_graph_el49_08_reg_1500  |  16|   0|   16|          0|
    |ap_phi_reg_pp0_iter1_p_ph115_reg_1471          |  16|   0|   16|          0|
    |ap_phi_reg_pp0_iter1_p_ph_reg_1462             |  16|   0|   16|          0|
    |ap_phi_reg_pp0_iter2_empty_370_reg_1480        |  16|   0|   16|          0|
    |ap_phi_reg_pp0_iter2_empty_371_reg_1490        |  16|   0|   16|          0|
    |ap_phi_reg_pp0_iter2_h_graph_el49_08_reg_1500  |  16|   0|   16|          0|
    |ap_phi_reg_pp0_iter2_p_ph115_reg_1471          |  16|   0|   16|          0|
    |ap_phi_reg_pp0_iter2_p_ph_reg_1462             |  16|   0|   16|          0|
    |ap_phi_reg_pp0_iter3_h_graph_el49_08_reg_1500  |  16|   0|   16|          0|
    |dim_1_reg_29779                                |   7|   0|    7|          0|
    |dim_fu_274                                     |   7|   0|    7|          0|
    |empty_368_fu_682                               |  16|   0|   16|          0|
    |empty_369_fu_686                               |  16|   0|   16|          0|
    |empty_fu_678                                   |  16|   0|   16|          0|
    |h_graph100_out_0_fu_674                        |  16|   0|   16|          0|
    |h_graph10_out_0_fu_314                         |  16|   0|   16|          0|
    |h_graph11_out_0_fu_318                         |  16|   0|   16|          0|
    |h_graph12_out_0_fu_322                         |  16|   0|   16|          0|
    |h_graph13_out_0_fu_326                         |  16|   0|   16|          0|
    |h_graph14_out_0_fu_330                         |  16|   0|   16|          0|
    |h_graph15_out_0_fu_334                         |  16|   0|   16|          0|
    |h_graph16_out_0_fu_338                         |  16|   0|   16|          0|
    |h_graph17_out_0_fu_342                         |  16|   0|   16|          0|
    |h_graph18_out_0_fu_346                         |  16|   0|   16|          0|
    |h_graph19_out_0_fu_350                         |  16|   0|   16|          0|
    |h_graph20_out_0_fu_354                         |  16|   0|   16|          0|
    |h_graph21_out_0_fu_358                         |  16|   0|   16|          0|
    |h_graph22_out_0_fu_362                         |  16|   0|   16|          0|
    |h_graph23_out_0_fu_366                         |  16|   0|   16|          0|
    |h_graph24_out_0_fu_370                         |  16|   0|   16|          0|
    |h_graph25_out_0_fu_374                         |  16|   0|   16|          0|
    |h_graph26_out_0_fu_378                         |  16|   0|   16|          0|
    |h_graph27_out_0_fu_382                         |  16|   0|   16|          0|
    |h_graph28_out_0_fu_386                         |  16|   0|   16|          0|
    |h_graph29_out_0_fu_390                         |  16|   0|   16|          0|
    |h_graph2_out_0_fu_282                          |  16|   0|   16|          0|
    |h_graph30_out_0_fu_394                         |  16|   0|   16|          0|
    |h_graph31_out_0_fu_398                         |  16|   0|   16|          0|
    |h_graph32_out_0_fu_402                         |  16|   0|   16|          0|
    |h_graph33_out_0_fu_406                         |  16|   0|   16|          0|
    |h_graph34_out_0_fu_410                         |  16|   0|   16|          0|
    |h_graph35_out_0_fu_414                         |  16|   0|   16|          0|
    |h_graph36_out_0_fu_418                         |  16|   0|   16|          0|
    |h_graph37_out_0_fu_422                         |  16|   0|   16|          0|
    |h_graph38_out_0_fu_426                         |  16|   0|   16|          0|
    |h_graph39_out_0_fu_430                         |  16|   0|   16|          0|
    |h_graph3_out_0_fu_286                          |  16|   0|   16|          0|
    |h_graph40_out_0_fu_434                         |  16|   0|   16|          0|
    |h_graph41_out_0_fu_438                         |  16|   0|   16|          0|
    |h_graph42_out_0_fu_442                         |  16|   0|   16|          0|
    |h_graph43_out_0_fu_446                         |  16|   0|   16|          0|
    |h_graph44_out_0_fu_450                         |  16|   0|   16|          0|
    |h_graph45_out_0_fu_454                         |  16|   0|   16|          0|
    |h_graph46_out_0_fu_458                         |  16|   0|   16|          0|
    |h_graph47_out_0_fu_462                         |  16|   0|   16|          0|
    |h_graph48_out_0_fu_466                         |  16|   0|   16|          0|
    |h_graph49_out_0_fu_470                         |  16|   0|   16|          0|
    |h_graph4_out_0_fu_290                          |  16|   0|   16|          0|
    |h_graph50_out_0_fu_474                         |  16|   0|   16|          0|
    |h_graph51_out_0_fu_478                         |  16|   0|   16|          0|
    |h_graph52_out_0_fu_482                         |  16|   0|   16|          0|
    |h_graph53_out_0_fu_486                         |  16|   0|   16|          0|
    |h_graph54_out_0_fu_490                         |  16|   0|   16|          0|
    |h_graph55_out_0_fu_494                         |  16|   0|   16|          0|
    |h_graph56_out_0_fu_498                         |  16|   0|   16|          0|
    |h_graph57_out_0_fu_502                         |  16|   0|   16|          0|
    |h_graph58_out_0_fu_506                         |  16|   0|   16|          0|
    |h_graph59_out_0_fu_510                         |  16|   0|   16|          0|
    |h_graph5_out_0_fu_294                          |  16|   0|   16|          0|
    |h_graph60_out_0_fu_514                         |  16|   0|   16|          0|
    |h_graph61_out_0_fu_518                         |  16|   0|   16|          0|
    |h_graph62_out_0_fu_522                         |  16|   0|   16|          0|
    |h_graph63_out_0_fu_526                         |  16|   0|   16|          0|
    |h_graph64_out_0_fu_530                         |  16|   0|   16|          0|
    |h_graph65_out_0_fu_534                         |  16|   0|   16|          0|
    |h_graph66_out_0_fu_538                         |  16|   0|   16|          0|
    |h_graph67_out_0_fu_542                         |  16|   0|   16|          0|
    |h_graph68_out_0_fu_546                         |  16|   0|   16|          0|
    |h_graph69_out_0_fu_550                         |  16|   0|   16|          0|
    |h_graph6_out_0_fu_298                          |  16|   0|   16|          0|
    |h_graph70_out_0_fu_554                         |  16|   0|   16|          0|
    |h_graph71_out_0_fu_558                         |  16|   0|   16|          0|
    |h_graph72_out_0_fu_562                         |  16|   0|   16|          0|
    |h_graph73_out_0_fu_566                         |  16|   0|   16|          0|
    |h_graph74_out_0_fu_570                         |  16|   0|   16|          0|
    |h_graph75_out_0_fu_574                         |  16|   0|   16|          0|
    |h_graph76_out_0_fu_578                         |  16|   0|   16|          0|
    |h_graph77_out_0_fu_582                         |  16|   0|   16|          0|
    |h_graph78_out_0_fu_586                         |  16|   0|   16|          0|
    |h_graph79_out_0_fu_590                         |  16|   0|   16|          0|
    |h_graph7_out_0_fu_302                          |  16|   0|   16|          0|
    |h_graph80_out_0_fu_594                         |  16|   0|   16|          0|
    |h_graph81_out_0_fu_598                         |  16|   0|   16|          0|
    |h_graph82_out_0_fu_602                         |  16|   0|   16|          0|
    |h_graph83_out_0_fu_606                         |  16|   0|   16|          0|
    |h_graph84_out_0_fu_610                         |  16|   0|   16|          0|
    |h_graph85_out_0_fu_614                         |  16|   0|   16|          0|
    |h_graph86_out_0_fu_618                         |  16|   0|   16|          0|
    |h_graph87_out_0_fu_622                         |  16|   0|   16|          0|
    |h_graph88_out_0_fu_626                         |  16|   0|   16|          0|
    |h_graph89_out_0_fu_630                         |  16|   0|   16|          0|
    |h_graph8_out_0_fu_306                          |  16|   0|   16|          0|
    |h_graph90_out_0_fu_634                         |  16|   0|   16|          0|
    |h_graph91_out_0_fu_638                         |  16|   0|   16|          0|
    |h_graph92_out_0_fu_642                         |  16|   0|   16|          0|
    |h_graph93_out_0_fu_646                         |  16|   0|   16|          0|
    |h_graph94_out_0_fu_650                         |  16|   0|   16|          0|
    |h_graph95_out_0_fu_654                         |  16|   0|   16|          0|
    |h_graph96_out_0_fu_658                         |  16|   0|   16|          0|
    |h_graph97_out_0_fu_662                         |  16|   0|   16|          0|
    |h_graph98_out_0_fu_666                         |  16|   0|   16|          0|
    |h_graph99_out_0_fu_670                         |  16|   0|   16|          0|
    |h_graph9_out_0_fu_310                          |  16|   0|   16|          0|
    |h_graph_out_0_fu_278                           |  16|   0|   16|          0|
    |icmp_ln84_reg_29835                            |   1|   0|    1|          0|
    |select_ln107_2_reg_29876                       |  16|   0|   16|          0|
    |sums_V_0_load_reg_29871                        |  16|   0|   16|          0|
    |sums_V_1_load_reg_29882                        |  16|   0|   16|          0|
    |dim_1_reg_29779                                |  64|  32|    7|          0|
    |icmp_ln84_reg_29835                            |  64|  32|    1|          0|
    +-----------------------------------------------+----+----+-----+-----------+
    |Total                                          |2062|  64| 1942|          0|
    +-----------------------------------------------+----+----+-----+-----------+



================================================================
== Interface
================================================================
* Summary: 
+--------------------------------+-----+-----+------------+-------------------------------------------------------+--------------+
|            RTL Ports           | Dir | Bits|  Protocol  |                     Source Object                     |    C Type    |
+--------------------------------+-----+-----+------------+-------------------------------------------------------+--------------+
|ap_clk                          |   in|    1|  ap_ctrl_hs|  global_mean_pooling_Pipeline_global_mean_pooling_tail|  return value|
|ap_rst                          |   in|    1|  ap_ctrl_hs|  global_mean_pooling_Pipeline_global_mean_pooling_tail|  return value|
|ap_start                        |   in|    1|  ap_ctrl_hs|  global_mean_pooling_Pipeline_global_mean_pooling_tail|  return value|
|ap_done                         |  out|    1|  ap_ctrl_hs|  global_mean_pooling_Pipeline_global_mean_pooling_tail|  return value|
|ap_idle                         |  out|    1|  ap_ctrl_hs|  global_mean_pooling_Pipeline_global_mean_pooling_tail|  return value|
|ap_ready                        |  out|    1|  ap_ctrl_hs|  global_mean_pooling_Pipeline_global_mean_pooling_tail|  return value|
|embeddings_0_0_0_0_0_dout       |   in|   16|     ap_fifo|                                   embeddings_0_0_0_0_0|       pointer|
|embeddings_0_0_0_0_0_empty_n    |   in|    1|     ap_fifo|                                   embeddings_0_0_0_0_0|       pointer|
|embeddings_0_0_0_0_0_read       |  out|    1|     ap_fifo|                                   embeddings_0_0_0_0_0|       pointer|
|embeddings_0_0_0_0_01_dout      |   in|   16|     ap_fifo|                                  embeddings_0_0_0_0_01|       pointer|
|embeddings_0_0_0_0_01_empty_n   |   in|    1|     ap_fifo|                                  embeddings_0_0_0_0_01|       pointer|
|embeddings_0_0_0_0_01_read      |  out|    1|     ap_fifo|                                  embeddings_0_0_0_0_01|       pointer|
|embeddings_0_0_0_0_012_dout     |   in|   16|     ap_fifo|                                 embeddings_0_0_0_0_012|       pointer|
|embeddings_0_0_0_0_012_empty_n  |   in|    1|     ap_fifo|                                 embeddings_0_0_0_0_012|       pointer|
|embeddings_0_0_0_0_012_read     |  out|    1|     ap_fifo|                                 embeddings_0_0_0_0_012|       pointer|
|embeddings_0_0_0_0_013_dout     |   in|   16|     ap_fifo|                                 embeddings_0_0_0_0_013|       pointer|
|embeddings_0_0_0_0_013_empty_n  |   in|    1|     ap_fifo|                                 embeddings_0_0_0_0_013|       pointer|
|embeddings_0_0_0_0_013_read     |  out|    1|     ap_fifo|                                 embeddings_0_0_0_0_013|       pointer|
|sums_V_0_address0               |  out|    6|   ap_memory|                                               sums_V_0|         array|
|sums_V_0_ce0                    |  out|    1|   ap_memory|                                               sums_V_0|         array|
|sums_V_0_q0                     |   in|   16|   ap_memory|                                               sums_V_0|         array|
|cmp59                           |   in|    1|     ap_none|                                                  cmp59|        scalar|
|num_of_nodes                    |   in|   32|     ap_none|                                           num_of_nodes|        scalar|
|cmp39                           |   in|    1|     ap_none|                                                  cmp39|        scalar|
|or_ln107                        |   in|    1|     ap_none|                                               or_ln107|        scalar|
|sums_V_1_address0               |  out|    6|   ap_memory|                                               sums_V_1|         array|
|sums_V_1_ce0                    |  out|    1|   ap_memory|                                               sums_V_1|         array|
|sums_V_1_q0                     |   in|   16|   ap_memory|                                               sums_V_1|         array|
|cmp39_1                         |   in|    1|     ap_none|                                                cmp39_1|        scalar|
|h_graph100_out_0_out            |  out|   16|      ap_vld|                                   h_graph100_out_0_out|       pointer|
|h_graph100_out_0_out_ap_vld     |  out|    1|      ap_vld|                                   h_graph100_out_0_out|       pointer|
|h_graph99_out_0_out             |  out|   16|      ap_vld|                                    h_graph99_out_0_out|       pointer|
|h_graph99_out_0_out_ap_vld      |  out|    1|      ap_vld|                                    h_graph99_out_0_out|       pointer|
|h_graph98_out_0_out             |  out|   16|      ap_vld|                                    h_graph98_out_0_out|       pointer|
|h_graph98_out_0_out_ap_vld      |  out|    1|      ap_vld|                                    h_graph98_out_0_out|       pointer|
|h_graph97_out_0_out             |  out|   16|      ap_vld|                                    h_graph97_out_0_out|       pointer|
|h_graph97_out_0_out_ap_vld      |  out|    1|      ap_vld|                                    h_graph97_out_0_out|       pointer|
|h_graph96_out_0_out             |  out|   16|      ap_vld|                                    h_graph96_out_0_out|       pointer|
|h_graph96_out_0_out_ap_vld      |  out|    1|      ap_vld|                                    h_graph96_out_0_out|       pointer|
|h_graph95_out_0_out             |  out|   16|      ap_vld|                                    h_graph95_out_0_out|       pointer|
|h_graph95_out_0_out_ap_vld      |  out|    1|      ap_vld|                                    h_graph95_out_0_out|       pointer|
|h_graph94_out_0_out             |  out|   16|      ap_vld|                                    h_graph94_out_0_out|       pointer|
|h_graph94_out_0_out_ap_vld      |  out|    1|      ap_vld|                                    h_graph94_out_0_out|       pointer|
|h_graph93_out_0_out             |  out|   16|      ap_vld|                                    h_graph93_out_0_out|       pointer|
|h_graph93_out_0_out_ap_vld      |  out|    1|      ap_vld|                                    h_graph93_out_0_out|       pointer|
|h_graph92_out_0_out             |  out|   16|      ap_vld|                                    h_graph92_out_0_out|       pointer|
|h_graph92_out_0_out_ap_vld      |  out|    1|      ap_vld|                                    h_graph92_out_0_out|       pointer|
|h_graph91_out_0_out             |  out|   16|      ap_vld|                                    h_graph91_out_0_out|       pointer|
|h_graph91_out_0_out_ap_vld      |  out|    1|      ap_vld|                                    h_graph91_out_0_out|       pointer|
|h_graph90_out_0_out             |  out|   16|      ap_vld|                                    h_graph90_out_0_out|       pointer|
|h_graph90_out_0_out_ap_vld      |  out|    1|      ap_vld|                                    h_graph90_out_0_out|       pointer|
|h_graph89_out_0_out             |  out|   16|      ap_vld|                                    h_graph89_out_0_out|       pointer|
|h_graph89_out_0_out_ap_vld      |  out|    1|      ap_vld|                                    h_graph89_out_0_out|       pointer|
|h_graph88_out_0_out             |  out|   16|      ap_vld|                                    h_graph88_out_0_out|       pointer|
|h_graph88_out_0_out_ap_vld      |  out|    1|      ap_vld|                                    h_graph88_out_0_out|       pointer|
|h_graph87_out_0_out             |  out|   16|      ap_vld|                                    h_graph87_out_0_out|       pointer|
|h_graph87_out_0_out_ap_vld      |  out|    1|      ap_vld|                                    h_graph87_out_0_out|       pointer|
|h_graph86_out_0_out             |  out|   16|      ap_vld|                                    h_graph86_out_0_out|       pointer|
|h_graph86_out_0_out_ap_vld      |  out|    1|      ap_vld|                                    h_graph86_out_0_out|       pointer|
|h_graph85_out_0_out             |  out|   16|      ap_vld|                                    h_graph85_out_0_out|       pointer|
|h_graph85_out_0_out_ap_vld      |  out|    1|      ap_vld|                                    h_graph85_out_0_out|       pointer|
|h_graph84_out_0_out             |  out|   16|      ap_vld|                                    h_graph84_out_0_out|       pointer|
|h_graph84_out_0_out_ap_vld      |  out|    1|      ap_vld|                                    h_graph84_out_0_out|       pointer|
|h_graph83_out_0_out             |  out|   16|      ap_vld|                                    h_graph83_out_0_out|       pointer|
|h_graph83_out_0_out_ap_vld      |  out|    1|      ap_vld|                                    h_graph83_out_0_out|       pointer|
|h_graph82_out_0_out             |  out|   16|      ap_vld|                                    h_graph82_out_0_out|       pointer|
|h_graph82_out_0_out_ap_vld      |  out|    1|      ap_vld|                                    h_graph82_out_0_out|       pointer|
|h_graph81_out_0_out             |  out|   16|      ap_vld|                                    h_graph81_out_0_out|       pointer|
|h_graph81_out_0_out_ap_vld      |  out|    1|      ap_vld|                                    h_graph81_out_0_out|       pointer|
|h_graph80_out_0_out             |  out|   16|      ap_vld|                                    h_graph80_out_0_out|       pointer|
|h_graph80_out_0_out_ap_vld      |  out|    1|      ap_vld|                                    h_graph80_out_0_out|       pointer|
|h_graph79_out_0_out             |  out|   16|      ap_vld|                                    h_graph79_out_0_out|       pointer|
|h_graph79_out_0_out_ap_vld      |  out|    1|      ap_vld|                                    h_graph79_out_0_out|       pointer|
|h_graph78_out_0_out             |  out|   16|      ap_vld|                                    h_graph78_out_0_out|       pointer|
|h_graph78_out_0_out_ap_vld      |  out|    1|      ap_vld|                                    h_graph78_out_0_out|       pointer|
|h_graph77_out_0_out             |  out|   16|      ap_vld|                                    h_graph77_out_0_out|       pointer|
|h_graph77_out_0_out_ap_vld      |  out|    1|      ap_vld|                                    h_graph77_out_0_out|       pointer|
|h_graph76_out_0_out             |  out|   16|      ap_vld|                                    h_graph76_out_0_out|       pointer|
|h_graph76_out_0_out_ap_vld      |  out|    1|      ap_vld|                                    h_graph76_out_0_out|       pointer|
|h_graph75_out_0_out             |  out|   16|      ap_vld|                                    h_graph75_out_0_out|       pointer|
|h_graph75_out_0_out_ap_vld      |  out|    1|      ap_vld|                                    h_graph75_out_0_out|       pointer|
|h_graph74_out_0_out             |  out|   16|      ap_vld|                                    h_graph74_out_0_out|       pointer|
|h_graph74_out_0_out_ap_vld      |  out|    1|      ap_vld|                                    h_graph74_out_0_out|       pointer|
|h_graph73_out_0_out             |  out|   16|      ap_vld|                                    h_graph73_out_0_out|       pointer|
|h_graph73_out_0_out_ap_vld      |  out|    1|      ap_vld|                                    h_graph73_out_0_out|       pointer|
|h_graph72_out_0_out             |  out|   16|      ap_vld|                                    h_graph72_out_0_out|       pointer|
|h_graph72_out_0_out_ap_vld      |  out|    1|      ap_vld|                                    h_graph72_out_0_out|       pointer|
|h_graph71_out_0_out             |  out|   16|      ap_vld|                                    h_graph71_out_0_out|       pointer|
|h_graph71_out_0_out_ap_vld      |  out|    1|      ap_vld|                                    h_graph71_out_0_out|       pointer|
|h_graph70_out_0_out             |  out|   16|      ap_vld|                                    h_graph70_out_0_out|       pointer|
|h_graph70_out_0_out_ap_vld      |  out|    1|      ap_vld|                                    h_graph70_out_0_out|       pointer|
|h_graph69_out_0_out             |  out|   16|      ap_vld|                                    h_graph69_out_0_out|       pointer|
|h_graph69_out_0_out_ap_vld      |  out|    1|      ap_vld|                                    h_graph69_out_0_out|       pointer|
|h_graph68_out_0_out             |  out|   16|      ap_vld|                                    h_graph68_out_0_out|       pointer|
|h_graph68_out_0_out_ap_vld      |  out|    1|      ap_vld|                                    h_graph68_out_0_out|       pointer|
|h_graph67_out_0_out             |  out|   16|      ap_vld|                                    h_graph67_out_0_out|       pointer|
|h_graph67_out_0_out_ap_vld      |  out|    1|      ap_vld|                                    h_graph67_out_0_out|       pointer|
|h_graph66_out_0_out             |  out|   16|      ap_vld|                                    h_graph66_out_0_out|       pointer|
|h_graph66_out_0_out_ap_vld      |  out|    1|      ap_vld|                                    h_graph66_out_0_out|       pointer|
|h_graph65_out_0_out             |  out|   16|      ap_vld|                                    h_graph65_out_0_out|       pointer|
|h_graph65_out_0_out_ap_vld      |  out|    1|      ap_vld|                                    h_graph65_out_0_out|       pointer|
|h_graph64_out_0_out             |  out|   16|      ap_vld|                                    h_graph64_out_0_out|       pointer|
|h_graph64_out_0_out_ap_vld      |  out|    1|      ap_vld|                                    h_graph64_out_0_out|       pointer|
|h_graph63_out_0_out             |  out|   16|      ap_vld|                                    h_graph63_out_0_out|       pointer|
|h_graph63_out_0_out_ap_vld      |  out|    1|      ap_vld|                                    h_graph63_out_0_out|       pointer|
|h_graph62_out_0_out             |  out|   16|      ap_vld|                                    h_graph62_out_0_out|       pointer|
|h_graph62_out_0_out_ap_vld      |  out|    1|      ap_vld|                                    h_graph62_out_0_out|       pointer|
|h_graph61_out_0_out             |  out|   16|      ap_vld|                                    h_graph61_out_0_out|       pointer|
|h_graph61_out_0_out_ap_vld      |  out|    1|      ap_vld|                                    h_graph61_out_0_out|       pointer|
|h_graph60_out_0_out             |  out|   16|      ap_vld|                                    h_graph60_out_0_out|       pointer|
|h_graph60_out_0_out_ap_vld      |  out|    1|      ap_vld|                                    h_graph60_out_0_out|       pointer|
|h_graph59_out_0_out             |  out|   16|      ap_vld|                                    h_graph59_out_0_out|       pointer|
|h_graph59_out_0_out_ap_vld      |  out|    1|      ap_vld|                                    h_graph59_out_0_out|       pointer|
|h_graph58_out_0_out             |  out|   16|      ap_vld|                                    h_graph58_out_0_out|       pointer|
|h_graph58_out_0_out_ap_vld      |  out|    1|      ap_vld|                                    h_graph58_out_0_out|       pointer|
|h_graph57_out_0_out             |  out|   16|      ap_vld|                                    h_graph57_out_0_out|       pointer|
|h_graph57_out_0_out_ap_vld      |  out|    1|      ap_vld|                                    h_graph57_out_0_out|       pointer|
|h_graph56_out_0_out             |  out|   16|      ap_vld|                                    h_graph56_out_0_out|       pointer|
|h_graph56_out_0_out_ap_vld      |  out|    1|      ap_vld|                                    h_graph56_out_0_out|       pointer|
|h_graph55_out_0_out             |  out|   16|      ap_vld|                                    h_graph55_out_0_out|       pointer|
|h_graph55_out_0_out_ap_vld      |  out|    1|      ap_vld|                                    h_graph55_out_0_out|       pointer|
|h_graph54_out_0_out             |  out|   16|      ap_vld|                                    h_graph54_out_0_out|       pointer|
|h_graph54_out_0_out_ap_vld      |  out|    1|      ap_vld|                                    h_graph54_out_0_out|       pointer|
|h_graph53_out_0_out             |  out|   16|      ap_vld|                                    h_graph53_out_0_out|       pointer|
|h_graph53_out_0_out_ap_vld      |  out|    1|      ap_vld|                                    h_graph53_out_0_out|       pointer|
|h_graph52_out_0_out             |  out|   16|      ap_vld|                                    h_graph52_out_0_out|       pointer|
|h_graph52_out_0_out_ap_vld      |  out|    1|      ap_vld|                                    h_graph52_out_0_out|       pointer|
|h_graph51_out_0_out             |  out|   16|      ap_vld|                                    h_graph51_out_0_out|       pointer|
|h_graph51_out_0_out_ap_vld      |  out|    1|      ap_vld|                                    h_graph51_out_0_out|       pointer|
|h_graph50_out_0_out             |  out|   16|      ap_vld|                                    h_graph50_out_0_out|       pointer|
|h_graph50_out_0_out_ap_vld      |  out|    1|      ap_vld|                                    h_graph50_out_0_out|       pointer|
|h_graph49_out_0_out             |  out|   16|      ap_vld|                                    h_graph49_out_0_out|       pointer|
|h_graph49_out_0_out_ap_vld      |  out|    1|      ap_vld|                                    h_graph49_out_0_out|       pointer|
|h_graph48_out_0_out             |  out|   16|      ap_vld|                                    h_graph48_out_0_out|       pointer|
|h_graph48_out_0_out_ap_vld      |  out|    1|      ap_vld|                                    h_graph48_out_0_out|       pointer|
|h_graph47_out_0_out             |  out|   16|      ap_vld|                                    h_graph47_out_0_out|       pointer|
|h_graph47_out_0_out_ap_vld      |  out|    1|      ap_vld|                                    h_graph47_out_0_out|       pointer|
|h_graph46_out_0_out             |  out|   16|      ap_vld|                                    h_graph46_out_0_out|       pointer|
|h_graph46_out_0_out_ap_vld      |  out|    1|      ap_vld|                                    h_graph46_out_0_out|       pointer|
|h_graph45_out_0_out             |  out|   16|      ap_vld|                                    h_graph45_out_0_out|       pointer|
|h_graph45_out_0_out_ap_vld      |  out|    1|      ap_vld|                                    h_graph45_out_0_out|       pointer|
|h_graph44_out_0_out             |  out|   16|      ap_vld|                                    h_graph44_out_0_out|       pointer|
|h_graph44_out_0_out_ap_vld      |  out|    1|      ap_vld|                                    h_graph44_out_0_out|       pointer|
|h_graph43_out_0_out             |  out|   16|      ap_vld|                                    h_graph43_out_0_out|       pointer|
|h_graph43_out_0_out_ap_vld      |  out|    1|      ap_vld|                                    h_graph43_out_0_out|       pointer|
|h_graph42_out_0_out             |  out|   16|      ap_vld|                                    h_graph42_out_0_out|       pointer|
|h_graph42_out_0_out_ap_vld      |  out|    1|      ap_vld|                                    h_graph42_out_0_out|       pointer|
|h_graph41_out_0_out             |  out|   16|      ap_vld|                                    h_graph41_out_0_out|       pointer|
|h_graph41_out_0_out_ap_vld      |  out|    1|      ap_vld|                                    h_graph41_out_0_out|       pointer|
|h_graph40_out_0_out             |  out|   16|      ap_vld|                                    h_graph40_out_0_out|       pointer|
|h_graph40_out_0_out_ap_vld      |  out|    1|      ap_vld|                                    h_graph40_out_0_out|       pointer|
|h_graph39_out_0_out             |  out|   16|      ap_vld|                                    h_graph39_out_0_out|       pointer|
|h_graph39_out_0_out_ap_vld      |  out|    1|      ap_vld|                                    h_graph39_out_0_out|       pointer|
|h_graph38_out_0_out             |  out|   16|      ap_vld|                                    h_graph38_out_0_out|       pointer|
|h_graph38_out_0_out_ap_vld      |  out|    1|      ap_vld|                                    h_graph38_out_0_out|       pointer|
|h_graph37_out_0_out             |  out|   16|      ap_vld|                                    h_graph37_out_0_out|       pointer|
|h_graph37_out_0_out_ap_vld      |  out|    1|      ap_vld|                                    h_graph37_out_0_out|       pointer|
|h_graph36_out_0_out             |  out|   16|      ap_vld|                                    h_graph36_out_0_out|       pointer|
|h_graph36_out_0_out_ap_vld      |  out|    1|      ap_vld|                                    h_graph36_out_0_out|       pointer|
|h_graph35_out_0_out             |  out|   16|      ap_vld|                                    h_graph35_out_0_out|       pointer|
|h_graph35_out_0_out_ap_vld      |  out|    1|      ap_vld|                                    h_graph35_out_0_out|       pointer|
|h_graph34_out_0_out             |  out|   16|      ap_vld|                                    h_graph34_out_0_out|       pointer|
|h_graph34_out_0_out_ap_vld      |  out|    1|      ap_vld|                                    h_graph34_out_0_out|       pointer|
|h_graph33_out_0_out             |  out|   16|      ap_vld|                                    h_graph33_out_0_out|       pointer|
|h_graph33_out_0_out_ap_vld      |  out|    1|      ap_vld|                                    h_graph33_out_0_out|       pointer|
|h_graph32_out_0_out             |  out|   16|      ap_vld|                                    h_graph32_out_0_out|       pointer|
|h_graph32_out_0_out_ap_vld      |  out|    1|      ap_vld|                                    h_graph32_out_0_out|       pointer|
|h_graph31_out_0_out             |  out|   16|      ap_vld|                                    h_graph31_out_0_out|       pointer|
|h_graph31_out_0_out_ap_vld      |  out|    1|      ap_vld|                                    h_graph31_out_0_out|       pointer|
|h_graph30_out_0_out             |  out|   16|      ap_vld|                                    h_graph30_out_0_out|       pointer|
|h_graph30_out_0_out_ap_vld      |  out|    1|      ap_vld|                                    h_graph30_out_0_out|       pointer|
|h_graph29_out_0_out             |  out|   16|      ap_vld|                                    h_graph29_out_0_out|       pointer|
|h_graph29_out_0_out_ap_vld      |  out|    1|      ap_vld|                                    h_graph29_out_0_out|       pointer|
|h_graph28_out_0_out             |  out|   16|      ap_vld|                                    h_graph28_out_0_out|       pointer|
|h_graph28_out_0_out_ap_vld      |  out|    1|      ap_vld|                                    h_graph28_out_0_out|       pointer|
|h_graph27_out_0_out             |  out|   16|      ap_vld|                                    h_graph27_out_0_out|       pointer|
|h_graph27_out_0_out_ap_vld      |  out|    1|      ap_vld|                                    h_graph27_out_0_out|       pointer|
|h_graph26_out_0_out             |  out|   16|      ap_vld|                                    h_graph26_out_0_out|       pointer|
|h_graph26_out_0_out_ap_vld      |  out|    1|      ap_vld|                                    h_graph26_out_0_out|       pointer|
|h_graph25_out_0_out             |  out|   16|      ap_vld|                                    h_graph25_out_0_out|       pointer|
|h_graph25_out_0_out_ap_vld      |  out|    1|      ap_vld|                                    h_graph25_out_0_out|       pointer|
|h_graph24_out_0_out             |  out|   16|      ap_vld|                                    h_graph24_out_0_out|       pointer|
|h_graph24_out_0_out_ap_vld      |  out|    1|      ap_vld|                                    h_graph24_out_0_out|       pointer|
|h_graph23_out_0_out             |  out|   16|      ap_vld|                                    h_graph23_out_0_out|       pointer|
|h_graph23_out_0_out_ap_vld      |  out|    1|      ap_vld|                                    h_graph23_out_0_out|       pointer|
|h_graph22_out_0_out             |  out|   16|      ap_vld|                                    h_graph22_out_0_out|       pointer|
|h_graph22_out_0_out_ap_vld      |  out|    1|      ap_vld|                                    h_graph22_out_0_out|       pointer|
|h_graph21_out_0_out             |  out|   16|      ap_vld|                                    h_graph21_out_0_out|       pointer|
|h_graph21_out_0_out_ap_vld      |  out|    1|      ap_vld|                                    h_graph21_out_0_out|       pointer|
|h_graph20_out_0_out             |  out|   16|      ap_vld|                                    h_graph20_out_0_out|       pointer|
|h_graph20_out_0_out_ap_vld      |  out|    1|      ap_vld|                                    h_graph20_out_0_out|       pointer|
|h_graph19_out_0_out             |  out|   16|      ap_vld|                                    h_graph19_out_0_out|       pointer|
|h_graph19_out_0_out_ap_vld      |  out|    1|      ap_vld|                                    h_graph19_out_0_out|       pointer|
|h_graph18_out_0_out             |  out|   16|      ap_vld|                                    h_graph18_out_0_out|       pointer|
|h_graph18_out_0_out_ap_vld      |  out|    1|      ap_vld|                                    h_graph18_out_0_out|       pointer|
|h_graph17_out_0_out             |  out|   16|      ap_vld|                                    h_graph17_out_0_out|       pointer|
|h_graph17_out_0_out_ap_vld      |  out|    1|      ap_vld|                                    h_graph17_out_0_out|       pointer|
|h_graph16_out_0_out             |  out|   16|      ap_vld|                                    h_graph16_out_0_out|       pointer|
|h_graph16_out_0_out_ap_vld      |  out|    1|      ap_vld|                                    h_graph16_out_0_out|       pointer|
|h_graph15_out_0_out             |  out|   16|      ap_vld|                                    h_graph15_out_0_out|       pointer|
|h_graph15_out_0_out_ap_vld      |  out|    1|      ap_vld|                                    h_graph15_out_0_out|       pointer|
|h_graph14_out_0_out             |  out|   16|      ap_vld|                                    h_graph14_out_0_out|       pointer|
|h_graph14_out_0_out_ap_vld      |  out|    1|      ap_vld|                                    h_graph14_out_0_out|       pointer|
|h_graph13_out_0_out             |  out|   16|      ap_vld|                                    h_graph13_out_0_out|       pointer|
|h_graph13_out_0_out_ap_vld      |  out|    1|      ap_vld|                                    h_graph13_out_0_out|       pointer|
|h_graph12_out_0_out             |  out|   16|      ap_vld|                                    h_graph12_out_0_out|       pointer|
|h_graph12_out_0_out_ap_vld      |  out|    1|      ap_vld|                                    h_graph12_out_0_out|       pointer|
|h_graph11_out_0_out             |  out|   16|      ap_vld|                                    h_graph11_out_0_out|       pointer|
|h_graph11_out_0_out_ap_vld      |  out|    1|      ap_vld|                                    h_graph11_out_0_out|       pointer|
|h_graph10_out_0_out             |  out|   16|      ap_vld|                                    h_graph10_out_0_out|       pointer|
|h_graph10_out_0_out_ap_vld      |  out|    1|      ap_vld|                                    h_graph10_out_0_out|       pointer|
|h_graph9_out_0_out              |  out|   16|      ap_vld|                                     h_graph9_out_0_out|       pointer|
|h_graph9_out_0_out_ap_vld       |  out|    1|      ap_vld|                                     h_graph9_out_0_out|       pointer|
|h_graph8_out_0_out              |  out|   16|      ap_vld|                                     h_graph8_out_0_out|       pointer|
|h_graph8_out_0_out_ap_vld       |  out|    1|      ap_vld|                                     h_graph8_out_0_out|       pointer|
|h_graph7_out_0_out              |  out|   16|      ap_vld|                                     h_graph7_out_0_out|       pointer|
|h_graph7_out_0_out_ap_vld       |  out|    1|      ap_vld|                                     h_graph7_out_0_out|       pointer|
|h_graph6_out_0_out              |  out|   16|      ap_vld|                                     h_graph6_out_0_out|       pointer|
|h_graph6_out_0_out_ap_vld       |  out|    1|      ap_vld|                                     h_graph6_out_0_out|       pointer|
|h_graph5_out_0_out              |  out|   16|      ap_vld|                                     h_graph5_out_0_out|       pointer|
|h_graph5_out_0_out_ap_vld       |  out|    1|      ap_vld|                                     h_graph5_out_0_out|       pointer|
|h_graph4_out_0_out              |  out|   16|      ap_vld|                                     h_graph4_out_0_out|       pointer|
|h_graph4_out_0_out_ap_vld       |  out|    1|      ap_vld|                                     h_graph4_out_0_out|       pointer|
|h_graph3_out_0_out              |  out|   16|      ap_vld|                                     h_graph3_out_0_out|       pointer|
|h_graph3_out_0_out_ap_vld       |  out|    1|      ap_vld|                                     h_graph3_out_0_out|       pointer|
|h_graph2_out_0_out              |  out|   16|      ap_vld|                                     h_graph2_out_0_out|       pointer|
|h_graph2_out_0_out_ap_vld       |  out|    1|      ap_vld|                                     h_graph2_out_0_out|       pointer|
|h_graph_out_0_out               |  out|   16|      ap_vld|                                      h_graph_out_0_out|       pointer|
|h_graph_out_0_out_ap_vld        |  out|    1|      ap_vld|                                      h_graph_out_0_out|       pointer|
+--------------------------------+-----+-----+------------+-------------------------------------------------------+--------------+

