

================================================================
== Vitis HLS Report for 'linear_100_1_1_false_s'
================================================================
* Date:           Fri May  3 00:29:44 2024

* Version:        2021.1.1 (Build 3286242 on Wed Jul 28 13:09:46 MDT 2021)
* Project:        example-4
* Solution:       solution1 (Vitis Kernel Flow Target)
* Product family: virtexuplus
* Target device:  xcu50-fsvh2104-2-e


================================================================
== Performance Estimates
================================================================
+ Timing: 
    * Summary: 
    +--------+---------+----------+------------+
    |  Clock |  Target | Estimated| Uncertainty|
    +--------+---------+----------+------------+
    |ap_clk  |  3.33 ns|  2.433 ns|     0.90 ns|
    +--------+---------+----------+------------+

+ Latency: 
    * Summary: 
    +---------+---------+----------+----------+-----+-----+---------+
    |  Latency (cycles) |  Latency (absolute) |  Interval | Pipeline|
    |   min   |   max   |    min   |    max   | min | max |   Type  |
    +---------+---------+----------+----------+-----+-----+---------+
    |      171|      171|  0.570 us|  0.570 us|  171|  171|       no|
    +---------+---------+----------+----------+-----+-----+---------+

    + Detail: 
        * Instance: 
        N/A

        * Loop: 
        N/A



================================================================
== Utilization Estimates
================================================================
* Summary: 
+---------------------+---------+------+---------+--------+-----+
|         Name        | BRAM_18K|  DSP |    FF   |   LUT  | URAM|
+---------------------+---------+------+---------+--------+-----+
|DSP                  |        -|   100|        -|       -|    -|
|Expression           |        -|     -|        0|    2596|    -|
|FIFO                 |        -|     -|        -|       -|    -|
|Instance             |        -|     -|        -|       -|    -|
|Memory               |        -|     -|        -|       -|    -|
|Multiplexer          |        -|     -|        -|     960|    -|
|Register             |        -|     -|     1389|       -|    -|
+---------------------+---------+------+---------+--------+-----+
|Total                |        0|   100|     1389|    3556|    0|
+---------------------+---------+------+---------+--------+-----+
|Available SLR        |     1344|  2976|   871680|  435840|  320|
+---------------------+---------+------+---------+--------+-----+
|Utilization SLR (%)  |        0|     3|       ~0|      ~0|    0|
+---------------------+---------+------+---------+--------+-----+
|Available            |     2688|  5952|  1743360|  871680|  640|
+---------------------+---------+------+---------+--------+-----+
|Utilization (%)      |        0|     1|       ~0|      ~0|    0|
+---------------------+---------+------+---------+--------+-----+

+ Detail: 
    * Instance: 
    N/A

    * DSP: 
    +--------------------------------------+--------------------------------+--------------+
    |               Instance               |             Module             |  Expression  |
    +--------------------------------------+--------------------------------+--------------+
    |mac_muladd_16s_16s_26ns_26_4_1_U6939  |mac_muladd_16s_16s_26ns_26_4_1  |  i0 * i1 + i2|
    |mac_muladd_16s_16s_26ns_26_4_1_U6940  |mac_muladd_16s_16s_26ns_26_4_1  |  i0 + i1 * i2|
    |mac_muladd_16s_16s_26ns_26_4_1_U6941  |mac_muladd_16s_16s_26ns_26_4_1  |  i0 + i1 * i2|
    |mac_muladd_16s_16s_26ns_26_4_1_U6942  |mac_muladd_16s_16s_26ns_26_4_1  |  i0 + i1 * i2|
    |mac_muladd_16s_16s_26ns_26_4_1_U6943  |mac_muladd_16s_16s_26ns_26_4_1  |  i0 + i1 * i2|
    |mac_muladd_16s_16s_26ns_26_4_1_U6944  |mac_muladd_16s_16s_26ns_26_4_1  |  i0 + i1 * i2|
    |mac_muladd_16s_16s_26ns_26_4_1_U6945  |mac_muladd_16s_16s_26ns_26_4_1  |  i0 + i1 * i2|
    |mac_muladd_16s_16s_26ns_26_4_1_U6946  |mac_muladd_16s_16s_26ns_26_4_1  |  i0 + i1 * i2|
    |mac_muladd_16s_16s_26ns_26_4_1_U6947  |mac_muladd_16s_16s_26ns_26_4_1  |  i0 + i1 * i2|
    |mac_muladd_16s_16s_26ns_26_4_1_U6948  |mac_muladd_16s_16s_26ns_26_4_1  |  i0 + i1 * i2|
    |mac_muladd_16s_16s_26ns_26_4_1_U6949  |mac_muladd_16s_16s_26ns_26_4_1  |  i0 + i1 * i2|
    |mac_muladd_16s_16s_26ns_26_4_1_U6950  |mac_muladd_16s_16s_26ns_26_4_1  |  i0 + i1 * i2|
    |mac_muladd_16s_16s_26ns_26_4_1_U6951  |mac_muladd_16s_16s_26ns_26_4_1  |  i0 + i1 * i2|
    |mac_muladd_16s_16s_26ns_26_4_1_U6952  |mac_muladd_16s_16s_26ns_26_4_1  |  i0 + i1 * i2|
    |mac_muladd_16s_16s_26ns_26_4_1_U6953  |mac_muladd_16s_16s_26ns_26_4_1  |  i0 + i1 * i2|
    |mac_muladd_16s_16s_26ns_26_4_1_U6954  |mac_muladd_16s_16s_26ns_26_4_1  |  i0 + i1 * i2|
    |mac_muladd_16s_16s_26ns_26_4_1_U6955  |mac_muladd_16s_16s_26ns_26_4_1  |  i0 + i1 * i2|
    |mac_muladd_16s_16s_26ns_26_4_1_U6956  |mac_muladd_16s_16s_26ns_26_4_1  |  i0 + i1 * i2|
    |mac_muladd_16s_16s_26ns_26_4_1_U6957  |mac_muladd_16s_16s_26ns_26_4_1  |  i0 + i1 * i2|
    |mac_muladd_16s_16s_26ns_26_4_1_U6958  |mac_muladd_16s_16s_26ns_26_4_1  |  i0 + i1 * i2|
    |mac_muladd_16s_16s_26ns_26_4_1_U6959  |mac_muladd_16s_16s_26ns_26_4_1  |  i0 + i1 * i2|
    |mac_muladd_16s_16s_26ns_26_4_1_U6960  |mac_muladd_16s_16s_26ns_26_4_1  |  i0 + i1 * i2|
    |mac_muladd_16s_16s_26ns_26_4_1_U6961  |mac_muladd_16s_16s_26ns_26_4_1  |  i0 + i1 * i2|
    |mac_muladd_16s_16s_26ns_26_4_1_U6962  |mac_muladd_16s_16s_26ns_26_4_1  |  i0 + i1 * i2|
    |mac_muladd_16s_16s_26ns_26_4_1_U6963  |mac_muladd_16s_16s_26ns_26_4_1  |  i0 + i1 * i2|
    |mac_muladd_16s_16s_26ns_26_4_1_U6964  |mac_muladd_16s_16s_26ns_26_4_1  |  i0 + i1 * i2|
    |mac_muladd_16s_16s_26ns_26_4_1_U6965  |mac_muladd_16s_16s_26ns_26_4_1  |  i0 + i1 * i2|
    |mac_muladd_16s_16s_26ns_26_4_1_U6966  |mac_muladd_16s_16s_26ns_26_4_1  |  i0 + i1 * i2|
    |mac_muladd_16s_16s_26ns_26_4_1_U6967  |mac_muladd_16s_16s_26ns_26_4_1  |  i0 + i1 * i2|
    |mac_muladd_16s_16s_26ns_26_4_1_U6968  |mac_muladd_16s_16s_26ns_26_4_1  |  i0 + i1 * i2|
    |mac_muladd_16s_16s_26ns_26_4_1_U6969  |mac_muladd_16s_16s_26ns_26_4_1  |  i0 + i1 * i2|
    |mac_muladd_16s_16s_26ns_26_4_1_U6970  |mac_muladd_16s_16s_26ns_26_4_1  |  i0 + i1 * i2|
    |mac_muladd_16s_16s_26ns_26_4_1_U6971  |mac_muladd_16s_16s_26ns_26_4_1  |  i0 + i1 * i2|
    |mac_muladd_16s_16s_26ns_26_4_1_U6972  |mac_muladd_16s_16s_26ns_26_4_1  |  i0 + i1 * i2|
    |mac_muladd_16s_16s_26ns_26_4_1_U6973  |mac_muladd_16s_16s_26ns_26_4_1  |  i0 + i1 * i2|
    |mac_muladd_16s_16s_26ns_26_4_1_U6974  |mac_muladd_16s_16s_26ns_26_4_1  |  i0 + i1 * i2|
    |mac_muladd_16s_16s_26ns_26_4_1_U6975  |mac_muladd_16s_16s_26ns_26_4_1  |  i0 + i1 * i2|
    |mac_muladd_16s_16s_26ns_26_4_1_U6976  |mac_muladd_16s_16s_26ns_26_4_1  |  i0 + i1 * i2|
    |mac_muladd_16s_16s_26ns_26_4_1_U6977  |mac_muladd_16s_16s_26ns_26_4_1  |  i0 + i1 * i2|
    |mac_muladd_16s_16s_26ns_26_4_1_U6978  |mac_muladd_16s_16s_26ns_26_4_1  |  i0 + i1 * i2|
    |mac_muladd_16s_16s_26ns_26_4_1_U6979  |mac_muladd_16s_16s_26ns_26_4_1  |  i0 + i1 * i2|
    |mac_muladd_16s_16s_26ns_26_4_1_U6980  |mac_muladd_16s_16s_26ns_26_4_1  |  i0 + i1 * i2|
    |mac_muladd_16s_16s_26ns_26_4_1_U6981  |mac_muladd_16s_16s_26ns_26_4_1  |  i0 + i1 * i2|
    |mac_muladd_16s_16s_26ns_26_4_1_U6982  |mac_muladd_16s_16s_26ns_26_4_1  |  i0 + i1 * i2|
    |mac_muladd_16s_16s_26ns_26_4_1_U6983  |mac_muladd_16s_16s_26ns_26_4_1  |  i0 + i1 * i2|
    |mac_muladd_16s_16s_26ns_26_4_1_U6984  |mac_muladd_16s_16s_26ns_26_4_1  |  i0 + i1 * i2|
    |mac_muladd_16s_16s_26ns_26_4_1_U6985  |mac_muladd_16s_16s_26ns_26_4_1  |  i0 + i1 * i2|
    |mac_muladd_16s_16s_26ns_26_4_1_U6986  |mac_muladd_16s_16s_26ns_26_4_1  |  i0 + i1 * i2|
    |mac_muladd_16s_16s_26ns_26_4_1_U6987  |mac_muladd_16s_16s_26ns_26_4_1  |  i0 + i1 * i2|
    |mac_muladd_16s_16s_26ns_26_4_1_U6988  |mac_muladd_16s_16s_26ns_26_4_1  |  i0 + i1 * i2|
    |mac_muladd_16s_16s_26ns_26_4_1_U6989  |mac_muladd_16s_16s_26ns_26_4_1  |  i0 + i1 * i2|
    |mac_muladd_16s_16s_26ns_26_4_1_U6990  |mac_muladd_16s_16s_26ns_26_4_1  |  i0 + i1 * i2|
    |mac_muladd_16s_16s_26ns_26_4_1_U6991  |mac_muladd_16s_16s_26ns_26_4_1  |  i0 + i1 * i2|
    |mac_muladd_16s_16s_26ns_26_4_1_U6992  |mac_muladd_16s_16s_26ns_26_4_1  |  i0 + i1 * i2|
    |mac_muladd_16s_16s_26ns_26_4_1_U6993  |mac_muladd_16s_16s_26ns_26_4_1  |  i0 + i1 * i2|
    |mac_muladd_16s_16s_26ns_26_4_1_U6994  |mac_muladd_16s_16s_26ns_26_4_1  |  i0 + i1 * i2|
    |mac_muladd_16s_16s_26ns_26_4_1_U6995  |mac_muladd_16s_16s_26ns_26_4_1  |  i0 + i1 * i2|
    |mac_muladd_16s_16s_26ns_26_4_1_U6996  |mac_muladd_16s_16s_26ns_26_4_1  |  i0 + i1 * i2|
    |mac_muladd_16s_16s_26ns_26_4_1_U6997  |mac_muladd_16s_16s_26ns_26_4_1  |  i0 + i1 * i2|
    |mac_muladd_16s_16s_26ns_26_4_1_U6998  |mac_muladd_16s_16s_26ns_26_4_1  |  i0 + i1 * i2|
    |mac_muladd_16s_16s_26ns_26_4_1_U6999  |mac_muladd_16s_16s_26ns_26_4_1  |  i0 + i1 * i2|
    |mac_muladd_16s_16s_26ns_26_4_1_U7000  |mac_muladd_16s_16s_26ns_26_4_1  |  i0 + i1 * i2|
    |mac_muladd_16s_16s_26ns_26_4_1_U7001  |mac_muladd_16s_16s_26ns_26_4_1  |  i0 + i1 * i2|
    |mac_muladd_16s_16s_26ns_26_4_1_U7002  |mac_muladd_16s_16s_26ns_26_4_1  |  i0 + i1 * i2|
    |mac_muladd_16s_16s_26ns_26_4_1_U7003  |mac_muladd_16s_16s_26ns_26_4_1  |  i0 + i1 * i2|
    |mac_muladd_16s_16s_26ns_26_4_1_U7004  |mac_muladd_16s_16s_26ns_26_4_1  |  i0 + i1 * i2|
    |mac_muladd_16s_16s_26ns_26_4_1_U7005  |mac_muladd_16s_16s_26ns_26_4_1  |  i0 + i1 * i2|
    |mac_muladd_16s_16s_26ns_26_4_1_U7006  |mac_muladd_16s_16s_26ns_26_4_1  |  i0 + i1 * i2|
    |mac_muladd_16s_16s_26ns_26_4_1_U7007  |mac_muladd_16s_16s_26ns_26_4_1  |  i0 + i1 * i2|
    |mac_muladd_16s_16s_26ns_26_4_1_U7008  |mac_muladd_16s_16s_26ns_26_4_1  |  i0 + i1 * i2|
    |mac_muladd_16s_16s_26ns_26_4_1_U7009  |mac_muladd_16s_16s_26ns_26_4_1  |  i0 + i1 * i2|
    |mac_muladd_16s_16s_26ns_26_4_1_U7010  |mac_muladd_16s_16s_26ns_26_4_1  |  i0 + i1 * i2|
    |mac_muladd_16s_16s_26ns_26_4_1_U7011  |mac_muladd_16s_16s_26ns_26_4_1  |  i0 + i1 * i2|
    |mac_muladd_16s_16s_26ns_26_4_1_U7012  |mac_muladd_16s_16s_26ns_26_4_1  |  i0 + i1 * i2|
    |mac_muladd_16s_16s_26ns_26_4_1_U7013  |mac_muladd_16s_16s_26ns_26_4_1  |  i0 + i1 * i2|
    |mac_muladd_16s_16s_26ns_26_4_1_U7014  |mac_muladd_16s_16s_26ns_26_4_1  |  i0 + i1 * i2|
    |mac_muladd_16s_16s_26ns_26_4_1_U7015  |mac_muladd_16s_16s_26ns_26_4_1  |  i0 + i1 * i2|
    |mac_muladd_16s_16s_26ns_26_4_1_U7016  |mac_muladd_16s_16s_26ns_26_4_1  |  i0 + i1 * i2|
    |mac_muladd_16s_16s_26ns_26_4_1_U7017  |mac_muladd_16s_16s_26ns_26_4_1  |  i0 + i1 * i2|
    |mac_muladd_16s_16s_26ns_26_4_1_U7018  |mac_muladd_16s_16s_26ns_26_4_1  |  i0 + i1 * i2|
    |mac_muladd_16s_16s_26ns_26_4_1_U7019  |mac_muladd_16s_16s_26ns_26_4_1  |  i0 + i1 * i2|
    |mac_muladd_16s_16s_26ns_26_4_1_U7020  |mac_muladd_16s_16s_26ns_26_4_1  |  i0 + i1 * i2|
    |mac_muladd_16s_16s_26ns_26_4_1_U7021  |mac_muladd_16s_16s_26ns_26_4_1  |  i0 + i1 * i2|
    |mac_muladd_16s_16s_26ns_26_4_1_U7022  |mac_muladd_16s_16s_26ns_26_4_1  |  i0 + i1 * i2|
    |mac_muladd_16s_16s_26ns_26_4_1_U7023  |mac_muladd_16s_16s_26ns_26_4_1  |  i0 + i1 * i2|
    |mac_muladd_16s_16s_26ns_26_4_1_U7024  |mac_muladd_16s_16s_26ns_26_4_1  |  i0 + i1 * i2|
    |mac_muladd_16s_16s_26ns_26_4_1_U7025  |mac_muladd_16s_16s_26ns_26_4_1  |  i0 + i1 * i2|
    |mac_muladd_16s_16s_26ns_26_4_1_U7026  |mac_muladd_16s_16s_26ns_26_4_1  |  i0 + i1 * i2|
    |mac_muladd_16s_16s_26ns_26_4_1_U7027  |mac_muladd_16s_16s_26ns_26_4_1  |  i0 + i1 * i2|
    |mac_muladd_16s_16s_26ns_26_4_1_U7028  |mac_muladd_16s_16s_26ns_26_4_1  |  i0 + i1 * i2|
    |mac_muladd_16s_16s_26ns_26_4_1_U7029  |mac_muladd_16s_16s_26ns_26_4_1  |  i0 + i1 * i2|
    |mac_muladd_16s_16s_26ns_26_4_1_U7030  |mac_muladd_16s_16s_26ns_26_4_1  |  i0 + i1 * i2|
    |mac_muladd_16s_16s_26ns_26_4_1_U7031  |mac_muladd_16s_16s_26ns_26_4_1  |  i0 + i1 * i2|
    |mac_muladd_16s_16s_26ns_26_4_1_U7032  |mac_muladd_16s_16s_26ns_26_4_1  |  i0 + i1 * i2|
    |mac_muladd_16s_16s_26ns_26_4_1_U7033  |mac_muladd_16s_16s_26ns_26_4_1  |  i0 + i1 * i2|
    |mac_muladd_16s_16s_26ns_26_4_1_U7034  |mac_muladd_16s_16s_26ns_26_4_1  |  i0 + i1 * i2|
    |mac_muladd_16s_16s_26ns_26_4_1_U7035  |mac_muladd_16s_16s_26ns_26_4_1  |  i0 + i1 * i2|
    |mac_muladd_16s_16s_26ns_26_4_1_U7036  |mac_muladd_16s_16s_26ns_26_4_1  |  i0 + i1 * i2|
    |mac_muladd_16s_16s_26ns_26_4_1_U7037  |mac_muladd_16s_16s_26ns_26_4_1  |  i0 + i1 * i2|
    |mac_muladd_16s_16s_26ns_26_4_1_U7038  |mac_muladd_16s_16s_26ns_26_4_1  |  i0 + i1 * i2|
    +--------------------------------------+--------------------------------+--------------+

    * Memory: 
    N/A

    * FIFO: 
    N/A

    * Expression: 
    +-----------------------+----------+----+---+------+------------+------------+
    |     Variable Name     | Operation| DSP| FF|  LUT | Bitwidth P0| Bitwidth P1|
    +-----------------------+----------+----+---+------+------------+------------+
    |ap_block_state1        |        or|   0|  0|     2|           1|           1|
    |shl_ln45_2_fu_4027_p2  |       shl|   0|  0|  2171|        1024|        1024|
    |shl_ln45_fu_4010_p2    |       shl|   0|  0|   423|           2|         128|
    +-----------------------+----------+----+---+------+------------+------------+
    |Total                  |          |   0|  0|  2596|        1027|        1153|
    +-----------------------+----------+----+---+------+------------+------------+

    * Multiplexer: 
    +----------------+-----+-----------+-----+-----------+
    |      Name      | LUT | Input Size| Bits| Total Bits|
    +----------------+-----+-----------+-----+-----------+
    |ap_NS_fsm       |  915|        173|    1|        173|
    |ap_done         |    9|          2|    1|          2|
    |mem_blk_n_AW    |    9|          2|    1|          2|
    |mem_blk_n_B     |    9|          2|    1|          2|
    |mem_blk_n_W     |    9|          2|    1|          2|
    |output_r_blk_n  |    9|          2|    1|          2|
    +----------------+-----+-----------+-----+-----------+
    |Total           |  960|        183|    6|        183|
    +----------------+-----+-----------+-----+-----------+

    * Register: 
    +-----------------------+------+----+------+-----------+
    |          Name         |  FF  | LUT| Bits | Const Bits|
    +-----------------------+------+----+------+-----------+
    |ap_CS_fsm              |   172|   0|   172|          0|
    |ap_done_reg            |     1|   0|     1|          0|
    |shl_ln45_2_reg_6459    |  1024|   0|  1024|          0|
    |shl_ln45_reg_6454      |   128|   0|   128|          0|
    |trunc_ln45_1_reg_6449  |    57|   0|    57|          0|
    |trunc_ln45_reg_6443    |     7|   0|     7|          0|
    +-----------------------+------+----+------+-----------+
    |Total                  |  1389|   0|  1389|          0|
    +-----------------------+------+----+------+-----------+



================================================================
== Interface
================================================================
* Summary: 
+---------------------------+-----+------+------------+---------------------------+--------------+
|         RTL Ports         | Dir | Bits |  Protocol  |       Source Object       |    C Type    |
+---------------------------+-----+------+------------+---------------------------+--------------+
|ap_clk                     |   in|     1|  ap_ctrl_hs|   linear<100, 1, 1, false>|  return value|
|ap_rst                     |   in|     1|  ap_ctrl_hs|   linear<100, 1, 1, false>|  return value|
|ap_start                   |   in|     1|  ap_ctrl_hs|   linear<100, 1, 1, false>|  return value|
|ap_done                    |  out|     1|  ap_ctrl_hs|   linear<100, 1, 1, false>|  return value|
|ap_continue                |   in|     1|  ap_ctrl_hs|   linear<100, 1, 1, false>|  return value|
|ap_idle                    |  out|     1|  ap_ctrl_hs|   linear<100, 1, 1, false>|  return value|
|ap_ready                   |  out|     1|  ap_ctrl_hs|   linear<100, 1, 1, false>|  return value|
|p_read                     |   in|    16|     ap_none|                     p_read|        scalar|
|p_read1                    |   in|    16|     ap_none|                    p_read1|        scalar|
|p_read2                    |   in|    16|     ap_none|                    p_read2|        scalar|
|p_read3                    |   in|    16|     ap_none|                    p_read3|        scalar|
|p_read4                    |   in|    16|     ap_none|                    p_read4|        scalar|
|p_read5                    |   in|    16|     ap_none|                    p_read5|        scalar|
|p_read6                    |   in|    16|     ap_none|                    p_read6|        scalar|
|p_read7                    |   in|    16|     ap_none|                    p_read7|        scalar|
|p_read8                    |   in|    16|     ap_none|                    p_read8|        scalar|
|p_read9                    |   in|    16|     ap_none|                    p_read9|        scalar|
|p_read10                   |   in|    16|     ap_none|                   p_read10|        scalar|
|p_read11                   |   in|    16|     ap_none|                   p_read11|        scalar|
|p_read12                   |   in|    16|     ap_none|                   p_read12|        scalar|
|p_read13                   |   in|    16|     ap_none|                   p_read13|        scalar|
|p_read14                   |   in|    16|     ap_none|                   p_read14|        scalar|
|p_read15                   |   in|    16|     ap_none|                   p_read15|        scalar|
|p_read16                   |   in|    16|     ap_none|                   p_read16|        scalar|
|p_read17                   |   in|    16|     ap_none|                   p_read17|        scalar|
|p_read18                   |   in|    16|     ap_none|                   p_read18|        scalar|
|p_read19                   |   in|    16|     ap_none|                   p_read19|        scalar|
|p_read20                   |   in|    16|     ap_none|                   p_read20|        scalar|
|p_read21                   |   in|    16|     ap_none|                   p_read21|        scalar|
|p_read22                   |   in|    16|     ap_none|                   p_read22|        scalar|
|p_read23                   |   in|    16|     ap_none|                   p_read23|        scalar|
|p_read24                   |   in|    16|     ap_none|                   p_read24|        scalar|
|p_read25                   |   in|    16|     ap_none|                   p_read25|        scalar|
|p_read26                   |   in|    16|     ap_none|                   p_read26|        scalar|
|p_read27                   |   in|    16|     ap_none|                   p_read27|        scalar|
|p_read28                   |   in|    16|     ap_none|                   p_read28|        scalar|
|p_read29                   |   in|    16|     ap_none|                   p_read29|        scalar|
|p_read30                   |   in|    16|     ap_none|                   p_read30|        scalar|
|p_read31                   |   in|    16|     ap_none|                   p_read31|        scalar|
|p_read32                   |   in|    16|     ap_none|                   p_read32|        scalar|
|p_read33                   |   in|    16|     ap_none|                   p_read33|        scalar|
|p_read34                   |   in|    16|     ap_none|                   p_read34|        scalar|
|p_read35                   |   in|    16|     ap_none|                   p_read35|        scalar|
|p_read36                   |   in|    16|     ap_none|                   p_read36|        scalar|
|p_read37                   |   in|    16|     ap_none|                   p_read37|        scalar|
|p_read38                   |   in|    16|     ap_none|                   p_read38|        scalar|
|p_read39                   |   in|    16|     ap_none|                   p_read39|        scalar|
|p_read40                   |   in|    16|     ap_none|                   p_read40|        scalar|
|p_read41                   |   in|    16|     ap_none|                   p_read41|        scalar|
|p_read42                   |   in|    16|     ap_none|                   p_read42|        scalar|
|p_read43                   |   in|    16|     ap_none|                   p_read43|        scalar|
|p_read44                   |   in|    16|     ap_none|                   p_read44|        scalar|
|p_read45                   |   in|    16|     ap_none|                   p_read45|        scalar|
|p_read46                   |   in|    16|     ap_none|                   p_read46|        scalar|
|p_read47                   |   in|    16|     ap_none|                   p_read47|        scalar|
|p_read48                   |   in|    16|     ap_none|                   p_read48|        scalar|
|p_read49                   |   in|    16|     ap_none|                   p_read49|        scalar|
|p_read50                   |   in|    16|     ap_none|                   p_read50|        scalar|
|p_read51                   |   in|    16|     ap_none|                   p_read51|        scalar|
|p_read52                   |   in|    16|     ap_none|                   p_read52|        scalar|
|p_read53                   |   in|    16|     ap_none|                   p_read53|        scalar|
|p_read54                   |   in|    16|     ap_none|                   p_read54|        scalar|
|p_read55                   |   in|    16|     ap_none|                   p_read55|        scalar|
|p_read56                   |   in|    16|     ap_none|                   p_read56|        scalar|
|p_read57                   |   in|    16|     ap_none|                   p_read57|        scalar|
|p_read58                   |   in|    16|     ap_none|                   p_read58|        scalar|
|p_read59                   |   in|    16|     ap_none|                   p_read59|        scalar|
|p_read60                   |   in|    16|     ap_none|                   p_read60|        scalar|
|p_read61                   |   in|    16|     ap_none|                   p_read61|        scalar|
|p_read62                   |   in|    16|     ap_none|                   p_read62|        scalar|
|p_read63                   |   in|    16|     ap_none|                   p_read63|        scalar|
|p_read64                   |   in|    16|     ap_none|                   p_read64|        scalar|
|p_read65                   |   in|    16|     ap_none|                   p_read65|        scalar|
|p_read66                   |   in|    16|     ap_none|                   p_read66|        scalar|
|p_read67                   |   in|    16|     ap_none|                   p_read67|        scalar|
|p_read68                   |   in|    16|     ap_none|                   p_read68|        scalar|
|p_read69                   |   in|    16|     ap_none|                   p_read69|        scalar|
|p_read70                   |   in|    16|     ap_none|                   p_read70|        scalar|
|p_read71                   |   in|    16|     ap_none|                   p_read71|        scalar|
|p_read72                   |   in|    16|     ap_none|                   p_read72|        scalar|
|p_read73                   |   in|    16|     ap_none|                   p_read73|        scalar|
|p_read74                   |   in|    16|     ap_none|                   p_read74|        scalar|
|p_read75                   |   in|    16|     ap_none|                   p_read75|        scalar|
|p_read76                   |   in|    16|     ap_none|                   p_read76|        scalar|
|p_read77                   |   in|    16|     ap_none|                   p_read77|        scalar|
|p_read78                   |   in|    16|     ap_none|                   p_read78|        scalar|
|p_read79                   |   in|    16|     ap_none|                   p_read79|        scalar|
|p_read80                   |   in|    16|     ap_none|                   p_read80|        scalar|
|p_read81                   |   in|    16|     ap_none|                   p_read81|        scalar|
|p_read82                   |   in|    16|     ap_none|                   p_read82|        scalar|
|p_read83                   |   in|    16|     ap_none|                   p_read83|        scalar|
|p_read84                   |   in|    16|     ap_none|                   p_read84|        scalar|
|p_read85                   |   in|    16|     ap_none|                   p_read85|        scalar|
|p_read86                   |   in|    16|     ap_none|                   p_read86|        scalar|
|p_read87                   |   in|    16|     ap_none|                   p_read87|        scalar|
|p_read88                   |   in|    16|     ap_none|                   p_read88|        scalar|
|p_read89                   |   in|    16|     ap_none|                   p_read89|        scalar|
|p_read90                   |   in|    16|     ap_none|                   p_read90|        scalar|
|p_read91                   |   in|    16|     ap_none|                   p_read91|        scalar|
|p_read92                   |   in|    16|     ap_none|                   p_read92|        scalar|
|p_read93                   |   in|    16|     ap_none|                   p_read93|        scalar|
|p_read94                   |   in|    16|     ap_none|                   p_read94|        scalar|
|p_read95                   |   in|    16|     ap_none|                   p_read95|        scalar|
|p_read96                   |   in|    16|     ap_none|                   p_read96|        scalar|
|p_read97                   |   in|    16|     ap_none|                   p_read97|        scalar|
|p_read98                   |   in|    16|     ap_none|                   p_read98|        scalar|
|p_read99                   |   in|    16|     ap_none|                   p_read99|        scalar|
|m_axi_mem_AWVALID          |  out|     1|       m_axi|                        mem|       pointer|
|m_axi_mem_AWREADY          |   in|     1|       m_axi|                        mem|       pointer|
|m_axi_mem_AWADDR           |  out|    64|       m_axi|                        mem|       pointer|
|m_axi_mem_AWID             |  out|     1|       m_axi|                        mem|       pointer|
|m_axi_mem_AWLEN            |  out|    32|       m_axi|                        mem|       pointer|
|m_axi_mem_AWSIZE           |  out|     3|       m_axi|                        mem|       pointer|
|m_axi_mem_AWBURST          |  out|     2|       m_axi|                        mem|       pointer|
|m_axi_mem_AWLOCK           |  out|     2|       m_axi|                        mem|       pointer|
|m_axi_mem_AWCACHE          |  out|     4|       m_axi|                        mem|       pointer|
|m_axi_mem_AWPROT           |  out|     3|       m_axi|                        mem|       pointer|
|m_axi_mem_AWQOS            |  out|     4|       m_axi|                        mem|       pointer|
|m_axi_mem_AWREGION         |  out|     4|       m_axi|                        mem|       pointer|
|m_axi_mem_AWUSER           |  out|     1|       m_axi|                        mem|       pointer|
|m_axi_mem_WVALID           |  out|     1|       m_axi|                        mem|       pointer|
|m_axi_mem_WREADY           |   in|     1|       m_axi|                        mem|       pointer|
|m_axi_mem_WDATA            |  out|  1024|       m_axi|                        mem|       pointer|
|m_axi_mem_WSTRB            |  out|   128|       m_axi|                        mem|       pointer|
|m_axi_mem_WLAST            |  out|     1|       m_axi|                        mem|       pointer|
|m_axi_mem_WID              |  out|     1|       m_axi|                        mem|       pointer|
|m_axi_mem_WUSER            |  out|     1|       m_axi|                        mem|       pointer|
|m_axi_mem_ARVALID          |  out|     1|       m_axi|                        mem|       pointer|
|m_axi_mem_ARREADY          |   in|     1|       m_axi|                        mem|       pointer|
|m_axi_mem_ARADDR           |  out|    64|       m_axi|                        mem|       pointer|
|m_axi_mem_ARID             |  out|     1|       m_axi|                        mem|       pointer|
|m_axi_mem_ARLEN            |  out|    32|       m_axi|                        mem|       pointer|
|m_axi_mem_ARSIZE           |  out|     3|       m_axi|                        mem|       pointer|
|m_axi_mem_ARBURST          |  out|     2|       m_axi|                        mem|       pointer|
|m_axi_mem_ARLOCK           |  out|     2|       m_axi|                        mem|       pointer|
|m_axi_mem_ARCACHE          |  out|     4|       m_axi|                        mem|       pointer|
|m_axi_mem_ARPROT           |  out|     3|       m_axi|                        mem|       pointer|
|m_axi_mem_ARQOS            |  out|     4|       m_axi|                        mem|       pointer|
|m_axi_mem_ARREGION         |  out|     4|       m_axi|                        mem|       pointer|
|m_axi_mem_ARUSER           |  out|     1|       m_axi|                        mem|       pointer|
|m_axi_mem_RVALID           |   in|     1|       m_axi|                        mem|       pointer|
|m_axi_mem_RREADY           |  out|     1|       m_axi|                        mem|       pointer|
|m_axi_mem_RDATA            |   in|  1024|       m_axi|                        mem|       pointer|
|m_axi_mem_RLAST            |   in|     1|       m_axi|                        mem|       pointer|
|m_axi_mem_RID              |   in|     1|       m_axi|                        mem|       pointer|
|m_axi_mem_RUSER            |   in|     1|       m_axi|                        mem|       pointer|
|m_axi_mem_RRESP            |   in|     2|       m_axi|                        mem|       pointer|
|m_axi_mem_BVALID           |   in|     1|       m_axi|                        mem|       pointer|
|m_axi_mem_BREADY           |  out|     1|       m_axi|                        mem|       pointer|
|m_axi_mem_BRESP            |   in|     2|       m_axi|                        mem|       pointer|
|m_axi_mem_BID              |   in|     1|       m_axi|                        mem|       pointer|
|m_axi_mem_BUSER            |   in|     1|       m_axi|                        mem|       pointer|
|output_r_dout              |   in|    64|     ap_fifo|                   output_r|       pointer|
|output_r_empty_n           |   in|     1|     ap_fifo|                   output_r|       pointer|
|output_r_read              |  out|     1|     ap_fifo|                   output_r|       pointer|
|graph_pred_bias_V_0        |   in|    16|     ap_none|        graph_pred_bias_V_0|       pointer|
|graph_pred_weights_V_0_0   |   in|    16|     ap_none|   graph_pred_weights_V_0_0|       pointer|
|graph_pred_weights_V_0_1   |   in|    16|     ap_none|   graph_pred_weights_V_0_1|       pointer|
|graph_pred_weights_V_0_2   |   in|    16|     ap_none|   graph_pred_weights_V_0_2|       pointer|
|graph_pred_weights_V_0_3   |   in|    16|     ap_none|   graph_pred_weights_V_0_3|       pointer|
|graph_pred_weights_V_0_4   |   in|    16|     ap_none|   graph_pred_weights_V_0_4|       pointer|
|graph_pred_weights_V_0_5   |   in|    16|     ap_none|   graph_pred_weights_V_0_5|       pointer|
|graph_pred_weights_V_0_6   |   in|    16|     ap_none|   graph_pred_weights_V_0_6|       pointer|
|graph_pred_weights_V_0_7   |   in|    16|     ap_none|   graph_pred_weights_V_0_7|       pointer|
|graph_pred_weights_V_0_8   |   in|    16|     ap_none|   graph_pred_weights_V_0_8|       pointer|
|graph_pred_weights_V_0_9   |   in|    16|     ap_none|   graph_pred_weights_V_0_9|       pointer|
|graph_pred_weights_V_0_10  |   in|    16|     ap_none|  graph_pred_weights_V_0_10|       pointer|
|graph_pred_weights_V_0_11  |   in|    16|     ap_none|  graph_pred_weights_V_0_11|       pointer|
|graph_pred_weights_V_0_12  |   in|    16|     ap_none|  graph_pred_weights_V_0_12|       pointer|
|graph_pred_weights_V_0_13  |   in|    16|     ap_none|  graph_pred_weights_V_0_13|       pointer|
|graph_pred_weights_V_0_14  |   in|    16|     ap_none|  graph_pred_weights_V_0_14|       pointer|
|graph_pred_weights_V_0_15  |   in|    16|     ap_none|  graph_pred_weights_V_0_15|       pointer|
|graph_pred_weights_V_0_16  |   in|    16|     ap_none|  graph_pred_weights_V_0_16|       pointer|
|graph_pred_weights_V_0_17  |   in|    16|     ap_none|  graph_pred_weights_V_0_17|       pointer|
|graph_pred_weights_V_0_18  |   in|    16|     ap_none|  graph_pred_weights_V_0_18|       pointer|
|graph_pred_weights_V_0_19  |   in|    16|     ap_none|  graph_pred_weights_V_0_19|       pointer|
|graph_pred_weights_V_0_20  |   in|    16|     ap_none|  graph_pred_weights_V_0_20|       pointer|
|graph_pred_weights_V_0_21  |   in|    16|     ap_none|  graph_pred_weights_V_0_21|       pointer|
|graph_pred_weights_V_0_22  |   in|    16|     ap_none|  graph_pred_weights_V_0_22|       pointer|
|graph_pred_weights_V_0_23  |   in|    16|     ap_none|  graph_pred_weights_V_0_23|       pointer|
|graph_pred_weights_V_0_24  |   in|    16|     ap_none|  graph_pred_weights_V_0_24|       pointer|
|graph_pred_weights_V_0_25  |   in|    16|     ap_none|  graph_pred_weights_V_0_25|       pointer|
|graph_pred_weights_V_0_26  |   in|    16|     ap_none|  graph_pred_weights_V_0_26|       pointer|
|graph_pred_weights_V_0_27  |   in|    16|     ap_none|  graph_pred_weights_V_0_27|       pointer|
|graph_pred_weights_V_0_28  |   in|    16|     ap_none|  graph_pred_weights_V_0_28|       pointer|
|graph_pred_weights_V_0_29  |   in|    16|     ap_none|  graph_pred_weights_V_0_29|       pointer|
|graph_pred_weights_V_0_30  |   in|    16|     ap_none|  graph_pred_weights_V_0_30|       pointer|
|graph_pred_weights_V_0_31  |   in|    16|     ap_none|  graph_pred_weights_V_0_31|       pointer|
|graph_pred_weights_V_0_32  |   in|    16|     ap_none|  graph_pred_weights_V_0_32|       pointer|
|graph_pred_weights_V_0_33  |   in|    16|     ap_none|  graph_pred_weights_V_0_33|       pointer|
|graph_pred_weights_V_0_34  |   in|    16|     ap_none|  graph_pred_weights_V_0_34|       pointer|
|graph_pred_weights_V_0_35  |   in|    16|     ap_none|  graph_pred_weights_V_0_35|       pointer|
|graph_pred_weights_V_0_36  |   in|    16|     ap_none|  graph_pred_weights_V_0_36|       pointer|
|graph_pred_weights_V_0_37  |   in|    16|     ap_none|  graph_pred_weights_V_0_37|       pointer|
|graph_pred_weights_V_0_38  |   in|    16|     ap_none|  graph_pred_weights_V_0_38|       pointer|
|graph_pred_weights_V_0_39  |   in|    16|     ap_none|  graph_pred_weights_V_0_39|       pointer|
|graph_pred_weights_V_0_40  |   in|    16|     ap_none|  graph_pred_weights_V_0_40|       pointer|
|graph_pred_weights_V_0_41  |   in|    16|     ap_none|  graph_pred_weights_V_0_41|       pointer|
|graph_pred_weights_V_0_42  |   in|    16|     ap_none|  graph_pred_weights_V_0_42|       pointer|
|graph_pred_weights_V_0_43  |   in|    16|     ap_none|  graph_pred_weights_V_0_43|       pointer|
|graph_pred_weights_V_0_44  |   in|    16|     ap_none|  graph_pred_weights_V_0_44|       pointer|
|graph_pred_weights_V_0_45  |   in|    16|     ap_none|  graph_pred_weights_V_0_45|       pointer|
|graph_pred_weights_V_0_46  |   in|    16|     ap_none|  graph_pred_weights_V_0_46|       pointer|
|graph_pred_weights_V_0_47  |   in|    16|     ap_none|  graph_pred_weights_V_0_47|       pointer|
|graph_pred_weights_V_0_48  |   in|    16|     ap_none|  graph_pred_weights_V_0_48|       pointer|
|graph_pred_weights_V_0_49  |   in|    16|     ap_none|  graph_pred_weights_V_0_49|       pointer|
|graph_pred_weights_V_0_50  |   in|    16|     ap_none|  graph_pred_weights_V_0_50|       pointer|
|graph_pred_weights_V_0_51  |   in|    16|     ap_none|  graph_pred_weights_V_0_51|       pointer|
|graph_pred_weights_V_0_52  |   in|    16|     ap_none|  graph_pred_weights_V_0_52|       pointer|
|graph_pred_weights_V_0_53  |   in|    16|     ap_none|  graph_pred_weights_V_0_53|       pointer|
|graph_pred_weights_V_0_54  |   in|    16|     ap_none|  graph_pred_weights_V_0_54|       pointer|
|graph_pred_weights_V_0_55  |   in|    16|     ap_none|  graph_pred_weights_V_0_55|       pointer|
|graph_pred_weights_V_0_56  |   in|    16|     ap_none|  graph_pred_weights_V_0_56|       pointer|
|graph_pred_weights_V_0_57  |   in|    16|     ap_none|  graph_pred_weights_V_0_57|       pointer|
|graph_pred_weights_V_0_58  |   in|    16|     ap_none|  graph_pred_weights_V_0_58|       pointer|
|graph_pred_weights_V_0_59  |   in|    16|     ap_none|  graph_pred_weights_V_0_59|       pointer|
|graph_pred_weights_V_0_60  |   in|    16|     ap_none|  graph_pred_weights_V_0_60|       pointer|
|graph_pred_weights_V_0_61  |   in|    16|     ap_none|  graph_pred_weights_V_0_61|       pointer|
|graph_pred_weights_V_0_62  |   in|    16|     ap_none|  graph_pred_weights_V_0_62|       pointer|
|graph_pred_weights_V_0_63  |   in|    16|     ap_none|  graph_pred_weights_V_0_63|       pointer|
|graph_pred_weights_V_0_64  |   in|    16|     ap_none|  graph_pred_weights_V_0_64|       pointer|
|graph_pred_weights_V_0_65  |   in|    16|     ap_none|  graph_pred_weights_V_0_65|       pointer|
|graph_pred_weights_V_0_66  |   in|    16|     ap_none|  graph_pred_weights_V_0_66|       pointer|
|graph_pred_weights_V_0_67  |   in|    16|     ap_none|  graph_pred_weights_V_0_67|       pointer|
|graph_pred_weights_V_0_68  |   in|    16|     ap_none|  graph_pred_weights_V_0_68|       pointer|
|graph_pred_weights_V_0_69  |   in|    16|     ap_none|  graph_pred_weights_V_0_69|       pointer|
|graph_pred_weights_V_0_70  |   in|    16|     ap_none|  graph_pred_weights_V_0_70|       pointer|
|graph_pred_weights_V_0_71  |   in|    16|     ap_none|  graph_pred_weights_V_0_71|       pointer|
|graph_pred_weights_V_0_72  |   in|    16|     ap_none|  graph_pred_weights_V_0_72|       pointer|
|graph_pred_weights_V_0_73  |   in|    16|     ap_none|  graph_pred_weights_V_0_73|       pointer|
|graph_pred_weights_V_0_74  |   in|    16|     ap_none|  graph_pred_weights_V_0_74|       pointer|
|graph_pred_weights_V_0_75  |   in|    16|     ap_none|  graph_pred_weights_V_0_75|       pointer|
|graph_pred_weights_V_0_76  |   in|    16|     ap_none|  graph_pred_weights_V_0_76|       pointer|
|graph_pred_weights_V_0_77  |   in|    16|     ap_none|  graph_pred_weights_V_0_77|       pointer|
|graph_pred_weights_V_0_78  |   in|    16|     ap_none|  graph_pred_weights_V_0_78|       pointer|
|graph_pred_weights_V_0_79  |   in|    16|     ap_none|  graph_pred_weights_V_0_79|       pointer|
|graph_pred_weights_V_0_80  |   in|    16|     ap_none|  graph_pred_weights_V_0_80|       pointer|
|graph_pred_weights_V_0_81  |   in|    16|     ap_none|  graph_pred_weights_V_0_81|       pointer|
|graph_pred_weights_V_0_82  |   in|    16|     ap_none|  graph_pred_weights_V_0_82|       pointer|
|graph_pred_weights_V_0_83  |   in|    16|     ap_none|  graph_pred_weights_V_0_83|       pointer|
|graph_pred_weights_V_0_84  |   in|    16|     ap_none|  graph_pred_weights_V_0_84|       pointer|
|graph_pred_weights_V_0_85  |   in|    16|     ap_none|  graph_pred_weights_V_0_85|       pointer|
|graph_pred_weights_V_0_86  |   in|    16|     ap_none|  graph_pred_weights_V_0_86|       pointer|
|graph_pred_weights_V_0_87  |   in|    16|     ap_none|  graph_pred_weights_V_0_87|       pointer|
|graph_pred_weights_V_0_88  |   in|    16|     ap_none|  graph_pred_weights_V_0_88|       pointer|
|graph_pred_weights_V_0_89  |   in|    16|     ap_none|  graph_pred_weights_V_0_89|       pointer|
|graph_pred_weights_V_0_90  |   in|    16|     ap_none|  graph_pred_weights_V_0_90|       pointer|
|graph_pred_weights_V_0_91  |   in|    16|     ap_none|  graph_pred_weights_V_0_91|       pointer|
|graph_pred_weights_V_0_92  |   in|    16|     ap_none|  graph_pred_weights_V_0_92|       pointer|
|graph_pred_weights_V_0_93  |   in|    16|     ap_none|  graph_pred_weights_V_0_93|       pointer|
|graph_pred_weights_V_0_94  |   in|    16|     ap_none|  graph_pred_weights_V_0_94|       pointer|
|graph_pred_weights_V_0_95  |   in|    16|     ap_none|  graph_pred_weights_V_0_95|       pointer|
|graph_pred_weights_V_0_96  |   in|    16|     ap_none|  graph_pred_weights_V_0_96|       pointer|
|graph_pred_weights_V_0_97  |   in|    16|     ap_none|  graph_pred_weights_V_0_97|       pointer|
|graph_pred_weights_V_0_98  |   in|    16|     ap_none|  graph_pred_weights_V_0_98|       pointer|
|graph_pred_weights_V_0_99  |   in|    16|     ap_none|  graph_pred_weights_V_0_99|       pointer|
+---------------------------+-----+------+------------+---------------------------+--------------+

