

================================================================
== Vitis HLS Report for 'load_weights_Pipeline_load_graph_pred_weights_dim'
================================================================
* Date:           Fri May  3 00:25:15 2024

* Version:        2021.1.1 (Build 3286242 on Wed Jul 28 13:09:46 MDT 2021)
* Project:        example-4
* Solution:       solution1 (Vitis Kernel Flow Target)
* Product family: virtexuplus
* Target device:  xcu50-fsvh2104-2-e


================================================================
== Performance Estimates
================================================================
+ Timing: 
    * Summary: 
    +--------+---------+----------+------------+
    |  Clock |  Target | Estimated| Uncertainty|
    +--------+---------+----------+------------+
    |ap_clk  |  3.33 ns|  2.433 ns|     0.90 ns|
    +--------+---------+----------+------------+

+ Latency: 
    * Summary: 
    +---------+---------+----------+----------+-----+-----+---------+
    |  Latency (cycles) |  Latency (absolute) |  Interval | Pipeline|
    |   min   |   max   |    min   |    max   | min | max |   Type  |
    +---------+---------+----------+----------+-----+-----+---------+
    |      173|      173|  0.577 us|  0.577 us|  173|  173|       no|
    +---------+---------+----------+----------+-----+-----+---------+

    + Detail: 
        * Instance: 
        N/A

        * Loop: 
        +-------------------------------+---------+---------+----------+-----------+-----------+------+----------+
        |                               |  Latency (cycles) | Iteration|  Initiation Interval  | Trip |          |
        |           Loop Name           |   min   |   max   |  Latency |  achieved |   target  | Count| Pipelined|
        +-------------------------------+---------+---------+----------+-----------+-----------+------+----------+
        |- load_graph_pred_weights_dim  |      171|      171|        73|          1|          1|   100|       yes|
        +-------------------------------+---------+---------+----------+-----------+-----------+------+----------+



================================================================
== Utilization Estimates
================================================================
* Summary: 
+---------------------+---------+------+---------+--------+-----+
|         Name        | BRAM_18K|  DSP |    FF   |   LUT  | URAM|
+---------------------+---------+------+---------+--------+-----+
|DSP                  |        -|     -|        -|       -|    -|
|Expression           |        -|     -|        0|    2286|    -|
|FIFO                 |        -|     -|        -|       -|    -|
|Instance             |        -|     -|        -|       -|    -|
|Memory               |        -|     -|        -|       -|    -|
|Multiplexer          |        -|     -|        -|      54|    -|
|Register             |        -|     -|     1375|      64|    -|
+---------------------+---------+------+---------+--------+-----+
|Total                |        0|     0|     1375|    2404|    0|
+---------------------+---------+------+---------+--------+-----+
|Available SLR        |     1344|  2976|   871680|  435840|  320|
+---------------------+---------+------+---------+--------+-----+
|Utilization SLR (%)  |        0|     0|       ~0|      ~0|    0|
+---------------------+---------+------+---------+--------+-----+
|Available            |     2688|  5952|  1743360|  871680|  640|
+---------------------+---------+------+---------+--------+-----+
|Utilization (%)      |        0|     0|       ~0|      ~0|    0|
+---------------------+---------+------+---------+--------+-----+

+ Detail: 
    * Instance: 
    N/A

    * DSP: 
    N/A

    * Memory: 
    N/A

    * FIFO: 
    N/A

    * Expression: 
    +---------------------------+----------+----+---+------+------------+------------+
    |       Variable Name       | Operation| DSP| FF|  LUT | Bitwidth P0| Bitwidth P1|
    +---------------------------+----------+----+---+------+------------+------------+
    |add_ln80_fu_502_p2         |         +|   0|  0|    14|           7|           1|
    |add_ln82_1_fu_542_p2       |         +|   0|  0|    14|           7|           7|
    |add_ln82_fu_526_p2         |         +|   0|  0|    71|          64|          64|
    |ap_block_pp0_stage0_01001  |       and|   0|  0|     2|           1|           1|
    |icmp_ln80_fu_496_p2        |      icmp|   0|  0|    10|           7|           6|
    |lshr_ln82_fu_574_p2        |      lshr|   0|  0|  2171|        1024|        1024|
    |ap_block_pp0_stage0_11001  |        or|   0|  0|     2|           1|           1|
    |ap_enable_pp0              |       xor|   0|  0|     2|           1|           2|
    +---------------------------+----------+----+---+------+------------+------------+
    |Total                      |          |   0|  0|  2286|        1112|        1106|
    +---------------------------+----------+----+---+------+------------+------------+

    * Multiplexer: 
    +---------------------------+----+-----------+-----+-----------+
    |            Name           | LUT| Input Size| Bits| Total Bits|
    +---------------------------+----+-----------+-----+-----------+
    |ap_done_int                |   9|          2|    1|          2|
    |ap_enable_reg_pp0_iter1    |   9|          2|    1|          2|
    |ap_sig_allocacmp_dim_in_1  |   9|          2|    7|         14|
    |dim_in_fu_460              |   9|          2|    7|         14|
    |mem_blk_n_AR               |   9|          2|    1|          2|
    |mem_blk_n_R                |   9|          2|    1|          2|
    +---------------------------+----+-----------+-----+-----------+
    |Total                      |  54|         12|   18|         36|
    +---------------------------+----+-----------+-----+-----------+

    * Register: 
    +-----------------------------------+------+----+------+-----------+
    |                Name               |  FF  | LUT| Bits | Const Bits|
    +-----------------------------------+------+----+------+-----------+
    |add_ln82_1_reg_1203                |     7|   0|     7|          0|
    |ap_CS_fsm                          |     1|   0|     1|          0|
    |ap_done_reg                        |     1|   0|     1|          0|
    |ap_enable_reg_pp0_iter1            |     1|   0|     1|          0|
    |ap_enable_reg_pp0_iter10           |     1|   0|     1|          0|
    |ap_enable_reg_pp0_iter11           |     1|   0|     1|          0|
    |ap_enable_reg_pp0_iter12           |     1|   0|     1|          0|
    |ap_enable_reg_pp0_iter13           |     1|   0|     1|          0|
    |ap_enable_reg_pp0_iter14           |     1|   0|     1|          0|
    |ap_enable_reg_pp0_iter15           |     1|   0|     1|          0|
    |ap_enable_reg_pp0_iter16           |     1|   0|     1|          0|
    |ap_enable_reg_pp0_iter17           |     1|   0|     1|          0|
    |ap_enable_reg_pp0_iter18           |     1|   0|     1|          0|
    |ap_enable_reg_pp0_iter19           |     1|   0|     1|          0|
    |ap_enable_reg_pp0_iter2            |     1|   0|     1|          0|
    |ap_enable_reg_pp0_iter20           |     1|   0|     1|          0|
    |ap_enable_reg_pp0_iter21           |     1|   0|     1|          0|
    |ap_enable_reg_pp0_iter22           |     1|   0|     1|          0|
    |ap_enable_reg_pp0_iter23           |     1|   0|     1|          0|
    |ap_enable_reg_pp0_iter24           |     1|   0|     1|          0|
    |ap_enable_reg_pp0_iter25           |     1|   0|     1|          0|
    |ap_enable_reg_pp0_iter26           |     1|   0|     1|          0|
    |ap_enable_reg_pp0_iter27           |     1|   0|     1|          0|
    |ap_enable_reg_pp0_iter28           |     1|   0|     1|          0|
    |ap_enable_reg_pp0_iter29           |     1|   0|     1|          0|
    |ap_enable_reg_pp0_iter3            |     1|   0|     1|          0|
    |ap_enable_reg_pp0_iter30           |     1|   0|     1|          0|
    |ap_enable_reg_pp0_iter31           |     1|   0|     1|          0|
    |ap_enable_reg_pp0_iter32           |     1|   0|     1|          0|
    |ap_enable_reg_pp0_iter33           |     1|   0|     1|          0|
    |ap_enable_reg_pp0_iter34           |     1|   0|     1|          0|
    |ap_enable_reg_pp0_iter35           |     1|   0|     1|          0|
    |ap_enable_reg_pp0_iter36           |     1|   0|     1|          0|
    |ap_enable_reg_pp0_iter37           |     1|   0|     1|          0|
    |ap_enable_reg_pp0_iter38           |     1|   0|     1|          0|
    |ap_enable_reg_pp0_iter39           |     1|   0|     1|          0|
    |ap_enable_reg_pp0_iter4            |     1|   0|     1|          0|
    |ap_enable_reg_pp0_iter40           |     1|   0|     1|          0|
    |ap_enable_reg_pp0_iter41           |     1|   0|     1|          0|
    |ap_enable_reg_pp0_iter42           |     1|   0|     1|          0|
    |ap_enable_reg_pp0_iter43           |     1|   0|     1|          0|
    |ap_enable_reg_pp0_iter44           |     1|   0|     1|          0|
    |ap_enable_reg_pp0_iter45           |     1|   0|     1|          0|
    |ap_enable_reg_pp0_iter46           |     1|   0|     1|          0|
    |ap_enable_reg_pp0_iter47           |     1|   0|     1|          0|
    |ap_enable_reg_pp0_iter48           |     1|   0|     1|          0|
    |ap_enable_reg_pp0_iter49           |     1|   0|     1|          0|
    |ap_enable_reg_pp0_iter5            |     1|   0|     1|          0|
    |ap_enable_reg_pp0_iter50           |     1|   0|     1|          0|
    |ap_enable_reg_pp0_iter51           |     1|   0|     1|          0|
    |ap_enable_reg_pp0_iter52           |     1|   0|     1|          0|
    |ap_enable_reg_pp0_iter53           |     1|   0|     1|          0|
    |ap_enable_reg_pp0_iter54           |     1|   0|     1|          0|
    |ap_enable_reg_pp0_iter55           |     1|   0|     1|          0|
    |ap_enable_reg_pp0_iter56           |     1|   0|     1|          0|
    |ap_enable_reg_pp0_iter57           |     1|   0|     1|          0|
    |ap_enable_reg_pp0_iter58           |     1|   0|     1|          0|
    |ap_enable_reg_pp0_iter59           |     1|   0|     1|          0|
    |ap_enable_reg_pp0_iter6            |     1|   0|     1|          0|
    |ap_enable_reg_pp0_iter60           |     1|   0|     1|          0|
    |ap_enable_reg_pp0_iter61           |     1|   0|     1|          0|
    |ap_enable_reg_pp0_iter62           |     1|   0|     1|          0|
    |ap_enable_reg_pp0_iter63           |     1|   0|     1|          0|
    |ap_enable_reg_pp0_iter64           |     1|   0|     1|          0|
    |ap_enable_reg_pp0_iter65           |     1|   0|     1|          0|
    |ap_enable_reg_pp0_iter66           |     1|   0|     1|          0|
    |ap_enable_reg_pp0_iter67           |     1|   0|     1|          0|
    |ap_enable_reg_pp0_iter68           |     1|   0|     1|          0|
    |ap_enable_reg_pp0_iter69           |     1|   0|     1|          0|
    |ap_enable_reg_pp0_iter7            |     1|   0|     1|          0|
    |ap_enable_reg_pp0_iter70           |     1|   0|     1|          0|
    |ap_enable_reg_pp0_iter71           |     1|   0|     1|          0|
    |ap_enable_reg_pp0_iter72           |     1|   0|     1|          0|
    |ap_enable_reg_pp0_iter8            |     1|   0|     1|          0|
    |ap_enable_reg_pp0_iter9            |     1|   0|     1|          0|
    |ap_loop_exit_ready_pp0_iter10_reg  |     1|   0|     1|          0|
    |ap_loop_exit_ready_pp0_iter11_reg  |     1|   0|     1|          0|
    |ap_loop_exit_ready_pp0_iter12_reg  |     1|   0|     1|          0|
    |ap_loop_exit_ready_pp0_iter13_reg  |     1|   0|     1|          0|
    |ap_loop_exit_ready_pp0_iter14_reg  |     1|   0|     1|          0|
    |ap_loop_exit_ready_pp0_iter15_reg  |     1|   0|     1|          0|
    |ap_loop_exit_ready_pp0_iter16_reg  |     1|   0|     1|          0|
    |ap_loop_exit_ready_pp0_iter17_reg  |     1|   0|     1|          0|
    |ap_loop_exit_ready_pp0_iter18_reg  |     1|   0|     1|          0|
    |ap_loop_exit_ready_pp0_iter19_reg  |     1|   0|     1|          0|
    |ap_loop_exit_ready_pp0_iter1_reg   |     1|   0|     1|          0|
    |ap_loop_exit_ready_pp0_iter20_reg  |     1|   0|     1|          0|
    |ap_loop_exit_ready_pp0_iter21_reg  |     1|   0|     1|          0|
    |ap_loop_exit_ready_pp0_iter22_reg  |     1|   0|     1|          0|
    |ap_loop_exit_ready_pp0_iter23_reg  |     1|   0|     1|          0|
    |ap_loop_exit_ready_pp0_iter24_reg  |     1|   0|     1|          0|
    |ap_loop_exit_ready_pp0_iter25_reg  |     1|   0|     1|          0|
    |ap_loop_exit_ready_pp0_iter26_reg  |     1|   0|     1|          0|
    |ap_loop_exit_ready_pp0_iter27_reg  |     1|   0|     1|          0|
    |ap_loop_exit_ready_pp0_iter28_reg  |     1|   0|     1|          0|
    |ap_loop_exit_ready_pp0_iter29_reg  |     1|   0|     1|          0|
    |ap_loop_exit_ready_pp0_iter2_reg   |     1|   0|     1|          0|
    |ap_loop_exit_ready_pp0_iter30_reg  |     1|   0|     1|          0|
    |ap_loop_exit_ready_pp0_iter31_reg  |     1|   0|     1|          0|
    |ap_loop_exit_ready_pp0_iter32_reg  |     1|   0|     1|          0|
    |ap_loop_exit_ready_pp0_iter33_reg  |     1|   0|     1|          0|
    |ap_loop_exit_ready_pp0_iter34_reg  |     1|   0|     1|          0|
    |ap_loop_exit_ready_pp0_iter35_reg  |     1|   0|     1|          0|
    |ap_loop_exit_ready_pp0_iter36_reg  |     1|   0|     1|          0|
    |ap_loop_exit_ready_pp0_iter37_reg  |     1|   0|     1|          0|
    |ap_loop_exit_ready_pp0_iter38_reg  |     1|   0|     1|          0|
    |ap_loop_exit_ready_pp0_iter39_reg  |     1|   0|     1|          0|
    |ap_loop_exit_ready_pp0_iter3_reg   |     1|   0|     1|          0|
    |ap_loop_exit_ready_pp0_iter40_reg  |     1|   0|     1|          0|
    |ap_loop_exit_ready_pp0_iter41_reg  |     1|   0|     1|          0|
    |ap_loop_exit_ready_pp0_iter42_reg  |     1|   0|     1|          0|
    |ap_loop_exit_ready_pp0_iter43_reg  |     1|   0|     1|          0|
    |ap_loop_exit_ready_pp0_iter44_reg  |     1|   0|     1|          0|
    |ap_loop_exit_ready_pp0_iter45_reg  |     1|   0|     1|          0|
    |ap_loop_exit_ready_pp0_iter46_reg  |     1|   0|     1|          0|
    |ap_loop_exit_ready_pp0_iter47_reg  |     1|   0|     1|          0|
    |ap_loop_exit_ready_pp0_iter48_reg  |     1|   0|     1|          0|
    |ap_loop_exit_ready_pp0_iter49_reg  |     1|   0|     1|          0|
    |ap_loop_exit_ready_pp0_iter4_reg   |     1|   0|     1|          0|
    |ap_loop_exit_ready_pp0_iter50_reg  |     1|   0|     1|          0|
    |ap_loop_exit_ready_pp0_iter51_reg  |     1|   0|     1|          0|
    |ap_loop_exit_ready_pp0_iter52_reg  |     1|   0|     1|          0|
    |ap_loop_exit_ready_pp0_iter53_reg  |     1|   0|     1|          0|
    |ap_loop_exit_ready_pp0_iter54_reg  |     1|   0|     1|          0|
    |ap_loop_exit_ready_pp0_iter55_reg  |     1|   0|     1|          0|
    |ap_loop_exit_ready_pp0_iter56_reg  |     1|   0|     1|          0|
    |ap_loop_exit_ready_pp0_iter57_reg  |     1|   0|     1|          0|
    |ap_loop_exit_ready_pp0_iter58_reg  |     1|   0|     1|          0|
    |ap_loop_exit_ready_pp0_iter59_reg  |     1|   0|     1|          0|
    |ap_loop_exit_ready_pp0_iter5_reg   |     1|   0|     1|          0|
    |ap_loop_exit_ready_pp0_iter60_reg  |     1|   0|     1|          0|
    |ap_loop_exit_ready_pp0_iter61_reg  |     1|   0|     1|          0|
    |ap_loop_exit_ready_pp0_iter62_reg  |     1|   0|     1|          0|
    |ap_loop_exit_ready_pp0_iter63_reg  |     1|   0|     1|          0|
    |ap_loop_exit_ready_pp0_iter64_reg  |     1|   0|     1|          0|
    |ap_loop_exit_ready_pp0_iter65_reg  |     1|   0|     1|          0|
    |ap_loop_exit_ready_pp0_iter66_reg  |     1|   0|     1|          0|
    |ap_loop_exit_ready_pp0_iter67_reg  |     1|   0|     1|          0|
    |ap_loop_exit_ready_pp0_iter68_reg  |     1|   0|     1|          0|
    |ap_loop_exit_ready_pp0_iter69_reg  |     1|   0|     1|          0|
    |ap_loop_exit_ready_pp0_iter6_reg   |     1|   0|     1|          0|
    |ap_loop_exit_ready_pp0_iter70_reg  |     1|   0|     1|          0|
    |ap_loop_exit_ready_pp0_iter71_reg  |     1|   0|     1|          0|
    |ap_loop_exit_ready_pp0_iter7_reg   |     1|   0|     1|          0|
    |ap_loop_exit_ready_pp0_iter8_reg   |     1|   0|     1|          0|
    |ap_loop_exit_ready_pp0_iter9_reg   |     1|   0|     1|          0|
    |dim_in_1_reg_1190                  |     7|   0|     7|          0|
    |dim_in_fu_460                      |     7|   0|     7|          0|
    |mem_addr_read_reg_1214             |  1024|   0|  1024|          0|
    |trunc_ln82_3_reg_1198              |    57|   0|    57|          0|
    |add_ln82_1_reg_1203                |    64|  32|     7|          0|
    |dim_in_1_reg_1190                  |    64|  32|     7|          0|
    +-----------------------------------+------+----+------+-----------+
    |Total                              |  1375|  64|  1261|          0|
    +-----------------------------------+------+----+------+-----------+



================================================================
== Interface
================================================================
* Summary: 
+----------------------------------+-----+------+------------+---------------------------------------------------+--------------+
|             RTL Ports            | Dir | Bits |  Protocol  |                   Source Object                   |    C Type    |
+----------------------------------+-----+------+------------+---------------------------------------------------+--------------+
|ap_clk                            |   in|     1|  ap_ctrl_hs|  load_weights_Pipeline_load_graph_pred_weights_dim|  return value|
|ap_rst                            |   in|     1|  ap_ctrl_hs|  load_weights_Pipeline_load_graph_pred_weights_dim|  return value|
|ap_start                          |   in|     1|  ap_ctrl_hs|  load_weights_Pipeline_load_graph_pred_weights_dim|  return value|
|ap_done                           |  out|     1|  ap_ctrl_hs|  load_weights_Pipeline_load_graph_pred_weights_dim|  return value|
|ap_idle                           |  out|     1|  ap_ctrl_hs|  load_weights_Pipeline_load_graph_pred_weights_dim|  return value|
|ap_ready                          |  out|     1|  ap_ctrl_hs|  load_weights_Pipeline_load_graph_pred_weights_dim|  return value|
|m_axi_mem_AWVALID                 |  out|     1|       m_axi|                                                mem|       pointer|
|m_axi_mem_AWREADY                 |   in|     1|       m_axi|                                                mem|       pointer|
|m_axi_mem_AWADDR                  |  out|    64|       m_axi|                                                mem|       pointer|
|m_axi_mem_AWID                    |  out|     1|       m_axi|                                                mem|       pointer|
|m_axi_mem_AWLEN                   |  out|    32|       m_axi|                                                mem|       pointer|
|m_axi_mem_AWSIZE                  |  out|     3|       m_axi|                                                mem|       pointer|
|m_axi_mem_AWBURST                 |  out|     2|       m_axi|                                                mem|       pointer|
|m_axi_mem_AWLOCK                  |  out|     2|       m_axi|                                                mem|       pointer|
|m_axi_mem_AWCACHE                 |  out|     4|       m_axi|                                                mem|       pointer|
|m_axi_mem_AWPROT                  |  out|     3|       m_axi|                                                mem|       pointer|
|m_axi_mem_AWQOS                   |  out|     4|       m_axi|                                                mem|       pointer|
|m_axi_mem_AWREGION                |  out|     4|       m_axi|                                                mem|       pointer|
|m_axi_mem_AWUSER                  |  out|     1|       m_axi|                                                mem|       pointer|
|m_axi_mem_WVALID                  |  out|     1|       m_axi|                                                mem|       pointer|
|m_axi_mem_WREADY                  |   in|     1|       m_axi|                                                mem|       pointer|
|m_axi_mem_WDATA                   |  out|  1024|       m_axi|                                                mem|       pointer|
|m_axi_mem_WSTRB                   |  out|   128|       m_axi|                                                mem|       pointer|
|m_axi_mem_WLAST                   |  out|     1|       m_axi|                                                mem|       pointer|
|m_axi_mem_WID                     |  out|     1|       m_axi|                                                mem|       pointer|
|m_axi_mem_WUSER                   |  out|     1|       m_axi|                                                mem|       pointer|
|m_axi_mem_ARVALID                 |  out|     1|       m_axi|                                                mem|       pointer|
|m_axi_mem_ARREADY                 |   in|     1|       m_axi|                                                mem|       pointer|
|m_axi_mem_ARADDR                  |  out|    64|       m_axi|                                                mem|       pointer|
|m_axi_mem_ARID                    |  out|     1|       m_axi|                                                mem|       pointer|
|m_axi_mem_ARLEN                   |  out|    32|       m_axi|                                                mem|       pointer|
|m_axi_mem_ARSIZE                  |  out|     3|       m_axi|                                                mem|       pointer|
|m_axi_mem_ARBURST                 |  out|     2|       m_axi|                                                mem|       pointer|
|m_axi_mem_ARLOCK                  |  out|     2|       m_axi|                                                mem|       pointer|
|m_axi_mem_ARCACHE                 |  out|     4|       m_axi|                                                mem|       pointer|
|m_axi_mem_ARPROT                  |  out|     3|       m_axi|                                                mem|       pointer|
|m_axi_mem_ARQOS                   |  out|     4|       m_axi|                                                mem|       pointer|
|m_axi_mem_ARREGION                |  out|     4|       m_axi|                                                mem|       pointer|
|m_axi_mem_ARUSER                  |  out|     1|       m_axi|                                                mem|       pointer|
|m_axi_mem_RVALID                  |   in|     1|       m_axi|                                                mem|       pointer|
|m_axi_mem_RREADY                  |  out|     1|       m_axi|                                                mem|       pointer|
|m_axi_mem_RDATA                   |   in|  1024|       m_axi|                                                mem|       pointer|
|m_axi_mem_RLAST                   |   in|     1|       m_axi|                                                mem|       pointer|
|m_axi_mem_RID                     |   in|     1|       m_axi|                                                mem|       pointer|
|m_axi_mem_RUSER                   |   in|     1|       m_axi|                                                mem|       pointer|
|m_axi_mem_RRESP                   |   in|     2|       m_axi|                                                mem|       pointer|
|m_axi_mem_BVALID                  |   in|     1|       m_axi|                                                mem|       pointer|
|m_axi_mem_BREADY                  |  out|     1|       m_axi|                                                mem|       pointer|
|m_axi_mem_BRESP                   |   in|     2|       m_axi|                                                mem|       pointer|
|m_axi_mem_BID                     |   in|     1|       m_axi|                                                mem|       pointer|
|m_axi_mem_BUSER                   |   in|     1|       m_axi|                                                mem|       pointer|
|graph_pred_weights_in             |   in|    64|     ap_none|                              graph_pred_weights_in|        scalar|
|trunc_ln15                        |   in|     7|     ap_none|                                         trunc_ln15|        scalar|
|graph_pred_weights_V_0_0          |  out|    16|      ap_vld|                           graph_pred_weights_V_0_0|       pointer|
|graph_pred_weights_V_0_0_ap_vld   |  out|     1|      ap_vld|                           graph_pred_weights_V_0_0|       pointer|
|graph_pred_weights_V_0_1          |  out|    16|      ap_vld|                           graph_pred_weights_V_0_1|       pointer|
|graph_pred_weights_V_0_1_ap_vld   |  out|     1|      ap_vld|                           graph_pred_weights_V_0_1|       pointer|
|graph_pred_weights_V_0_2          |  out|    16|      ap_vld|                           graph_pred_weights_V_0_2|       pointer|
|graph_pred_weights_V_0_2_ap_vld   |  out|     1|      ap_vld|                           graph_pred_weights_V_0_2|       pointer|
|graph_pred_weights_V_0_3          |  out|    16|      ap_vld|                           graph_pred_weights_V_0_3|       pointer|
|graph_pred_weights_V_0_3_ap_vld   |  out|     1|      ap_vld|                           graph_pred_weights_V_0_3|       pointer|
|graph_pred_weights_V_0_4          |  out|    16|      ap_vld|                           graph_pred_weights_V_0_4|       pointer|
|graph_pred_weights_V_0_4_ap_vld   |  out|     1|      ap_vld|                           graph_pred_weights_V_0_4|       pointer|
|graph_pred_weights_V_0_5          |  out|    16|      ap_vld|                           graph_pred_weights_V_0_5|       pointer|
|graph_pred_weights_V_0_5_ap_vld   |  out|     1|      ap_vld|                           graph_pred_weights_V_0_5|       pointer|
|graph_pred_weights_V_0_6          |  out|    16|      ap_vld|                           graph_pred_weights_V_0_6|       pointer|
|graph_pred_weights_V_0_6_ap_vld   |  out|     1|      ap_vld|                           graph_pred_weights_V_0_6|       pointer|
|graph_pred_weights_V_0_7          |  out|    16|      ap_vld|                           graph_pred_weights_V_0_7|       pointer|
|graph_pred_weights_V_0_7_ap_vld   |  out|     1|      ap_vld|                           graph_pred_weights_V_0_7|       pointer|
|graph_pred_weights_V_0_8          |  out|    16|      ap_vld|                           graph_pred_weights_V_0_8|       pointer|
|graph_pred_weights_V_0_8_ap_vld   |  out|     1|      ap_vld|                           graph_pred_weights_V_0_8|       pointer|
|graph_pred_weights_V_0_9          |  out|    16|      ap_vld|                           graph_pred_weights_V_0_9|       pointer|
|graph_pred_weights_V_0_9_ap_vld   |  out|     1|      ap_vld|                           graph_pred_weights_V_0_9|       pointer|
|graph_pred_weights_V_0_10         |  out|    16|      ap_vld|                          graph_pred_weights_V_0_10|       pointer|
|graph_pred_weights_V_0_10_ap_vld  |  out|     1|      ap_vld|                          graph_pred_weights_V_0_10|       pointer|
|graph_pred_weights_V_0_11         |  out|    16|      ap_vld|                          graph_pred_weights_V_0_11|       pointer|
|graph_pred_weights_V_0_11_ap_vld  |  out|     1|      ap_vld|                          graph_pred_weights_V_0_11|       pointer|
|graph_pred_weights_V_0_12         |  out|    16|      ap_vld|                          graph_pred_weights_V_0_12|       pointer|
|graph_pred_weights_V_0_12_ap_vld  |  out|     1|      ap_vld|                          graph_pred_weights_V_0_12|       pointer|
|graph_pred_weights_V_0_13         |  out|    16|      ap_vld|                          graph_pred_weights_V_0_13|       pointer|
|graph_pred_weights_V_0_13_ap_vld  |  out|     1|      ap_vld|                          graph_pred_weights_V_0_13|       pointer|
|graph_pred_weights_V_0_14         |  out|    16|      ap_vld|                          graph_pred_weights_V_0_14|       pointer|
|graph_pred_weights_V_0_14_ap_vld  |  out|     1|      ap_vld|                          graph_pred_weights_V_0_14|       pointer|
|graph_pred_weights_V_0_15         |  out|    16|      ap_vld|                          graph_pred_weights_V_0_15|       pointer|
|graph_pred_weights_V_0_15_ap_vld  |  out|     1|      ap_vld|                          graph_pred_weights_V_0_15|       pointer|
|graph_pred_weights_V_0_16         |  out|    16|      ap_vld|                          graph_pred_weights_V_0_16|       pointer|
|graph_pred_weights_V_0_16_ap_vld  |  out|     1|      ap_vld|                          graph_pred_weights_V_0_16|       pointer|
|graph_pred_weights_V_0_17         |  out|    16|      ap_vld|                          graph_pred_weights_V_0_17|       pointer|
|graph_pred_weights_V_0_17_ap_vld  |  out|     1|      ap_vld|                          graph_pred_weights_V_0_17|       pointer|
|graph_pred_weights_V_0_18         |  out|    16|      ap_vld|                          graph_pred_weights_V_0_18|       pointer|
|graph_pred_weights_V_0_18_ap_vld  |  out|     1|      ap_vld|                          graph_pred_weights_V_0_18|       pointer|
|graph_pred_weights_V_0_19         |  out|    16|      ap_vld|                          graph_pred_weights_V_0_19|       pointer|
|graph_pred_weights_V_0_19_ap_vld  |  out|     1|      ap_vld|                          graph_pred_weights_V_0_19|       pointer|
|graph_pred_weights_V_0_20         |  out|    16|      ap_vld|                          graph_pred_weights_V_0_20|       pointer|
|graph_pred_weights_V_0_20_ap_vld  |  out|     1|      ap_vld|                          graph_pred_weights_V_0_20|       pointer|
|graph_pred_weights_V_0_21         |  out|    16|      ap_vld|                          graph_pred_weights_V_0_21|       pointer|
|graph_pred_weights_V_0_21_ap_vld  |  out|     1|      ap_vld|                          graph_pred_weights_V_0_21|       pointer|
|graph_pred_weights_V_0_22         |  out|    16|      ap_vld|                          graph_pred_weights_V_0_22|       pointer|
|graph_pred_weights_V_0_22_ap_vld  |  out|     1|      ap_vld|                          graph_pred_weights_V_0_22|       pointer|
|graph_pred_weights_V_0_23         |  out|    16|      ap_vld|                          graph_pred_weights_V_0_23|       pointer|
|graph_pred_weights_V_0_23_ap_vld  |  out|     1|      ap_vld|                          graph_pred_weights_V_0_23|       pointer|
|graph_pred_weights_V_0_24         |  out|    16|      ap_vld|                          graph_pred_weights_V_0_24|       pointer|
|graph_pred_weights_V_0_24_ap_vld  |  out|     1|      ap_vld|                          graph_pred_weights_V_0_24|       pointer|
|graph_pred_weights_V_0_25         |  out|    16|      ap_vld|                          graph_pred_weights_V_0_25|       pointer|
|graph_pred_weights_V_0_25_ap_vld  |  out|     1|      ap_vld|                          graph_pred_weights_V_0_25|       pointer|
|graph_pred_weights_V_0_26         |  out|    16|      ap_vld|                          graph_pred_weights_V_0_26|       pointer|
|graph_pred_weights_V_0_26_ap_vld  |  out|     1|      ap_vld|                          graph_pred_weights_V_0_26|       pointer|
|graph_pred_weights_V_0_27         |  out|    16|      ap_vld|                          graph_pred_weights_V_0_27|       pointer|
|graph_pred_weights_V_0_27_ap_vld  |  out|     1|      ap_vld|                          graph_pred_weights_V_0_27|       pointer|
|graph_pred_weights_V_0_28         |  out|    16|      ap_vld|                          graph_pred_weights_V_0_28|       pointer|
|graph_pred_weights_V_0_28_ap_vld  |  out|     1|      ap_vld|                          graph_pred_weights_V_0_28|       pointer|
|graph_pred_weights_V_0_29         |  out|    16|      ap_vld|                          graph_pred_weights_V_0_29|       pointer|
|graph_pred_weights_V_0_29_ap_vld  |  out|     1|      ap_vld|                          graph_pred_weights_V_0_29|       pointer|
|graph_pred_weights_V_0_30         |  out|    16|      ap_vld|                          graph_pred_weights_V_0_30|       pointer|
|graph_pred_weights_V_0_30_ap_vld  |  out|     1|      ap_vld|                          graph_pred_weights_V_0_30|       pointer|
|graph_pred_weights_V_0_31         |  out|    16|      ap_vld|                          graph_pred_weights_V_0_31|       pointer|
|graph_pred_weights_V_0_31_ap_vld  |  out|     1|      ap_vld|                          graph_pred_weights_V_0_31|       pointer|
|graph_pred_weights_V_0_32         |  out|    16|      ap_vld|                          graph_pred_weights_V_0_32|       pointer|
|graph_pred_weights_V_0_32_ap_vld  |  out|     1|      ap_vld|                          graph_pred_weights_V_0_32|       pointer|
|graph_pred_weights_V_0_33         |  out|    16|      ap_vld|                          graph_pred_weights_V_0_33|       pointer|
|graph_pred_weights_V_0_33_ap_vld  |  out|     1|      ap_vld|                          graph_pred_weights_V_0_33|       pointer|
|graph_pred_weights_V_0_34         |  out|    16|      ap_vld|                          graph_pred_weights_V_0_34|       pointer|
|graph_pred_weights_V_0_34_ap_vld  |  out|     1|      ap_vld|                          graph_pred_weights_V_0_34|       pointer|
|graph_pred_weights_V_0_35         |  out|    16|      ap_vld|                          graph_pred_weights_V_0_35|       pointer|
|graph_pred_weights_V_0_35_ap_vld  |  out|     1|      ap_vld|                          graph_pred_weights_V_0_35|       pointer|
|graph_pred_weights_V_0_36         |  out|    16|      ap_vld|                          graph_pred_weights_V_0_36|       pointer|
|graph_pred_weights_V_0_36_ap_vld  |  out|     1|      ap_vld|                          graph_pred_weights_V_0_36|       pointer|
|graph_pred_weights_V_0_37         |  out|    16|      ap_vld|                          graph_pred_weights_V_0_37|       pointer|
|graph_pred_weights_V_0_37_ap_vld  |  out|     1|      ap_vld|                          graph_pred_weights_V_0_37|       pointer|
|graph_pred_weights_V_0_38         |  out|    16|      ap_vld|                          graph_pred_weights_V_0_38|       pointer|
|graph_pred_weights_V_0_38_ap_vld  |  out|     1|      ap_vld|                          graph_pred_weights_V_0_38|       pointer|
|graph_pred_weights_V_0_39         |  out|    16|      ap_vld|                          graph_pred_weights_V_0_39|       pointer|
|graph_pred_weights_V_0_39_ap_vld  |  out|     1|      ap_vld|                          graph_pred_weights_V_0_39|       pointer|
|graph_pred_weights_V_0_40         |  out|    16|      ap_vld|                          graph_pred_weights_V_0_40|       pointer|
|graph_pred_weights_V_0_40_ap_vld  |  out|     1|      ap_vld|                          graph_pred_weights_V_0_40|       pointer|
|graph_pred_weights_V_0_41         |  out|    16|      ap_vld|                          graph_pred_weights_V_0_41|       pointer|
|graph_pred_weights_V_0_41_ap_vld  |  out|     1|      ap_vld|                          graph_pred_weights_V_0_41|       pointer|
|graph_pred_weights_V_0_42         |  out|    16|      ap_vld|                          graph_pred_weights_V_0_42|       pointer|
|graph_pred_weights_V_0_42_ap_vld  |  out|     1|      ap_vld|                          graph_pred_weights_V_0_42|       pointer|
|graph_pred_weights_V_0_43         |  out|    16|      ap_vld|                          graph_pred_weights_V_0_43|       pointer|
|graph_pred_weights_V_0_43_ap_vld  |  out|     1|      ap_vld|                          graph_pred_weights_V_0_43|       pointer|
|graph_pred_weights_V_0_44         |  out|    16|      ap_vld|                          graph_pred_weights_V_0_44|       pointer|
|graph_pred_weights_V_0_44_ap_vld  |  out|     1|      ap_vld|                          graph_pred_weights_V_0_44|       pointer|
|graph_pred_weights_V_0_45         |  out|    16|      ap_vld|                          graph_pred_weights_V_0_45|       pointer|
|graph_pred_weights_V_0_45_ap_vld  |  out|     1|      ap_vld|                          graph_pred_weights_V_0_45|       pointer|
|graph_pred_weights_V_0_46         |  out|    16|      ap_vld|                          graph_pred_weights_V_0_46|       pointer|
|graph_pred_weights_V_0_46_ap_vld  |  out|     1|      ap_vld|                          graph_pred_weights_V_0_46|       pointer|
|graph_pred_weights_V_0_47         |  out|    16|      ap_vld|                          graph_pred_weights_V_0_47|       pointer|
|graph_pred_weights_V_0_47_ap_vld  |  out|     1|      ap_vld|                          graph_pred_weights_V_0_47|       pointer|
|graph_pred_weights_V_0_48         |  out|    16|      ap_vld|                          graph_pred_weights_V_0_48|       pointer|
|graph_pred_weights_V_0_48_ap_vld  |  out|     1|      ap_vld|                          graph_pred_weights_V_0_48|       pointer|
|graph_pred_weights_V_0_49         |  out|    16|      ap_vld|                          graph_pred_weights_V_0_49|       pointer|
|graph_pred_weights_V_0_49_ap_vld  |  out|     1|      ap_vld|                          graph_pred_weights_V_0_49|       pointer|
|graph_pred_weights_V_0_50         |  out|    16|      ap_vld|                          graph_pred_weights_V_0_50|       pointer|
|graph_pred_weights_V_0_50_ap_vld  |  out|     1|      ap_vld|                          graph_pred_weights_V_0_50|       pointer|
|graph_pred_weights_V_0_51         |  out|    16|      ap_vld|                          graph_pred_weights_V_0_51|       pointer|
|graph_pred_weights_V_0_51_ap_vld  |  out|     1|      ap_vld|                          graph_pred_weights_V_0_51|       pointer|
|graph_pred_weights_V_0_52         |  out|    16|      ap_vld|                          graph_pred_weights_V_0_52|       pointer|
|graph_pred_weights_V_0_52_ap_vld  |  out|     1|      ap_vld|                          graph_pred_weights_V_0_52|       pointer|
|graph_pred_weights_V_0_53         |  out|    16|      ap_vld|                          graph_pred_weights_V_0_53|       pointer|
|graph_pred_weights_V_0_53_ap_vld  |  out|     1|      ap_vld|                          graph_pred_weights_V_0_53|       pointer|
|graph_pred_weights_V_0_54         |  out|    16|      ap_vld|                          graph_pred_weights_V_0_54|       pointer|
|graph_pred_weights_V_0_54_ap_vld  |  out|     1|      ap_vld|                          graph_pred_weights_V_0_54|       pointer|
|graph_pred_weights_V_0_55         |  out|    16|      ap_vld|                          graph_pred_weights_V_0_55|       pointer|
|graph_pred_weights_V_0_55_ap_vld  |  out|     1|      ap_vld|                          graph_pred_weights_V_0_55|       pointer|
|graph_pred_weights_V_0_56         |  out|    16|      ap_vld|                          graph_pred_weights_V_0_56|       pointer|
|graph_pred_weights_V_0_56_ap_vld  |  out|     1|      ap_vld|                          graph_pred_weights_V_0_56|       pointer|
|graph_pred_weights_V_0_57         |  out|    16|      ap_vld|                          graph_pred_weights_V_0_57|       pointer|
|graph_pred_weights_V_0_57_ap_vld  |  out|     1|      ap_vld|                          graph_pred_weights_V_0_57|       pointer|
|graph_pred_weights_V_0_58         |  out|    16|      ap_vld|                          graph_pred_weights_V_0_58|       pointer|
|graph_pred_weights_V_0_58_ap_vld  |  out|     1|      ap_vld|                          graph_pred_weights_V_0_58|       pointer|
|graph_pred_weights_V_0_59         |  out|    16|      ap_vld|                          graph_pred_weights_V_0_59|       pointer|
|graph_pred_weights_V_0_59_ap_vld  |  out|     1|      ap_vld|                          graph_pred_weights_V_0_59|       pointer|
|graph_pred_weights_V_0_60         |  out|    16|      ap_vld|                          graph_pred_weights_V_0_60|       pointer|
|graph_pred_weights_V_0_60_ap_vld  |  out|     1|      ap_vld|                          graph_pred_weights_V_0_60|       pointer|
|graph_pred_weights_V_0_61         |  out|    16|      ap_vld|                          graph_pred_weights_V_0_61|       pointer|
|graph_pred_weights_V_0_61_ap_vld  |  out|     1|      ap_vld|                          graph_pred_weights_V_0_61|       pointer|
|graph_pred_weights_V_0_62         |  out|    16|      ap_vld|                          graph_pred_weights_V_0_62|       pointer|
|graph_pred_weights_V_0_62_ap_vld  |  out|     1|      ap_vld|                          graph_pred_weights_V_0_62|       pointer|
|graph_pred_weights_V_0_63         |  out|    16|      ap_vld|                          graph_pred_weights_V_0_63|       pointer|
|graph_pred_weights_V_0_63_ap_vld  |  out|     1|      ap_vld|                          graph_pred_weights_V_0_63|       pointer|
|graph_pred_weights_V_0_64         |  out|    16|      ap_vld|                          graph_pred_weights_V_0_64|       pointer|
|graph_pred_weights_V_0_64_ap_vld  |  out|     1|      ap_vld|                          graph_pred_weights_V_0_64|       pointer|
|graph_pred_weights_V_0_65         |  out|    16|      ap_vld|                          graph_pred_weights_V_0_65|       pointer|
|graph_pred_weights_V_0_65_ap_vld  |  out|     1|      ap_vld|                          graph_pred_weights_V_0_65|       pointer|
|graph_pred_weights_V_0_66         |  out|    16|      ap_vld|                          graph_pred_weights_V_0_66|       pointer|
|graph_pred_weights_V_0_66_ap_vld  |  out|     1|      ap_vld|                          graph_pred_weights_V_0_66|       pointer|
|graph_pred_weights_V_0_67         |  out|    16|      ap_vld|                          graph_pred_weights_V_0_67|       pointer|
|graph_pred_weights_V_0_67_ap_vld  |  out|     1|      ap_vld|                          graph_pred_weights_V_0_67|       pointer|
|graph_pred_weights_V_0_68         |  out|    16|      ap_vld|                          graph_pred_weights_V_0_68|       pointer|
|graph_pred_weights_V_0_68_ap_vld  |  out|     1|      ap_vld|                          graph_pred_weights_V_0_68|       pointer|
|graph_pred_weights_V_0_69         |  out|    16|      ap_vld|                          graph_pred_weights_V_0_69|       pointer|
|graph_pred_weights_V_0_69_ap_vld  |  out|     1|      ap_vld|                          graph_pred_weights_V_0_69|       pointer|
|graph_pred_weights_V_0_70         |  out|    16|      ap_vld|                          graph_pred_weights_V_0_70|       pointer|
|graph_pred_weights_V_0_70_ap_vld  |  out|     1|      ap_vld|                          graph_pred_weights_V_0_70|       pointer|
|graph_pred_weights_V_0_71         |  out|    16|      ap_vld|                          graph_pred_weights_V_0_71|       pointer|
|graph_pred_weights_V_0_71_ap_vld  |  out|     1|      ap_vld|                          graph_pred_weights_V_0_71|       pointer|
|graph_pred_weights_V_0_72         |  out|    16|      ap_vld|                          graph_pred_weights_V_0_72|       pointer|
|graph_pred_weights_V_0_72_ap_vld  |  out|     1|      ap_vld|                          graph_pred_weights_V_0_72|       pointer|
|graph_pred_weights_V_0_73         |  out|    16|      ap_vld|                          graph_pred_weights_V_0_73|       pointer|
|graph_pred_weights_V_0_73_ap_vld  |  out|     1|      ap_vld|                          graph_pred_weights_V_0_73|       pointer|
|graph_pred_weights_V_0_74         |  out|    16|      ap_vld|                          graph_pred_weights_V_0_74|       pointer|
|graph_pred_weights_V_0_74_ap_vld  |  out|     1|      ap_vld|                          graph_pred_weights_V_0_74|       pointer|
|graph_pred_weights_V_0_75         |  out|    16|      ap_vld|                          graph_pred_weights_V_0_75|       pointer|
|graph_pred_weights_V_0_75_ap_vld  |  out|     1|      ap_vld|                          graph_pred_weights_V_0_75|       pointer|
|graph_pred_weights_V_0_76         |  out|    16|      ap_vld|                          graph_pred_weights_V_0_76|       pointer|
|graph_pred_weights_V_0_76_ap_vld  |  out|     1|      ap_vld|                          graph_pred_weights_V_0_76|       pointer|
|graph_pred_weights_V_0_77         |  out|    16|      ap_vld|                          graph_pred_weights_V_0_77|       pointer|
|graph_pred_weights_V_0_77_ap_vld  |  out|     1|      ap_vld|                          graph_pred_weights_V_0_77|       pointer|
|graph_pred_weights_V_0_78         |  out|    16|      ap_vld|                          graph_pred_weights_V_0_78|       pointer|
|graph_pred_weights_V_0_78_ap_vld  |  out|     1|      ap_vld|                          graph_pred_weights_V_0_78|       pointer|
|graph_pred_weights_V_0_79         |  out|    16|      ap_vld|                          graph_pred_weights_V_0_79|       pointer|
|graph_pred_weights_V_0_79_ap_vld  |  out|     1|      ap_vld|                          graph_pred_weights_V_0_79|       pointer|
|graph_pred_weights_V_0_80         |  out|    16|      ap_vld|                          graph_pred_weights_V_0_80|       pointer|
|graph_pred_weights_V_0_80_ap_vld  |  out|     1|      ap_vld|                          graph_pred_weights_V_0_80|       pointer|
|graph_pred_weights_V_0_81         |  out|    16|      ap_vld|                          graph_pred_weights_V_0_81|       pointer|
|graph_pred_weights_V_0_81_ap_vld  |  out|     1|      ap_vld|                          graph_pred_weights_V_0_81|       pointer|
|graph_pred_weights_V_0_82         |  out|    16|      ap_vld|                          graph_pred_weights_V_0_82|       pointer|
|graph_pred_weights_V_0_82_ap_vld  |  out|     1|      ap_vld|                          graph_pred_weights_V_0_82|       pointer|
|graph_pred_weights_V_0_83         |  out|    16|      ap_vld|                          graph_pred_weights_V_0_83|       pointer|
|graph_pred_weights_V_0_83_ap_vld  |  out|     1|      ap_vld|                          graph_pred_weights_V_0_83|       pointer|
|graph_pred_weights_V_0_84         |  out|    16|      ap_vld|                          graph_pred_weights_V_0_84|       pointer|
|graph_pred_weights_V_0_84_ap_vld  |  out|     1|      ap_vld|                          graph_pred_weights_V_0_84|       pointer|
|graph_pred_weights_V_0_85         |  out|    16|      ap_vld|                          graph_pred_weights_V_0_85|       pointer|
|graph_pred_weights_V_0_85_ap_vld  |  out|     1|      ap_vld|                          graph_pred_weights_V_0_85|       pointer|
|graph_pred_weights_V_0_86         |  out|    16|      ap_vld|                          graph_pred_weights_V_0_86|       pointer|
|graph_pred_weights_V_0_86_ap_vld  |  out|     1|      ap_vld|                          graph_pred_weights_V_0_86|       pointer|
|graph_pred_weights_V_0_87         |  out|    16|      ap_vld|                          graph_pred_weights_V_0_87|       pointer|
|graph_pred_weights_V_0_87_ap_vld  |  out|     1|      ap_vld|                          graph_pred_weights_V_0_87|       pointer|
|graph_pred_weights_V_0_88         |  out|    16|      ap_vld|                          graph_pred_weights_V_0_88|       pointer|
|graph_pred_weights_V_0_88_ap_vld  |  out|     1|      ap_vld|                          graph_pred_weights_V_0_88|       pointer|
|graph_pred_weights_V_0_89         |  out|    16|      ap_vld|                          graph_pred_weights_V_0_89|       pointer|
|graph_pred_weights_V_0_89_ap_vld  |  out|     1|      ap_vld|                          graph_pred_weights_V_0_89|       pointer|
|graph_pred_weights_V_0_90         |  out|    16|      ap_vld|                          graph_pred_weights_V_0_90|       pointer|
|graph_pred_weights_V_0_90_ap_vld  |  out|     1|      ap_vld|                          graph_pred_weights_V_0_90|       pointer|
|graph_pred_weights_V_0_91         |  out|    16|      ap_vld|                          graph_pred_weights_V_0_91|       pointer|
|graph_pred_weights_V_0_91_ap_vld  |  out|     1|      ap_vld|                          graph_pred_weights_V_0_91|       pointer|
|graph_pred_weights_V_0_92         |  out|    16|      ap_vld|                          graph_pred_weights_V_0_92|       pointer|
|graph_pred_weights_V_0_92_ap_vld  |  out|     1|      ap_vld|                          graph_pred_weights_V_0_92|       pointer|
|graph_pred_weights_V_0_93         |  out|    16|      ap_vld|                          graph_pred_weights_V_0_93|       pointer|
|graph_pred_weights_V_0_93_ap_vld  |  out|     1|      ap_vld|                          graph_pred_weights_V_0_93|       pointer|
|graph_pred_weights_V_0_94         |  out|    16|      ap_vld|                          graph_pred_weights_V_0_94|       pointer|
|graph_pred_weights_V_0_94_ap_vld  |  out|     1|      ap_vld|                          graph_pred_weights_V_0_94|       pointer|
|graph_pred_weights_V_0_95         |  out|    16|      ap_vld|                          graph_pred_weights_V_0_95|       pointer|
|graph_pred_weights_V_0_95_ap_vld  |  out|     1|      ap_vld|                          graph_pred_weights_V_0_95|       pointer|
|graph_pred_weights_V_0_96         |  out|    16|      ap_vld|                          graph_pred_weights_V_0_96|       pointer|
|graph_pred_weights_V_0_96_ap_vld  |  out|     1|      ap_vld|                          graph_pred_weights_V_0_96|       pointer|
|graph_pred_weights_V_0_97         |  out|    16|      ap_vld|                          graph_pred_weights_V_0_97|       pointer|
|graph_pred_weights_V_0_97_ap_vld  |  out|     1|      ap_vld|                          graph_pred_weights_V_0_97|       pointer|
|graph_pred_weights_V_0_98         |  out|    16|      ap_vld|                          graph_pred_weights_V_0_98|       pointer|
|graph_pred_weights_V_0_98_ap_vld  |  out|     1|      ap_vld|                          graph_pred_weights_V_0_98|       pointer|
|graph_pred_weights_V_0_99         |  out|    16|      ap_vld|                          graph_pred_weights_V_0_99|       pointer|
|graph_pred_weights_V_0_99_ap_vld  |  out|     1|      ap_vld|                          graph_pred_weights_V_0_99|       pointer|
+----------------------------------+-----+------+------------+---------------------------------------------------+--------------+

