

================================================================
== Vitis HLS Report for 'message_passing_pe21_Pipeline_VITIS_LOOP_43_1_VITIS_LOOP_50_2'
================================================================
* Date:           Fri May  3 00:29:25 2024

* Version:        2021.1.1 (Build 3286242 on Wed Jul 28 13:09:46 MDT 2021)
* Project:        example-4
* Solution:       solution1 (Vitis Kernel Flow Target)
* Product family: virtexuplus
* Target device:  xcu50-fsvh2104-2-e


================================================================
== Performance Estimates
================================================================
+ Timing: 
    * Summary: 
    +--------+---------+----------+------------+
    |  Clock |  Target | Estimated| Uncertainty|
    +--------+---------+----------+------------+
    |ap_clk  |  3.33 ns|  2.407 ns|     0.90 ns|
    +--------+---------+----------+------------+

+ Latency: 
    * Summary: 
    +---------+---------+----------+----------+-----+-----+---------+
    |  Latency (cycles) |  Latency (absolute) |  Interval | Pipeline|
    |   min   |   max   |    min   |    max   | min | max |   Type  |
    +---------+---------+----------+----------+-----+-----+---------+
    |        2|      529|  6.666 ns|  1.763 us|    2|  529|       no|
    +---------+---------+----------+----------+-----+-----+---------+

    + Detail: 
        * Instance: 
        N/A

        * Loop: 
        +-----------------------------------+---------+---------+----------+-----------+-----------+---------+----------+
        |                                   |  Latency (cycles) | Iteration|  Initiation Interval  |   Trip  |          |
        |             Loop Name             |   min   |   max   |  Latency |  achieved |   target  |  Count  | Pipelined|
        +-----------------------------------+---------+---------+----------+-----------+-----------+---------+----------+
        |- VITIS_LOOP_43_1_VITIS_LOOP_50_2  |        0|      527|         9|          1|          1|  0 ~ 520|       yes|
        +-----------------------------------+---------+---------+----------+-----------+-----------+---------+----------+



================================================================
== Utilization Estimates
================================================================
* Summary: 
+---------------------+---------+------+---------+--------+-----+
|         Name        | BRAM_18K|  DSP |    FF   |   LUT  | URAM|
+---------------------+---------+------+---------+--------+-----+
|DSP                  |        -|     4|        -|       -|    -|
|Expression           |        -|     -|        0|    1855|    -|
|FIFO                 |        -|     -|        -|       -|    -|
|Instance             |        -|     -|        -|       -|    -|
|Memory               |        0|     -|      128|     136|    0|
|Multiplexer          |        -|     -|        -|     508|    -|
|Register             |        -|     -|     2625|     128|    -|
+---------------------+---------+------+---------+--------+-----+
|Total                |        0|     4|     2753|    2627|    0|
+---------------------+---------+------+---------+--------+-----+
|Available SLR        |     1344|  2976|   871680|  435840|  320|
+---------------------+---------+------+---------+--------+-----+
|Utilization SLR (%)  |        0|    ~0|       ~0|      ~0|    0|
+---------------------+---------+------+---------+--------+-----+
|Available            |     2688|  5952|  1743360|  871680|  640|
+---------------------+---------+------+---------+--------+-----+
|Utilization (%)      |        0|    ~0|       ~0|      ~0|    0|
+---------------------+---------+------+---------+--------+-----+

+ Detail: 
    * Instance: 
    N/A

    * DSP: 
    +-------------------------------------+-------------------------------+--------------+
    |               Instance              |             Module            |  Expression  |
    +-------------------------------------+-------------------------------+--------------+
    |mac_muladd_7ns_4ns_4ns_11_4_1_U6476  |mac_muladd_7ns_4ns_4ns_11_4_1  |  i0 * i1 + i2|
    |mac_muladd_8ns_4ns_4ns_10_4_1_U6473  |mac_muladd_8ns_4ns_4ns_10_4_1  |  i0 * i1 + i2|
    |mac_muladd_8ns_4ns_4ns_10_4_1_U6474  |mac_muladd_8ns_4ns_4ns_10_4_1  |  i0 * i1 + i2|
    |mac_muladd_8ns_4ns_4ns_10_4_1_U6475  |mac_muladd_8ns_4ns_4ns_10_4_1  |  i0 * i1 + i2|
    +-------------------------------------+-------------------------------+--------------+

    * Memory: 
    +----------------------+----------------------------------------------------------------------------------+---------+----+----+-----+------+-----+------+-------------+
    |        Memory        |                                      Module                                      | BRAM_18K| FF | LUT| URAM| Words| Bits| Banks| W*Bits*Banks|
    +----------------------+----------------------------------------------------------------------------------+---------+----+----+-----+------+-----+------+-------------+
    |mp_ins_M_elems_V_0_U  |message_passing_pe18_Pipeline_VITIS_LOOP_43_1_VITIS_LOOP_50_2_mp_ins_M_elems_bkb  |        0|  16|  17|    0|    13|   16|     1|          208|
    |mp_ins_M_elems_V_1_U  |message_passing_pe18_Pipeline_VITIS_LOOP_43_1_VITIS_LOOP_50_2_mp_ins_M_elems_bkb  |        0|  16|  17|    0|    13|   16|     1|          208|
    |mp_ins_M_elems_V_2_U  |message_passing_pe18_Pipeline_VITIS_LOOP_43_1_VITIS_LOOP_50_2_mp_ins_M_elems_bkb  |        0|  16|  17|    0|    13|   16|     1|          208|
    |mp_ins_M_elems_V_3_U  |message_passing_pe18_Pipeline_VITIS_LOOP_43_1_VITIS_LOOP_50_2_mp_ins_M_elems_bkb  |        0|  16|  17|    0|    13|   16|     1|          208|
    |mp_ins_M_elems_V_4_U  |message_passing_pe18_Pipeline_VITIS_LOOP_43_1_VITIS_LOOP_50_2_mp_ins_M_elems_bkb  |        0|  16|  17|    0|    13|   16|     1|          208|
    |mp_ins_M_elems_V_5_U  |message_passing_pe18_Pipeline_VITIS_LOOP_43_1_VITIS_LOOP_50_2_mp_ins_M_elems_bkb  |        0|  16|  17|    0|    13|   16|     1|          208|
    |mp_ins_M_elems_V_6_U  |message_passing_pe18_Pipeline_VITIS_LOOP_43_1_VITIS_LOOP_50_2_mp_ins_M_elems_bkb  |        0|  16|  17|    0|    13|   16|     1|          208|
    |mp_ins_M_elems_V_7_U  |message_passing_pe18_Pipeline_VITIS_LOOP_43_1_VITIS_LOOP_50_2_mp_ins_M_elems_bkb  |        0|  16|  17|    0|    13|   16|     1|          208|
    +----------------------+----------------------------------------------------------------------------------+---------+----+----+-----+------+-----+------+-------------+
    |Total                 |                                                                                  |        0| 128| 136|    0|   104|  128|     8|         1664|
    +----------------------+----------------------------------------------------------------------------------+---------+----+----+-----+------+-----+------+-------------+

    * FIFO: 
    N/A

    * Expression: 
    +------------------------------------+----------+----+---+----+------------+------------+
    |            Variable Name           | Operation| DSP| FF| LUT| Bitwidth P0| Bitwidth P1|
    +------------------------------------+----------+----+---+----+------------+------------+
    |add_ln43_1_fu_1450_p2               |         +|   0|  0|  14|           7|           3|
    |add_ln43_2_fu_1494_p2               |         +|   0|  0|  14|           7|           4|
    |add_ln43_3_fu_1166_p2               |         +|   0|  0|  43|          36|           1|
    |add_ln43_fu_1184_p2                 |         +|   0|  0|  39|          32|           1|
    |add_ln50_1_fu_1264_p2               |         +|   0|  0|  14|           7|           4|
    |add_ln50_fu_1258_p2                 |         +|   0|  0|  12|           4|           1|
    |add_ln712_800_fu_2057_p2            |         +|   0|  0|  23|          16|          16|
    |add_ln712_801_fu_1310_p2            |         +|   0|  0|  15|           8|           8|
    |add_ln712_802_fu_2191_p2            |         +|   0|  0|  23|          16|          16|
    |add_ln712_803_fu_2197_p2            |         +|   0|  0|  16|          16|          16|
    |add_ln712_804_fu_2085_p2            |         +|   0|  0|  23|          16|          16|
    |add_ln712_805_fu_1459_p2            |         +|   0|  0|  15|           8|           8|
    |add_ln712_806_fu_2235_p2            |         +|   0|  0|  23|          16|          16|
    |add_ln712_807_fu_2241_p2            |         +|   0|  0|  16|          16|          16|
    |add_ln712_808_fu_2113_p2            |         +|   0|  0|  23|          16|          16|
    |add_ln712_809_fu_1503_p2            |         +|   0|  0|  15|           8|           8|
    |add_ln712_810_fu_2279_p2            |         +|   0|  0|  23|          16|          16|
    |add_ln712_811_fu_2285_p2            |         +|   0|  0|  16|          16|          16|
    |add_ln712_812_fu_2141_p2            |         +|   0|  0|  23|          16|          16|
    |add_ln712_814_fu_2323_p2            |         +|   0|  0|  23|          16|          16|
    |add_ln712_815_fu_1818_p2            |         +|   0|  0|  16|          16|          16|
    |add_ln712_816_fu_1822_p2            |         +|   0|  0|  23|          16|          16|
    |add_ln712_818_fu_1863_p2            |         +|   0|  0|  23|          16|          16|
    |add_ln712_819_fu_1873_p2            |         +|   0|  0|  16|          16|          16|
    |add_ln712_820_fu_1877_p2            |         +|   0|  0|  23|          16|          16|
    |add_ln712_822_fu_1918_p2            |         +|   0|  0|  23|          16|          16|
    |add_ln712_823_fu_1928_p2            |         +|   0|  0|  16|          16|          16|
    |add_ln712_824_fu_1932_p2            |         +|   0|  0|  23|          16|          16|
    |add_ln712_825_fu_1552_p2            |         +|   0|  0|  16|          10|          10|
    |add_ln712_826_fu_1973_p2            |         +|   0|  0|  23|          16|          16|
    |add_ln712_827_fu_1983_p2            |         +|   0|  0|  16|          16|          16|
    |add_ln712_828_fu_1987_p2            |         +|   0|  0|  23|          16|          16|
    |add_ln712_829_fu_1566_p2            |         +|   0|  0|  16|          10|          10|
    |add_ln712_830_fu_2028_p2            |         +|   0|  0|  23|          16|          16|
    |add_ln712_831_fu_1572_p2            |         +|   0|  0|  16|          10|          10|
    |add_ln712_833_fu_1723_p2            |         +|   0|  0|  16|          11|          11|
    |add_ln712_fu_2153_p2                |         +|   0|  0|  16|          16|          16|
    |add_ln89_10_fu_2147_p2              |         +|   0|  0|  22|          15|          15|
    |add_ln89_11_fu_2298_p2              |         +|   0|  0|  16|          15|          15|
    |add_ln89_12_fu_1833_p2              |         +|   0|  0|  16|          15|          15|
    |add_ln89_13_fu_1745_p2              |         +|   0|  0|  22|          15|          15|
    |add_ln89_14_fu_1838_p2              |         +|   0|  0|  16|          15|          15|
    |add_ln89_15_fu_1888_p2              |         +|   0|  0|  16|          15|          15|
    |add_ln89_16_fu_1759_p2              |         +|   0|  0|  22|          15|          15|
    |add_ln89_17_fu_1893_p2              |         +|   0|  0|  16|          15|          15|
    |add_ln89_18_fu_1943_p2              |         +|   0|  0|  16|          15|          15|
    |add_ln89_19_fu_1773_p2              |         +|   0|  0|  22|          15|          15|
    |add_ln89_1_fu_2063_p2               |         +|   0|  0|  22|          15|          15|
    |add_ln89_20_fu_1948_p2              |         +|   0|  0|  16|          15|          15|
    |add_ln89_21_fu_1998_p2              |         +|   0|  0|  16|          15|          15|
    |add_ln89_22_fu_1787_p2              |         +|   0|  0|  22|          15|          15|
    |add_ln89_23_fu_2003_p2              |         +|   0|  0|  16|          15|          15|
    |add_ln89_2_fu_2166_p2               |         +|   0|  0|  16|          15|          15|
    |add_ln89_3_fu_2206_p2               |         +|   0|  0|  16|          15|          15|
    |add_ln89_4_fu_2091_p2               |         +|   0|  0|  22|          15|          15|
    |add_ln89_5_fu_2210_p2               |         +|   0|  0|  16|          15|          15|
    |add_ln89_6_fu_2250_p2               |         +|   0|  0|  16|          15|          15|
    |add_ln89_7_fu_2119_p2               |         +|   0|  0|  22|          15|          15|
    |add_ln89_8_fu_2254_p2               |         +|   0|  0|  16|          15|          15|
    |add_ln89_9_fu_2294_p2               |         +|   0|  0|  16|          15|          15|
    |add_ln89_fu_2162_p2                 |         +|   0|  0|  16|          15|          15|
    |e_end_2_fu_1368_p2                  |         +|   0|  0|  39|          32|          32|
    |nd_idx_2_fu_1349_p2                 |         +|   0|  0|  39|          32|           1|
    |total_embed_V_1_fu_2201_p2          |         +|   0|  0|  16|          16|          16|
    |total_embed_V_2_fu_2245_p2          |         +|   0|  0|  16|          16|          16|
    |total_embed_V_3_fu_2289_p2          |         +|   0|  0|  16|          16|          16|
    |total_embed_V_4_fu_1827_p2          |         +|   0|  0|  16|          16|          16|
    |total_embed_V_5_fu_1882_p2          |         +|   0|  0|  16|          16|          16|
    |total_embed_V_6_fu_1937_p2          |         +|   0|  0|  16|          16|          16|
    |total_embed_V_7_fu_1992_p2          |         +|   0|  0|  16|          16|          16|
    |total_embed_V_fu_2157_p2            |         +|   0|  0|  16|          16|          16|
    |sub_ln712_1_fu_1444_p2              |         -|   0|  0|  16|          10|          10|
    |sub_ln712_2_fu_1488_p2              |         -|   0|  0|  16|          10|          10|
    |sub_ln712_3_fu_1532_p2              |         -|   0|  0|  16|          10|          10|
    |sub_ln712_fu_1714_p2                |         -|   0|  0|  16|          11|          11|
    |ap_block_pp0                        |       and|   0|  0|   2|           1|           1|
    |ap_block_pp0_stage0_11001           |       and|   0|  0|   2|           1|           1|
    |ap_enable_state10_pp0_iter9_stage0  |       and|   0|  0|   2|           1|           1|
    |ap_enable_state6_pp0_iter5_stage0   |       and|   0|  0|   2|           1|           1|
    |ap_enable_state7_pp0_iter6_stage0   |       and|   0|  0|   2|           1|           1|
    |ap_enable_state8_pp0_iter7_stage0   |       and|   0|  0|   2|           1|           1|
    |ap_enable_state9_pp0_iter8_stage0   |       and|   0|  0|   2|           1|           1|
    |ap_predicate_op158_read_state4      |       and|   0|  0|   2|           1|           1|
    |ap_predicate_op168_read_state4      |       and|   0|  0|   2|           1|           1|
    |io_acc_block_signal_op158           |       and|   0|  0|   2|           1|           1|
    |io_acc_block_signal_op168           |       and|   0|  0|   2|           1|           1|
    |icmp_ln43_fu_1161_p2                |      icmp|   0|  0|  20|          36|          36|
    |icmp_ln50_fu_1190_p2                |      icmp|   0|  0|   9|           4|           3|
    |icmp_ln55_fu_1343_p2                |      icmp|   0|  0|  20|          33|          33|
    |icmp_ln65_fu_1403_p2                |      icmp|   0|  0|  20|          32|          32|
    |icmp_ln79_fu_1252_p2                |      icmp|   0|  0|  10|           7|           6|
    |ap_block_state4_pp0_stage0_iter3    |        or|   0|  0|   2|           1|           1|
    |or_ln78_fu_1246_p2                  |        or|   0|  0|   7|           7|           3|
    |e_end_fu_1388_p3                    |    select|   0|  0|  32|           1|          32|
    |e_start_fu_1396_p3                  |    select|   0|  0|  32|           1|          32|
    |nd_idx_fu_1381_p3                   |    select|   0|  0|  32|           1|          32|
    |node_nd_fu_1373_p3                  |    select|   0|  0|  32|           1|          32|
    |select_ln24_10_fu_2016_p3           |    select|   0|  0|  15|           1|           1|
    |select_ln24_4_fu_2223_p3            |    select|   0|  0|  15|           1|           1|
    |select_ln24_5_fu_2267_p3            |    select|   0|  0|  15|           1|           1|
    |select_ln24_6_fu_2311_p3            |    select|   0|  0|  15|           1|           1|
    |select_ln24_7_fu_1851_p3            |    select|   0|  0|  15|           1|           1|
    |select_ln24_8_fu_1906_p3            |    select|   0|  0|  15|           1|           1|
    |select_ln24_9_fu_1961_p3            |    select|   0|  0|  15|           1|           1|
    |select_ln24_fu_2179_p3              |    select|   0|  0|  15|           1|           1|
    |select_ln43_1_fu_1204_p3            |    select|   0|  0|   7|           1|           1|
    |select_ln43_2_fu_1212_p3            |    select|   0|  0|  32|           1|          32|
    |select_ln43_4_fu_1228_p3            |    select|   0|  0|   9|           1|           9|
    |select_ln43_fu_1196_p3              |    select|   0|  0|   4|           1|           1|
    |ap_enable_pp0                       |       xor|   0|  0|   2|           1|           2|
    +------------------------------------+----------+----+---+----+------------+------------+
    |Total                               |          |   0|  0|1855|        1283|        1331|
    +------------------------------------+----------+----+---+----+------------+------------+

    * Multiplexer: 
    +-----------------------------------------+----+-----------+-----+-----------+
    |                   Name                  | LUT| Input Size| Bits| Total Bits|
    +-----------------------------------------+----+-----------+-----+-----------+
    |ap_done_int                              |   9|          2|    1|          2|
    |ap_enable_reg_pp0_iter1                  |   9|          2|    1|          2|
    |ap_enable_reg_pp0_iter2                  |   9|          2|    1|          2|
    |ap_phi_mux_p_0_0_0_0_0_0_phi_fu_1031_p4  |  14|          3|   16|         48|
    |ap_phi_mux_p_0_0_0_0_1_0_phi_fu_1020_p4  |  14|          3|   16|         48|
    |ap_phi_mux_p_0_0_0_0_2_0_phi_fu_1009_p4  |  14|          3|   16|         48|
    |ap_phi_mux_p_0_0_0_0_3_0_phi_fu_998_p4   |  14|          3|   16|         48|
    |ap_phi_mux_p_0_0_0_0_4_0_phi_fu_987_p4   |  14|          3|   16|         48|
    |ap_phi_mux_p_0_0_0_0_5_0_phi_fu_976_p4   |  14|          3|   16|         48|
    |ap_phi_mux_p_0_0_0_0_6_0_phi_fu_965_p4   |  14|          3|   16|         48|
    |ap_phi_mux_p_0_0_0_0_7_0_phi_fu_954_p4   |  14|          3|   16|         48|
    |ap_phi_reg_pp0_iter4_empty_233_reg_1049  |   9|          2|   16|         32|
    |ap_phi_reg_pp0_iter4_empty_234_reg_1059  |   9|          2|   16|         32|
    |ap_phi_reg_pp0_iter4_empty_235_reg_1069  |   9|          2|   16|         32|
    |ap_phi_reg_pp0_iter4_empty_236_reg_1079  |   9|          2|   16|         32|
    |ap_phi_reg_pp0_iter4_empty_237_reg_1089  |   9|          2|   16|         32|
    |ap_phi_reg_pp0_iter4_empty_238_reg_1099  |   9|          2|   16|         32|
    |ap_phi_reg_pp0_iter4_empty_239_reg_1109  |   9|          2|   16|         32|
    |ap_phi_reg_pp0_iter4_empty_reg_1039      |   9|          2|   16|         32|
    |ap_phi_reg_pp0_iter6_empty_233_reg_1049  |   9|          2|   16|         32|
    |ap_phi_reg_pp0_iter6_empty_234_reg_1059  |   9|          2|   16|         32|
    |ap_phi_reg_pp0_iter6_empty_235_reg_1069  |   9|          2|   16|         32|
    |ap_phi_reg_pp0_iter6_empty_236_reg_1079  |   9|          2|   16|         32|
    |ap_phi_reg_pp0_iter6_empty_237_reg_1089  |   9|          2|   16|         32|
    |ap_phi_reg_pp0_iter6_empty_238_reg_1099  |   9|          2|   16|         32|
    |ap_phi_reg_pp0_iter6_empty_239_reg_1109  |   9|          2|   16|         32|
    |ap_phi_reg_pp0_iter6_empty_reg_1039      |   9|          2|   16|         32|
    |ap_sig_allocacmp_e_end_1_load            |   9|          2|   32|         64|
    |ap_sig_allocacmp_nd_idx_1_load           |   9|          2|   32|         64|
    |dim_fu_196                               |   9|          2|    7|         14|
    |e_end_1_fu_188                           |   9|          2|   32|         64|
    |e_fu_204                                 |   9|          2|   32|         64|
    |e_start_1_fu_192                         |   9|          2|   32|         64|
    |embeddings_per_node_0_0_0_0_0345_blk_n   |   9|          2|    1|          2|
    |embeddings_per_node_0_0_0_0_0346_blk_n   |   9|          2|    1|          2|
    |embeddings_per_node_0_0_0_0_0347_blk_n   |   9|          2|    1|          2|
    |embeddings_per_node_0_0_0_0_0348_blk_n   |   9|          2|    1|          2|
    |embeddings_per_node_0_0_0_0_0349_blk_n   |   9|          2|    1|          2|
    |embeddings_per_node_0_0_0_0_0350_blk_n   |   9|          2|    1|          2|
    |embeddings_per_node_0_0_0_0_0351_blk_n   |   9|          2|    1|          2|
    |embeddings_per_node_0_0_0_0_0352_blk_n   |   9|          2|    1|          2|
    |embeddings_per_node_0_0_0_0_03553_blk_n  |   9|          2|    1|          2|
    |embeddings_per_node_0_0_0_0_03554_blk_n  |   9|          2|    1|          2|
    |embeddings_per_node_0_0_0_0_03555_blk_n  |   9|          2|    1|          2|
    |embeddings_per_node_0_0_0_0_03556_blk_n  |   9|          2|    1|          2|
    |embeddings_per_node_0_0_0_0_03557_blk_n  |   9|          2|    1|          2|
    |embeddings_per_node_0_0_0_0_03558_blk_n  |   9|          2|    1|          2|
    |embeddings_per_node_0_0_0_0_03559_blk_n  |   9|          2|    1|          2|
    |embeddings_per_node_0_0_0_0_035_blk_n    |   9|          2|    1|          2|
    |i_fu_200                                 |   9|          2|    4|          8|
    |indvar_flatten_fu_208                    |   9|          2|   36|         72|
    |nd_idx_1_fu_184                          |   9|          2|   32|         64|
    +-----------------------------------------+----+-----------+-----+-----------+
    |Total                                    | 508|        112|  642|       1412|
    +-----------------------------------------+----+-----------+-----+-----------+

    * Register: 
    +----------------------------------------------+----+----+-----+-----------+
    |                     Name                     | FF | LUT| Bits| Const Bits|
    +----------------------------------------------+----+----+-----+-----------+
    |add_ln712_800_reg_2959                        |  16|   0|   16|          0|
    |add_ln712_801_reg_2472                        |   8|   0|    8|          0|
    |add_ln712_802_reg_3059                        |  16|   0|   16|          0|
    |add_ln712_804_reg_2989                        |  16|   0|   16|          0|
    |add_ln712_806_reg_3064                        |  16|   0|   16|          0|
    |add_ln712_808_reg_3019                        |  16|   0|   16|          0|
    |add_ln712_810_reg_3069                        |  16|   0|   16|          0|
    |add_ln712_812_reg_3049                        |  16|   0|   16|          0|
    |add_ln712_814_reg_3074                        |  16|   0|   16|          0|
    |add_ln712_818_reg_2895                        |  16|   0|   16|          0|
    |add_ln712_822_reg_2900                        |  16|   0|   16|          0|
    |add_ln712_826_reg_2905                        |  16|   0|   16|          0|
    |add_ln712_829_reg_2550                        |  10|   0|   10|          0|
    |add_ln712_830_reg_2910                        |  16|   0|   16|          0|
    |add_ln712_831_reg_2555                        |  10|   0|   10|          0|
    |add_ln89_10_reg_3054                          |  15|   0|   15|          0|
    |add_ln89_13_reg_2785                          |  15|   0|   15|          0|
    |add_ln89_16_reg_2800                          |  15|   0|   15|          0|
    |add_ln89_19_reg_2815                          |  15|   0|   15|          0|
    |add_ln89_1_reg_2964                           |  15|   0|   15|          0|
    |add_ln89_22_reg_2830                          |  15|   0|   15|          0|
    |add_ln89_4_reg_2994                           |  15|   0|   15|          0|
    |add_ln89_7_reg_3024                           |  15|   0|   15|          0|
    |ap_CS_fsm                                     |   1|   0|    1|          0|
    |ap_done_reg                                   |   1|   0|    1|          0|
    |ap_enable_reg_pp0_iter1                       |   1|   0|    1|          0|
    |ap_enable_reg_pp0_iter2                       |   1|   0|    1|          0|
    |ap_enable_reg_pp0_iter3                       |   1|   0|    1|          0|
    |ap_enable_reg_pp0_iter4                       |   1|   0|    1|          0|
    |ap_enable_reg_pp0_iter5                       |   1|   0|    1|          0|
    |ap_enable_reg_pp0_iter6                       |   1|   0|    1|          0|
    |ap_enable_reg_pp0_iter7                       |   1|   0|    1|          0|
    |ap_enable_reg_pp0_iter8                       |   1|   0|    1|          0|
    |ap_enable_reg_pp0_iter9                       |   1|   0|    1|          0|
    |ap_loop_exit_ready_pp0_iter2_reg              |   1|   0|    1|          0|
    |ap_loop_exit_ready_pp0_iter3_reg              |   1|   0|    1|          0|
    |ap_loop_exit_ready_pp0_iter4_reg              |   1|   0|    1|          0|
    |ap_loop_exit_ready_pp0_iter5_reg              |   1|   0|    1|          0|
    |ap_loop_exit_ready_pp0_iter6_reg              |   1|   0|    1|          0|
    |ap_loop_exit_ready_pp0_iter7_reg              |   1|   0|    1|          0|
    |ap_loop_exit_ready_pp0_iter8_reg              |   1|   0|    1|          0|
    |ap_phi_reg_pp0_iter1_empty_233_reg_1049       |  16|   0|   16|          0|
    |ap_phi_reg_pp0_iter1_empty_234_reg_1059       |  16|   0|   16|          0|
    |ap_phi_reg_pp0_iter1_empty_235_reg_1069       |  16|   0|   16|          0|
    |ap_phi_reg_pp0_iter1_empty_236_reg_1079       |  16|   0|   16|          0|
    |ap_phi_reg_pp0_iter1_empty_237_reg_1089       |  16|   0|   16|          0|
    |ap_phi_reg_pp0_iter1_empty_238_reg_1099       |  16|   0|   16|          0|
    |ap_phi_reg_pp0_iter1_empty_239_reg_1109       |  16|   0|   16|          0|
    |ap_phi_reg_pp0_iter1_empty_reg_1039           |  16|   0|   16|          0|
    |ap_phi_reg_pp0_iter2_empty_233_reg_1049       |  16|   0|   16|          0|
    |ap_phi_reg_pp0_iter2_empty_234_reg_1059       |  16|   0|   16|          0|
    |ap_phi_reg_pp0_iter2_empty_235_reg_1069       |  16|   0|   16|          0|
    |ap_phi_reg_pp0_iter2_empty_236_reg_1079       |  16|   0|   16|          0|
    |ap_phi_reg_pp0_iter2_empty_237_reg_1089       |  16|   0|   16|          0|
    |ap_phi_reg_pp0_iter2_empty_238_reg_1099       |  16|   0|   16|          0|
    |ap_phi_reg_pp0_iter2_empty_239_reg_1109       |  16|   0|   16|          0|
    |ap_phi_reg_pp0_iter2_empty_reg_1039           |  16|   0|   16|          0|
    |ap_phi_reg_pp0_iter3_empty_233_reg_1049       |  16|   0|   16|          0|
    |ap_phi_reg_pp0_iter3_empty_234_reg_1059       |  16|   0|   16|          0|
    |ap_phi_reg_pp0_iter3_empty_235_reg_1069       |  16|   0|   16|          0|
    |ap_phi_reg_pp0_iter3_empty_236_reg_1079       |  16|   0|   16|          0|
    |ap_phi_reg_pp0_iter3_empty_237_reg_1089       |  16|   0|   16|          0|
    |ap_phi_reg_pp0_iter3_empty_238_reg_1099       |  16|   0|   16|          0|
    |ap_phi_reg_pp0_iter3_empty_239_reg_1109       |  16|   0|   16|          0|
    |ap_phi_reg_pp0_iter3_empty_reg_1039           |  16|   0|   16|          0|
    |ap_phi_reg_pp0_iter4_empty_233_reg_1049       |  16|   0|   16|          0|
    |ap_phi_reg_pp0_iter4_empty_234_reg_1059       |  16|   0|   16|          0|
    |ap_phi_reg_pp0_iter4_empty_235_reg_1069       |  16|   0|   16|          0|
    |ap_phi_reg_pp0_iter4_empty_236_reg_1079       |  16|   0|   16|          0|
    |ap_phi_reg_pp0_iter4_empty_237_reg_1089       |  16|   0|   16|          0|
    |ap_phi_reg_pp0_iter4_empty_238_reg_1099       |  16|   0|   16|          0|
    |ap_phi_reg_pp0_iter4_empty_239_reg_1109       |  16|   0|   16|          0|
    |ap_phi_reg_pp0_iter4_empty_reg_1039           |  16|   0|   16|          0|
    |ap_phi_reg_pp0_iter5_empty_233_reg_1049       |  16|   0|   16|          0|
    |ap_phi_reg_pp0_iter5_empty_234_reg_1059       |  16|   0|   16|          0|
    |ap_phi_reg_pp0_iter5_empty_235_reg_1069       |  16|   0|   16|          0|
    |ap_phi_reg_pp0_iter5_empty_236_reg_1079       |  16|   0|   16|          0|
    |ap_phi_reg_pp0_iter5_empty_237_reg_1089       |  16|   0|   16|          0|
    |ap_phi_reg_pp0_iter5_empty_238_reg_1099       |  16|   0|   16|          0|
    |ap_phi_reg_pp0_iter5_empty_239_reg_1109       |  16|   0|   16|          0|
    |ap_phi_reg_pp0_iter5_empty_reg_1039           |  16|   0|   16|          0|
    |ap_phi_reg_pp0_iter6_empty_233_reg_1049       |  16|   0|   16|          0|
    |ap_phi_reg_pp0_iter6_empty_234_reg_1059       |  16|   0|   16|          0|
    |ap_phi_reg_pp0_iter6_empty_235_reg_1069       |  16|   0|   16|          0|
    |ap_phi_reg_pp0_iter6_empty_236_reg_1079       |  16|   0|   16|          0|
    |ap_phi_reg_pp0_iter6_empty_237_reg_1089       |  16|   0|   16|          0|
    |ap_phi_reg_pp0_iter6_empty_238_reg_1099       |  16|   0|   16|          0|
    |ap_phi_reg_pp0_iter6_empty_239_reg_1109       |  16|   0|   16|          0|
    |ap_phi_reg_pp0_iter6_empty_reg_1039           |  16|   0|   16|          0|
    |ap_phi_reg_pp0_iter7_empty_236_reg_1079       |  16|   0|   16|          0|
    |ap_phi_reg_pp0_iter7_empty_237_reg_1089       |  16|   0|   16|          0|
    |ap_phi_reg_pp0_iter7_empty_238_reg_1099       |  16|   0|   16|          0|
    |ap_phi_reg_pp0_iter7_empty_239_reg_1109       |  16|   0|   16|          0|
    |dim_fu_196                                    |   7|   0|    7|          0|
    |e_end_1_fu_188                                |  32|   0|   32|          0|
    |e_end_reg_2493                                |  32|   0|   32|          0|
    |e_fu_204                                      |  32|   0|   32|          0|
    |e_start_1_fu_192                              |  32|   0|   32|          0|
    |edge_embed_V_1_reg_2969                       |  16|   0|   16|          0|
    |edge_embed_V_2_reg_2999                       |  16|   0|   16|          0|
    |edge_embed_V_3_reg_3029                       |  16|   0|   16|          0|
    |edge_embed_V_4_reg_2666                       |  16|   0|   16|          0|
    |edge_embed_V_4_reg_2666_pp0_iter5_reg         |  16|   0|   16|          0|
    |edge_embed_V_5_reg_2676                       |  16|   0|   16|          0|
    |edge_embed_V_5_reg_2676_pp0_iter5_reg         |  16|   0|   16|          0|
    |edge_embed_V_6_reg_2686                       |  16|   0|   16|          0|
    |edge_embed_V_6_reg_2686_pp0_iter5_reg         |  16|   0|   16|          0|
    |edge_embed_V_7_reg_2696                       |  16|   0|   16|          0|
    |edge_embed_V_7_reg_2696_pp0_iter5_reg         |  16|   0|   16|          0|
    |edge_embed_V_reg_2939                         |  16|   0|   16|          0|
    |edge_embedding_weights_V_3_0_load_reg_2944    |  16|   0|   16|          0|
    |edge_embedding_weights_V_3_1_load_reg_2974    |  16|   0|   16|          0|
    |edge_embedding_weights_V_3_2_load_reg_3004    |  16|   0|   16|          0|
    |edge_embedding_weights_V_3_3_load_reg_3034    |  16|   0|   16|          0|
    |edge_embedding_weights_V_3_4_load_1_reg_2780  |  16|   0|   16|          0|
    |edge_embedding_weights_V_3_4_load_reg_2775    |  16|   0|   16|          0|
    |edge_embedding_weights_V_3_5_load_1_reg_2795  |  16|   0|   16|          0|
    |edge_embedding_weights_V_3_5_load_reg_2790    |  16|   0|   16|          0|
    |edge_embedding_weights_V_3_6_load_1_reg_2810  |  16|   0|   16|          0|
    |edge_embedding_weights_V_3_6_load_reg_2805    |  16|   0|   16|          0|
    |edge_embedding_weights_V_3_7_load_1_reg_2825  |  16|   0|   16|          0|
    |edge_embedding_weights_V_3_7_load_reg_2820    |  16|   0|   16|          0|
    |i_fu_200                                      |   4|   0|    4|          0|
    |icmp_ln43_reg_2428                            |   1|   0|    1|          0|
    |icmp_ln65_reg_2498                            |   1|   0|    1|          0|
    |icmp_ln79_reg_2468                            |   1|   0|    1|          0|
    |idxprom34_165_mid2_v_v_reg_2483               |   7|   0|    7|          0|
    |idxprom34_280_mid2_v_v_reg_2488               |   7|   0|    7|          0|
    |indvar_flatten_fu_208                         |  36|   0|   36|          0|
    |message627_addr_reg_2915                      |  11|   0|   11|          0|
    |message627_addr_reg_2915_pp0_iter8_reg        |  11|   0|   11|          0|
    |message628_addr_reg_2921                      |  11|   0|   11|          0|
    |message628_addr_reg_2921_pp0_iter8_reg        |  11|   0|   11|          0|
    |message629_addr_reg_2927                      |  11|   0|   11|          0|
    |message629_addr_reg_2927_pp0_iter8_reg        |  11|   0|   11|          0|
    |message630_addr_reg_2933                      |  11|   0|   11|          0|
    |message630_addr_reg_2933_pp0_iter8_reg        |  11|   0|   11|          0|
    |message631_addr_reg_2711                      |  11|   0|   11|          0|
    |message631_addr_reg_2711_pp0_iter6_reg        |  11|   0|   11|          0|
    |message632_addr_reg_2717                      |  11|   0|   11|          0|
    |message632_addr_reg_2717_pp0_iter6_reg        |  11|   0|   11|          0|
    |message633_addr_reg_2723                      |  11|   0|   11|          0|
    |message633_addr_reg_2723_pp0_iter6_reg        |  11|   0|   11|          0|
    |message634_addr_reg_2729                      |  11|   0|   11|          0|
    |message634_addr_reg_2729_pp0_iter6_reg        |  11|   0|   11|          0|
    |mul_ln712_cast_reg_2421                       |   7|   0|    8|          1|
    |nd_idx_1_fu_184                               |  32|   0|   32|          0|
    |nd_idx_1_load_reg_2432                        |  32|   0|   32|          0|
    |neighbor_tables_1_3_load_reg_2575             |   7|   0|    7|          0|
    |node_nd_1_fu_180                              |  32|   0|   32|          0|
    |select_ln43_2_reg_2445                        |  32|   0|   32|          0|
    |select_ln43_reg_2438                          |   4|   0|    4|          0|
    |trunc_ln145_reg_2502                          |   1|   0|    1|          0|
    |trunc_ln712_11_reg_3009                       |  15|   0|   15|          0|
    |trunc_ln712_12_reg_3014                       |  15|   0|   15|          0|
    |trunc_ln712_15_reg_3039                       |  15|   0|   15|          0|
    |trunc_ln712_16_reg_3044                       |  15|   0|   15|          0|
    |trunc_ln712_20_reg_2671                       |  15|   0|   15|          0|
    |trunc_ln712_20_reg_2671_pp0_iter5_reg         |  15|   0|   15|          0|
    |trunc_ln712_24_reg_2681                       |  15|   0|   15|          0|
    |trunc_ln712_24_reg_2681_pp0_iter5_reg         |  15|   0|   15|          0|
    |trunc_ln712_28_reg_2691                       |  15|   0|   15|          0|
    |trunc_ln712_28_reg_2691_pp0_iter5_reg         |  15|   0|   15|          0|
    |trunc_ln712_32_reg_2701                       |  15|   0|   15|          0|
    |trunc_ln712_32_reg_2701_pp0_iter5_reg         |  15|   0|   15|          0|
    |trunc_ln712_3_reg_2949                        |  15|   0|   15|          0|
    |trunc_ln712_4_reg_2954                        |  15|   0|   15|          0|
    |trunc_ln712_7_reg_2979                        |  15|   0|   15|          0|
    |trunc_ln712_8_reg_2984                        |  15|   0|   15|          0|
    |trunc_ln712_reg_2478                          |   6|   0|    6|          0|
    |zext_ln43_1_reg_2453                          |   9|   0|   64|         55|
    |zext_ln43_1_reg_2453_pp0_iter2_reg            |   9|   0|   64|         55|
    |zext_ln50_reg_2526                            |   4|   0|   64|         60|
    |zext_ln712_16_reg_2706                        |   4|   0|   11|          7|
    |zext_ln712_17_reg_2538                        |   4|   0|   10|          6|
    |zext_ln712_17_reg_2538_pp0_iter4_reg          |   4|   0|   10|          6|
    |icmp_ln43_reg_2428                            |  64|  32|    1|          0|
    |icmp_ln65_reg_2498                            |  64|  32|    1|          0|
    |icmp_ln79_reg_2468                            |  64|  32|    1|          0|
    |select_ln43_reg_2438                          |  64|  32|    4|          0|
    +----------------------------------------------+----+----+-----+-----------+
    |Total                                         |2625| 128| 2566|        190|
    +----------------------------------------------+----+----+-----+-----------+



================================================================
== Interface
================================================================
* Summary: 
+-------------------------------------------+-----+-----+------------+---------------------------------------------------------------+--------------+
|                 RTL Ports                 | Dir | Bits|  Protocol  |                         Source Object                         |    C Type    |
+-------------------------------------------+-----+-----+------------+---------------------------------------------------------------+--------------+
|ap_clk                                     |   in|    1|  ap_ctrl_hs|  message_passing_pe21_Pipeline_VITIS_LOOP_43_1_VITIS_LOOP_50_2|  return value|
|ap_rst                                     |   in|    1|  ap_ctrl_hs|  message_passing_pe21_Pipeline_VITIS_LOOP_43_1_VITIS_LOOP_50_2|  return value|
|ap_start                                   |   in|    1|  ap_ctrl_hs|  message_passing_pe21_Pipeline_VITIS_LOOP_43_1_VITIS_LOOP_50_2|  return value|
|ap_done                                    |  out|    1|  ap_ctrl_hs|  message_passing_pe21_Pipeline_VITIS_LOOP_43_1_VITIS_LOOP_50_2|  return value|
|ap_idle                                    |  out|    1|  ap_ctrl_hs|  message_passing_pe21_Pipeline_VITIS_LOOP_43_1_VITIS_LOOP_50_2|  return value|
|ap_ready                                   |  out|    1|  ap_ctrl_hs|  message_passing_pe21_Pipeline_VITIS_LOOP_43_1_VITIS_LOOP_50_2|  return value|
|embeddings_per_node_0_0_0_0_0345_dout      |   in|   16|     ap_fifo|                               embeddings_per_node_0_0_0_0_0345|       pointer|
|embeddings_per_node_0_0_0_0_0345_empty_n   |   in|    1|     ap_fifo|                               embeddings_per_node_0_0_0_0_0345|       pointer|
|embeddings_per_node_0_0_0_0_0345_read      |  out|    1|     ap_fifo|                               embeddings_per_node_0_0_0_0_0345|       pointer|
|embeddings_per_node_0_0_0_0_0346_dout      |   in|   16|     ap_fifo|                               embeddings_per_node_0_0_0_0_0346|       pointer|
|embeddings_per_node_0_0_0_0_0346_empty_n   |   in|    1|     ap_fifo|                               embeddings_per_node_0_0_0_0_0346|       pointer|
|embeddings_per_node_0_0_0_0_0346_read      |  out|    1|     ap_fifo|                               embeddings_per_node_0_0_0_0_0346|       pointer|
|embeddings_per_node_0_0_0_0_0347_dout      |   in|   16|     ap_fifo|                               embeddings_per_node_0_0_0_0_0347|       pointer|
|embeddings_per_node_0_0_0_0_0347_empty_n   |   in|    1|     ap_fifo|                               embeddings_per_node_0_0_0_0_0347|       pointer|
|embeddings_per_node_0_0_0_0_0347_read      |  out|    1|     ap_fifo|                               embeddings_per_node_0_0_0_0_0347|       pointer|
|embeddings_per_node_0_0_0_0_0348_dout      |   in|   16|     ap_fifo|                               embeddings_per_node_0_0_0_0_0348|       pointer|
|embeddings_per_node_0_0_0_0_0348_empty_n   |   in|    1|     ap_fifo|                               embeddings_per_node_0_0_0_0_0348|       pointer|
|embeddings_per_node_0_0_0_0_0348_read      |  out|    1|     ap_fifo|                               embeddings_per_node_0_0_0_0_0348|       pointer|
|embeddings_per_node_0_0_0_0_0349_dout      |   in|   16|     ap_fifo|                               embeddings_per_node_0_0_0_0_0349|       pointer|
|embeddings_per_node_0_0_0_0_0349_empty_n   |   in|    1|     ap_fifo|                               embeddings_per_node_0_0_0_0_0349|       pointer|
|embeddings_per_node_0_0_0_0_0349_read      |  out|    1|     ap_fifo|                               embeddings_per_node_0_0_0_0_0349|       pointer|
|embeddings_per_node_0_0_0_0_0350_dout      |   in|   16|     ap_fifo|                               embeddings_per_node_0_0_0_0_0350|       pointer|
|embeddings_per_node_0_0_0_0_0350_empty_n   |   in|    1|     ap_fifo|                               embeddings_per_node_0_0_0_0_0350|       pointer|
|embeddings_per_node_0_0_0_0_0350_read      |  out|    1|     ap_fifo|                               embeddings_per_node_0_0_0_0_0350|       pointer|
|embeddings_per_node_0_0_0_0_0351_dout      |   in|   16|     ap_fifo|                               embeddings_per_node_0_0_0_0_0351|       pointer|
|embeddings_per_node_0_0_0_0_0351_empty_n   |   in|    1|     ap_fifo|                               embeddings_per_node_0_0_0_0_0351|       pointer|
|embeddings_per_node_0_0_0_0_0351_read      |  out|    1|     ap_fifo|                               embeddings_per_node_0_0_0_0_0351|       pointer|
|embeddings_per_node_0_0_0_0_0352_dout      |   in|   16|     ap_fifo|                               embeddings_per_node_0_0_0_0_0352|       pointer|
|embeddings_per_node_0_0_0_0_0352_empty_n   |   in|    1|     ap_fifo|                               embeddings_per_node_0_0_0_0_0352|       pointer|
|embeddings_per_node_0_0_0_0_0352_read      |  out|    1|     ap_fifo|                               embeddings_per_node_0_0_0_0_0352|       pointer|
|embeddings_per_node_0_0_0_0_035_dout       |   in|   16|     ap_fifo|                                embeddings_per_node_0_0_0_0_035|       pointer|
|embeddings_per_node_0_0_0_0_035_empty_n    |   in|    1|     ap_fifo|                                embeddings_per_node_0_0_0_0_035|       pointer|
|embeddings_per_node_0_0_0_0_035_read       |  out|    1|     ap_fifo|                                embeddings_per_node_0_0_0_0_035|       pointer|
|embeddings_per_node_0_0_0_0_03553_dout     |   in|   16|     ap_fifo|                              embeddings_per_node_0_0_0_0_03553|       pointer|
|embeddings_per_node_0_0_0_0_03553_empty_n  |   in|    1|     ap_fifo|                              embeddings_per_node_0_0_0_0_03553|       pointer|
|embeddings_per_node_0_0_0_0_03553_read     |  out|    1|     ap_fifo|                              embeddings_per_node_0_0_0_0_03553|       pointer|
|embeddings_per_node_0_0_0_0_03554_dout     |   in|   16|     ap_fifo|                              embeddings_per_node_0_0_0_0_03554|       pointer|
|embeddings_per_node_0_0_0_0_03554_empty_n  |   in|    1|     ap_fifo|                              embeddings_per_node_0_0_0_0_03554|       pointer|
|embeddings_per_node_0_0_0_0_03554_read     |  out|    1|     ap_fifo|                              embeddings_per_node_0_0_0_0_03554|       pointer|
|embeddings_per_node_0_0_0_0_03555_dout     |   in|   16|     ap_fifo|                              embeddings_per_node_0_0_0_0_03555|       pointer|
|embeddings_per_node_0_0_0_0_03555_empty_n  |   in|    1|     ap_fifo|                              embeddings_per_node_0_0_0_0_03555|       pointer|
|embeddings_per_node_0_0_0_0_03555_read     |  out|    1|     ap_fifo|                              embeddings_per_node_0_0_0_0_03555|       pointer|
|embeddings_per_node_0_0_0_0_03556_dout     |   in|   16|     ap_fifo|                              embeddings_per_node_0_0_0_0_03556|       pointer|
|embeddings_per_node_0_0_0_0_03556_empty_n  |   in|    1|     ap_fifo|                              embeddings_per_node_0_0_0_0_03556|       pointer|
|embeddings_per_node_0_0_0_0_03556_read     |  out|    1|     ap_fifo|                              embeddings_per_node_0_0_0_0_03556|       pointer|
|embeddings_per_node_0_0_0_0_03557_dout     |   in|   16|     ap_fifo|                              embeddings_per_node_0_0_0_0_03557|       pointer|
|embeddings_per_node_0_0_0_0_03557_empty_n  |   in|    1|     ap_fifo|                              embeddings_per_node_0_0_0_0_03557|       pointer|
|embeddings_per_node_0_0_0_0_03557_read     |  out|    1|     ap_fifo|                              embeddings_per_node_0_0_0_0_03557|       pointer|
|embeddings_per_node_0_0_0_0_03558_dout     |   in|   16|     ap_fifo|                              embeddings_per_node_0_0_0_0_03558|       pointer|
|embeddings_per_node_0_0_0_0_03558_empty_n  |   in|    1|     ap_fifo|                              embeddings_per_node_0_0_0_0_03558|       pointer|
|embeddings_per_node_0_0_0_0_03558_read     |  out|    1|     ap_fifo|                              embeddings_per_node_0_0_0_0_03558|       pointer|
|embeddings_per_node_0_0_0_0_03559_dout     |   in|   16|     ap_fifo|                              embeddings_per_node_0_0_0_0_03559|       pointer|
|embeddings_per_node_0_0_0_0_03559_empty_n  |   in|    1|     ap_fifo|                              embeddings_per_node_0_0_0_0_03559|       pointer|
|embeddings_per_node_0_0_0_0_03559_read     |  out|    1|     ap_fifo|                              embeddings_per_node_0_0_0_0_03559|       pointer|
|bound                                      |   in|   36|     ap_none|                                                          bound|        scalar|
|mul_ln712                                  |   in|    7|     ap_none|                                                      mul_ln712|        scalar|
|message627_address0                        |  out|   11|   ap_memory|                                                     message627|         array|
|message627_ce0                             |  out|    1|   ap_memory|                                                     message627|         array|
|message627_we0                             |  out|    1|   ap_memory|                                                     message627|         array|
|message627_d0                              |  out|   16|   ap_memory|                                                     message627|         array|
|message627_address1                        |  out|   11|   ap_memory|                                                     message627|         array|
|message627_ce1                             |  out|    1|   ap_memory|                                                     message627|         array|
|message627_q1                              |   in|   16|   ap_memory|                                                     message627|         array|
|message628_address0                        |  out|   11|   ap_memory|                                                     message628|         array|
|message628_ce0                             |  out|    1|   ap_memory|                                                     message628|         array|
|message628_we0                             |  out|    1|   ap_memory|                                                     message628|         array|
|message628_d0                              |  out|   16|   ap_memory|                                                     message628|         array|
|message628_address1                        |  out|   11|   ap_memory|                                                     message628|         array|
|message628_ce1                             |  out|    1|   ap_memory|                                                     message628|         array|
|message628_q1                              |   in|   16|   ap_memory|                                                     message628|         array|
|message629_address0                        |  out|   11|   ap_memory|                                                     message629|         array|
|message629_ce0                             |  out|    1|   ap_memory|                                                     message629|         array|
|message629_we0                             |  out|    1|   ap_memory|                                                     message629|         array|
|message629_d0                              |  out|   16|   ap_memory|                                                     message629|         array|
|message629_address1                        |  out|   11|   ap_memory|                                                     message629|         array|
|message629_ce1                             |  out|    1|   ap_memory|                                                     message629|         array|
|message629_q1                              |   in|   16|   ap_memory|                                                     message629|         array|
|message630_address0                        |  out|   11|   ap_memory|                                                     message630|         array|
|message630_ce0                             |  out|    1|   ap_memory|                                                     message630|         array|
|message630_we0                             |  out|    1|   ap_memory|                                                     message630|         array|
|message630_d0                              |  out|   16|   ap_memory|                                                     message630|         array|
|message630_address1                        |  out|   11|   ap_memory|                                                     message630|         array|
|message630_ce1                             |  out|    1|   ap_memory|                                                     message630|         array|
|message630_q1                              |   in|   16|   ap_memory|                                                     message630|         array|
|message631_address0                        |  out|   11|   ap_memory|                                                     message631|         array|
|message631_ce0                             |  out|    1|   ap_memory|                                                     message631|         array|
|message631_we0                             |  out|    1|   ap_memory|                                                     message631|         array|
|message631_d0                              |  out|   16|   ap_memory|                                                     message631|         array|
|message631_address1                        |  out|   11|   ap_memory|                                                     message631|         array|
|message631_ce1                             |  out|    1|   ap_memory|                                                     message631|         array|
|message631_q1                              |   in|   16|   ap_memory|                                                     message631|         array|
|message632_address0                        |  out|   11|   ap_memory|                                                     message632|         array|
|message632_ce0                             |  out|    1|   ap_memory|                                                     message632|         array|
|message632_we0                             |  out|    1|   ap_memory|                                                     message632|         array|
|message632_d0                              |  out|   16|   ap_memory|                                                     message632|         array|
|message632_address1                        |  out|   11|   ap_memory|                                                     message632|         array|
|message632_ce1                             |  out|    1|   ap_memory|                                                     message632|         array|
|message632_q1                              |   in|   16|   ap_memory|                                                     message632|         array|
|message633_address0                        |  out|   11|   ap_memory|                                                     message633|         array|
|message633_ce0                             |  out|    1|   ap_memory|                                                     message633|         array|
|message633_we0                             |  out|    1|   ap_memory|                                                     message633|         array|
|message633_d0                              |  out|   16|   ap_memory|                                                     message633|         array|
|message633_address1                        |  out|   11|   ap_memory|                                                     message633|         array|
|message633_ce1                             |  out|    1|   ap_memory|                                                     message633|         array|
|message633_q1                              |   in|   16|   ap_memory|                                                     message633|         array|
|message634_address0                        |  out|   11|   ap_memory|                                                     message634|         array|
|message634_ce0                             |  out|    1|   ap_memory|                                                     message634|         array|
|message634_we0                             |  out|    1|   ap_memory|                                                     message634|         array|
|message634_d0                              |  out|   16|   ap_memory|                                                     message634|         array|
|message634_address1                        |  out|   11|   ap_memory|                                                     message634|         array|
|message634_ce1                             |  out|    1|   ap_memory|                                                     message634|         array|
|message634_q1                              |   in|   16|   ap_memory|                                                     message634|         array|
|edge_embedding_weights_V_3_0_address0      |  out|   10|   ap_memory|                                   edge_embedding_weights_V_3_0|         array|
|edge_embedding_weights_V_3_0_ce0           |  out|    1|   ap_memory|                                   edge_embedding_weights_V_3_0|         array|
|edge_embedding_weights_V_3_0_q0            |   in|   16|   ap_memory|                                   edge_embedding_weights_V_3_0|         array|
|edge_embedding_weights_V_3_0_address1      |  out|   10|   ap_memory|                                   edge_embedding_weights_V_3_0|         array|
|edge_embedding_weights_V_3_0_ce1           |  out|    1|   ap_memory|                                   edge_embedding_weights_V_3_0|         array|
|edge_embedding_weights_V_3_0_q1            |   in|   16|   ap_memory|                                   edge_embedding_weights_V_3_0|         array|
|edge_embedding_weights_V_3_0_address2      |  out|   10|   ap_memory|                                   edge_embedding_weights_V_3_0|         array|
|edge_embedding_weights_V_3_0_ce2           |  out|    1|   ap_memory|                                   edge_embedding_weights_V_3_0|         array|
|edge_embedding_weights_V_3_0_q2            |   in|   16|   ap_memory|                                   edge_embedding_weights_V_3_0|         array|
|edge_embedding_weights_V_3_1_address0      |  out|   10|   ap_memory|                                   edge_embedding_weights_V_3_1|         array|
|edge_embedding_weights_V_3_1_ce0           |  out|    1|   ap_memory|                                   edge_embedding_weights_V_3_1|         array|
|edge_embedding_weights_V_3_1_q0            |   in|   16|   ap_memory|                                   edge_embedding_weights_V_3_1|         array|
|edge_embedding_weights_V_3_1_address1      |  out|   10|   ap_memory|                                   edge_embedding_weights_V_3_1|         array|
|edge_embedding_weights_V_3_1_ce1           |  out|    1|   ap_memory|                                   edge_embedding_weights_V_3_1|         array|
|edge_embedding_weights_V_3_1_q1            |   in|   16|   ap_memory|                                   edge_embedding_weights_V_3_1|         array|
|edge_embedding_weights_V_3_1_address2      |  out|   10|   ap_memory|                                   edge_embedding_weights_V_3_1|         array|
|edge_embedding_weights_V_3_1_ce2           |  out|    1|   ap_memory|                                   edge_embedding_weights_V_3_1|         array|
|edge_embedding_weights_V_3_1_q2            |   in|   16|   ap_memory|                                   edge_embedding_weights_V_3_1|         array|
|edge_embedding_weights_V_3_2_address0      |  out|   10|   ap_memory|                                   edge_embedding_weights_V_3_2|         array|
|edge_embedding_weights_V_3_2_ce0           |  out|    1|   ap_memory|                                   edge_embedding_weights_V_3_2|         array|
|edge_embedding_weights_V_3_2_q0            |   in|   16|   ap_memory|                                   edge_embedding_weights_V_3_2|         array|
|edge_embedding_weights_V_3_2_address1      |  out|   10|   ap_memory|                                   edge_embedding_weights_V_3_2|         array|
|edge_embedding_weights_V_3_2_ce1           |  out|    1|   ap_memory|                                   edge_embedding_weights_V_3_2|         array|
|edge_embedding_weights_V_3_2_q1            |   in|   16|   ap_memory|                                   edge_embedding_weights_V_3_2|         array|
|edge_embedding_weights_V_3_2_address2      |  out|   10|   ap_memory|                                   edge_embedding_weights_V_3_2|         array|
|edge_embedding_weights_V_3_2_ce2           |  out|    1|   ap_memory|                                   edge_embedding_weights_V_3_2|         array|
|edge_embedding_weights_V_3_2_q2            |   in|   16|   ap_memory|                                   edge_embedding_weights_V_3_2|         array|
|edge_embedding_weights_V_3_3_address0      |  out|   10|   ap_memory|                                   edge_embedding_weights_V_3_3|         array|
|edge_embedding_weights_V_3_3_ce0           |  out|    1|   ap_memory|                                   edge_embedding_weights_V_3_3|         array|
|edge_embedding_weights_V_3_3_q0            |   in|   16|   ap_memory|                                   edge_embedding_weights_V_3_3|         array|
|edge_embedding_weights_V_3_3_address1      |  out|   10|   ap_memory|                                   edge_embedding_weights_V_3_3|         array|
|edge_embedding_weights_V_3_3_ce1           |  out|    1|   ap_memory|                                   edge_embedding_weights_V_3_3|         array|
|edge_embedding_weights_V_3_3_q1            |   in|   16|   ap_memory|                                   edge_embedding_weights_V_3_3|         array|
|edge_embedding_weights_V_3_3_address2      |  out|   10|   ap_memory|                                   edge_embedding_weights_V_3_3|         array|
|edge_embedding_weights_V_3_3_ce2           |  out|    1|   ap_memory|                                   edge_embedding_weights_V_3_3|         array|
|edge_embedding_weights_V_3_3_q2            |   in|   16|   ap_memory|                                   edge_embedding_weights_V_3_3|         array|
|neighbor_tables_1_3_address0               |  out|    9|   ap_memory|                                            neighbor_tables_1_3|         array|
|neighbor_tables_1_3_ce0                    |  out|    1|   ap_memory|                                            neighbor_tables_1_3|         array|
|neighbor_tables_1_3_q0                     |   in|    7|   ap_memory|                                            neighbor_tables_1_3|         array|
|edge_attrs_1_3_address0                    |  out|    9|   ap_memory|                                                 edge_attrs_1_3|         array|
|edge_attrs_1_3_ce0                         |  out|    1|   ap_memory|                                                 edge_attrs_1_3|         array|
|edge_attrs_1_3_q0                          |   in|   71|   ap_memory|                                                 edge_attrs_1_3|         array|
|degree_tables_1_3_address0                 |  out|    9|   ap_memory|                                              degree_tables_1_3|         array|
|degree_tables_1_3_ce0                      |  out|    1|   ap_memory|                                              degree_tables_1_3|         array|
|degree_tables_1_3_q0                       |   in|   64|   ap_memory|                                              degree_tables_1_3|         array|
|edge_embedding_weights_V_3_4_address0      |  out|   10|   ap_memory|                                   edge_embedding_weights_V_3_4|         array|
|edge_embedding_weights_V_3_4_ce0           |  out|    1|   ap_memory|                                   edge_embedding_weights_V_3_4|         array|
|edge_embedding_weights_V_3_4_q0            |   in|   16|   ap_memory|                                   edge_embedding_weights_V_3_4|         array|
|edge_embedding_weights_V_3_4_address1      |  out|   10|   ap_memory|                                   edge_embedding_weights_V_3_4|         array|
|edge_embedding_weights_V_3_4_ce1           |  out|    1|   ap_memory|                                   edge_embedding_weights_V_3_4|         array|
|edge_embedding_weights_V_3_4_q1            |   in|   16|   ap_memory|                                   edge_embedding_weights_V_3_4|         array|
|edge_embedding_weights_V_3_4_address2      |  out|   10|   ap_memory|                                   edge_embedding_weights_V_3_4|         array|
|edge_embedding_weights_V_3_4_ce2           |  out|    1|   ap_memory|                                   edge_embedding_weights_V_3_4|         array|
|edge_embedding_weights_V_3_4_q2            |   in|   16|   ap_memory|                                   edge_embedding_weights_V_3_4|         array|
|edge_embedding_weights_V_3_5_address0      |  out|   10|   ap_memory|                                   edge_embedding_weights_V_3_5|         array|
|edge_embedding_weights_V_3_5_ce0           |  out|    1|   ap_memory|                                   edge_embedding_weights_V_3_5|         array|
|edge_embedding_weights_V_3_5_q0            |   in|   16|   ap_memory|                                   edge_embedding_weights_V_3_5|         array|
|edge_embedding_weights_V_3_5_address1      |  out|   10|   ap_memory|                                   edge_embedding_weights_V_3_5|         array|
|edge_embedding_weights_V_3_5_ce1           |  out|    1|   ap_memory|                                   edge_embedding_weights_V_3_5|         array|
|edge_embedding_weights_V_3_5_q1            |   in|   16|   ap_memory|                                   edge_embedding_weights_V_3_5|         array|
|edge_embedding_weights_V_3_5_address2      |  out|   10|   ap_memory|                                   edge_embedding_weights_V_3_5|         array|
|edge_embedding_weights_V_3_5_ce2           |  out|    1|   ap_memory|                                   edge_embedding_weights_V_3_5|         array|
|edge_embedding_weights_V_3_5_q2            |   in|   16|   ap_memory|                                   edge_embedding_weights_V_3_5|         array|
|edge_embedding_weights_V_3_6_address0      |  out|   10|   ap_memory|                                   edge_embedding_weights_V_3_6|         array|
|edge_embedding_weights_V_3_6_ce0           |  out|    1|   ap_memory|                                   edge_embedding_weights_V_3_6|         array|
|edge_embedding_weights_V_3_6_q0            |   in|   16|   ap_memory|                                   edge_embedding_weights_V_3_6|         array|
|edge_embedding_weights_V_3_6_address1      |  out|   10|   ap_memory|                                   edge_embedding_weights_V_3_6|         array|
|edge_embedding_weights_V_3_6_ce1           |  out|    1|   ap_memory|                                   edge_embedding_weights_V_3_6|         array|
|edge_embedding_weights_V_3_6_q1            |   in|   16|   ap_memory|                                   edge_embedding_weights_V_3_6|         array|
|edge_embedding_weights_V_3_6_address2      |  out|   10|   ap_memory|                                   edge_embedding_weights_V_3_6|         array|
|edge_embedding_weights_V_3_6_ce2           |  out|    1|   ap_memory|                                   edge_embedding_weights_V_3_6|         array|
|edge_embedding_weights_V_3_6_q2            |   in|   16|   ap_memory|                                   edge_embedding_weights_V_3_6|         array|
|edge_embedding_weights_V_3_7_address0      |  out|   10|   ap_memory|                                   edge_embedding_weights_V_3_7|         array|
|edge_embedding_weights_V_3_7_ce0           |  out|    1|   ap_memory|                                   edge_embedding_weights_V_3_7|         array|
|edge_embedding_weights_V_3_7_q0            |   in|   16|   ap_memory|                                   edge_embedding_weights_V_3_7|         array|
|edge_embedding_weights_V_3_7_address1      |  out|   10|   ap_memory|                                   edge_embedding_weights_V_3_7|         array|
|edge_embedding_weights_V_3_7_ce1           |  out|    1|   ap_memory|                                   edge_embedding_weights_V_3_7|         array|
|edge_embedding_weights_V_3_7_q1            |   in|   16|   ap_memory|                                   edge_embedding_weights_V_3_7|         array|
|edge_embedding_weights_V_3_7_address2      |  out|   10|   ap_memory|                                   edge_embedding_weights_V_3_7|         array|
|edge_embedding_weights_V_3_7_ce2           |  out|    1|   ap_memory|                                   edge_embedding_weights_V_3_7|         array|
|edge_embedding_weights_V_3_7_q2            |   in|   16|   ap_memory|                                   edge_embedding_weights_V_3_7|         array|
+-------------------------------------------+-----+-----+------------+---------------------------------------------------------------+--------------+

