

================================================================
== Vitis HLS Report for 'consumer'
================================================================
* Date:           Fri May  3 00:34:57 2024

* Version:        2021.1.1 (Build 3286242 on Wed Jul 28 13:09:46 MDT 2021)
* Project:        example-5
* Solution:       solution1 (Vivado IP Flow Target)
* Product family: zynquplus
* Target device:  xczu7ev-ffvc1156-2-e


================================================================
== Performance Estimates
================================================================
+ Timing: 
    * Summary: 
    +--------+---------+----------+------------+
    |  Clock |  Target | Estimated| Uncertainty|
    +--------+---------+----------+------------+
    |ap_clk  |  5.00 ns|  1.825 ns|     1.35 ns|
    +--------+---------+----------+------------+

+ Latency: 
    * Summary: 
    +---------+---------+----------+----------+-------+-------+---------+
    |  Latency (cycles) |  Latency (absolute) |    Interval   | Pipeline|
    |   min   |   max   |    min   |    max   |  min  |  max  |   Type  |
    +---------+---------+----------+----------+-------+-------+---------+
    |    65538|    65538|  0.328 ms|  0.328 ms|  65538|  65538|       no|
    +---------+---------+----------+----------+-------+-------+---------+

    + Detail: 
        * Instance: 
        N/A

        * Loop: 
        +-------------------+---------+---------+----------+-----------+-----------+-------+----------+
        |                   |  Latency (cycles) | Iteration|  Initiation Interval  |  Trip |          |
        |     Loop Name     |   min   |   max   |  Latency |  achieved |   target  | Count | Pipelined|
        +-------------------+---------+---------+----------+-----------+-----------+-------+----------+
        |- VITIS_LOOP_26_1  |    65536|    65536|         2|          1|          1|  65536|       yes|
        +-------------------+---------+---------+----------+-----------+-----------+-------+----------+



================================================================
== Utilization Estimates
================================================================
* Summary: 
+-----------------+---------+------+--------+--------+-----+
|       Name      | BRAM_18K|  DSP |   FF   |   LUT  | URAM|
+-----------------+---------+------+--------+--------+-----+
|DSP              |        -|     -|       -|       -|    -|
|Expression       |        -|     -|       0|      53|    -|
|FIFO             |        -|     -|       -|       -|    -|
|Instance         |        -|     -|       -|       -|    -|
|Memory           |        -|     -|       -|       -|    -|
|Multiplexer      |        -|     -|       -|      54|    -|
|Register         |        -|     -|      53|       -|    -|
+-----------------+---------+------+--------+--------+-----+
|Total            |        0|     0|      53|     107|    0|
+-----------------+---------+------+--------+--------+-----+
|Available        |      624|  1728|  460800|  230400|   96|
+-----------------+---------+------+--------+--------+-----+
|Utilization (%)  |        0|     0|      ~0|      ~0|    0|
+-----------------+---------+------+--------+--------+-----+

+ Detail: 
    * Instance: 
    N/A

    * DSP: 
    N/A

    * Memory: 
    N/A

    * FIFO: 
    N/A

    * Expression: 
    +----------------------------------+----------+----+---+----+------------+------------+
    |           Variable Name          | Operation| DSP| FF| LUT| Bitwidth P0| Bitwidth P1|
    +----------------------------------+----------+----+---+----+------------+------------+
    |i_4_fu_71_p2                      |         +|   0|  0|  24|          17|           1|
    |ap_block_state2_pp0_stage0_iter1  |       and|   0|  0|   2|           1|           1|
    |ap_condition_86                   |       and|   0|  0|   2|           1|           1|
    |icmp_ln26_fu_65_p2                |      icmp|   0|  0|  13|          17|          18|
    |icmp_ln29_fu_81_p2                |      icmp|   0|  0|   8|           2|           1|
    |ap_block_pp0_stage0_01001         |        or|   0|  0|   2|           1|           1|
    |ap_enable_pp0                     |       xor|   0|  0|   2|           1|           2|
    +----------------------------------+----------+----+---+----+------------+------------+
    |Total                             |          |   0|  0|  53|          40|          25|
    +----------------------------------+----------+----+---+----+------------+------------+

    * Multiplexer: 
    +-------------------------+----+-----------+-----+-----------+
    |           Name          | LUT| Input Size| Bits| Total Bits|
    +-------------------------+----+-----------+-----+-----------+
    |ap_done_int              |   9|          2|    1|          2|
    |ap_enable_reg_pp0_iter1  |   9|          2|    1|          2|
    |ap_sig_allocacmp_i_3     |   9|          2|   17|         34|
    |channel1_blk_n           |   9|          2|    1|          2|
    |i_fu_40                  |   9|          2|   17|         34|
    |out_r                    |   9|          2|   32|         64|
    +-------------------------+----+-----------+-----+-----------+
    |Total                    |  54|         12|   69|        138|
    +-------------------------+----+-----------+-----+-----------+

    * Register: 
    +-------------------------+----+----+-----+-----------+
    |           Name          | FF | LUT| Bits| Const Bits|
    +-------------------------+----+----+-----+-----------+
    |ap_CS_fsm                |   1|   0|    1|          0|
    |ap_done_reg              |   1|   0|    1|          0|
    |ap_enable_reg_pp0_iter1  |   1|   0|    1|          0|
    |i_fu_40                  |  17|   0|   17|          0|
    |icmp_ln29_reg_107        |   1|   0|    1|          0|
    |out_r_preg               |  32|   0|   32|          0|
    +-------------------------+----+----+-----+-----------+
    |Total                    |  53|   0|   53|          0|
    +-------------------------+----+----+-----+-----------+



================================================================
== Interface
================================================================
* Summary: 
+------------------+-----+-----+------------+--------------+--------------+
|     RTL Ports    | Dir | Bits|  Protocol  | Source Object|    C Type    |
+------------------+-----+-----+------------+--------------+--------------+
|ap_clk            |   in|    1|  ap_ctrl_hs|      consumer|  return value|
|ap_rst            |   in|    1|  ap_ctrl_hs|      consumer|  return value|
|ap_start          |   in|    1|  ap_ctrl_hs|      consumer|  return value|
|ap_done           |  out|    1|  ap_ctrl_hs|      consumer|  return value|
|ap_continue       |   in|    1|  ap_ctrl_hs|      consumer|  return value|
|ap_idle           |  out|    1|  ap_ctrl_hs|      consumer|  return value|
|ap_ready          |  out|    1|  ap_ctrl_hs|      consumer|  return value|
|channel1_dout     |   in|  256|     ap_fifo|      channel1|       pointer|
|channel1_empty_n  |   in|    1|     ap_fifo|      channel1|       pointer|
|channel1_read     |  out|    1|     ap_fifo|      channel1|       pointer|
|out_r             |  out|   32|      ap_vld|         out_r|       pointer|
|out_r_ap_vld      |  out|    1|      ap_vld|         out_r|       pointer|
+------------------+-----+-----+------------+--------------+--------------+

