

================================================================
== Vitis HLS Report for 'kernel'
================================================================
* Date:           Fri May  3 00:34:57 2024

* Version:        2021.1.1 (Build 3286242 on Wed Jul 28 13:09:46 MDT 2021)
* Project:        example-5
* Solution:       solution1 (Vivado IP Flow Target)
* Product family: zynquplus
* Target device:  xczu7ev-ffvc1156-2-e


================================================================
== Performance Estimates
================================================================
+ Timing: 
    * Summary: 
    +--------+---------+----------+------------+
    |  Clock |  Target | Estimated| Uncertainty|
    +--------+---------+----------+------------+
    |ap_clk  |  5.00 ns|  1.825 ns|     1.35 ns|
    +--------+---------+----------+------------+

+ Latency: 
    * Summary: 
    +---------+---------+----------+----------+-------+-------+----------+
    |  Latency (cycles) |  Latency (absolute) |    Interval   | Pipeline |
    |   min   |   max   |    min   |    max   |  min  |  max  |   Type   |
    +---------+---------+----------+----------+-------+-------+----------+
    |    65539|    65539|  0.328 ms|  0.328 ms|  65539|  65539|  dataflow|
    +---------+---------+----------+----------+-------+-------+----------+

    + Detail: 
        * Instance: 
        +-------------+----------+---------+---------+----------+----------+-------+-------+---------+
        |             |          |  Latency (cycles) |  Latency (absolute) |    Interval   | Pipeline|
        |   Instance  |  Module  |   min   |   max   |    min   |    max   |  min  |  max  |   Type  |
        +-------------+----------+---------+---------+----------+----------+-------+-------+---------+
        |producer_U0  |producer  |    65538|    65538|  0.328 ms|  0.328 ms|  65538|  65538|       no|
        |consumer_U0  |consumer  |    65538|    65538|  0.328 ms|  0.328 ms|  65538|  65538|       no|
        +-------------+----------+---------+---------+----------+----------+-------+-------+---------+

        * Loop: 
        N/A



================================================================
== Utilization Estimates
================================================================
* Summary: 
+-----------------+---------+------+--------+--------+-----+
|       Name      | BRAM_18K|  DSP |   FF   |   LUT  | URAM|
+-----------------+---------+------+--------+--------+-----+
|DSP              |        -|     -|       -|       -|    -|
|Expression       |        -|     -|       0|       2|    -|
|FIFO             |        -|     -|      99|      67|    -|
|Instance         |        -|     -|     331|     218|    -|
|Memory           |        -|     -|       -|       -|    -|
|Multiplexer      |        -|     -|       -|       -|    -|
|Register         |        -|     -|       -|       -|    -|
+-----------------+---------+------+--------+--------+-----+
|Total            |        0|     0|     430|     287|    0|
+-----------------+---------+------+--------+--------+-----+
|Available        |      624|  1728|  460800|  230400|   96|
+-----------------+---------+------+--------+--------+-----+
|Utilization (%)  |        0|     0|      ~0|      ~0|    0|
+-----------------+---------+------+--------+--------+-----+

+ Detail: 
    * Instance: 
    +-------------+----------+---------+----+-----+-----+-----+
    |   Instance  |  Module  | BRAM_18K| DSP|  FF | LUT | URAM|
    +-------------+----------+---------+----+-----+-----+-----+
    |consumer_U0  |consumer  |        0|   0|   53|  107|    0|
    |producer_U0  |producer  |        0|   0|  278|  111|    0|
    +-------------+----------+---------+----+-----+-----+-----+
    |Total        |          |        0|   0|  331|  218|    0|
    +-------------+----------+---------+----+-----+-----+-----+

    * DSP: 
    N/A

    * Memory: 
    N/A

    * FIFO: 
    +-----------+---------+----+----+-----+------+-----+---------+
    |    Name   | BRAM_18K| FF | LUT| URAM| Depth| Bits| Size:D*B|
    +-----------+---------+----+----+-----+------+-----+---------+
    |channel_U  |        0|  99|   0|    -|     2|  256|      512|
    +-----------+---------+----+----+-----+------+-----+---------+
    |Total      |        0|  99|   0|    0|     2|  256|      512|
    +-----------+---------+----+----+-----+------+-----+---------+

    * Expression: 
    +--------------+----------+----+---+----+------------+------------+
    | Variable Name| Operation| DSP| FF| LUT| Bitwidth P0| Bitwidth P1|
    +--------------+----------+----+---+----+------------+------------+
    |ap_idle       |       and|   0|  0|   2|           1|           1|
    +--------------+----------+----+---+----+------------+------------+
    |Total         |          |   0|  0|   2|           1|           1|
    +--------------+----------+----+---+----+------------+------------+

    * Multiplexer: 
    N/A

    * Register: 
    N/A



================================================================
== Interface
================================================================
* Summary: 
+--------------+-----+-----+------------+--------------+--------------+
|   RTL Ports  | Dir | Bits|  Protocol  | Source Object|    C Type    |
+--------------+-----+-----+------------+--------------+--------------+
|out_r         |  out|   32|      ap_vld|         out_r|       pointer|
|out_r_ap_vld  |  out|    1|      ap_vld|         out_r|       pointer|
|in_r          |   in|   32|     ap_none|          in_r|        scalar|
|ap_clk        |   in|    1|  ap_ctrl_hs|        kernel|  return value|
|ap_rst        |   in|    1|  ap_ctrl_hs|        kernel|  return value|
|ap_start      |   in|    1|  ap_ctrl_hs|        kernel|  return value|
|ap_done       |  out|    1|  ap_ctrl_hs|        kernel|  return value|
|ap_ready      |  out|    1|  ap_ctrl_hs|        kernel|  return value|
|ap_idle       |  out|    1|  ap_ctrl_hs|        kernel|  return value|
+--------------+-----+-----+------------+--------------+--------------+

