

================================================================
== Vitis HLS Report for 'global_mean_pooling'
================================================================
* Date:           Fri May  3 00:22:52 2024

* Version:        2021.1.1 (Build 3286242 on Wed Jul 28 13:09:46 MDT 2021)
* Project:        example-4
* Solution:       solution1 (Vitis Kernel Flow Target)
* Product family: virtexuplus
* Target device:  xcu50-fsvh2104-2-e


================================================================
== Performance Estimates
================================================================
+ Timing: 
    * Summary: 
    +--------+---------+----------+------------+
    |  Clock |  Target | Estimated| Uncertainty|
    +--------+---------+----------+------------+
    |ap_clk  |  3.33 ns|  2.394 ns|     0.90 ns|
    +--------+---------+----------+------------+

+ Latency: 
    * Summary: 
    +---------+---------+----------+----------+-----+-----+---------+
    |  Latency (cycles) |  Latency (absolute) |  Interval | Pipeline|
    |   min   |   max   |    min   |    max   | min | max |   Type  |
    +---------+---------+----------+----------+-----+-----+---------+
    |      534|      534|  1.780 us|  1.780 us|  534|  534|       no|
    +---------+---------+----------+----------+-----+-----+---------+

    + Detail: 
        * Instance: 
        N/A

        * Loop: 
        N/A

============================================================
+ Verbose Summary: Synthesis Manager
============================================================
InlineROM: 1
ExposeGlobal: 0
============================================================
+ Verbose Summary: CDFG Model
============================================================
IsTopModel: 0
ResetActiveHigh: 1
IsCombinational: 2
IsDatapathOnly: 0
HasWiredReturn: 1
HasMFsm: 0
HasVarLatency: 1
IsPipeline: 0
IsRtlPipelined: 0
IsInstanceOverlapped: 0
IsDontTouch: 0
HasImplIP: 0
IsGatedGlobalClock: 0


============================================================
+ Verbose Summary: Schedule
============================================================
* Number of FSM states : 8
* Pipeline : 0
* Dataflow Pipeline: 0

* FSM state transitions: 
1 --> 2 
2 --> 3 
3 --> 4 
4 --> 5 
5 --> 6 
6 --> 7 
7 --> 8 
8 --> 

* FSM state operations: 

State 1 <SV = 0> <Delay = 1.76>
ST_1 : Operation 9 [1/1] (0.00ns)   --->   "%num_of_nodes_read = read i32 @_ssdm_op_Read.ap_auto.i32, i32 %num_of_nodes"   --->   Operation 9 'read' 'num_of_nodes_read' <Predicate = true> <Delay = 0.00>
ST_1 : Operation 10 [1/1] (0.00ns) (grouped into LUT with out node sub_ln48)   --->   "%empty = trunc i32 %num_of_nodes_read"   --->   Operation 10 'trunc' 'empty' <Predicate = true> <Delay = 0.00>
ST_1 : Operation 11 [1/1] (0.00ns)   --->   "%h_graph_out_0_loc = alloca i64 1"   --->   Operation 11 'alloca' 'h_graph_out_0_loc' <Predicate = true> <Delay = 0.00>
ST_1 : Operation 12 [1/1] (0.00ns)   --->   "%h_graph2_out_0_loc = alloca i64 1"   --->   Operation 12 'alloca' 'h_graph2_out_0_loc' <Predicate = true> <Delay = 0.00>
ST_1 : Operation 13 [1/1] (0.00ns)   --->   "%h_graph3_out_0_loc = alloca i64 1"   --->   Operation 13 'alloca' 'h_graph3_out_0_loc' <Predicate = true> <Delay = 0.00>
ST_1 : Operation 14 [1/1] (0.00ns)   --->   "%h_graph4_out_0_loc = alloca i64 1"   --->   Operation 14 'alloca' 'h_graph4_out_0_loc' <Predicate = true> <Delay = 0.00>
ST_1 : Operation 15 [1/1] (0.00ns)   --->   "%h_graph5_out_0_loc = alloca i64 1"   --->   Operation 15 'alloca' 'h_graph5_out_0_loc' <Predicate = true> <Delay = 0.00>
ST_1 : Operation 16 [1/1] (0.00ns)   --->   "%h_graph6_out_0_loc = alloca i64 1"   --->   Operation 16 'alloca' 'h_graph6_out_0_loc' <Predicate = true> <Delay = 0.00>
ST_1 : Operation 17 [1/1] (0.00ns)   --->   "%h_graph7_out_0_loc = alloca i64 1"   --->   Operation 17 'alloca' 'h_graph7_out_0_loc' <Predicate = true> <Delay = 0.00>
ST_1 : Operation 18 [1/1] (0.00ns)   --->   "%h_graph8_out_0_loc = alloca i64 1"   --->   Operation 18 'alloca' 'h_graph8_out_0_loc' <Predicate = true> <Delay = 0.00>
ST_1 : Operation 19 [1/1] (0.00ns)   --->   "%h_graph9_out_0_loc = alloca i64 1"   --->   Operation 19 'alloca' 'h_graph9_out_0_loc' <Predicate = true> <Delay = 0.00>
ST_1 : Operation 20 [1/1] (0.00ns)   --->   "%h_graph10_out_0_loc = alloca i64 1"   --->   Operation 20 'alloca' 'h_graph10_out_0_loc' <Predicate = true> <Delay = 0.00>
ST_1 : Operation 21 [1/1] (0.00ns)   --->   "%h_graph11_out_0_loc = alloca i64 1"   --->   Operation 21 'alloca' 'h_graph11_out_0_loc' <Predicate = true> <Delay = 0.00>
ST_1 : Operation 22 [1/1] (0.00ns)   --->   "%h_graph12_out_0_loc = alloca i64 1"   --->   Operation 22 'alloca' 'h_graph12_out_0_loc' <Predicate = true> <Delay = 0.00>
ST_1 : Operation 23 [1/1] (0.00ns)   --->   "%h_graph13_out_0_loc = alloca i64 1"   --->   Operation 23 'alloca' 'h_graph13_out_0_loc' <Predicate = true> <Delay = 0.00>
ST_1 : Operation 24 [1/1] (0.00ns)   --->   "%h_graph14_out_0_loc = alloca i64 1"   --->   Operation 24 'alloca' 'h_graph14_out_0_loc' <Predicate = true> <Delay = 0.00>
ST_1 : Operation 25 [1/1] (0.00ns)   --->   "%h_graph15_out_0_loc = alloca i64 1"   --->   Operation 25 'alloca' 'h_graph15_out_0_loc' <Predicate = true> <Delay = 0.00>
ST_1 : Operation 26 [1/1] (0.00ns)   --->   "%h_graph16_out_0_loc = alloca i64 1"   --->   Operation 26 'alloca' 'h_graph16_out_0_loc' <Predicate = true> <Delay = 0.00>
ST_1 : Operation 27 [1/1] (0.00ns)   --->   "%h_graph17_out_0_loc = alloca i64 1"   --->   Operation 27 'alloca' 'h_graph17_out_0_loc' <Predicate = true> <Delay = 0.00>
ST_1 : Operation 28 [1/1] (0.00ns)   --->   "%h_graph18_out_0_loc = alloca i64 1"   --->   Operation 28 'alloca' 'h_graph18_out_0_loc' <Predicate = true> <Delay = 0.00>
ST_1 : Operation 29 [1/1] (0.00ns)   --->   "%h_graph19_out_0_loc = alloca i64 1"   --->   Operation 29 'alloca' 'h_graph19_out_0_loc' <Predicate = true> <Delay = 0.00>
ST_1 : Operation 30 [1/1] (0.00ns)   --->   "%h_graph20_out_0_loc = alloca i64 1"   --->   Operation 30 'alloca' 'h_graph20_out_0_loc' <Predicate = true> <Delay = 0.00>
ST_1 : Operation 31 [1/1] (0.00ns)   --->   "%h_graph21_out_0_loc = alloca i64 1"   --->   Operation 31 'alloca' 'h_graph21_out_0_loc' <Predicate = true> <Delay = 0.00>
ST_1 : Operation 32 [1/1] (0.00ns)   --->   "%h_graph22_out_0_loc = alloca i64 1"   --->   Operation 32 'alloca' 'h_graph22_out_0_loc' <Predicate = true> <Delay = 0.00>
ST_1 : Operation 33 [1/1] (0.00ns)   --->   "%h_graph23_out_0_loc = alloca i64 1"   --->   Operation 33 'alloca' 'h_graph23_out_0_loc' <Predicate = true> <Delay = 0.00>
ST_1 : Operation 34 [1/1] (0.00ns)   --->   "%h_graph24_out_0_loc = alloca i64 1"   --->   Operation 34 'alloca' 'h_graph24_out_0_loc' <Predicate = true> <Delay = 0.00>
ST_1 : Operation 35 [1/1] (0.00ns)   --->   "%h_graph25_out_0_loc = alloca i64 1"   --->   Operation 35 'alloca' 'h_graph25_out_0_loc' <Predicate = true> <Delay = 0.00>
ST_1 : Operation 36 [1/1] (0.00ns)   --->   "%h_graph26_out_0_loc = alloca i64 1"   --->   Operation 36 'alloca' 'h_graph26_out_0_loc' <Predicate = true> <Delay = 0.00>
ST_1 : Operation 37 [1/1] (0.00ns)   --->   "%h_graph27_out_0_loc = alloca i64 1"   --->   Operation 37 'alloca' 'h_graph27_out_0_loc' <Predicate = true> <Delay = 0.00>
ST_1 : Operation 38 [1/1] (0.00ns)   --->   "%h_graph28_out_0_loc = alloca i64 1"   --->   Operation 38 'alloca' 'h_graph28_out_0_loc' <Predicate = true> <Delay = 0.00>
ST_1 : Operation 39 [1/1] (0.00ns)   --->   "%h_graph29_out_0_loc = alloca i64 1"   --->   Operation 39 'alloca' 'h_graph29_out_0_loc' <Predicate = true> <Delay = 0.00>
ST_1 : Operation 40 [1/1] (0.00ns)   --->   "%h_graph30_out_0_loc = alloca i64 1"   --->   Operation 40 'alloca' 'h_graph30_out_0_loc' <Predicate = true> <Delay = 0.00>
ST_1 : Operation 41 [1/1] (0.00ns)   --->   "%h_graph31_out_0_loc = alloca i64 1"   --->   Operation 41 'alloca' 'h_graph31_out_0_loc' <Predicate = true> <Delay = 0.00>
ST_1 : Operation 42 [1/1] (0.00ns)   --->   "%h_graph32_out_0_loc = alloca i64 1"   --->   Operation 42 'alloca' 'h_graph32_out_0_loc' <Predicate = true> <Delay = 0.00>
ST_1 : Operation 43 [1/1] (0.00ns)   --->   "%h_graph33_out_0_loc = alloca i64 1"   --->   Operation 43 'alloca' 'h_graph33_out_0_loc' <Predicate = true> <Delay = 0.00>
ST_1 : Operation 44 [1/1] (0.00ns)   --->   "%h_graph34_out_0_loc = alloca i64 1"   --->   Operation 44 'alloca' 'h_graph34_out_0_loc' <Predicate = true> <Delay = 0.00>
ST_1 : Operation 45 [1/1] (0.00ns)   --->   "%h_graph35_out_0_loc = alloca i64 1"   --->   Operation 45 'alloca' 'h_graph35_out_0_loc' <Predicate = true> <Delay = 0.00>
ST_1 : Operation 46 [1/1] (0.00ns)   --->   "%h_graph36_out_0_loc = alloca i64 1"   --->   Operation 46 'alloca' 'h_graph36_out_0_loc' <Predicate = true> <Delay = 0.00>
ST_1 : Operation 47 [1/1] (0.00ns)   --->   "%h_graph37_out_0_loc = alloca i64 1"   --->   Operation 47 'alloca' 'h_graph37_out_0_loc' <Predicate = true> <Delay = 0.00>
ST_1 : Operation 48 [1/1] (0.00ns)   --->   "%h_graph38_out_0_loc = alloca i64 1"   --->   Operation 48 'alloca' 'h_graph38_out_0_loc' <Predicate = true> <Delay = 0.00>
ST_1 : Operation 49 [1/1] (0.00ns)   --->   "%h_graph39_out_0_loc = alloca i64 1"   --->   Operation 49 'alloca' 'h_graph39_out_0_loc' <Predicate = true> <Delay = 0.00>
ST_1 : Operation 50 [1/1] (0.00ns)   --->   "%h_graph40_out_0_loc = alloca i64 1"   --->   Operation 50 'alloca' 'h_graph40_out_0_loc' <Predicate = true> <Delay = 0.00>
ST_1 : Operation 51 [1/1] (0.00ns)   --->   "%h_graph41_out_0_loc = alloca i64 1"   --->   Operation 51 'alloca' 'h_graph41_out_0_loc' <Predicate = true> <Delay = 0.00>
ST_1 : Operation 52 [1/1] (0.00ns)   --->   "%h_graph42_out_0_loc = alloca i64 1"   --->   Operation 52 'alloca' 'h_graph42_out_0_loc' <Predicate = true> <Delay = 0.00>
ST_1 : Operation 53 [1/1] (0.00ns)   --->   "%h_graph43_out_0_loc = alloca i64 1"   --->   Operation 53 'alloca' 'h_graph43_out_0_loc' <Predicate = true> <Delay = 0.00>
ST_1 : Operation 54 [1/1] (0.00ns)   --->   "%h_graph44_out_0_loc = alloca i64 1"   --->   Operation 54 'alloca' 'h_graph44_out_0_loc' <Predicate = true> <Delay = 0.00>
ST_1 : Operation 55 [1/1] (0.00ns)   --->   "%h_graph45_out_0_loc = alloca i64 1"   --->   Operation 55 'alloca' 'h_graph45_out_0_loc' <Predicate = true> <Delay = 0.00>
ST_1 : Operation 56 [1/1] (0.00ns)   --->   "%h_graph46_out_0_loc = alloca i64 1"   --->   Operation 56 'alloca' 'h_graph46_out_0_loc' <Predicate = true> <Delay = 0.00>
ST_1 : Operation 57 [1/1] (0.00ns)   --->   "%h_graph47_out_0_loc = alloca i64 1"   --->   Operation 57 'alloca' 'h_graph47_out_0_loc' <Predicate = true> <Delay = 0.00>
ST_1 : Operation 58 [1/1] (0.00ns)   --->   "%h_graph48_out_0_loc = alloca i64 1"   --->   Operation 58 'alloca' 'h_graph48_out_0_loc' <Predicate = true> <Delay = 0.00>
ST_1 : Operation 59 [1/1] (0.00ns)   --->   "%h_graph49_out_0_loc = alloca i64 1"   --->   Operation 59 'alloca' 'h_graph49_out_0_loc' <Predicate = true> <Delay = 0.00>
ST_1 : Operation 60 [1/1] (0.00ns)   --->   "%h_graph50_out_0_loc = alloca i64 1"   --->   Operation 60 'alloca' 'h_graph50_out_0_loc' <Predicate = true> <Delay = 0.00>
ST_1 : Operation 61 [1/1] (0.00ns)   --->   "%h_graph51_out_0_loc = alloca i64 1"   --->   Operation 61 'alloca' 'h_graph51_out_0_loc' <Predicate = true> <Delay = 0.00>
ST_1 : Operation 62 [1/1] (0.00ns)   --->   "%h_graph52_out_0_loc = alloca i64 1"   --->   Operation 62 'alloca' 'h_graph52_out_0_loc' <Predicate = true> <Delay = 0.00>
ST_1 : Operation 63 [1/1] (0.00ns)   --->   "%h_graph53_out_0_loc = alloca i64 1"   --->   Operation 63 'alloca' 'h_graph53_out_0_loc' <Predicate = true> <Delay = 0.00>
ST_1 : Operation 64 [1/1] (0.00ns)   --->   "%h_graph54_out_0_loc = alloca i64 1"   --->   Operation 64 'alloca' 'h_graph54_out_0_loc' <Predicate = true> <Delay = 0.00>
ST_1 : Operation 65 [1/1] (0.00ns)   --->   "%h_graph55_out_0_loc = alloca i64 1"   --->   Operation 65 'alloca' 'h_graph55_out_0_loc' <Predicate = true> <Delay = 0.00>
ST_1 : Operation 66 [1/1] (0.00ns)   --->   "%h_graph56_out_0_loc = alloca i64 1"   --->   Operation 66 'alloca' 'h_graph56_out_0_loc' <Predicate = true> <Delay = 0.00>
ST_1 : Operation 67 [1/1] (0.00ns)   --->   "%h_graph57_out_0_loc = alloca i64 1"   --->   Operation 67 'alloca' 'h_graph57_out_0_loc' <Predicate = true> <Delay = 0.00>
ST_1 : Operation 68 [1/1] (0.00ns)   --->   "%h_graph58_out_0_loc = alloca i64 1"   --->   Operation 68 'alloca' 'h_graph58_out_0_loc' <Predicate = true> <Delay = 0.00>
ST_1 : Operation 69 [1/1] (0.00ns)   --->   "%h_graph59_out_0_loc = alloca i64 1"   --->   Operation 69 'alloca' 'h_graph59_out_0_loc' <Predicate = true> <Delay = 0.00>
ST_1 : Operation 70 [1/1] (0.00ns)   --->   "%h_graph60_out_0_loc = alloca i64 1"   --->   Operation 70 'alloca' 'h_graph60_out_0_loc' <Predicate = true> <Delay = 0.00>
ST_1 : Operation 71 [1/1] (0.00ns)   --->   "%h_graph61_out_0_loc = alloca i64 1"   --->   Operation 71 'alloca' 'h_graph61_out_0_loc' <Predicate = true> <Delay = 0.00>
ST_1 : Operation 72 [1/1] (0.00ns)   --->   "%h_graph62_out_0_loc = alloca i64 1"   --->   Operation 72 'alloca' 'h_graph62_out_0_loc' <Predicate = true> <Delay = 0.00>
ST_1 : Operation 73 [1/1] (0.00ns)   --->   "%h_graph63_out_0_loc = alloca i64 1"   --->   Operation 73 'alloca' 'h_graph63_out_0_loc' <Predicate = true> <Delay = 0.00>
ST_1 : Operation 74 [1/1] (0.00ns)   --->   "%h_graph64_out_0_loc = alloca i64 1"   --->   Operation 74 'alloca' 'h_graph64_out_0_loc' <Predicate = true> <Delay = 0.00>
ST_1 : Operation 75 [1/1] (0.00ns)   --->   "%h_graph65_out_0_loc = alloca i64 1"   --->   Operation 75 'alloca' 'h_graph65_out_0_loc' <Predicate = true> <Delay = 0.00>
ST_1 : Operation 76 [1/1] (0.00ns)   --->   "%h_graph66_out_0_loc = alloca i64 1"   --->   Operation 76 'alloca' 'h_graph66_out_0_loc' <Predicate = true> <Delay = 0.00>
ST_1 : Operation 77 [1/1] (0.00ns)   --->   "%h_graph67_out_0_loc = alloca i64 1"   --->   Operation 77 'alloca' 'h_graph67_out_0_loc' <Predicate = true> <Delay = 0.00>
ST_1 : Operation 78 [1/1] (0.00ns)   --->   "%h_graph68_out_0_loc = alloca i64 1"   --->   Operation 78 'alloca' 'h_graph68_out_0_loc' <Predicate = true> <Delay = 0.00>
ST_1 : Operation 79 [1/1] (0.00ns)   --->   "%h_graph69_out_0_loc = alloca i64 1"   --->   Operation 79 'alloca' 'h_graph69_out_0_loc' <Predicate = true> <Delay = 0.00>
ST_1 : Operation 80 [1/1] (0.00ns)   --->   "%h_graph70_out_0_loc = alloca i64 1"   --->   Operation 80 'alloca' 'h_graph70_out_0_loc' <Predicate = true> <Delay = 0.00>
ST_1 : Operation 81 [1/1] (0.00ns)   --->   "%h_graph71_out_0_loc = alloca i64 1"   --->   Operation 81 'alloca' 'h_graph71_out_0_loc' <Predicate = true> <Delay = 0.00>
ST_1 : Operation 82 [1/1] (0.00ns)   --->   "%h_graph72_out_0_loc = alloca i64 1"   --->   Operation 82 'alloca' 'h_graph72_out_0_loc' <Predicate = true> <Delay = 0.00>
ST_1 : Operation 83 [1/1] (0.00ns)   --->   "%h_graph73_out_0_loc = alloca i64 1"   --->   Operation 83 'alloca' 'h_graph73_out_0_loc' <Predicate = true> <Delay = 0.00>
ST_1 : Operation 84 [1/1] (0.00ns)   --->   "%h_graph74_out_0_loc = alloca i64 1"   --->   Operation 84 'alloca' 'h_graph74_out_0_loc' <Predicate = true> <Delay = 0.00>
ST_1 : Operation 85 [1/1] (0.00ns)   --->   "%h_graph75_out_0_loc = alloca i64 1"   --->   Operation 85 'alloca' 'h_graph75_out_0_loc' <Predicate = true> <Delay = 0.00>
ST_1 : Operation 86 [1/1] (0.00ns)   --->   "%h_graph76_out_0_loc = alloca i64 1"   --->   Operation 86 'alloca' 'h_graph76_out_0_loc' <Predicate = true> <Delay = 0.00>
ST_1 : Operation 87 [1/1] (0.00ns)   --->   "%h_graph77_out_0_loc = alloca i64 1"   --->   Operation 87 'alloca' 'h_graph77_out_0_loc' <Predicate = true> <Delay = 0.00>
ST_1 : Operation 88 [1/1] (0.00ns)   --->   "%h_graph78_out_0_loc = alloca i64 1"   --->   Operation 88 'alloca' 'h_graph78_out_0_loc' <Predicate = true> <Delay = 0.00>
ST_1 : Operation 89 [1/1] (0.00ns)   --->   "%h_graph79_out_0_loc = alloca i64 1"   --->   Operation 89 'alloca' 'h_graph79_out_0_loc' <Predicate = true> <Delay = 0.00>
ST_1 : Operation 90 [1/1] (0.00ns)   --->   "%h_graph80_out_0_loc = alloca i64 1"   --->   Operation 90 'alloca' 'h_graph80_out_0_loc' <Predicate = true> <Delay = 0.00>
ST_1 : Operation 91 [1/1] (0.00ns)   --->   "%h_graph81_out_0_loc = alloca i64 1"   --->   Operation 91 'alloca' 'h_graph81_out_0_loc' <Predicate = true> <Delay = 0.00>
ST_1 : Operation 92 [1/1] (0.00ns)   --->   "%h_graph82_out_0_loc = alloca i64 1"   --->   Operation 92 'alloca' 'h_graph82_out_0_loc' <Predicate = true> <Delay = 0.00>
ST_1 : Operation 93 [1/1] (0.00ns)   --->   "%h_graph83_out_0_loc = alloca i64 1"   --->   Operation 93 'alloca' 'h_graph83_out_0_loc' <Predicate = true> <Delay = 0.00>
ST_1 : Operation 94 [1/1] (0.00ns)   --->   "%h_graph84_out_0_loc = alloca i64 1"   --->   Operation 94 'alloca' 'h_graph84_out_0_loc' <Predicate = true> <Delay = 0.00>
ST_1 : Operation 95 [1/1] (0.00ns)   --->   "%h_graph85_out_0_loc = alloca i64 1"   --->   Operation 95 'alloca' 'h_graph85_out_0_loc' <Predicate = true> <Delay = 0.00>
ST_1 : Operation 96 [1/1] (0.00ns)   --->   "%h_graph86_out_0_loc = alloca i64 1"   --->   Operation 96 'alloca' 'h_graph86_out_0_loc' <Predicate = true> <Delay = 0.00>
ST_1 : Operation 97 [1/1] (0.00ns)   --->   "%h_graph87_out_0_loc = alloca i64 1"   --->   Operation 97 'alloca' 'h_graph87_out_0_loc' <Predicate = true> <Delay = 0.00>
ST_1 : Operation 98 [1/1] (0.00ns)   --->   "%h_graph88_out_0_loc = alloca i64 1"   --->   Operation 98 'alloca' 'h_graph88_out_0_loc' <Predicate = true> <Delay = 0.00>
ST_1 : Operation 99 [1/1] (0.00ns)   --->   "%h_graph89_out_0_loc = alloca i64 1"   --->   Operation 99 'alloca' 'h_graph89_out_0_loc' <Predicate = true> <Delay = 0.00>
ST_1 : Operation 100 [1/1] (0.00ns)   --->   "%h_graph90_out_0_loc = alloca i64 1"   --->   Operation 100 'alloca' 'h_graph90_out_0_loc' <Predicate = true> <Delay = 0.00>
ST_1 : Operation 101 [1/1] (0.00ns)   --->   "%h_graph91_out_0_loc = alloca i64 1"   --->   Operation 101 'alloca' 'h_graph91_out_0_loc' <Predicate = true> <Delay = 0.00>
ST_1 : Operation 102 [1/1] (0.00ns)   --->   "%h_graph92_out_0_loc = alloca i64 1"   --->   Operation 102 'alloca' 'h_graph92_out_0_loc' <Predicate = true> <Delay = 0.00>
ST_1 : Operation 103 [1/1] (0.00ns)   --->   "%h_graph93_out_0_loc = alloca i64 1"   --->   Operation 103 'alloca' 'h_graph93_out_0_loc' <Predicate = true> <Delay = 0.00>
ST_1 : Operation 104 [1/1] (0.00ns)   --->   "%h_graph94_out_0_loc = alloca i64 1"   --->   Operation 104 'alloca' 'h_graph94_out_0_loc' <Predicate = true> <Delay = 0.00>
ST_1 : Operation 105 [1/1] (0.00ns)   --->   "%h_graph95_out_0_loc = alloca i64 1"   --->   Operation 105 'alloca' 'h_graph95_out_0_loc' <Predicate = true> <Delay = 0.00>
ST_1 : Operation 106 [1/1] (0.00ns)   --->   "%h_graph96_out_0_loc = alloca i64 1"   --->   Operation 106 'alloca' 'h_graph96_out_0_loc' <Predicate = true> <Delay = 0.00>
ST_1 : Operation 107 [1/1] (0.00ns)   --->   "%h_graph97_out_0_loc = alloca i64 1"   --->   Operation 107 'alloca' 'h_graph97_out_0_loc' <Predicate = true> <Delay = 0.00>
ST_1 : Operation 108 [1/1] (0.00ns)   --->   "%h_graph98_out_0_loc = alloca i64 1"   --->   Operation 108 'alloca' 'h_graph98_out_0_loc' <Predicate = true> <Delay = 0.00>
ST_1 : Operation 109 [1/1] (0.00ns)   --->   "%h_graph99_out_0_loc = alloca i64 1"   --->   Operation 109 'alloca' 'h_graph99_out_0_loc' <Predicate = true> <Delay = 0.00>
ST_1 : Operation 110 [1/1] (0.00ns)   --->   "%h_graph100_out_0_loc = alloca i64 1"   --->   Operation 110 'alloca' 'h_graph100_out_0_loc' <Predicate = true> <Delay = 0.00>
ST_1 : Operation 111 [1/1] (0.00ns)   --->   "%sums_V_0 = alloca i64 1" [example-4/src/finalize.cc:44]   --->   Operation 111 'alloca' 'sums_V_0' <Predicate = true> <Delay = 0.00>
ST_1 : Operation 112 [1/1] (0.00ns)   --->   "%sums_V_1 = alloca i64 1" [example-4/src/finalize.cc:44]   --->   Operation 112 'alloca' 'sums_V_1' <Predicate = true> <Delay = 0.00>
ST_1 : Operation 113 [1/1] (0.88ns)   --->   "%add_ln10 = add i32 %num_of_nodes_read, i32 1" [example-4/src/util.h:10]   --->   Operation 113 'add' 'add_ln10' <Predicate = true> <Delay = 0.88> <CoreInst = "Adder">   --->   Core 1 'Adder' <Latency = 0> <II = 1> <Delay = 0.43> <FuncUnit> <Opcode : 'add' 'sub'> <InPorts = 2> <OutPorts = 1>
ST_1 : Operation 114 [1/1] (0.00ns) (grouped into LUT with out node num_iters)   --->   "%tmp = bitselect i1 @_ssdm_op_BitSelect.i1.i32.i32, i32 %add_ln10, i32 31" [example-4/src/util.h:10]   --->   Operation 114 'bitselect' 'tmp' <Predicate = true> <Delay = 0.00>
ST_1 : Operation 115 [1/1] (0.00ns) (grouped into LUT with out node sub_ln10)   --->   "%trunc_ln10_2 = partselect i31 @_ssdm_op_PartSelect.i31.i32.i32.i32, i32 %num_of_nodes_read, i32 1, i32 31" [example-4/src/util.h:10]   --->   Operation 115 'partselect' 'trunc_ln10_2' <Predicate = true> <Delay = 0.00>
ST_1 : Operation 116 [1/1] (0.00ns) (grouped into LUT with out node sub_ln10)   --->   "%xor_ln10 = xor i31 %trunc_ln10_2, i31 2147483647" [example-4/src/util.h:10]   --->   Operation 116 'xor' 'xor_ln10' <Predicate = true> <Delay = 0.00> <CoreInst = "LogicGate">   --->   Core 74 'LogicGate' <Latency = 0> <II = 1> <Delay = 0.12> <FuncUnit> <Opcode : 'and' 'or' 'xor'> <InPorts = 2> <OutPorts = 1>
ST_1 : Operation 117 [1/1] (0.00ns) (grouped into LUT with out node sub_ln10)   --->   "%zext_ln10 = zext i31 %xor_ln10" [example-4/src/util.h:10]   --->   Operation 117 'zext' 'zext_ln10' <Predicate = true> <Delay = 0.00>
ST_1 : Operation 118 [1/1] (0.87ns) (out node of the LUT)   --->   "%sub_ln10 = sub i32 0, i32 %zext_ln10" [example-4/src/util.h:10]   --->   Operation 118 'sub' 'sub_ln10' <Predicate = true> <Delay = 0.87> <CoreInst = "Adder">   --->   Core 1 'Adder' <Latency = 0> <II = 1> <Delay = 0.43> <FuncUnit> <Opcode : 'add' 'sub'> <InPorts = 2> <OutPorts = 1>
ST_1 : Operation 119 [1/1] (0.00ns) (grouped into LUT with out node num_iters)   --->   "%lshr_ln10_4 = partselect i31 @_ssdm_op_PartSelect.i31.i32.i32.i32, i32 %add_ln10, i32 1, i32 31" [example-4/src/util.h:10]   --->   Operation 119 'partselect' 'lshr_ln10_4' <Predicate = true> <Delay = 0.00>
ST_1 : Operation 120 [1/1] (0.00ns) (grouped into LUT with out node num_iters)   --->   "%zext_ln10_2 = zext i31 %lshr_ln10_4" [example-4/src/util.h:10]   --->   Operation 120 'zext' 'zext_ln10_2' <Predicate = true> <Delay = 0.00>
ST_1 : Operation 121 [1/1] (0.00ns) (grouped into LUT with out node num_iters)   --->   "%select_ln10 = select i1 %tmp, i32 %sub_ln10, i32 %zext_ln10_2" [example-4/src/util.h:10]   --->   Operation 121 'select' 'select_ln10' <Predicate = true> <Delay = 0.00> <CoreInst = "Sel">   --->   Core 73 'Sel' <Latency = 0> <II = 1> <Delay = 0.27> <FuncUnit> <Opcode : 'select'> <InPorts = 3> <OutPorts = 1>
ST_1 : Operation 122 [1/1] (0.88ns) (out node of the LUT)   --->   "%num_iters = add i32 %select_ln10, i32 4294967295" [example-4/src/finalize.cc:47]   --->   Operation 122 'add' 'num_iters' <Predicate = true> <Delay = 0.88> <CoreInst = "Adder">   --->   Core 1 'Adder' <Latency = 0> <II = 1> <Delay = 0.43> <FuncUnit> <Opcode : 'add' 'sub'> <InPorts = 2> <OutPorts = 1>
ST_1 : Operation 123 [1/1] (0.00ns) (grouped into LUT with out node sub_ln48)   --->   "%xor_ln48 = xor i1 %empty, i1 1" [example-4/src/finalize.cc:48]   --->   Operation 123 'xor' 'xor_ln48' <Predicate = true> <Delay = 0.00> <CoreInst = "LogicGate">   --->   Core 74 'LogicGate' <Latency = 0> <II = 1> <Delay = 0.12> <FuncUnit> <Opcode : 'and' 'or' 'xor'> <InPorts = 2> <OutPorts = 1>
ST_1 : Operation 124 [1/1] (0.00ns) (grouped into LUT with out node sub_ln48)   --->   "%p_and_t_cast = bitconcatenate i2 @_ssdm_op_BitConcatenate.i2.i1.i1, i1 0, i1 %xor_ln48" [example-4/src/finalize.cc:48]   --->   Operation 124 'bitconcatenate' 'p_and_t_cast' <Predicate = true> <Delay = 0.00>
ST_1 : Operation 125 [1/1] (0.43ns) (out node of the LUT)   --->   "%sub_ln48 = sub i2 0, i2 %p_and_t_cast" [example-4/src/finalize.cc:48]   --->   Operation 125 'sub' 'sub_ln48' <Predicate = true> <Delay = 0.43> <CoreInst = "Adder">   --->   Core 1 'Adder' <Latency = 0> <II = 1> <Delay = 0.43> <FuncUnit> <Opcode : 'add' 'sub'> <InPorts = 2> <OutPorts = 1>

State 2 <SV = 1> <Delay = 2.29>
ST_2 : Operation 126 [1/1] (0.00ns)   --->   "%cast = zext i32 %num_iters" [example-4/src/finalize.cc:47]   --->   Operation 126 'zext' 'cast' <Predicate = true> <Delay = 0.00>
ST_2 : Operation 127 [2/2] (2.29ns)   --->   "%bound = mul i38 %cast, i38 50" [example-4/src/finalize.cc:47]   --->   Operation 127 'mul' 'bound' <Predicate = true> <Delay = 2.29> <CoreInst = "Multiplier">   --->   Core 3 'Multiplier' <Latency = 1> <II = 1> <Delay = 2.29> <FuncUnit> <Opcode : 'mul'> <InPorts = 2> <OutPorts = 1>
ST_2 : Operation 128 [1/1] (0.00ns)   --->   "%empty_375 = wait i32 @_ssdm_op_Wait"   --->   Operation 128 'wait' 'empty_375' <Predicate = true> <Delay = 0.00>
ST_2 : Operation 129 [1/1] (0.85ns)   --->   "%cmp59 = icmp_ne  i32 %num_iters, i32 0" [example-4/src/finalize.cc:47]   --->   Operation 129 'icmp' 'cmp59' <Predicate = true> <Delay = 0.85> <CoreInst = "Cmp">   --->   Core 9 'Cmp' <Latency = 0> <II = 1> <Delay = 0.34> <FuncUnit> <Opcode : 'icmp'> <InPorts = 2> <OutPorts = 1>

State 3 <SV = 2> <Delay = 2.29>
ST_3 : Operation 130 [1/2] (2.29ns)   --->   "%bound = mul i38 %cast, i38 50" [example-4/src/finalize.cc:47]   --->   Operation 130 'mul' 'bound' <Predicate = true> <Delay = 2.29> <CoreInst = "Multiplier">   --->   Core 3 'Multiplier' <Latency = 1> <II = 1> <Delay = 2.29> <FuncUnit> <Opcode : 'mul'> <InPorts = 2> <OutPorts = 1>
ST_3 : Operation 131 [2/2] (0.00ns)   --->   "%call_ln47 = call void @global_mean_pooling_Pipeline_global_mean_pooling_main_VITIS_LOOP_53_1, i38 %bound, i16 %embeddings_0_0_0_0_0, i16 %embeddings_0_0_0_0_01, i16 %embeddings_0_0_0_0_012, i16 %embeddings_0_0_0_0_013, i16 %sums_V_0, i16 %sums_V_1" [example-4/src/finalize.cc:47]   --->   Operation 131 'call' 'call_ln47' <Predicate = true> <Delay = 0.00> <CoreType = "Generic">   --->   Core 0 '' <Latency = 0> <II = 1> <Delay = 1.00> <Generic> <Opcode : >

State 4 <SV = 3> <Delay = 0.00>
ST_4 : Operation 132 [1/2] (0.00ns)   --->   "%call_ln47 = call void @global_mean_pooling_Pipeline_global_mean_pooling_main_VITIS_LOOP_53_1, i38 %bound, i16 %embeddings_0_0_0_0_0, i16 %embeddings_0_0_0_0_01, i16 %embeddings_0_0_0_0_012, i16 %embeddings_0_0_0_0_013, i16 %sums_V_0, i16 %sums_V_1" [example-4/src/finalize.cc:47]   --->   Operation 132 'call' 'call_ln47' <Predicate = true> <Delay = 0.00> <CoreType = "Generic">   --->   Core 0 '' <Latency = 0> <II = 1> <Delay = 1.00> <Generic> <Opcode : >

State 5 <SV = 4> <Delay = 0.00>
ST_5 : Operation 133 [1/1] (0.00ns)   --->   "%empty_376 = wait i32 @_ssdm_op_Wait"   --->   Operation 133 'wait' 'empty_376' <Predicate = true> <Delay = 0.00>

State 6 <SV = 5> <Delay = 1.62>
ST_6 : Operation 134 [1/1] (0.88ns)   --->   "%add_ln48 = add i32 %num_of_nodes_read, i32 4294967295" [example-4/src/finalize.cc:48]   --->   Operation 134 'add' 'add_ln48' <Predicate = true> <Delay = 0.88> <CoreInst = "Adder">   --->   Core 1 'Adder' <Latency = 0> <II = 1> <Delay = 0.43> <FuncUnit> <Opcode : 'add' 'sub'> <InPorts = 2> <OutPorts = 1>
ST_6 : Operation 135 [1/1] (0.00ns)   --->   "%tmp_1300 = bitselect i1 @_ssdm_op_BitSelect.i1.i32.i32, i32 %add_ln48, i32 31" [example-4/src/finalize.cc:48]   --->   Operation 135 'bitselect' 'tmp_1300' <Predicate = true> <Delay = 0.00>
ST_6 : Operation 136 [1/1] (0.00ns)   --->   "%trunc_ln48 = trunc i32 %add_ln48" [example-4/src/finalize.cc:48]   --->   Operation 136 'trunc' 'trunc_ln48' <Predicate = true> <Delay = 0.00>
ST_6 : Operation 137 [1/1] (0.00ns)   --->   "%tmp_s = bitconcatenate i2 @_ssdm_op_BitConcatenate.i2.i1.i1, i1 0, i1 %trunc_ln48" [example-4/src/finalize.cc:50]   --->   Operation 137 'bitconcatenate' 'tmp_s' <Predicate = true> <Delay = 0.00>
ST_6 : Operation 138 [1/1] (0.27ns)   --->   "%select_ln48 = select i1 %tmp_1300, i2 %sub_ln48, i2 %tmp_s" [example-4/src/finalize.cc:48]   --->   Operation 138 'select' 'select_ln48' <Predicate = true> <Delay = 0.27> <CoreInst = "Sel">   --->   Core 73 'Sel' <Latency = 0> <II = 1> <Delay = 0.27> <FuncUnit> <Opcode : 'select'> <InPorts = 3> <OutPorts = 1>
ST_6 : Operation 139 [1/1] (0.34ns)   --->   "%cmp39 = icmp_eq  i2 %select_ln48, i2 3" [example-4/src/finalize.cc:48]   --->   Operation 139 'icmp' 'cmp39' <Predicate = true> <Delay = 0.34> <CoreInst = "Cmp">   --->   Core 9 'Cmp' <Latency = 0> <II = 1> <Delay = 0.34> <FuncUnit> <Opcode : 'icmp'> <InPorts = 2> <OutPorts = 1>
ST_6 : Operation 140 [1/1] (0.34ns)   --->   "%cmp39_1 = icmp_eq  i2 %select_ln48, i2 0" [example-4/src/finalize.cc:48]   --->   Operation 140 'icmp' 'cmp39_1' <Predicate = true> <Delay = 0.34> <CoreInst = "Cmp">   --->   Core 9 'Cmp' <Latency = 0> <II = 1> <Delay = 0.34> <FuncUnit> <Opcode : 'icmp'> <InPorts = 2> <OutPorts = 1>
ST_6 : Operation 141 [1/1] (0.12ns)   --->   "%or_ln107 = or i1 %cmp39, i1 %cmp39_1" [example-4/src/finalize.cc:107]   --->   Operation 141 'or' 'or_ln107' <Predicate = true> <Delay = 0.12> <CoreInst = "LogicGate">   --->   Core 74 'LogicGate' <Latency = 0> <II = 1> <Delay = 0.12> <FuncUnit> <Opcode : 'and' 'or' 'xor'> <InPorts = 2> <OutPorts = 1>
ST_6 : Operation 142 [1/1] (0.00ns)   --->   "%empty_377 = wait i32 @_ssdm_op_Wait"   --->   Operation 142 'wait' 'empty_377' <Predicate = true> <Delay = 0.00>
ST_6 : Operation 143 [2/2] (0.00ns)   --->   "%call_ln47 = call void @global_mean_pooling_Pipeline_global_mean_pooling_tail, i16 %sums_V_0, i1 %cmp59, i32 %num_of_nodes_read, i1 %cmp39, i1 %or_ln107, i16 %sums_V_1, i16 %embeddings_0_0_0_0_0, i16 %embeddings_0_0_0_0_01, i1 %cmp39_1, i16 %embeddings_0_0_0_0_012, i16 %embeddings_0_0_0_0_013, i16 %h_graph100_out_0_loc, i16 %h_graph99_out_0_loc, i16 %h_graph98_out_0_loc, i16 %h_graph97_out_0_loc, i16 %h_graph96_out_0_loc, i16 %h_graph95_out_0_loc, i16 %h_graph94_out_0_loc, i16 %h_graph93_out_0_loc, i16 %h_graph92_out_0_loc, i16 %h_graph91_out_0_loc, i16 %h_graph90_out_0_loc, i16 %h_graph89_out_0_loc, i16 %h_graph88_out_0_loc, i16 %h_graph87_out_0_loc, i16 %h_graph86_out_0_loc, i16 %h_graph85_out_0_loc, i16 %h_graph84_out_0_loc, i16 %h_graph83_out_0_loc, i16 %h_graph82_out_0_loc, i16 %h_graph81_out_0_loc, i16 %h_graph80_out_0_loc, i16 %h_graph79_out_0_loc, i16 %h_graph78_out_0_loc, i16 %h_graph77_out_0_loc, i16 %h_graph76_out_0_loc, i16 %h_graph75_out_0_loc, i16 %h_graph74_out_0_loc, i16 %h_graph73_out_0_loc, i16 %h_graph72_out_0_loc, i16 %h_graph71_out_0_loc, i16 %h_graph70_out_0_loc, i16 %h_graph69_out_0_loc, i16 %h_graph68_out_0_loc, i16 %h_graph67_out_0_loc, i16 %h_graph66_out_0_loc, i16 %h_graph65_out_0_loc, i16 %h_graph64_out_0_loc, i16 %h_graph63_out_0_loc, i16 %h_graph62_out_0_loc, i16 %h_graph61_out_0_loc, i16 %h_graph60_out_0_loc, i16 %h_graph59_out_0_loc, i16 %h_graph58_out_0_loc, i16 %h_graph57_out_0_loc, i16 %h_graph56_out_0_loc, i16 %h_graph55_out_0_loc, i16 %h_graph54_out_0_loc, i16 %h_graph53_out_0_loc, i16 %h_graph52_out_0_loc, i16 %h_graph51_out_0_loc, i16 %h_graph50_out_0_loc, i16 %h_graph49_out_0_loc, i16 %h_graph48_out_0_loc, i16 %h_graph47_out_0_loc, i16 %h_graph46_out_0_loc, i16 %h_graph45_out_0_loc, i16 %h_graph44_out_0_loc, i16 %h_graph43_out_0_loc, i16 %h_graph42_out_0_loc, i16 %h_graph41_out_0_loc, i16 %h_graph40_out_0_loc, i16 %h_graph39_out_0_loc, i16 %h_graph38_out_0_loc, i16 %h_graph37_out_0_loc, i16 %h_graph36_out_0_loc, i16 %h_graph35_out_0_loc, i16 %h_graph34_out_0_loc, i16 %h_graph33_out_0_loc, i16 %h_graph32_out_0_loc, i16 %h_graph31_out_0_loc, i16 %h_graph30_out_0_loc, i16 %h_graph29_out_0_loc, i16 %h_graph28_out_0_loc, i16 %h_graph27_out_0_loc, i16 %h_graph26_out_0_loc, i16 %h_graph25_out_0_loc, i16 %h_graph24_out_0_loc, i16 %h_graph23_out_0_loc, i16 %h_graph22_out_0_loc, i16 %h_graph21_out_0_loc, i16 %h_graph20_out_0_loc, i16 %h_graph19_out_0_loc, i16 %h_graph18_out_0_loc, i16 %h_graph17_out_0_loc, i16 %h_graph16_out_0_loc, i16 %h_graph15_out_0_loc, i16 %h_graph14_out_0_loc, i16 %h_graph13_out_0_loc, i16 %h_graph12_out_0_loc, i16 %h_graph11_out_0_loc, i16 %h_graph10_out_0_loc, i16 %h_graph9_out_0_loc, i16 %h_graph8_out_0_loc, i16 %h_graph7_out_0_loc, i16 %h_graph6_out_0_loc, i16 %h_graph5_out_0_loc, i16 %h_graph4_out_0_loc, i16 %h_graph3_out_0_loc, i16 %h_graph2_out_0_loc, i16 %h_graph_out_0_loc" [example-4/src/finalize.cc:47]   --->   Operation 143 'call' 'call_ln47' <Predicate = true> <Delay = 0.00> <CoreType = "Generic">   --->   Core 0 '' <Latency = 0> <II = 1> <Delay = 1.00> <Generic> <Opcode : >

State 7 <SV = 6> <Delay = 0.00>
ST_7 : Operation 144 [1/2] (0.00ns)   --->   "%call_ln47 = call void @global_mean_pooling_Pipeline_global_mean_pooling_tail, i16 %sums_V_0, i1 %cmp59, i32 %num_of_nodes_read, i1 %cmp39, i1 %or_ln107, i16 %sums_V_1, i16 %embeddings_0_0_0_0_0, i16 %embeddings_0_0_0_0_01, i1 %cmp39_1, i16 %embeddings_0_0_0_0_012, i16 %embeddings_0_0_0_0_013, i16 %h_graph100_out_0_loc, i16 %h_graph99_out_0_loc, i16 %h_graph98_out_0_loc, i16 %h_graph97_out_0_loc, i16 %h_graph96_out_0_loc, i16 %h_graph95_out_0_loc, i16 %h_graph94_out_0_loc, i16 %h_graph93_out_0_loc, i16 %h_graph92_out_0_loc, i16 %h_graph91_out_0_loc, i16 %h_graph90_out_0_loc, i16 %h_graph89_out_0_loc, i16 %h_graph88_out_0_loc, i16 %h_graph87_out_0_loc, i16 %h_graph86_out_0_loc, i16 %h_graph85_out_0_loc, i16 %h_graph84_out_0_loc, i16 %h_graph83_out_0_loc, i16 %h_graph82_out_0_loc, i16 %h_graph81_out_0_loc, i16 %h_graph80_out_0_loc, i16 %h_graph79_out_0_loc, i16 %h_graph78_out_0_loc, i16 %h_graph77_out_0_loc, i16 %h_graph76_out_0_loc, i16 %h_graph75_out_0_loc, i16 %h_graph74_out_0_loc, i16 %h_graph73_out_0_loc, i16 %h_graph72_out_0_loc, i16 %h_graph71_out_0_loc, i16 %h_graph70_out_0_loc, i16 %h_graph69_out_0_loc, i16 %h_graph68_out_0_loc, i16 %h_graph67_out_0_loc, i16 %h_graph66_out_0_loc, i16 %h_graph65_out_0_loc, i16 %h_graph64_out_0_loc, i16 %h_graph63_out_0_loc, i16 %h_graph62_out_0_loc, i16 %h_graph61_out_0_loc, i16 %h_graph60_out_0_loc, i16 %h_graph59_out_0_loc, i16 %h_graph58_out_0_loc, i16 %h_graph57_out_0_loc, i16 %h_graph56_out_0_loc, i16 %h_graph55_out_0_loc, i16 %h_graph54_out_0_loc, i16 %h_graph53_out_0_loc, i16 %h_graph52_out_0_loc, i16 %h_graph51_out_0_loc, i16 %h_graph50_out_0_loc, i16 %h_graph49_out_0_loc, i16 %h_graph48_out_0_loc, i16 %h_graph47_out_0_loc, i16 %h_graph46_out_0_loc, i16 %h_graph45_out_0_loc, i16 %h_graph44_out_0_loc, i16 %h_graph43_out_0_loc, i16 %h_graph42_out_0_loc, i16 %h_graph41_out_0_loc, i16 %h_graph40_out_0_loc, i16 %h_graph39_out_0_loc, i16 %h_graph38_out_0_loc, i16 %h_graph37_out_0_loc, i16 %h_graph36_out_0_loc, i16 %h_graph35_out_0_loc, i16 %h_graph34_out_0_loc, i16 %h_graph33_out_0_loc, i16 %h_graph32_out_0_loc, i16 %h_graph31_out_0_loc, i16 %h_graph30_out_0_loc, i16 %h_graph29_out_0_loc, i16 %h_graph28_out_0_loc, i16 %h_graph27_out_0_loc, i16 %h_graph26_out_0_loc, i16 %h_graph25_out_0_loc, i16 %h_graph24_out_0_loc, i16 %h_graph23_out_0_loc, i16 %h_graph22_out_0_loc, i16 %h_graph21_out_0_loc, i16 %h_graph20_out_0_loc, i16 %h_graph19_out_0_loc, i16 %h_graph18_out_0_loc, i16 %h_graph17_out_0_loc, i16 %h_graph16_out_0_loc, i16 %h_graph15_out_0_loc, i16 %h_graph14_out_0_loc, i16 %h_graph13_out_0_loc, i16 %h_graph12_out_0_loc, i16 %h_graph11_out_0_loc, i16 %h_graph10_out_0_loc, i16 %h_graph9_out_0_loc, i16 %h_graph8_out_0_loc, i16 %h_graph7_out_0_loc, i16 %h_graph6_out_0_loc, i16 %h_graph5_out_0_loc, i16 %h_graph4_out_0_loc, i16 %h_graph3_out_0_loc, i16 %h_graph2_out_0_loc, i16 %h_graph_out_0_loc" [example-4/src/finalize.cc:47]   --->   Operation 144 'call' 'call_ln47' <Predicate = true> <Delay = 0.00> <CoreType = "Generic">   --->   Core 0 '' <Latency = 0> <II = 1> <Delay = 1.00> <Generic> <Opcode : >

State 8 <SV = 7> <Delay = 0.00>
ST_8 : Operation 145 [1/1] (0.00ns)   --->   "%specinterface_ln0 = specinterface void @_ssdm_op_SpecInterface, i16 %embeddings_0_0_0_0_013, void @ap_fifo_str, i32 0, i32 0, void @p_str, i32 0, i32 0, void @p_str, void @p_str, void @p_str, i32 2, i32 2, i32 16, i32 16, void @p_str, void @p_str"   --->   Operation 145 'specinterface' 'specinterface_ln0' <Predicate = true> <Delay = 0.00>
ST_8 : Operation 146 [1/1] (0.00ns)   --->   "%specinterface_ln0 = specinterface void @_ssdm_op_SpecInterface, i16 %embeddings_0_0_0_0_012, void @ap_fifo_str, i32 0, i32 0, void @p_str, i32 0, i32 0, void @p_str, void @p_str, void @p_str, i32 2, i32 2, i32 16, i32 16, void @p_str, void @p_str"   --->   Operation 146 'specinterface' 'specinterface_ln0' <Predicate = true> <Delay = 0.00>
ST_8 : Operation 147 [1/1] (0.00ns)   --->   "%specinterface_ln0 = specinterface void @_ssdm_op_SpecInterface, i16 %embeddings_0_0_0_0_01, void @ap_fifo_str, i32 0, i32 0, void @p_str, i32 0, i32 0, void @p_str, void @p_str, void @p_str, i32 2, i32 2, i32 16, i32 16, void @p_str, void @p_str"   --->   Operation 147 'specinterface' 'specinterface_ln0' <Predicate = true> <Delay = 0.00>
ST_8 : Operation 148 [1/1] (0.00ns)   --->   "%specinterface_ln0 = specinterface void @_ssdm_op_SpecInterface, i16 %embeddings_0_0_0_0_0, void @ap_fifo_str, i32 0, i32 0, void @p_str, i32 0, i32 0, void @p_str, void @p_str, void @p_str, i32 2, i32 2, i32 16, i32 16, void @p_str, void @p_str"   --->   Operation 148 'specinterface' 'specinterface_ln0' <Predicate = true> <Delay = 0.00>
ST_8 : Operation 149 [1/1] (0.00ns)   --->   "%h_graph100_out_0_loc_load = load i16 %h_graph100_out_0_loc"   --->   Operation 149 'load' 'h_graph100_out_0_loc_load' <Predicate = true> <Delay = 0.00>
ST_8 : Operation 150 [1/1] (0.00ns)   --->   "%h_graph99_out_0_loc_load = load i16 %h_graph99_out_0_loc"   --->   Operation 150 'load' 'h_graph99_out_0_loc_load' <Predicate = true> <Delay = 0.00>
ST_8 : Operation 151 [1/1] (0.00ns)   --->   "%h_graph98_out_0_loc_load = load i16 %h_graph98_out_0_loc"   --->   Operation 151 'load' 'h_graph98_out_0_loc_load' <Predicate = true> <Delay = 0.00>
ST_8 : Operation 152 [1/1] (0.00ns)   --->   "%h_graph97_out_0_loc_load = load i16 %h_graph97_out_0_loc"   --->   Operation 152 'load' 'h_graph97_out_0_loc_load' <Predicate = true> <Delay = 0.00>
ST_8 : Operation 153 [1/1] (0.00ns)   --->   "%h_graph96_out_0_loc_load = load i16 %h_graph96_out_0_loc"   --->   Operation 153 'load' 'h_graph96_out_0_loc_load' <Predicate = true> <Delay = 0.00>
ST_8 : Operation 154 [1/1] (0.00ns)   --->   "%h_graph95_out_0_loc_load = load i16 %h_graph95_out_0_loc"   --->   Operation 154 'load' 'h_graph95_out_0_loc_load' <Predicate = true> <Delay = 0.00>
ST_8 : Operation 155 [1/1] (0.00ns)   --->   "%h_graph94_out_0_loc_load = load i16 %h_graph94_out_0_loc"   --->   Operation 155 'load' 'h_graph94_out_0_loc_load' <Predicate = true> <Delay = 0.00>
ST_8 : Operation 156 [1/1] (0.00ns)   --->   "%h_graph93_out_0_loc_load = load i16 %h_graph93_out_0_loc"   --->   Operation 156 'load' 'h_graph93_out_0_loc_load' <Predicate = true> <Delay = 0.00>
ST_8 : Operation 157 [1/1] (0.00ns)   --->   "%h_graph92_out_0_loc_load = load i16 %h_graph92_out_0_loc"   --->   Operation 157 'load' 'h_graph92_out_0_loc_load' <Predicate = true> <Delay = 0.00>
ST_8 : Operation 158 [1/1] (0.00ns)   --->   "%h_graph91_out_0_loc_load = load i16 %h_graph91_out_0_loc"   --->   Operation 158 'load' 'h_graph91_out_0_loc_load' <Predicate = true> <Delay = 0.00>
ST_8 : Operation 159 [1/1] (0.00ns)   --->   "%h_graph90_out_0_loc_load = load i16 %h_graph90_out_0_loc"   --->   Operation 159 'load' 'h_graph90_out_0_loc_load' <Predicate = true> <Delay = 0.00>
ST_8 : Operation 160 [1/1] (0.00ns)   --->   "%h_graph89_out_0_loc_load = load i16 %h_graph89_out_0_loc"   --->   Operation 160 'load' 'h_graph89_out_0_loc_load' <Predicate = true> <Delay = 0.00>
ST_8 : Operation 161 [1/1] (0.00ns)   --->   "%h_graph88_out_0_loc_load = load i16 %h_graph88_out_0_loc"   --->   Operation 161 'load' 'h_graph88_out_0_loc_load' <Predicate = true> <Delay = 0.00>
ST_8 : Operation 162 [1/1] (0.00ns)   --->   "%h_graph87_out_0_loc_load = load i16 %h_graph87_out_0_loc"   --->   Operation 162 'load' 'h_graph87_out_0_loc_load' <Predicate = true> <Delay = 0.00>
ST_8 : Operation 163 [1/1] (0.00ns)   --->   "%h_graph86_out_0_loc_load = load i16 %h_graph86_out_0_loc"   --->   Operation 163 'load' 'h_graph86_out_0_loc_load' <Predicate = true> <Delay = 0.00>
ST_8 : Operation 164 [1/1] (0.00ns)   --->   "%h_graph85_out_0_loc_load = load i16 %h_graph85_out_0_loc"   --->   Operation 164 'load' 'h_graph85_out_0_loc_load' <Predicate = true> <Delay = 0.00>
ST_8 : Operation 165 [1/1] (0.00ns)   --->   "%h_graph84_out_0_loc_load = load i16 %h_graph84_out_0_loc"   --->   Operation 165 'load' 'h_graph84_out_0_loc_load' <Predicate = true> <Delay = 0.00>
ST_8 : Operation 166 [1/1] (0.00ns)   --->   "%h_graph83_out_0_loc_load = load i16 %h_graph83_out_0_loc"   --->   Operation 166 'load' 'h_graph83_out_0_loc_load' <Predicate = true> <Delay = 0.00>
ST_8 : Operation 167 [1/1] (0.00ns)   --->   "%h_graph82_out_0_loc_load = load i16 %h_graph82_out_0_loc"   --->   Operation 167 'load' 'h_graph82_out_0_loc_load' <Predicate = true> <Delay = 0.00>
ST_8 : Operation 168 [1/1] (0.00ns)   --->   "%h_graph81_out_0_loc_load = load i16 %h_graph81_out_0_loc"   --->   Operation 168 'load' 'h_graph81_out_0_loc_load' <Predicate = true> <Delay = 0.00>
ST_8 : Operation 169 [1/1] (0.00ns)   --->   "%h_graph80_out_0_loc_load = load i16 %h_graph80_out_0_loc"   --->   Operation 169 'load' 'h_graph80_out_0_loc_load' <Predicate = true> <Delay = 0.00>
ST_8 : Operation 170 [1/1] (0.00ns)   --->   "%h_graph79_out_0_loc_load = load i16 %h_graph79_out_0_loc"   --->   Operation 170 'load' 'h_graph79_out_0_loc_load' <Predicate = true> <Delay = 0.00>
ST_8 : Operation 171 [1/1] (0.00ns)   --->   "%h_graph78_out_0_loc_load = load i16 %h_graph78_out_0_loc"   --->   Operation 171 'load' 'h_graph78_out_0_loc_load' <Predicate = true> <Delay = 0.00>
ST_8 : Operation 172 [1/1] (0.00ns)   --->   "%h_graph77_out_0_loc_load = load i16 %h_graph77_out_0_loc"   --->   Operation 172 'load' 'h_graph77_out_0_loc_load' <Predicate = true> <Delay = 0.00>
ST_8 : Operation 173 [1/1] (0.00ns)   --->   "%h_graph76_out_0_loc_load = load i16 %h_graph76_out_0_loc"   --->   Operation 173 'load' 'h_graph76_out_0_loc_load' <Predicate = true> <Delay = 0.00>
ST_8 : Operation 174 [1/1] (0.00ns)   --->   "%h_graph75_out_0_loc_load = load i16 %h_graph75_out_0_loc"   --->   Operation 174 'load' 'h_graph75_out_0_loc_load' <Predicate = true> <Delay = 0.00>
ST_8 : Operation 175 [1/1] (0.00ns)   --->   "%h_graph74_out_0_loc_load = load i16 %h_graph74_out_0_loc"   --->   Operation 175 'load' 'h_graph74_out_0_loc_load' <Predicate = true> <Delay = 0.00>
ST_8 : Operation 176 [1/1] (0.00ns)   --->   "%h_graph73_out_0_loc_load = load i16 %h_graph73_out_0_loc"   --->   Operation 176 'load' 'h_graph73_out_0_loc_load' <Predicate = true> <Delay = 0.00>
ST_8 : Operation 177 [1/1] (0.00ns)   --->   "%h_graph72_out_0_loc_load = load i16 %h_graph72_out_0_loc"   --->   Operation 177 'load' 'h_graph72_out_0_loc_load' <Predicate = true> <Delay = 0.00>
ST_8 : Operation 178 [1/1] (0.00ns)   --->   "%h_graph71_out_0_loc_load = load i16 %h_graph71_out_0_loc"   --->   Operation 178 'load' 'h_graph71_out_0_loc_load' <Predicate = true> <Delay = 0.00>
ST_8 : Operation 179 [1/1] (0.00ns)   --->   "%h_graph70_out_0_loc_load = load i16 %h_graph70_out_0_loc"   --->   Operation 179 'load' 'h_graph70_out_0_loc_load' <Predicate = true> <Delay = 0.00>
ST_8 : Operation 180 [1/1] (0.00ns)   --->   "%h_graph69_out_0_loc_load = load i16 %h_graph69_out_0_loc"   --->   Operation 180 'load' 'h_graph69_out_0_loc_load' <Predicate = true> <Delay = 0.00>
ST_8 : Operation 181 [1/1] (0.00ns)   --->   "%h_graph68_out_0_loc_load = load i16 %h_graph68_out_0_loc"   --->   Operation 181 'load' 'h_graph68_out_0_loc_load' <Predicate = true> <Delay = 0.00>
ST_8 : Operation 182 [1/1] (0.00ns)   --->   "%h_graph67_out_0_loc_load = load i16 %h_graph67_out_0_loc"   --->   Operation 182 'load' 'h_graph67_out_0_loc_load' <Predicate = true> <Delay = 0.00>
ST_8 : Operation 183 [1/1] (0.00ns)   --->   "%h_graph66_out_0_loc_load = load i16 %h_graph66_out_0_loc"   --->   Operation 183 'load' 'h_graph66_out_0_loc_load' <Predicate = true> <Delay = 0.00>
ST_8 : Operation 184 [1/1] (0.00ns)   --->   "%h_graph65_out_0_loc_load = load i16 %h_graph65_out_0_loc"   --->   Operation 184 'load' 'h_graph65_out_0_loc_load' <Predicate = true> <Delay = 0.00>
ST_8 : Operation 185 [1/1] (0.00ns)   --->   "%h_graph64_out_0_loc_load = load i16 %h_graph64_out_0_loc"   --->   Operation 185 'load' 'h_graph64_out_0_loc_load' <Predicate = true> <Delay = 0.00>
ST_8 : Operation 186 [1/1] (0.00ns)   --->   "%h_graph63_out_0_loc_load = load i16 %h_graph63_out_0_loc"   --->   Operation 186 'load' 'h_graph63_out_0_loc_load' <Predicate = true> <Delay = 0.00>
ST_8 : Operation 187 [1/1] (0.00ns)   --->   "%h_graph62_out_0_loc_load = load i16 %h_graph62_out_0_loc"   --->   Operation 187 'load' 'h_graph62_out_0_loc_load' <Predicate = true> <Delay = 0.00>
ST_8 : Operation 188 [1/1] (0.00ns)   --->   "%h_graph61_out_0_loc_load = load i16 %h_graph61_out_0_loc"   --->   Operation 188 'load' 'h_graph61_out_0_loc_load' <Predicate = true> <Delay = 0.00>
ST_8 : Operation 189 [1/1] (0.00ns)   --->   "%h_graph60_out_0_loc_load = load i16 %h_graph60_out_0_loc"   --->   Operation 189 'load' 'h_graph60_out_0_loc_load' <Predicate = true> <Delay = 0.00>
ST_8 : Operation 190 [1/1] (0.00ns)   --->   "%h_graph59_out_0_loc_load = load i16 %h_graph59_out_0_loc"   --->   Operation 190 'load' 'h_graph59_out_0_loc_load' <Predicate = true> <Delay = 0.00>
ST_8 : Operation 191 [1/1] (0.00ns)   --->   "%h_graph58_out_0_loc_load = load i16 %h_graph58_out_0_loc"   --->   Operation 191 'load' 'h_graph58_out_0_loc_load' <Predicate = true> <Delay = 0.00>
ST_8 : Operation 192 [1/1] (0.00ns)   --->   "%h_graph57_out_0_loc_load = load i16 %h_graph57_out_0_loc"   --->   Operation 192 'load' 'h_graph57_out_0_loc_load' <Predicate = true> <Delay = 0.00>
ST_8 : Operation 193 [1/1] (0.00ns)   --->   "%h_graph56_out_0_loc_load = load i16 %h_graph56_out_0_loc"   --->   Operation 193 'load' 'h_graph56_out_0_loc_load' <Predicate = true> <Delay = 0.00>
ST_8 : Operation 194 [1/1] (0.00ns)   --->   "%h_graph55_out_0_loc_load = load i16 %h_graph55_out_0_loc"   --->   Operation 194 'load' 'h_graph55_out_0_loc_load' <Predicate = true> <Delay = 0.00>
ST_8 : Operation 195 [1/1] (0.00ns)   --->   "%h_graph54_out_0_loc_load = load i16 %h_graph54_out_0_loc"   --->   Operation 195 'load' 'h_graph54_out_0_loc_load' <Predicate = true> <Delay = 0.00>
ST_8 : Operation 196 [1/1] (0.00ns)   --->   "%h_graph53_out_0_loc_load = load i16 %h_graph53_out_0_loc"   --->   Operation 196 'load' 'h_graph53_out_0_loc_load' <Predicate = true> <Delay = 0.00>
ST_8 : Operation 197 [1/1] (0.00ns)   --->   "%h_graph52_out_0_loc_load = load i16 %h_graph52_out_0_loc"   --->   Operation 197 'load' 'h_graph52_out_0_loc_load' <Predicate = true> <Delay = 0.00>
ST_8 : Operation 198 [1/1] (0.00ns)   --->   "%h_graph51_out_0_loc_load = load i16 %h_graph51_out_0_loc"   --->   Operation 198 'load' 'h_graph51_out_0_loc_load' <Predicate = true> <Delay = 0.00>
ST_8 : Operation 199 [1/1] (0.00ns)   --->   "%h_graph50_out_0_loc_load = load i16 %h_graph50_out_0_loc"   --->   Operation 199 'load' 'h_graph50_out_0_loc_load' <Predicate = true> <Delay = 0.00>
ST_8 : Operation 200 [1/1] (0.00ns)   --->   "%h_graph49_out_0_loc_load = load i16 %h_graph49_out_0_loc"   --->   Operation 200 'load' 'h_graph49_out_0_loc_load' <Predicate = true> <Delay = 0.00>
ST_8 : Operation 201 [1/1] (0.00ns)   --->   "%h_graph48_out_0_loc_load = load i16 %h_graph48_out_0_loc"   --->   Operation 201 'load' 'h_graph48_out_0_loc_load' <Predicate = true> <Delay = 0.00>
ST_8 : Operation 202 [1/1] (0.00ns)   --->   "%h_graph47_out_0_loc_load = load i16 %h_graph47_out_0_loc"   --->   Operation 202 'load' 'h_graph47_out_0_loc_load' <Predicate = true> <Delay = 0.00>
ST_8 : Operation 203 [1/1] (0.00ns)   --->   "%h_graph46_out_0_loc_load = load i16 %h_graph46_out_0_loc"   --->   Operation 203 'load' 'h_graph46_out_0_loc_load' <Predicate = true> <Delay = 0.00>
ST_8 : Operation 204 [1/1] (0.00ns)   --->   "%h_graph45_out_0_loc_load = load i16 %h_graph45_out_0_loc"   --->   Operation 204 'load' 'h_graph45_out_0_loc_load' <Predicate = true> <Delay = 0.00>
ST_8 : Operation 205 [1/1] (0.00ns)   --->   "%h_graph44_out_0_loc_load = load i16 %h_graph44_out_0_loc"   --->   Operation 205 'load' 'h_graph44_out_0_loc_load' <Predicate = true> <Delay = 0.00>
ST_8 : Operation 206 [1/1] (0.00ns)   --->   "%h_graph43_out_0_loc_load = load i16 %h_graph43_out_0_loc"   --->   Operation 206 'load' 'h_graph43_out_0_loc_load' <Predicate = true> <Delay = 0.00>
ST_8 : Operation 207 [1/1] (0.00ns)   --->   "%h_graph42_out_0_loc_load = load i16 %h_graph42_out_0_loc"   --->   Operation 207 'load' 'h_graph42_out_0_loc_load' <Predicate = true> <Delay = 0.00>
ST_8 : Operation 208 [1/1] (0.00ns)   --->   "%h_graph41_out_0_loc_load = load i16 %h_graph41_out_0_loc"   --->   Operation 208 'load' 'h_graph41_out_0_loc_load' <Predicate = true> <Delay = 0.00>
ST_8 : Operation 209 [1/1] (0.00ns)   --->   "%h_graph40_out_0_loc_load = load i16 %h_graph40_out_0_loc"   --->   Operation 209 'load' 'h_graph40_out_0_loc_load' <Predicate = true> <Delay = 0.00>
ST_8 : Operation 210 [1/1] (0.00ns)   --->   "%h_graph39_out_0_loc_load = load i16 %h_graph39_out_0_loc"   --->   Operation 210 'load' 'h_graph39_out_0_loc_load' <Predicate = true> <Delay = 0.00>
ST_8 : Operation 211 [1/1] (0.00ns)   --->   "%h_graph38_out_0_loc_load = load i16 %h_graph38_out_0_loc"   --->   Operation 211 'load' 'h_graph38_out_0_loc_load' <Predicate = true> <Delay = 0.00>
ST_8 : Operation 212 [1/1] (0.00ns)   --->   "%h_graph37_out_0_loc_load = load i16 %h_graph37_out_0_loc"   --->   Operation 212 'load' 'h_graph37_out_0_loc_load' <Predicate = true> <Delay = 0.00>
ST_8 : Operation 213 [1/1] (0.00ns)   --->   "%h_graph36_out_0_loc_load = load i16 %h_graph36_out_0_loc"   --->   Operation 213 'load' 'h_graph36_out_0_loc_load' <Predicate = true> <Delay = 0.00>
ST_8 : Operation 214 [1/1] (0.00ns)   --->   "%h_graph35_out_0_loc_load = load i16 %h_graph35_out_0_loc"   --->   Operation 214 'load' 'h_graph35_out_0_loc_load' <Predicate = true> <Delay = 0.00>
ST_8 : Operation 215 [1/1] (0.00ns)   --->   "%h_graph34_out_0_loc_load = load i16 %h_graph34_out_0_loc"   --->   Operation 215 'load' 'h_graph34_out_0_loc_load' <Predicate = true> <Delay = 0.00>
ST_8 : Operation 216 [1/1] (0.00ns)   --->   "%h_graph33_out_0_loc_load = load i16 %h_graph33_out_0_loc"   --->   Operation 216 'load' 'h_graph33_out_0_loc_load' <Predicate = true> <Delay = 0.00>
ST_8 : Operation 217 [1/1] (0.00ns)   --->   "%h_graph32_out_0_loc_load = load i16 %h_graph32_out_0_loc"   --->   Operation 217 'load' 'h_graph32_out_0_loc_load' <Predicate = true> <Delay = 0.00>
ST_8 : Operation 218 [1/1] (0.00ns)   --->   "%h_graph31_out_0_loc_load = load i16 %h_graph31_out_0_loc"   --->   Operation 218 'load' 'h_graph31_out_0_loc_load' <Predicate = true> <Delay = 0.00>
ST_8 : Operation 219 [1/1] (0.00ns)   --->   "%h_graph30_out_0_loc_load = load i16 %h_graph30_out_0_loc"   --->   Operation 219 'load' 'h_graph30_out_0_loc_load' <Predicate = true> <Delay = 0.00>
ST_8 : Operation 220 [1/1] (0.00ns)   --->   "%h_graph29_out_0_loc_load = load i16 %h_graph29_out_0_loc"   --->   Operation 220 'load' 'h_graph29_out_0_loc_load' <Predicate = true> <Delay = 0.00>
ST_8 : Operation 221 [1/1] (0.00ns)   --->   "%h_graph28_out_0_loc_load = load i16 %h_graph28_out_0_loc"   --->   Operation 221 'load' 'h_graph28_out_0_loc_load' <Predicate = true> <Delay = 0.00>
ST_8 : Operation 222 [1/1] (0.00ns)   --->   "%h_graph27_out_0_loc_load = load i16 %h_graph27_out_0_loc"   --->   Operation 222 'load' 'h_graph27_out_0_loc_load' <Predicate = true> <Delay = 0.00>
ST_8 : Operation 223 [1/1] (0.00ns)   --->   "%h_graph26_out_0_loc_load = load i16 %h_graph26_out_0_loc"   --->   Operation 223 'load' 'h_graph26_out_0_loc_load' <Predicate = true> <Delay = 0.00>
ST_8 : Operation 224 [1/1] (0.00ns)   --->   "%h_graph25_out_0_loc_load = load i16 %h_graph25_out_0_loc"   --->   Operation 224 'load' 'h_graph25_out_0_loc_load' <Predicate = true> <Delay = 0.00>
ST_8 : Operation 225 [1/1] (0.00ns)   --->   "%h_graph24_out_0_loc_load = load i16 %h_graph24_out_0_loc"   --->   Operation 225 'load' 'h_graph24_out_0_loc_load' <Predicate = true> <Delay = 0.00>
ST_8 : Operation 226 [1/1] (0.00ns)   --->   "%h_graph23_out_0_loc_load = load i16 %h_graph23_out_0_loc"   --->   Operation 226 'load' 'h_graph23_out_0_loc_load' <Predicate = true> <Delay = 0.00>
ST_8 : Operation 227 [1/1] (0.00ns)   --->   "%h_graph22_out_0_loc_load = load i16 %h_graph22_out_0_loc"   --->   Operation 227 'load' 'h_graph22_out_0_loc_load' <Predicate = true> <Delay = 0.00>
ST_8 : Operation 228 [1/1] (0.00ns)   --->   "%h_graph21_out_0_loc_load = load i16 %h_graph21_out_0_loc"   --->   Operation 228 'load' 'h_graph21_out_0_loc_load' <Predicate = true> <Delay = 0.00>
ST_8 : Operation 229 [1/1] (0.00ns)   --->   "%h_graph20_out_0_loc_load = load i16 %h_graph20_out_0_loc"   --->   Operation 229 'load' 'h_graph20_out_0_loc_load' <Predicate = true> <Delay = 0.00>
ST_8 : Operation 230 [1/1] (0.00ns)   --->   "%h_graph19_out_0_loc_load = load i16 %h_graph19_out_0_loc"   --->   Operation 230 'load' 'h_graph19_out_0_loc_load' <Predicate = true> <Delay = 0.00>
ST_8 : Operation 231 [1/1] (0.00ns)   --->   "%h_graph18_out_0_loc_load = load i16 %h_graph18_out_0_loc"   --->   Operation 231 'load' 'h_graph18_out_0_loc_load' <Predicate = true> <Delay = 0.00>
ST_8 : Operation 232 [1/1] (0.00ns)   --->   "%h_graph17_out_0_loc_load = load i16 %h_graph17_out_0_loc"   --->   Operation 232 'load' 'h_graph17_out_0_loc_load' <Predicate = true> <Delay = 0.00>
ST_8 : Operation 233 [1/1] (0.00ns)   --->   "%h_graph16_out_0_loc_load = load i16 %h_graph16_out_0_loc"   --->   Operation 233 'load' 'h_graph16_out_0_loc_load' <Predicate = true> <Delay = 0.00>
ST_8 : Operation 234 [1/1] (0.00ns)   --->   "%h_graph15_out_0_loc_load = load i16 %h_graph15_out_0_loc"   --->   Operation 234 'load' 'h_graph15_out_0_loc_load' <Predicate = true> <Delay = 0.00>
ST_8 : Operation 235 [1/1] (0.00ns)   --->   "%h_graph14_out_0_loc_load = load i16 %h_graph14_out_0_loc"   --->   Operation 235 'load' 'h_graph14_out_0_loc_load' <Predicate = true> <Delay = 0.00>
ST_8 : Operation 236 [1/1] (0.00ns)   --->   "%h_graph13_out_0_loc_load = load i16 %h_graph13_out_0_loc"   --->   Operation 236 'load' 'h_graph13_out_0_loc_load' <Predicate = true> <Delay = 0.00>
ST_8 : Operation 237 [1/1] (0.00ns)   --->   "%h_graph12_out_0_loc_load = load i16 %h_graph12_out_0_loc"   --->   Operation 237 'load' 'h_graph12_out_0_loc_load' <Predicate = true> <Delay = 0.00>
ST_8 : Operation 238 [1/1] (0.00ns)   --->   "%h_graph11_out_0_loc_load = load i16 %h_graph11_out_0_loc"   --->   Operation 238 'load' 'h_graph11_out_0_loc_load' <Predicate = true> <Delay = 0.00>
ST_8 : Operation 239 [1/1] (0.00ns)   --->   "%h_graph10_out_0_loc_load = load i16 %h_graph10_out_0_loc"   --->   Operation 239 'load' 'h_graph10_out_0_loc_load' <Predicate = true> <Delay = 0.00>
ST_8 : Operation 240 [1/1] (0.00ns)   --->   "%h_graph9_out_0_loc_load = load i16 %h_graph9_out_0_loc"   --->   Operation 240 'load' 'h_graph9_out_0_loc_load' <Predicate = true> <Delay = 0.00>
ST_8 : Operation 241 [1/1] (0.00ns)   --->   "%h_graph8_out_0_loc_load = load i16 %h_graph8_out_0_loc"   --->   Operation 241 'load' 'h_graph8_out_0_loc_load' <Predicate = true> <Delay = 0.00>
ST_8 : Operation 242 [1/1] (0.00ns)   --->   "%h_graph7_out_0_loc_load = load i16 %h_graph7_out_0_loc"   --->   Operation 242 'load' 'h_graph7_out_0_loc_load' <Predicate = true> <Delay = 0.00>
ST_8 : Operation 243 [1/1] (0.00ns)   --->   "%h_graph6_out_0_loc_load = load i16 %h_graph6_out_0_loc"   --->   Operation 243 'load' 'h_graph6_out_0_loc_load' <Predicate = true> <Delay = 0.00>
ST_8 : Operation 244 [1/1] (0.00ns)   --->   "%h_graph5_out_0_loc_load = load i16 %h_graph5_out_0_loc"   --->   Operation 244 'load' 'h_graph5_out_0_loc_load' <Predicate = true> <Delay = 0.00>
ST_8 : Operation 245 [1/1] (0.00ns)   --->   "%h_graph4_out_0_loc_load = load i16 %h_graph4_out_0_loc"   --->   Operation 245 'load' 'h_graph4_out_0_loc_load' <Predicate = true> <Delay = 0.00>
ST_8 : Operation 246 [1/1] (0.00ns)   --->   "%h_graph3_out_0_loc_load = load i16 %h_graph3_out_0_loc"   --->   Operation 246 'load' 'h_graph3_out_0_loc_load' <Predicate = true> <Delay = 0.00>
ST_8 : Operation 247 [1/1] (0.00ns)   --->   "%h_graph2_out_0_loc_load = load i16 %h_graph2_out_0_loc"   --->   Operation 247 'load' 'h_graph2_out_0_loc_load' <Predicate = true> <Delay = 0.00>
ST_8 : Operation 248 [1/1] (0.00ns)   --->   "%h_graph_out_0_loc_load = load i16 %h_graph_out_0_loc"   --->   Operation 248 'load' 'h_graph_out_0_loc_load' <Predicate = true> <Delay = 0.00>
ST_8 : Operation 249 [1/1] (0.00ns)   --->   "%mrv = insertvalue i1600 <undef>, i16 %h_graph_out_0_loc_load" [example-4/src/finalize.cc:115]   --->   Operation 249 'insertvalue' 'mrv' <Predicate = true> <Delay = 0.00>
ST_8 : Operation 250 [1/1] (0.00ns)   --->   "%mrv_1 = insertvalue i1600 %mrv, i16 %h_graph2_out_0_loc_load" [example-4/src/finalize.cc:115]   --->   Operation 250 'insertvalue' 'mrv_1' <Predicate = true> <Delay = 0.00>
ST_8 : Operation 251 [1/1] (0.00ns)   --->   "%mrv_2 = insertvalue i1600 %mrv_1, i16 %h_graph3_out_0_loc_load" [example-4/src/finalize.cc:115]   --->   Operation 251 'insertvalue' 'mrv_2' <Predicate = true> <Delay = 0.00>
ST_8 : Operation 252 [1/1] (0.00ns)   --->   "%mrv_3 = insertvalue i1600 %mrv_2, i16 %h_graph4_out_0_loc_load" [example-4/src/finalize.cc:115]   --->   Operation 252 'insertvalue' 'mrv_3' <Predicate = true> <Delay = 0.00>
ST_8 : Operation 253 [1/1] (0.00ns)   --->   "%mrv_4 = insertvalue i1600 %mrv_3, i16 %h_graph5_out_0_loc_load" [example-4/src/finalize.cc:115]   --->   Operation 253 'insertvalue' 'mrv_4' <Predicate = true> <Delay = 0.00>
ST_8 : Operation 254 [1/1] (0.00ns)   --->   "%mrv_5 = insertvalue i1600 %mrv_4, i16 %h_graph6_out_0_loc_load" [example-4/src/finalize.cc:115]   --->   Operation 254 'insertvalue' 'mrv_5' <Predicate = true> <Delay = 0.00>
ST_8 : Operation 255 [1/1] (0.00ns)   --->   "%mrv_6 = insertvalue i1600 %mrv_5, i16 %h_graph7_out_0_loc_load" [example-4/src/finalize.cc:115]   --->   Operation 255 'insertvalue' 'mrv_6' <Predicate = true> <Delay = 0.00>
ST_8 : Operation 256 [1/1] (0.00ns)   --->   "%mrv_7 = insertvalue i1600 %mrv_6, i16 %h_graph8_out_0_loc_load" [example-4/src/finalize.cc:115]   --->   Operation 256 'insertvalue' 'mrv_7' <Predicate = true> <Delay = 0.00>
ST_8 : Operation 257 [1/1] (0.00ns)   --->   "%mrv_8 = insertvalue i1600 %mrv_7, i16 %h_graph9_out_0_loc_load" [example-4/src/finalize.cc:115]   --->   Operation 257 'insertvalue' 'mrv_8' <Predicate = true> <Delay = 0.00>
ST_8 : Operation 258 [1/1] (0.00ns)   --->   "%mrv_9 = insertvalue i1600 %mrv_8, i16 %h_graph10_out_0_loc_load" [example-4/src/finalize.cc:115]   --->   Operation 258 'insertvalue' 'mrv_9' <Predicate = true> <Delay = 0.00>
ST_8 : Operation 259 [1/1] (0.00ns)   --->   "%mrv_s = insertvalue i1600 %mrv_9, i16 %h_graph11_out_0_loc_load" [example-4/src/finalize.cc:115]   --->   Operation 259 'insertvalue' 'mrv_s' <Predicate = true> <Delay = 0.00>
ST_8 : Operation 260 [1/1] (0.00ns)   --->   "%mrv_10 = insertvalue i1600 %mrv_s, i16 %h_graph12_out_0_loc_load" [example-4/src/finalize.cc:115]   --->   Operation 260 'insertvalue' 'mrv_10' <Predicate = true> <Delay = 0.00>
ST_8 : Operation 261 [1/1] (0.00ns)   --->   "%mrv_11 = insertvalue i1600 %mrv_10, i16 %h_graph13_out_0_loc_load" [example-4/src/finalize.cc:115]   --->   Operation 261 'insertvalue' 'mrv_11' <Predicate = true> <Delay = 0.00>
ST_8 : Operation 262 [1/1] (0.00ns)   --->   "%mrv_12 = insertvalue i1600 %mrv_11, i16 %h_graph14_out_0_loc_load" [example-4/src/finalize.cc:115]   --->   Operation 262 'insertvalue' 'mrv_12' <Predicate = true> <Delay = 0.00>
ST_8 : Operation 263 [1/1] (0.00ns)   --->   "%mrv_13 = insertvalue i1600 %mrv_12, i16 %h_graph15_out_0_loc_load" [example-4/src/finalize.cc:115]   --->   Operation 263 'insertvalue' 'mrv_13' <Predicate = true> <Delay = 0.00>
ST_8 : Operation 264 [1/1] (0.00ns)   --->   "%mrv_14 = insertvalue i1600 %mrv_13, i16 %h_graph16_out_0_loc_load" [example-4/src/finalize.cc:115]   --->   Operation 264 'insertvalue' 'mrv_14' <Predicate = true> <Delay = 0.00>
ST_8 : Operation 265 [1/1] (0.00ns)   --->   "%mrv_15 = insertvalue i1600 %mrv_14, i16 %h_graph17_out_0_loc_load" [example-4/src/finalize.cc:115]   --->   Operation 265 'insertvalue' 'mrv_15' <Predicate = true> <Delay = 0.00>
ST_8 : Operation 266 [1/1] (0.00ns)   --->   "%mrv_16 = insertvalue i1600 %mrv_15, i16 %h_graph18_out_0_loc_load" [example-4/src/finalize.cc:115]   --->   Operation 266 'insertvalue' 'mrv_16' <Predicate = true> <Delay = 0.00>
ST_8 : Operation 267 [1/1] (0.00ns)   --->   "%mrv_17 = insertvalue i1600 %mrv_16, i16 %h_graph19_out_0_loc_load" [example-4/src/finalize.cc:115]   --->   Operation 267 'insertvalue' 'mrv_17' <Predicate = true> <Delay = 0.00>
ST_8 : Operation 268 [1/1] (0.00ns)   --->   "%mrv_18 = insertvalue i1600 %mrv_17, i16 %h_graph20_out_0_loc_load" [example-4/src/finalize.cc:115]   --->   Operation 268 'insertvalue' 'mrv_18' <Predicate = true> <Delay = 0.00>
ST_8 : Operation 269 [1/1] (0.00ns)   --->   "%mrv_19 = insertvalue i1600 %mrv_18, i16 %h_graph21_out_0_loc_load" [example-4/src/finalize.cc:115]   --->   Operation 269 'insertvalue' 'mrv_19' <Predicate = true> <Delay = 0.00>
ST_8 : Operation 270 [1/1] (0.00ns)   --->   "%mrv_20 = insertvalue i1600 %mrv_19, i16 %h_graph22_out_0_loc_load" [example-4/src/finalize.cc:115]   --->   Operation 270 'insertvalue' 'mrv_20' <Predicate = true> <Delay = 0.00>
ST_8 : Operation 271 [1/1] (0.00ns)   --->   "%mrv_21 = insertvalue i1600 %mrv_20, i16 %h_graph23_out_0_loc_load" [example-4/src/finalize.cc:115]   --->   Operation 271 'insertvalue' 'mrv_21' <Predicate = true> <Delay = 0.00>
ST_8 : Operation 272 [1/1] (0.00ns)   --->   "%mrv_22 = insertvalue i1600 %mrv_21, i16 %h_graph24_out_0_loc_load" [example-4/src/finalize.cc:115]   --->   Operation 272 'insertvalue' 'mrv_22' <Predicate = true> <Delay = 0.00>
ST_8 : Operation 273 [1/1] (0.00ns)   --->   "%mrv_23 = insertvalue i1600 %mrv_22, i16 %h_graph25_out_0_loc_load" [example-4/src/finalize.cc:115]   --->   Operation 273 'insertvalue' 'mrv_23' <Predicate = true> <Delay = 0.00>
ST_8 : Operation 274 [1/1] (0.00ns)   --->   "%mrv_24 = insertvalue i1600 %mrv_23, i16 %h_graph26_out_0_loc_load" [example-4/src/finalize.cc:115]   --->   Operation 274 'insertvalue' 'mrv_24' <Predicate = true> <Delay = 0.00>
ST_8 : Operation 275 [1/1] (0.00ns)   --->   "%mrv_25 = insertvalue i1600 %mrv_24, i16 %h_graph27_out_0_loc_load" [example-4/src/finalize.cc:115]   --->   Operation 275 'insertvalue' 'mrv_25' <Predicate = true> <Delay = 0.00>
ST_8 : Operation 276 [1/1] (0.00ns)   --->   "%mrv_26 = insertvalue i1600 %mrv_25, i16 %h_graph28_out_0_loc_load" [example-4/src/finalize.cc:115]   --->   Operation 276 'insertvalue' 'mrv_26' <Predicate = true> <Delay = 0.00>
ST_8 : Operation 277 [1/1] (0.00ns)   --->   "%mrv_27 = insertvalue i1600 %mrv_26, i16 %h_graph29_out_0_loc_load" [example-4/src/finalize.cc:115]   --->   Operation 277 'insertvalue' 'mrv_27' <Predicate = true> <Delay = 0.00>
ST_8 : Operation 278 [1/1] (0.00ns)   --->   "%mrv_28 = insertvalue i1600 %mrv_27, i16 %h_graph30_out_0_loc_load" [example-4/src/finalize.cc:115]   --->   Operation 278 'insertvalue' 'mrv_28' <Predicate = true> <Delay = 0.00>
ST_8 : Operation 279 [1/1] (0.00ns)   --->   "%mrv_29 = insertvalue i1600 %mrv_28, i16 %h_graph31_out_0_loc_load" [example-4/src/finalize.cc:115]   --->   Operation 279 'insertvalue' 'mrv_29' <Predicate = true> <Delay = 0.00>
ST_8 : Operation 280 [1/1] (0.00ns)   --->   "%mrv_30 = insertvalue i1600 %mrv_29, i16 %h_graph32_out_0_loc_load" [example-4/src/finalize.cc:115]   --->   Operation 280 'insertvalue' 'mrv_30' <Predicate = true> <Delay = 0.00>
ST_8 : Operation 281 [1/1] (0.00ns)   --->   "%mrv_31 = insertvalue i1600 %mrv_30, i16 %h_graph33_out_0_loc_load" [example-4/src/finalize.cc:115]   --->   Operation 281 'insertvalue' 'mrv_31' <Predicate = true> <Delay = 0.00>
ST_8 : Operation 282 [1/1] (0.00ns)   --->   "%mrv_32 = insertvalue i1600 %mrv_31, i16 %h_graph34_out_0_loc_load" [example-4/src/finalize.cc:115]   --->   Operation 282 'insertvalue' 'mrv_32' <Predicate = true> <Delay = 0.00>
ST_8 : Operation 283 [1/1] (0.00ns)   --->   "%mrv_33 = insertvalue i1600 %mrv_32, i16 %h_graph35_out_0_loc_load" [example-4/src/finalize.cc:115]   --->   Operation 283 'insertvalue' 'mrv_33' <Predicate = true> <Delay = 0.00>
ST_8 : Operation 284 [1/1] (0.00ns)   --->   "%mrv_34 = insertvalue i1600 %mrv_33, i16 %h_graph36_out_0_loc_load" [example-4/src/finalize.cc:115]   --->   Operation 284 'insertvalue' 'mrv_34' <Predicate = true> <Delay = 0.00>
ST_8 : Operation 285 [1/1] (0.00ns)   --->   "%mrv_35 = insertvalue i1600 %mrv_34, i16 %h_graph37_out_0_loc_load" [example-4/src/finalize.cc:115]   --->   Operation 285 'insertvalue' 'mrv_35' <Predicate = true> <Delay = 0.00>
ST_8 : Operation 286 [1/1] (0.00ns)   --->   "%mrv_36 = insertvalue i1600 %mrv_35, i16 %h_graph38_out_0_loc_load" [example-4/src/finalize.cc:115]   --->   Operation 286 'insertvalue' 'mrv_36' <Predicate = true> <Delay = 0.00>
ST_8 : Operation 287 [1/1] (0.00ns)   --->   "%mrv_37 = insertvalue i1600 %mrv_36, i16 %h_graph39_out_0_loc_load" [example-4/src/finalize.cc:115]   --->   Operation 287 'insertvalue' 'mrv_37' <Predicate = true> <Delay = 0.00>
ST_8 : Operation 288 [1/1] (0.00ns)   --->   "%mrv_38 = insertvalue i1600 %mrv_37, i16 %h_graph40_out_0_loc_load" [example-4/src/finalize.cc:115]   --->   Operation 288 'insertvalue' 'mrv_38' <Predicate = true> <Delay = 0.00>
ST_8 : Operation 289 [1/1] (0.00ns)   --->   "%mrv_39 = insertvalue i1600 %mrv_38, i16 %h_graph41_out_0_loc_load" [example-4/src/finalize.cc:115]   --->   Operation 289 'insertvalue' 'mrv_39' <Predicate = true> <Delay = 0.00>
ST_8 : Operation 290 [1/1] (0.00ns)   --->   "%mrv_40 = insertvalue i1600 %mrv_39, i16 %h_graph42_out_0_loc_load" [example-4/src/finalize.cc:115]   --->   Operation 290 'insertvalue' 'mrv_40' <Predicate = true> <Delay = 0.00>
ST_8 : Operation 291 [1/1] (0.00ns)   --->   "%mrv_41 = insertvalue i1600 %mrv_40, i16 %h_graph43_out_0_loc_load" [example-4/src/finalize.cc:115]   --->   Operation 291 'insertvalue' 'mrv_41' <Predicate = true> <Delay = 0.00>
ST_8 : Operation 292 [1/1] (0.00ns)   --->   "%mrv_42 = insertvalue i1600 %mrv_41, i16 %h_graph44_out_0_loc_load" [example-4/src/finalize.cc:115]   --->   Operation 292 'insertvalue' 'mrv_42' <Predicate = true> <Delay = 0.00>
ST_8 : Operation 293 [1/1] (0.00ns)   --->   "%mrv_43 = insertvalue i1600 %mrv_42, i16 %h_graph45_out_0_loc_load" [example-4/src/finalize.cc:115]   --->   Operation 293 'insertvalue' 'mrv_43' <Predicate = true> <Delay = 0.00>
ST_8 : Operation 294 [1/1] (0.00ns)   --->   "%mrv_44 = insertvalue i1600 %mrv_43, i16 %h_graph46_out_0_loc_load" [example-4/src/finalize.cc:115]   --->   Operation 294 'insertvalue' 'mrv_44' <Predicate = true> <Delay = 0.00>
ST_8 : Operation 295 [1/1] (0.00ns)   --->   "%mrv_45 = insertvalue i1600 %mrv_44, i16 %h_graph47_out_0_loc_load" [example-4/src/finalize.cc:115]   --->   Operation 295 'insertvalue' 'mrv_45' <Predicate = true> <Delay = 0.00>
ST_8 : Operation 296 [1/1] (0.00ns)   --->   "%mrv_46 = insertvalue i1600 %mrv_45, i16 %h_graph48_out_0_loc_load" [example-4/src/finalize.cc:115]   --->   Operation 296 'insertvalue' 'mrv_46' <Predicate = true> <Delay = 0.00>
ST_8 : Operation 297 [1/1] (0.00ns)   --->   "%mrv_47 = insertvalue i1600 %mrv_46, i16 %h_graph49_out_0_loc_load" [example-4/src/finalize.cc:115]   --->   Operation 297 'insertvalue' 'mrv_47' <Predicate = true> <Delay = 0.00>
ST_8 : Operation 298 [1/1] (0.00ns)   --->   "%mrv_48 = insertvalue i1600 %mrv_47, i16 %h_graph50_out_0_loc_load" [example-4/src/finalize.cc:115]   --->   Operation 298 'insertvalue' 'mrv_48' <Predicate = true> <Delay = 0.00>
ST_8 : Operation 299 [1/1] (0.00ns)   --->   "%mrv_49 = insertvalue i1600 %mrv_48, i16 %h_graph51_out_0_loc_load" [example-4/src/finalize.cc:115]   --->   Operation 299 'insertvalue' 'mrv_49' <Predicate = true> <Delay = 0.00>
ST_8 : Operation 300 [1/1] (0.00ns)   --->   "%mrv_50 = insertvalue i1600 %mrv_49, i16 %h_graph52_out_0_loc_load" [example-4/src/finalize.cc:115]   --->   Operation 300 'insertvalue' 'mrv_50' <Predicate = true> <Delay = 0.00>
ST_8 : Operation 301 [1/1] (0.00ns)   --->   "%mrv_51 = insertvalue i1600 %mrv_50, i16 %h_graph53_out_0_loc_load" [example-4/src/finalize.cc:115]   --->   Operation 301 'insertvalue' 'mrv_51' <Predicate = true> <Delay = 0.00>
ST_8 : Operation 302 [1/1] (0.00ns)   --->   "%mrv_52 = insertvalue i1600 %mrv_51, i16 %h_graph54_out_0_loc_load" [example-4/src/finalize.cc:115]   --->   Operation 302 'insertvalue' 'mrv_52' <Predicate = true> <Delay = 0.00>
ST_8 : Operation 303 [1/1] (0.00ns)   --->   "%mrv_53 = insertvalue i1600 %mrv_52, i16 %h_graph55_out_0_loc_load" [example-4/src/finalize.cc:115]   --->   Operation 303 'insertvalue' 'mrv_53' <Predicate = true> <Delay = 0.00>
ST_8 : Operation 304 [1/1] (0.00ns)   --->   "%mrv_54 = insertvalue i1600 %mrv_53, i16 %h_graph56_out_0_loc_load" [example-4/src/finalize.cc:115]   --->   Operation 304 'insertvalue' 'mrv_54' <Predicate = true> <Delay = 0.00>
ST_8 : Operation 305 [1/1] (0.00ns)   --->   "%mrv_55 = insertvalue i1600 %mrv_54, i16 %h_graph57_out_0_loc_load" [example-4/src/finalize.cc:115]   --->   Operation 305 'insertvalue' 'mrv_55' <Predicate = true> <Delay = 0.00>
ST_8 : Operation 306 [1/1] (0.00ns)   --->   "%mrv_56 = insertvalue i1600 %mrv_55, i16 %h_graph58_out_0_loc_load" [example-4/src/finalize.cc:115]   --->   Operation 306 'insertvalue' 'mrv_56' <Predicate = true> <Delay = 0.00>
ST_8 : Operation 307 [1/1] (0.00ns)   --->   "%mrv_57 = insertvalue i1600 %mrv_56, i16 %h_graph59_out_0_loc_load" [example-4/src/finalize.cc:115]   --->   Operation 307 'insertvalue' 'mrv_57' <Predicate = true> <Delay = 0.00>
ST_8 : Operation 308 [1/1] (0.00ns)   --->   "%mrv_58 = insertvalue i1600 %mrv_57, i16 %h_graph60_out_0_loc_load" [example-4/src/finalize.cc:115]   --->   Operation 308 'insertvalue' 'mrv_58' <Predicate = true> <Delay = 0.00>
ST_8 : Operation 309 [1/1] (0.00ns)   --->   "%mrv_59 = insertvalue i1600 %mrv_58, i16 %h_graph61_out_0_loc_load" [example-4/src/finalize.cc:115]   --->   Operation 309 'insertvalue' 'mrv_59' <Predicate = true> <Delay = 0.00>
ST_8 : Operation 310 [1/1] (0.00ns)   --->   "%mrv_60 = insertvalue i1600 %mrv_59, i16 %h_graph62_out_0_loc_load" [example-4/src/finalize.cc:115]   --->   Operation 310 'insertvalue' 'mrv_60' <Predicate = true> <Delay = 0.00>
ST_8 : Operation 311 [1/1] (0.00ns)   --->   "%mrv_61 = insertvalue i1600 %mrv_60, i16 %h_graph63_out_0_loc_load" [example-4/src/finalize.cc:115]   --->   Operation 311 'insertvalue' 'mrv_61' <Predicate = true> <Delay = 0.00>
ST_8 : Operation 312 [1/1] (0.00ns)   --->   "%mrv_62 = insertvalue i1600 %mrv_61, i16 %h_graph64_out_0_loc_load" [example-4/src/finalize.cc:115]   --->   Operation 312 'insertvalue' 'mrv_62' <Predicate = true> <Delay = 0.00>
ST_8 : Operation 313 [1/1] (0.00ns)   --->   "%mrv_63 = insertvalue i1600 %mrv_62, i16 %h_graph65_out_0_loc_load" [example-4/src/finalize.cc:115]   --->   Operation 313 'insertvalue' 'mrv_63' <Predicate = true> <Delay = 0.00>
ST_8 : Operation 314 [1/1] (0.00ns)   --->   "%mrv_64 = insertvalue i1600 %mrv_63, i16 %h_graph66_out_0_loc_load" [example-4/src/finalize.cc:115]   --->   Operation 314 'insertvalue' 'mrv_64' <Predicate = true> <Delay = 0.00>
ST_8 : Operation 315 [1/1] (0.00ns)   --->   "%mrv_65 = insertvalue i1600 %mrv_64, i16 %h_graph67_out_0_loc_load" [example-4/src/finalize.cc:115]   --->   Operation 315 'insertvalue' 'mrv_65' <Predicate = true> <Delay = 0.00>
ST_8 : Operation 316 [1/1] (0.00ns)   --->   "%mrv_66 = insertvalue i1600 %mrv_65, i16 %h_graph68_out_0_loc_load" [example-4/src/finalize.cc:115]   --->   Operation 316 'insertvalue' 'mrv_66' <Predicate = true> <Delay = 0.00>
ST_8 : Operation 317 [1/1] (0.00ns)   --->   "%mrv_67 = insertvalue i1600 %mrv_66, i16 %h_graph69_out_0_loc_load" [example-4/src/finalize.cc:115]   --->   Operation 317 'insertvalue' 'mrv_67' <Predicate = true> <Delay = 0.00>
ST_8 : Operation 318 [1/1] (0.00ns)   --->   "%mrv_68 = insertvalue i1600 %mrv_67, i16 %h_graph70_out_0_loc_load" [example-4/src/finalize.cc:115]   --->   Operation 318 'insertvalue' 'mrv_68' <Predicate = true> <Delay = 0.00>
ST_8 : Operation 319 [1/1] (0.00ns)   --->   "%mrv_69 = insertvalue i1600 %mrv_68, i16 %h_graph71_out_0_loc_load" [example-4/src/finalize.cc:115]   --->   Operation 319 'insertvalue' 'mrv_69' <Predicate = true> <Delay = 0.00>
ST_8 : Operation 320 [1/1] (0.00ns)   --->   "%mrv_70 = insertvalue i1600 %mrv_69, i16 %h_graph72_out_0_loc_load" [example-4/src/finalize.cc:115]   --->   Operation 320 'insertvalue' 'mrv_70' <Predicate = true> <Delay = 0.00>
ST_8 : Operation 321 [1/1] (0.00ns)   --->   "%mrv_71 = insertvalue i1600 %mrv_70, i16 %h_graph73_out_0_loc_load" [example-4/src/finalize.cc:115]   --->   Operation 321 'insertvalue' 'mrv_71' <Predicate = true> <Delay = 0.00>
ST_8 : Operation 322 [1/1] (0.00ns)   --->   "%mrv_72 = insertvalue i1600 %mrv_71, i16 %h_graph74_out_0_loc_load" [example-4/src/finalize.cc:115]   --->   Operation 322 'insertvalue' 'mrv_72' <Predicate = true> <Delay = 0.00>
ST_8 : Operation 323 [1/1] (0.00ns)   --->   "%mrv_73 = insertvalue i1600 %mrv_72, i16 %h_graph75_out_0_loc_load" [example-4/src/finalize.cc:115]   --->   Operation 323 'insertvalue' 'mrv_73' <Predicate = true> <Delay = 0.00>
ST_8 : Operation 324 [1/1] (0.00ns)   --->   "%mrv_74 = insertvalue i1600 %mrv_73, i16 %h_graph76_out_0_loc_load" [example-4/src/finalize.cc:115]   --->   Operation 324 'insertvalue' 'mrv_74' <Predicate = true> <Delay = 0.00>
ST_8 : Operation 325 [1/1] (0.00ns)   --->   "%mrv_75 = insertvalue i1600 %mrv_74, i16 %h_graph77_out_0_loc_load" [example-4/src/finalize.cc:115]   --->   Operation 325 'insertvalue' 'mrv_75' <Predicate = true> <Delay = 0.00>
ST_8 : Operation 326 [1/1] (0.00ns)   --->   "%mrv_76 = insertvalue i1600 %mrv_75, i16 %h_graph78_out_0_loc_load" [example-4/src/finalize.cc:115]   --->   Operation 326 'insertvalue' 'mrv_76' <Predicate = true> <Delay = 0.00>
ST_8 : Operation 327 [1/1] (0.00ns)   --->   "%mrv_77 = insertvalue i1600 %mrv_76, i16 %h_graph79_out_0_loc_load" [example-4/src/finalize.cc:115]   --->   Operation 327 'insertvalue' 'mrv_77' <Predicate = true> <Delay = 0.00>
ST_8 : Operation 328 [1/1] (0.00ns)   --->   "%mrv_78 = insertvalue i1600 %mrv_77, i16 %h_graph80_out_0_loc_load" [example-4/src/finalize.cc:115]   --->   Operation 328 'insertvalue' 'mrv_78' <Predicate = true> <Delay = 0.00>
ST_8 : Operation 329 [1/1] (0.00ns)   --->   "%mrv_79 = insertvalue i1600 %mrv_78, i16 %h_graph81_out_0_loc_load" [example-4/src/finalize.cc:115]   --->   Operation 329 'insertvalue' 'mrv_79' <Predicate = true> <Delay = 0.00>
ST_8 : Operation 330 [1/1] (0.00ns)   --->   "%mrv_80 = insertvalue i1600 %mrv_79, i16 %h_graph82_out_0_loc_load" [example-4/src/finalize.cc:115]   --->   Operation 330 'insertvalue' 'mrv_80' <Predicate = true> <Delay = 0.00>
ST_8 : Operation 331 [1/1] (0.00ns)   --->   "%mrv_81 = insertvalue i1600 %mrv_80, i16 %h_graph83_out_0_loc_load" [example-4/src/finalize.cc:115]   --->   Operation 331 'insertvalue' 'mrv_81' <Predicate = true> <Delay = 0.00>
ST_8 : Operation 332 [1/1] (0.00ns)   --->   "%mrv_82 = insertvalue i1600 %mrv_81, i16 %h_graph84_out_0_loc_load" [example-4/src/finalize.cc:115]   --->   Operation 332 'insertvalue' 'mrv_82' <Predicate = true> <Delay = 0.00>
ST_8 : Operation 333 [1/1] (0.00ns)   --->   "%mrv_83 = insertvalue i1600 %mrv_82, i16 %h_graph85_out_0_loc_load" [example-4/src/finalize.cc:115]   --->   Operation 333 'insertvalue' 'mrv_83' <Predicate = true> <Delay = 0.00>
ST_8 : Operation 334 [1/1] (0.00ns)   --->   "%mrv_84 = insertvalue i1600 %mrv_83, i16 %h_graph86_out_0_loc_load" [example-4/src/finalize.cc:115]   --->   Operation 334 'insertvalue' 'mrv_84' <Predicate = true> <Delay = 0.00>
ST_8 : Operation 335 [1/1] (0.00ns)   --->   "%mrv_85 = insertvalue i1600 %mrv_84, i16 %h_graph87_out_0_loc_load" [example-4/src/finalize.cc:115]   --->   Operation 335 'insertvalue' 'mrv_85' <Predicate = true> <Delay = 0.00>
ST_8 : Operation 336 [1/1] (0.00ns)   --->   "%mrv_86 = insertvalue i1600 %mrv_85, i16 %h_graph88_out_0_loc_load" [example-4/src/finalize.cc:115]   --->   Operation 336 'insertvalue' 'mrv_86' <Predicate = true> <Delay = 0.00>
ST_8 : Operation 337 [1/1] (0.00ns)   --->   "%mrv_87 = insertvalue i1600 %mrv_86, i16 %h_graph89_out_0_loc_load" [example-4/src/finalize.cc:115]   --->   Operation 337 'insertvalue' 'mrv_87' <Predicate = true> <Delay = 0.00>
ST_8 : Operation 338 [1/1] (0.00ns)   --->   "%mrv_88 = insertvalue i1600 %mrv_87, i16 %h_graph90_out_0_loc_load" [example-4/src/finalize.cc:115]   --->   Operation 338 'insertvalue' 'mrv_88' <Predicate = true> <Delay = 0.00>
ST_8 : Operation 339 [1/1] (0.00ns)   --->   "%mrv_89 = insertvalue i1600 %mrv_88, i16 %h_graph91_out_0_loc_load" [example-4/src/finalize.cc:115]   --->   Operation 339 'insertvalue' 'mrv_89' <Predicate = true> <Delay = 0.00>
ST_8 : Operation 340 [1/1] (0.00ns)   --->   "%mrv_90 = insertvalue i1600 %mrv_89, i16 %h_graph92_out_0_loc_load" [example-4/src/finalize.cc:115]   --->   Operation 340 'insertvalue' 'mrv_90' <Predicate = true> <Delay = 0.00>
ST_8 : Operation 341 [1/1] (0.00ns)   --->   "%mrv_91 = insertvalue i1600 %mrv_90, i16 %h_graph93_out_0_loc_load" [example-4/src/finalize.cc:115]   --->   Operation 341 'insertvalue' 'mrv_91' <Predicate = true> <Delay = 0.00>
ST_8 : Operation 342 [1/1] (0.00ns)   --->   "%mrv_92 = insertvalue i1600 %mrv_91, i16 %h_graph94_out_0_loc_load" [example-4/src/finalize.cc:115]   --->   Operation 342 'insertvalue' 'mrv_92' <Predicate = true> <Delay = 0.00>
ST_8 : Operation 343 [1/1] (0.00ns)   --->   "%mrv_93 = insertvalue i1600 %mrv_92, i16 %h_graph95_out_0_loc_load" [example-4/src/finalize.cc:115]   --->   Operation 343 'insertvalue' 'mrv_93' <Predicate = true> <Delay = 0.00>
ST_8 : Operation 344 [1/1] (0.00ns)   --->   "%mrv_94 = insertvalue i1600 %mrv_93, i16 %h_graph96_out_0_loc_load" [example-4/src/finalize.cc:115]   --->   Operation 344 'insertvalue' 'mrv_94' <Predicate = true> <Delay = 0.00>
ST_8 : Operation 345 [1/1] (0.00ns)   --->   "%mrv_95 = insertvalue i1600 %mrv_94, i16 %h_graph97_out_0_loc_load" [example-4/src/finalize.cc:115]   --->   Operation 345 'insertvalue' 'mrv_95' <Predicate = true> <Delay = 0.00>
ST_8 : Operation 346 [1/1] (0.00ns)   --->   "%mrv_96 = insertvalue i1600 %mrv_95, i16 %h_graph98_out_0_loc_load" [example-4/src/finalize.cc:115]   --->   Operation 346 'insertvalue' 'mrv_96' <Predicate = true> <Delay = 0.00>
ST_8 : Operation 347 [1/1] (0.00ns)   --->   "%mrv_97 = insertvalue i1600 %mrv_96, i16 %h_graph99_out_0_loc_load" [example-4/src/finalize.cc:115]   --->   Operation 347 'insertvalue' 'mrv_97' <Predicate = true> <Delay = 0.00>
ST_8 : Operation 348 [1/1] (0.00ns)   --->   "%mrv_98 = insertvalue i1600 %mrv_97, i16 %h_graph100_out_0_loc_load" [example-4/src/finalize.cc:115]   --->   Operation 348 'insertvalue' 'mrv_98' <Predicate = true> <Delay = 0.00>
ST_8 : Operation 349 [1/1] (0.00ns)   --->   "%ret_ln115 = ret i1600 %mrv_98" [example-4/src/finalize.cc:115]   --->   Operation 349 'ret' 'ret_ln115' <Predicate = true> <Delay = 0.00>


============================================================
+ Verbose Summary: Timing violations
============================================================
Target clock period: 3.33ns, clock uncertainty: 0.9ns.

 <State 1>: 1.76ns
The critical path consists of the following:
	wire read operation ('num_of_nodes_read') on port 'num_of_nodes' [6]  (0 ns)
	'add' operation ('add_ln10', example-4/src/util.h:10) [114]  (0.88 ns)
	'select' operation ('select_ln10', example-4/src/util.h:10) [122]  (0 ns)
	'add' operation ('num_iters', example-4/src/finalize.cc:47) [123]  (0.88 ns)

 <State 2>: 2.29ns
The critical path consists of the following:
	'mul' operation ('bound', example-4/src/finalize.cc:47) [133]  (2.29 ns)

 <State 3>: 2.29ns
The critical path consists of the following:
	'mul' operation ('bound', example-4/src/finalize.cc:47) [133]  (2.29 ns)

 <State 4>: 0ns
The critical path consists of the following:

 <State 5>: 0ns
The critical path consists of the following:

 <State 6>: 1.62ns
The critical path consists of the following:
	'add' operation ('add_ln48', example-4/src/finalize.cc:48) [124]  (0.88 ns)
	'select' operation ('select_ln48', example-4/src/finalize.cc:48) [131]  (0.278 ns)
	'icmp' operation ('cmp39_1', example-4/src/finalize.cc:48) [139]  (0.343 ns)
	'or' operation ('or_ln107', example-4/src/finalize.cc:107) [140]  (0.122 ns)

 <State 7>: 0ns
The critical path consists of the following:

 <State 8>: 0ns
The critical path consists of the following:


============================================================
+ Verbose Summary: Binding
============================================================
N/A
* FSMD analyzer results:
  - Output states:
 - Input state : 
  - Chain level:
	State 1
	State 2
	State 3
	State 4
	State 5
	State 6
	State 7
	State 8


============================================================
+ Verbose Summary: Datapath Resource usage 
============================================================
N/A
