

================================================================
== Vitis HLS Report for 'load_graph_Pipeline_VITIS_LOOP_109_1'
================================================================
* Date:           Fri May  3 00:16:00 2024

* Version:        2021.1.1 (Build 3286242 on Wed Jul 28 13:09:46 MDT 2021)
* Project:        example-4
* Solution:       solution1 (Vitis Kernel Flow Target)
* Product family: virtexuplus
* Target device:  xcu50-fsvh2104-2-e


================================================================
== Performance Estimates
================================================================
+ Timing: 
    * Summary: 
    +--------+---------+----------+------------+
    |  Clock |  Target | Estimated| Uncertainty|
    +--------+---------+----------+------------+
    |ap_clk  |  3.33 ns|  2.059 ns|     0.90 ns|
    +--------+---------+----------+------------+

+ Latency: 
    * Summary: 
    +---------+---------+-----------+-----------+-----+-----+---------+
    |  Latency (cycles) |   Latency (absolute)  |  Interval | Pipeline|
    |   min   |   max   |    min    |    max    | min | max |   Type  |
    +---------+---------+-----------+-----------+-----+-----+---------+
    |       21|       21|  69.993 ns|  69.993 ns|   21|   21|       no|
    +---------+---------+-----------+-----------+-----+-----+---------+

    + Detail: 
        * Instance: 
        N/A

        * Loop: 
        +--------------------+---------+---------+----------+-----------+-----------+------+----------+
        |                    |  Latency (cycles) | Iteration|  Initiation Interval  | Trip |          |
        |      Loop Name     |   min   |   max   |  Latency |  achieved |   target  | Count| Pipelined|
        +--------------------+---------+---------+----------+-----------+-----------+------+----------+
        |- VITIS_LOOP_109_1  |       19|       19|         1|          1|          1|    19|       yes|
        +--------------------+---------+---------+----------+-----------+-----------+------+----------+

============================================================
+ Verbose Summary: Synthesis Manager
============================================================
InlineROM: 1
ExposeGlobal: 0
============================================================
+ Verbose Summary: CDFG Model
============================================================
IsTopModel: 0
ResetActiveHigh: 1
IsCombinational: 0
IsDatapathOnly: 0
HasWiredReturn: 1
HasMFsm: 2
HasVarLatency: 1
IsPipeline: 0
IsRtlPipelined: 0
IsInstanceOverlapped: 0
IsDontTouch: 0
HasImplIP: 0
IsGatedGlobalClock: 0

+ Individual pipeline summary: 
  * Pipeline-0: initiation interval (II) = 1, depth = 1


============================================================
+ Verbose Summary: Schedule
============================================================
* Number of FSM states : 1
* Pipeline : 1
  Pipeline-0 : II = 1, D = 1, States = { 1 }
* Dataflow Pipeline: 0

* FSM state transitions: 
1 --> 

* FSM state operations: 

State 1 <SV = 0> <Delay = 2.05>
ST_1 : Operation 4 [1/1] (0.00ns)   --->   "%i = alloca i32 1"   --->   Operation 4 'alloca' 'i' <Predicate = true> <Delay = 0.00>
ST_1 : Operation 5 [1/1] (0.00ns)   --->   "%specbramwithbyteenable_ln0 = specbramwithbyteenable void @_ssdm_op_SpecBRAMWithByteEnable, i128 %full_pe_degree_tables"   --->   Operation 5 'specbramwithbyteenable' 'specbramwithbyteenable_ln0' <Predicate = true> <Delay = 0.00>
ST_1 : Operation 6 [1/1] (0.00ns)   --->   "%num_of_nodes_read = read i32 @_ssdm_op_Read.ap_auto.i32, i32 %num_of_nodes"   --->   Operation 6 'read' 'num_of_nodes_read' <Predicate = true> <Delay = 0.00>
ST_1 : Operation 7 [1/1] (0.38ns)   --->   "%store_ln0 = store i32 0, i32 %i"   --->   Operation 7 'store' 'store_ln0' <Predicate = true> <Delay = 0.38>
ST_1 : Operation 8 [1/1] (0.00ns)   --->   "%br_ln0 = br void"   --->   Operation 8 'br' 'br_ln0' <Predicate = true> <Delay = 0.00>
ST_1 : Operation 9 [1/1] (0.00ns)   --->   "%i_5 = load i32 %i" [example-4/src/load_inputs.cc:109]   --->   Operation 9 'load' 'i_5' <Predicate = true> <Delay = 0.00>
ST_1 : Operation 10 [1/1] (0.00ns)   --->   "%specpipeline_ln0 = specpipeline void @_ssdm_op_SpecPipeline, i32 4294967295, i32 0, i32 1, i32 0, void @p_str"   --->   Operation 10 'specpipeline' 'specpipeline_ln0' <Predicate = true> <Delay = 0.00>
ST_1 : Operation 11 [1/1] (0.85ns)   --->   "%icmp_ln109 = icmp_eq  i32 %i_5, i32 %num_of_nodes_read" [example-4/src/load_inputs.cc:109]   --->   Operation 11 'icmp' 'icmp_ln109' <Predicate = true> <Delay = 0.85> <CoreInst = "Cmp">   --->   Core 9 'Cmp' <Latency = 0> <II = 1> <Delay = 0.85> <FuncUnit> <Opcode : 'icmp'> <InPorts = 2> <OutPorts = 1>
ST_1 : Operation 12 [1/1] (0.88ns)   --->   "%add_ln109 = add i32 %i_5, i32 1" [example-4/src/load_inputs.cc:109]   --->   Operation 12 'add' 'add_ln109' <Predicate = true> <Delay = 0.88> <CoreInst = "Adder">   --->   Core 1 'Adder' <Latency = 0> <II = 1> <Delay = 0.88> <FuncUnit> <Opcode : 'add' 'sub'> <InPorts = 2> <OutPorts = 1>
ST_1 : Operation 13 [1/1] (0.00ns)   --->   "%br_ln109 = br i1 %icmp_ln109, void %.split10, void %._crit_edge68.loopexit.preheader.exitStub" [example-4/src/load_inputs.cc:109]   --->   Operation 13 'br' 'br_ln109' <Predicate = true> <Delay = 0.00>
ST_1 : Operation 14 [1/1] (0.00ns)   --->   "%i_cast = zext i32 %i_5" [example-4/src/load_inputs.cc:109]   --->   Operation 14 'zext' 'i_cast' <Predicate = (!icmp_ln109)> <Delay = 0.00>
ST_1 : Operation 15 [1/1] (0.00ns)   --->   "%speclooptripcount_ln109 = speclooptripcount void @_ssdm_op_SpecLoopTripCount, i64 19, i64 19, i64 19" [example-4/src/load_inputs.cc:109]   --->   Operation 15 'speclooptripcount' 'speclooptripcount_ln109' <Predicate = (!icmp_ln109)> <Delay = 0.00>
ST_1 : Operation 16 [1/1] (0.00ns)   --->   "%specloopname_ln109 = specloopname void @_ssdm_op_SpecLoopName, void @empty_18" [example-4/src/load_inputs.cc:109]   --->   Operation 16 'specloopname' 'specloopname_ln109' <Predicate = (!icmp_ln109)> <Delay = 0.00>
ST_1 : Operation 17 [1/1] (0.00ns)   --->   "%degree_table_1_addr = getelementptr i32 %degree_table_1, i64 0, i64 %i_cast" [example-4/src/load_inputs.cc:112]   --->   Operation 17 'getelementptr' 'degree_table_1_addr' <Predicate = (!icmp_ln109)> <Delay = 0.00>
ST_1 : Operation 18 [1/1] (1.19ns)   --->   "%store_ln112 = store i32 0, i9 %degree_table_1_addr" [example-4/src/load_inputs.cc:112]   --->   Operation 18 'store' 'store_ln112' <Predicate = (!icmp_ln109)> <Delay = 1.19> <CoreInst = "RAM">   --->   Core 83 'RAM' <Latency = 1> <II = 1> <Delay = 1.19> <Storage> <Opcode : 'load' 'store'> <Ports = 2> <Width = 32> <Depth = 500> <RAM>
ST_1 : Operation 19 [1/1] (0.00ns)   --->   "%full_pe_degree_tables_addr = getelementptr i128 %full_pe_degree_tables, i64 0, i64 %i_cast" [example-4/src/load_inputs.cc:118]   --->   Operation 19 'getelementptr' 'full_pe_degree_tables_addr' <Predicate = (!icmp_ln109)> <Delay = 0.00>
ST_1 : Operation 20 [1/1] (1.20ns)   --->   "%store_ln118 = store void @_ssdm_op_Write.bram.i128, i9 %full_pe_degree_tables_addr, i128 0, i16 65535" [example-4/src/load_inputs.cc:118]   --->   Operation 20 'store' 'store_ln118' <Predicate = (!icmp_ln109)> <Delay = 1.20> <CoreInst = "RAM">   --->   Core 83 'RAM' <Latency = 1> <II = 1> <Delay = 1.20> <Storage> <Opcode : 'load' 'store'> <Ports = 2> <Width = 128> <Depth = 500> <RAM>
ST_1 : Operation 21 [1/1] (0.38ns)   --->   "%store_ln109 = store i32 %add_ln109, i32 %i" [example-4/src/load_inputs.cc:109]   --->   Operation 21 'store' 'store_ln109' <Predicate = (!icmp_ln109)> <Delay = 0.38>
ST_1 : Operation 22 [1/1] (0.00ns)   --->   "%br_ln0 = br void"   --->   Operation 22 'br' 'br_ln0' <Predicate = (!icmp_ln109)> <Delay = 0.00>
ST_1 : Operation 23 [1/1] (0.00ns)   --->   "%ret_ln0 = ret"   --->   Operation 23 'ret' 'ret_ln0' <Predicate = (icmp_ln109)> <Delay = 0.00>


============================================================
+ Verbose Summary: Binding
============================================================
STG Binding: 
---------------- STG Properties BEGIN ----------------
- Is combinational: 0
- Is one-state seq: 0
- Is datapath-only: 0
- Is pipelined: 0
- Is top level: 0
Port [ Return ] is wired: 1; IO mode=ap_ctrl_hs:ce=0
Port [ num_of_nodes]:  wired=1; compound=0; hidden=0; nouse=0; global=0; static=0; extern=0; dir=0; type=0; pingpong=0; private_global=0; IO mode=ap_none:ce=0
Port [ full_pe_degree_tables]:  wired=1; compound=1; hidden=0; nouse=0; global=0; static=0; extern=0; dir=1; type=1; pingpong=0; private_global=0; MemPort=[03]; IO mode=ap_memory:ce=0
Port [ degree_table_1]:  wired=1; compound=1; hidden=0; nouse=0; global=1; static=1; extern=0; dir=1; type=1; pingpong=0; private_global=0; MemPort=[03]; IO mode=ap_memory:ce=0
---------------- STG Properties END ------------------

---------------- Datapath Model BEGIN ----------------

<LifeTime>
<method=bitvector/>
i                          (alloca                ) [ 01]
specbramwithbyteenable_ln0 (specbramwithbyteenable) [ 00]
num_of_nodes_read          (read                  ) [ 00]
store_ln0                  (store                 ) [ 00]
br_ln0                     (br                    ) [ 00]
i_5                        (load                  ) [ 00]
specpipeline_ln0           (specpipeline          ) [ 00]
icmp_ln109                 (icmp                  ) [ 01]
add_ln109                  (add                   ) [ 00]
br_ln109                   (br                    ) [ 00]
i_cast                     (zext                  ) [ 00]
speclooptripcount_ln109    (speclooptripcount     ) [ 00]
specloopname_ln109         (specloopname          ) [ 00]
degree_table_1_addr        (getelementptr         ) [ 00]
store_ln112                (store                 ) [ 00]
full_pe_degree_tables_addr (getelementptr         ) [ 00]
store_ln118                (store                 ) [ 00]
store_ln109                (store                 ) [ 00]
br_ln0                     (br                    ) [ 00]
ret_ln0                    (ret                   ) [ 00]
</LifeTime>

<model>

<comp_list>
<comp id="0" class="1000" name="num_of_nodes">
<pin_list>
<pin id="1" dir="1" index="0" bw="1" slack="0"/>
</pin_list>
<bind>
<StgValue><ssdm name="num_of_nodes"/></StgValue>
</bind>
</comp>

<comp id="2" class="1000" name="full_pe_degree_tables">
<pin_list>
<pin id="3" dir="1" index="0" bw="1" slack="0"/>
</pin_list>
<bind>
<StgValue><ssdm name="full_pe_degree_tables"/><MemPortTyVec>0 3 </MemPortTyVec>
</StgValue>
</bind>
</comp>

<comp id="4" class="1000" name="degree_table_1">
<pin_list>
<pin id="5" dir="1" index="0" bw="1" slack="0"/>
</pin_list>
<bind>
<StgValue><ssdm name="degree_table_1"/><MemPortTyVec>0 3 </MemPortTyVec>
</StgValue>
</bind>
</comp>

<comp id="6" class="1001" name="const_6">
<pin_list>
<pin id="7" dir="1" index="0" bw="1" slack="0"/>
</pin_list>
<bind>
<StgValue><ssdm name=""/></StgValue>
</bind>
</comp>

<comp id="8" class="1001" name="const_8">
<pin_list>
<pin id="9" dir="1" index="0" bw="1" slack="2147483647"/>
</pin_list>
<bind>
<StgValue><ssdm name="_ssdm_op_SpecBRAMWithByteEnable"/></StgValue>
</bind>
</comp>

<comp id="10" class="1001" name="const_10">
<pin_list>
<pin id="11" dir="1" index="0" bw="1" slack="0"/>
</pin_list>
<bind>
<StgValue><ssdm name="_ssdm_op_Read.ap_auto.i32"/></StgValue>
</bind>
</comp>

<comp id="12" class="1001" name="const_12">
<pin_list>
<pin id="13" dir="1" index="0" bw="1" slack="0"/>
</pin_list>
<bind>
<StgValue><ssdm name=""/></StgValue>
</bind>
</comp>

<comp id="14" class="1001" name="const_14">
<pin_list>
<pin id="15" dir="1" index="0" bw="1" slack="2147483647"/>
</pin_list>
<bind>
<StgValue><ssdm name="_ssdm_op_SpecPipeline"/></StgValue>
</bind>
</comp>

<comp id="16" class="1001" name="const_16">
<pin_list>
<pin id="17" dir="1" index="0" bw="1" slack="2147483647"/>
</pin_list>
<bind>
<StgValue><ssdm name=""/></StgValue>
</bind>
</comp>

<comp id="18" class="1001" name="const_18">
<pin_list>
<pin id="19" dir="1" index="0" bw="1" slack="2147483647"/>
</pin_list>
<bind>
<StgValue><ssdm name="p_str"/></StgValue>
</bind>
</comp>

<comp id="20" class="1001" name="const_20">
<pin_list>
<pin id="21" dir="1" index="0" bw="1" slack="2147483647"/>
</pin_list>
<bind>
<StgValue><ssdm name="_ssdm_op_SpecLoopTripCount"/></StgValue>
</bind>
</comp>

<comp id="22" class="1001" name="const_22">
<pin_list>
<pin id="23" dir="1" index="0" bw="1" slack="2147483647"/>
</pin_list>
<bind>
<StgValue><ssdm name=""/></StgValue>
</bind>
</comp>

<comp id="24" class="1001" name="const_24">
<pin_list>
<pin id="25" dir="1" index="0" bw="1" slack="2147483647"/>
</pin_list>
<bind>
<StgValue><ssdm name="_ssdm_op_SpecLoopName"/></StgValue>
</bind>
</comp>

<comp id="26" class="1001" name="const_26">
<pin_list>
<pin id="27" dir="1" index="0" bw="1" slack="2147483647"/>
</pin_list>
<bind>
<StgValue><ssdm name="empty_18"/></StgValue>
</bind>
</comp>

<comp id="28" class="1001" name="const_28">
<pin_list>
<pin id="29" dir="1" index="0" bw="1" slack="0"/>
</pin_list>
<bind>
<StgValue><ssdm name=""/></StgValue>
</bind>
</comp>

<comp id="30" class="1001" name="const_30">
<pin_list>
<pin id="31" dir="1" index="0" bw="1" slack="2147483647"/>
</pin_list>
<bind>
<StgValue><ssdm name="_ssdm_op_Write.bram.i128"/></StgValue>
</bind>
</comp>

<comp id="32" class="1001" name="const_32">
<pin_list>
<pin id="33" dir="1" index="0" bw="1" slack="2147483647"/>
</pin_list>
<bind>
<StgValue><ssdm name=""/></StgValue>
</bind>
</comp>

<comp id="34" class="1001" name="const_34">
<pin_list>
<pin id="35" dir="1" index="0" bw="1" slack="2147483647"/>
</pin_list>
<bind>
<StgValue><ssdm name=""/></StgValue>
</bind>
</comp>

<comp id="36" class="1004" name="i_fu_36">
<pin_list>
<pin id="37" dir="0" index="0" bw="1" slack="0"/>
<pin id="38" dir="1" index="1" bw="32" slack="0"/>
</pin_list>
<bind>
<opcode="alloca(26) " fcode="alloca"/>
<opset="i/1 "/>
</bind>
</comp>

<comp id="40" class="1004" name="num_of_nodes_read_read_fu_40">
<pin_list>
<pin id="41" dir="0" index="0" bw="32" slack="0"/>
<pin id="42" dir="0" index="1" bw="32" slack="0"/>
<pin id="43" dir="1" index="2" bw="32" slack="0"/>
</pin_list>
<bind>
<opcode="read(1150) " fcode="read"/>
<opset="num_of_nodes_read/1 "/>
</bind>
</comp>

<comp id="46" class="1004" name="degree_table_1_addr_gep_fu_46">
<pin_list>
<pin id="47" dir="0" index="0" bw="32" slack="0"/>
<pin id="48" dir="0" index="1" bw="1" slack="0"/>
<pin id="49" dir="0" index="2" bw="32" slack="0"/>
<pin id="50" dir="1" index="3" bw="9" slack="0"/>
</pin_list>
<bind>
<opcode="getelementptr(29) " fcode="getelementptr"/>
<opset="degree_table_1_addr/1 "/>
</bind>
</comp>

<comp id="53" class="1004" name="store_ln112_access_fu_53">
<pin_list>
<pin id="54" dir="0" index="0" bw="9" slack="0"/>
<pin id="55" dir="0" index="1" bw="32" slack="0"/>
<pin id="56" dir="0" index="2" bw="0" slack="2147483647"/>
<pin id="57" dir="1" index="3" bw="32" slack="2147483647"/>
</pin_list>
<bind>
<opcode="store(28) " fcode="store"/>
<opset="store_ln112/1 "/>
</bind>
</comp>

<comp id="60" class="1004" name="full_pe_degree_tables_addr_gep_fu_60">
<pin_list>
<pin id="61" dir="0" index="0" bw="128" slack="0"/>
<pin id="62" dir="0" index="1" bw="1" slack="0"/>
<pin id="63" dir="0" index="2" bw="32" slack="0"/>
<pin id="64" dir="1" index="3" bw="9" slack="2147483647"/>
</pin_list>
<bind>
<opcode="getelementptr(29) " fcode="getelementptr"/>
<opset="full_pe_degree_tables_addr/1 "/>
</bind>
</comp>

<comp id="67" class="1004" name="store_ln118_access_fu_67">
<pin_list>
<pin id="68" dir="0" index="0" bw="9" slack="2147483647"/>
<pin id="69" dir="0" index="1" bw="128" slack="2147483647"/>
<pin id="70" dir="0" index="2" bw="16" slack="2147483647"/>
<pin id="71" dir="1" index="3" bw="128" slack="2147483647"/>
</pin_list>
<bind>
<opcode="store(28) " fcode="store"/>
<opset="store_ln118/1 "/>
</bind>
</comp>

<comp id="72" class="1004" name="store_ln0_store_fu_72">
<pin_list>
<pin id="73" dir="0" index="0" bw="1" slack="0"/>
<pin id="74" dir="0" index="1" bw="32" slack="0"/>
<pin id="75" dir="1" index="2" bw="0" slack="2147483647"/>
</pin_list>
<bind>
<opcode="store(28) " fcode="store"/>
<opset="store_ln0/1 "/>
</bind>
</comp>

<comp id="77" class="1004" name="i_5_load_fu_77">
<pin_list>
<pin id="78" dir="0" index="0" bw="32" slack="0"/>
<pin id="79" dir="1" index="1" bw="32" slack="0"/>
</pin_list>
<bind>
<opcode="load(27) " fcode="load"/>
<opset="i_5/1 "/>
</bind>
</comp>

<comp id="80" class="1004" name="icmp_ln109_fu_80">
<pin_list>
<pin id="81" dir="0" index="0" bw="32" slack="0"/>
<pin id="82" dir="0" index="1" bw="32" slack="0"/>
<pin id="83" dir="1" index="2" bw="1" slack="2147483647"/>
</pin_list>
<bind>
<opcode="icmp(45) " fcode="icmp"/>
<opset="icmp_ln109/1 "/>
</bind>
</comp>

<comp id="86" class="1004" name="add_ln109_fu_86">
<pin_list>
<pin id="87" dir="0" index="0" bw="32" slack="0"/>
<pin id="88" dir="0" index="1" bw="1" slack="0"/>
<pin id="89" dir="1" index="2" bw="32" slack="0"/>
</pin_list>
<bind>
<opcode="add(8) " fcode="add"/>
<opset="add_ln109/1 "/>
</bind>
</comp>

<comp id="92" class="1004" name="i_cast_fu_92">
<pin_list>
<pin id="93" dir="0" index="0" bw="32" slack="0"/>
<pin id="94" dir="1" index="1" bw="64" slack="0"/>
</pin_list>
<bind>
<opcode="zext(34) " fcode="zext"/>
<opset="i_cast/1 "/>
</bind>
</comp>

<comp id="98" class="1004" name="store_ln109_store_fu_98">
<pin_list>
<pin id="99" dir="0" index="0" bw="32" slack="0"/>
<pin id="100" dir="0" index="1" bw="32" slack="0"/>
<pin id="101" dir="1" index="2" bw="0" slack="2147483647"/>
</pin_list>
<bind>
<opcode="store(28) " fcode="store"/>
<opset="store_ln109/1 "/>
</bind>
</comp>

<comp id="103" class="1005" name="i_reg_103">
<pin_list>
<pin id="104" dir="0" index="0" bw="32" slack="0"/>
<pin id="105" dir="1" index="1" bw="32" slack="0"/>
</pin_list>
<bind>
<opset="i "/>
</bind>
</comp>

</comp_list>

<net_list>
<net id="39"><net_src comp="6" pin="0"/><net_sink comp="36" pin=0"/></net>

<net id="44"><net_src comp="10" pin="0"/><net_sink comp="40" pin=0"/></net>

<net id="45"><net_src comp="0" pin="0"/><net_sink comp="40" pin=1"/></net>

<net id="51"><net_src comp="4" pin="0"/><net_sink comp="46" pin=0"/></net>

<net id="52"><net_src comp="28" pin="0"/><net_sink comp="46" pin=1"/></net>

<net id="58"><net_src comp="12" pin="0"/><net_sink comp="53" pin=1"/></net>

<net id="59"><net_src comp="46" pin="3"/><net_sink comp="53" pin=0"/></net>

<net id="65"><net_src comp="2" pin="0"/><net_sink comp="60" pin=0"/></net>

<net id="66"><net_src comp="28" pin="0"/><net_sink comp="60" pin=1"/></net>

<net id="76"><net_src comp="12" pin="0"/><net_sink comp="72" pin=0"/></net>

<net id="84"><net_src comp="77" pin="1"/><net_sink comp="80" pin=0"/></net>

<net id="85"><net_src comp="40" pin="2"/><net_sink comp="80" pin=1"/></net>

<net id="90"><net_src comp="77" pin="1"/><net_sink comp="86" pin=0"/></net>

<net id="91"><net_src comp="6" pin="0"/><net_sink comp="86" pin=1"/></net>

<net id="95"><net_src comp="77" pin="1"/><net_sink comp="92" pin=0"/></net>

<net id="96"><net_src comp="92" pin="1"/><net_sink comp="46" pin=2"/></net>

<net id="97"><net_src comp="92" pin="1"/><net_sink comp="60" pin=2"/></net>

<net id="102"><net_src comp="86" pin="2"/><net_sink comp="98" pin=0"/></net>

<net id="106"><net_src comp="36" pin="1"/><net_sink comp="103" pin=0"/></net>

<net id="107"><net_src comp="103" pin="1"/><net_sink comp="72" pin=1"/></net>

<net id="108"><net_src comp="103" pin="1"/><net_sink comp="77" pin=0"/></net>

<net id="109"><net_src comp="103" pin="1"/><net_sink comp="98" pin=1"/></net>

</net_list>

</model> 
---------------- Datapath Model END ------------------

* FSMD analyzer results:
  - Output states:
	Port: full_pe_degree_tables | {1 }
	Port: degree_table_1 | {1 }
 - Input state : 
	Port: load_graph_Pipeline_VITIS_LOOP_109_1 : num_of_nodes | {1 }
  - Chain level:
	State 1
		store_ln0 : 1
		i_5 : 1
		icmp_ln109 : 2
		add_ln109 : 2
		br_ln109 : 3
		i_cast : 2
		degree_table_1_addr : 3
		store_ln112 : 4
		full_pe_degree_tables_addr : 3
		store_ln118 : 4
		store_ln109 : 3


============================================================
+ Verbose Summary: Datapath Resource usage 
============================================================

* Functional unit list:
|----------|------------------------------|---------|---------|
| Operation|        Functional Unit       |    FF   |   LUT   |
|----------|------------------------------|---------|---------|
|    add   |        add_ln109_fu_86       |    0    |    39   |
|----------|------------------------------|---------|---------|
|   icmp   |       icmp_ln109_fu_80       |    0    |    20   |
|----------|------------------------------|---------|---------|
|   read   | num_of_nodes_read_read_fu_40 |    0    |    0    |
|----------|------------------------------|---------|---------|
|   zext   |         i_cast_fu_92         |    0    |    0    |
|----------|------------------------------|---------|---------|
|   Total  |                              |    0    |    59   |
|----------|------------------------------|---------|---------|

Memories:
N/A

* Register list:
+---------+--------+
|         |   FF   |
+---------+--------+
|i_reg_103|   32   |
+---------+--------+
|  Total  |   32   |
+---------+--------+

* Multiplexer (MUX) list: 
|--------|------|------|------|--------|
|  Comp  |  Pin | Size |  BW  | S x BW |
|--------|------|------|------|--------|
|  Total |      |      |      |    0   |
|--------|------|------|------|--------|



* Summary:
+-----------+--------+--------+
|           |   FF   |   LUT  |
+-----------+--------+--------+
|  Function |    0   |   59   |
|   Memory  |    -   |    -   |
|Multiplexer|    -   |    -   |
|  Register |   32   |    -   |
+-----------+--------+--------+
|   Total   |   32   |   59   |
+-----------+--------+--------+
