

================================================================
== Vitis HLS Report for 'message_passing_pe19'
================================================================
* Date:           Fri May  3 00:22:27 2024

* Version:        2021.1.1 (Build 3286242 on Wed Jul 28 13:09:46 MDT 2021)
* Project:        example-4
* Solution:       solution1 (Vitis Kernel Flow Target)
* Product family: virtexuplus
* Target device:  xcu50-fsvh2104-2-e


================================================================
== Performance Estimates
================================================================
+ Timing: 
    * Summary: 
    +--------+---------+----------+------------+
    |  Clock |  Target | Estimated| Uncertainty|
    +--------+---------+----------+------------+
    |ap_clk  |  3.33 ns|  2.407 ns|     0.90 ns|
    +--------+---------+----------+------------+

+ Latency: 
    * Summary: 
    +---------+---------+-----------+----------+-----+-----+---------+
    |  Latency (cycles) |  Latency (absolute)  |  Interval | Pipeline|
    |   min   |   max   |    min    |    max   | min | max |   Type  |
    +---------+---------+-----------+----------+-----+-----+---------+
    |        5|      532|  16.665 ns|  1.773 us|    5|  532|       no|
    +---------+---------+-----------+----------+-----+-----+---------+

    + Detail: 
        * Instance: 
        N/A

        * Loop: 
        N/A

============================================================
+ Verbose Summary: Synthesis Manager
============================================================
InlineROM: 1
ExposeGlobal: 0
============================================================
+ Verbose Summary: CDFG Model
============================================================
IsTopModel: 0
ResetActiveHigh: 1
IsCombinational: 2
IsDatapathOnly: 0
HasWiredReturn: 1
HasMFsm: 0
HasVarLatency: 1
IsPipeline: 0
IsRtlPipelined: 0
IsInstanceOverlapped: 0
IsDontTouch: 0
HasImplIP: 0
IsGatedGlobalClock: 0


============================================================
+ Verbose Summary: Schedule
============================================================
* Number of FSM states : 4
* Pipeline : 0
* Dataflow Pipeline: 0

* FSM state transitions: 
1 --> 2 
2 --> 3 
3 --> 4 
4 --> 

* FSM state operations: 

State 1 <SV = 0> <Delay = 2.29>
ST_1 : Operation 5 [1/1] (0.00ns)   --->   "%num_of_edges = load i32 %num_of_edges_per_pe_1_1" [example-4/src/message_passing.cc:39]   --->   Operation 5 'load' 'num_of_edges' <Predicate = true> <Delay = 0.00>
ST_1 : Operation 6 [1/1] (0.00ns)   --->   "%cast = zext i32 %num_of_edges" [example-4/src/message_passing.cc:39]   --->   Operation 6 'zext' 'cast' <Predicate = true> <Delay = 0.00>
ST_1 : Operation 7 [2/2] (2.29ns)   --->   "%bound = mul i36 %cast, i36 13" [example-4/src/message_passing.cc:39]   --->   Operation 7 'mul' 'bound' <Predicate = true> <Delay = 2.29> <CoreInst = "Multiplier">   --->   Core 3 'Multiplier' <Latency = 1> <II = 1> <Delay = 2.29> <FuncUnit> <Opcode : 'mul'> <InPorts = 2> <OutPorts = 1>

State 2 <SV = 1> <Delay = 2.29>
ST_2 : Operation 8 [1/1] (1.21ns)   --->   "%layer_num_3 = read i3 @_ssdm_op_Read.ap_fifo.i3P0A, i3 %layer_num"   --->   Operation 8 'read' 'layer_num_3' <Predicate = true> <Delay = 1.21> <CoreInst = "FIFO_SRL">   --->   Core 81 'FIFO_SRL' <Latency = 0> <II = 1> <Delay = 1.39> <Storage> <Opcode : 'read' 'write' 'nbread' 'nbwrite'> <Ports = 0> <Width = 3> <Depth = 3> <FIFO>
ST_2 : Operation 9 [1/1] (0.00ns)   --->   "%zext_ln712 = zext i3 %layer_num_3"   --->   Operation 9 'zext' 'zext_ln712' <Predicate = true> <Delay = 0.00>
ST_2 : Operation 10 [1/1] (0.91ns)   --->   "%mul_ln712 = mul i7 %zext_ln712, i7 13"   --->   Operation 10 'mul' 'mul_ln712' <Predicate = true> <Delay = 0.91> <CoreInst = "Multiplier">   --->   Core 3 'Multiplier' <Latency = 1> <II = 1> <Delay = 2.29> <FuncUnit> <Opcode : 'mul'> <InPorts = 2> <OutPorts = 1>
ST_2 : Operation 11 [1/2] (2.29ns)   --->   "%bound = mul i36 %cast, i36 13" [example-4/src/message_passing.cc:39]   --->   Operation 11 'mul' 'bound' <Predicate = true> <Delay = 2.29> <CoreInst = "Multiplier">   --->   Core 3 'Multiplier' <Latency = 1> <II = 1> <Delay = 2.29> <FuncUnit> <Opcode : 'mul'> <InPorts = 2> <OutPorts = 1>

State 3 <SV = 2> <Delay = 0.00>
ST_3 : Operation 12 [1/1] (0.00ns)   --->   "%empty = wait i32 @_ssdm_op_Wait"   --->   Operation 12 'wait' 'empty' <Predicate = true> <Delay = 0.00>
ST_3 : Operation 13 [2/2] (0.00ns)   --->   "%call_ln39 = call void @message_passing_pe19_Pipeline_VITIS_LOOP_43_1_VITIS_LOOP_50_2, i36 %bound, i16 %embeddings_per_node_0_0_0_0_012, i16 %embeddings_per_node_0_0_0_0_01216, i16 %embeddings_per_node_0_0_0_0_01217, i16 %embeddings_per_node_0_0_0_0_01218, i16 %embeddings_per_node_0_0_0_0_01219, i16 %embeddings_per_node_0_0_0_0_01220, i16 %embeddings_per_node_0_0_0_0_01221, i16 %embeddings_per_node_0_0_0_0_01222, i7 %mul_ln712, i16 %message4, i16 %message413, i16 %message414, i16 %message415, i16 %message416, i16 %message417, i16 %message418, i16 %message419, i16 %embeddings_per_node_0_0_0_0_013, i16 %embeddings_per_node_0_0_0_0_01323, i16 %embeddings_per_node_0_0_0_0_01324, i16 %embeddings_per_node_0_0_0_0_01325, i16 %embeddings_per_node_0_0_0_0_01326, i16 %embeddings_per_node_0_0_0_0_01327, i16 %embeddings_per_node_0_0_0_0_01328, i16 %embeddings_per_node_0_0_0_0_01329, i16 %edge_embedding_weights_V_1_0, i16 %edge_embedding_weights_V_1_1, i16 %edge_embedding_weights_V_1_2, i16 %edge_embedding_weights_V_1_3, i7 %neighbor_tables_1_1, i71 %edge_attrs_1_1, i64 %degree_tables_1_1, i16 %edge_embedding_weights_V_1_4, i16 %edge_embedding_weights_V_1_5, i16 %edge_embedding_weights_V_1_6, i16 %edge_embedding_weights_V_1_7" [example-4/src/message_passing.cc:39]   --->   Operation 13 'call' 'call_ln39' <Predicate = true> <Delay = 0.00> <CoreType = "Generic">   --->   Core 0 '' <Latency = 0> <II = 1> <Delay = 1.00> <Generic> <Opcode : >

State 4 <SV = 3> <Delay = 0.00>
ST_4 : Operation 14 [1/1] (0.00ns)   --->   "%specinterface_ln0 = specinterface void @_ssdm_op_SpecInterface, i3 %layer_num, void @ap_fifo_str, i32 0, i32 0, void @p_str, i32 0, i32 0, void @p_str, void @p_str, void @p_str, i32 2, i32 2, i32 16, i32 16, void @p_str, void @ScalarProp_str"   --->   Operation 14 'specinterface' 'specinterface_ln0' <Predicate = true> <Delay = 0.00>
ST_4 : Operation 15 [1/1] (0.00ns)   --->   "%specinterface_ln0 = specinterface void @_ssdm_op_SpecInterface, i16 %embeddings_per_node_0_0_0_0_01329, void @ap_fifo_str, i32 0, i32 0, void @p_str, i32 0, i32 0, void @p_str, void @p_str, void @p_str, i32 2, i32 2, i32 16, i32 16, void @p_str, void @p_str"   --->   Operation 15 'specinterface' 'specinterface_ln0' <Predicate = true> <Delay = 0.00>
ST_4 : Operation 16 [1/1] (0.00ns)   --->   "%specinterface_ln0 = specinterface void @_ssdm_op_SpecInterface, i16 %embeddings_per_node_0_0_0_0_01328, void @ap_fifo_str, i32 0, i32 0, void @p_str, i32 0, i32 0, void @p_str, void @p_str, void @p_str, i32 2, i32 2, i32 16, i32 16, void @p_str, void @p_str"   --->   Operation 16 'specinterface' 'specinterface_ln0' <Predicate = true> <Delay = 0.00>
ST_4 : Operation 17 [1/1] (0.00ns)   --->   "%specinterface_ln0 = specinterface void @_ssdm_op_SpecInterface, i16 %embeddings_per_node_0_0_0_0_01327, void @ap_fifo_str, i32 0, i32 0, void @p_str, i32 0, i32 0, void @p_str, void @p_str, void @p_str, i32 2, i32 2, i32 16, i32 16, void @p_str, void @p_str"   --->   Operation 17 'specinterface' 'specinterface_ln0' <Predicate = true> <Delay = 0.00>
ST_4 : Operation 18 [1/1] (0.00ns)   --->   "%specinterface_ln0 = specinterface void @_ssdm_op_SpecInterface, i16 %embeddings_per_node_0_0_0_0_01326, void @ap_fifo_str, i32 0, i32 0, void @p_str, i32 0, i32 0, void @p_str, void @p_str, void @p_str, i32 2, i32 2, i32 16, i32 16, void @p_str, void @p_str"   --->   Operation 18 'specinterface' 'specinterface_ln0' <Predicate = true> <Delay = 0.00>
ST_4 : Operation 19 [1/1] (0.00ns)   --->   "%specinterface_ln0 = specinterface void @_ssdm_op_SpecInterface, i16 %embeddings_per_node_0_0_0_0_01325, void @ap_fifo_str, i32 0, i32 0, void @p_str, i32 0, i32 0, void @p_str, void @p_str, void @p_str, i32 2, i32 2, i32 16, i32 16, void @p_str, void @p_str"   --->   Operation 19 'specinterface' 'specinterface_ln0' <Predicate = true> <Delay = 0.00>
ST_4 : Operation 20 [1/1] (0.00ns)   --->   "%specinterface_ln0 = specinterface void @_ssdm_op_SpecInterface, i16 %embeddings_per_node_0_0_0_0_01324, void @ap_fifo_str, i32 0, i32 0, void @p_str, i32 0, i32 0, void @p_str, void @p_str, void @p_str, i32 2, i32 2, i32 16, i32 16, void @p_str, void @p_str"   --->   Operation 20 'specinterface' 'specinterface_ln0' <Predicate = true> <Delay = 0.00>
ST_4 : Operation 21 [1/1] (0.00ns)   --->   "%specinterface_ln0 = specinterface void @_ssdm_op_SpecInterface, i16 %embeddings_per_node_0_0_0_0_01323, void @ap_fifo_str, i32 0, i32 0, void @p_str, i32 0, i32 0, void @p_str, void @p_str, void @p_str, i32 2, i32 2, i32 16, i32 16, void @p_str, void @p_str"   --->   Operation 21 'specinterface' 'specinterface_ln0' <Predicate = true> <Delay = 0.00>
ST_4 : Operation 22 [1/1] (0.00ns)   --->   "%specinterface_ln0 = specinterface void @_ssdm_op_SpecInterface, i16 %embeddings_per_node_0_0_0_0_013, void @ap_fifo_str, i32 0, i32 0, void @p_str, i32 0, i32 0, void @p_str, void @p_str, void @p_str, i32 2, i32 2, i32 16, i32 16, void @p_str, void @p_str"   --->   Operation 22 'specinterface' 'specinterface_ln0' <Predicate = true> <Delay = 0.00>
ST_4 : Operation 23 [1/1] (0.00ns)   --->   "%specinterface_ln0 = specinterface void @_ssdm_op_SpecInterface, i16 %embeddings_per_node_0_0_0_0_01222, void @ap_fifo_str, i32 0, i32 0, void @p_str, i32 0, i32 0, void @p_str, void @p_str, void @p_str, i32 2, i32 2, i32 16, i32 16, void @p_str, void @p_str"   --->   Operation 23 'specinterface' 'specinterface_ln0' <Predicate = true> <Delay = 0.00>
ST_4 : Operation 24 [1/1] (0.00ns)   --->   "%specinterface_ln0 = specinterface void @_ssdm_op_SpecInterface, i16 %embeddings_per_node_0_0_0_0_01221, void @ap_fifo_str, i32 0, i32 0, void @p_str, i32 0, i32 0, void @p_str, void @p_str, void @p_str, i32 2, i32 2, i32 16, i32 16, void @p_str, void @p_str"   --->   Operation 24 'specinterface' 'specinterface_ln0' <Predicate = true> <Delay = 0.00>
ST_4 : Operation 25 [1/1] (0.00ns)   --->   "%specinterface_ln0 = specinterface void @_ssdm_op_SpecInterface, i16 %embeddings_per_node_0_0_0_0_01220, void @ap_fifo_str, i32 0, i32 0, void @p_str, i32 0, i32 0, void @p_str, void @p_str, void @p_str, i32 2, i32 2, i32 16, i32 16, void @p_str, void @p_str"   --->   Operation 25 'specinterface' 'specinterface_ln0' <Predicate = true> <Delay = 0.00>
ST_4 : Operation 26 [1/1] (0.00ns)   --->   "%specinterface_ln0 = specinterface void @_ssdm_op_SpecInterface, i16 %embeddings_per_node_0_0_0_0_01219, void @ap_fifo_str, i32 0, i32 0, void @p_str, i32 0, i32 0, void @p_str, void @p_str, void @p_str, i32 2, i32 2, i32 16, i32 16, void @p_str, void @p_str"   --->   Operation 26 'specinterface' 'specinterface_ln0' <Predicate = true> <Delay = 0.00>
ST_4 : Operation 27 [1/1] (0.00ns)   --->   "%specinterface_ln0 = specinterface void @_ssdm_op_SpecInterface, i16 %embeddings_per_node_0_0_0_0_01218, void @ap_fifo_str, i32 0, i32 0, void @p_str, i32 0, i32 0, void @p_str, void @p_str, void @p_str, i32 2, i32 2, i32 16, i32 16, void @p_str, void @p_str"   --->   Operation 27 'specinterface' 'specinterface_ln0' <Predicate = true> <Delay = 0.00>
ST_4 : Operation 28 [1/1] (0.00ns)   --->   "%specinterface_ln0 = specinterface void @_ssdm_op_SpecInterface, i16 %embeddings_per_node_0_0_0_0_01217, void @ap_fifo_str, i32 0, i32 0, void @p_str, i32 0, i32 0, void @p_str, void @p_str, void @p_str, i32 2, i32 2, i32 16, i32 16, void @p_str, void @p_str"   --->   Operation 28 'specinterface' 'specinterface_ln0' <Predicate = true> <Delay = 0.00>
ST_4 : Operation 29 [1/1] (0.00ns)   --->   "%specinterface_ln0 = specinterface void @_ssdm_op_SpecInterface, i16 %embeddings_per_node_0_0_0_0_01216, void @ap_fifo_str, i32 0, i32 0, void @p_str, i32 0, i32 0, void @p_str, void @p_str, void @p_str, i32 2, i32 2, i32 16, i32 16, void @p_str, void @p_str"   --->   Operation 29 'specinterface' 'specinterface_ln0' <Predicate = true> <Delay = 0.00>
ST_4 : Operation 30 [1/1] (0.00ns)   --->   "%specinterface_ln0 = specinterface void @_ssdm_op_SpecInterface, i16 %embeddings_per_node_0_0_0_0_012, void @ap_fifo_str, i32 0, i32 0, void @p_str, i32 0, i32 0, void @p_str, void @p_str, void @p_str, i32 2, i32 2, i32 16, i32 16, void @p_str, void @p_str"   --->   Operation 30 'specinterface' 'specinterface_ln0' <Predicate = true> <Delay = 0.00>
ST_4 : Operation 31 [1/1] (0.00ns)   --->   "%specmemcore_ln32 = specmemcore void @_ssdm_op_SpecMemCore, void @edge_embedding_weights_V_0_0, void @edge_embedding_weights_V_0_1, void @edge_embedding_weights_V_0_2, void @edge_embedding_weights_V_0_3, void @edge_embedding_weights_V_0_4, void @edge_embedding_weights_V_0_5, void @edge_embedding_weights_V_0_6, void @edge_embedding_weights_V_0_7, i16 %edge_embedding_weights_V_1_0, i16 %edge_embedding_weights_V_1_1, i16 %edge_embedding_weights_V_1_2, i16 %edge_embedding_weights_V_1_3, i16 %edge_embedding_weights_V_1_4, i16 %edge_embedding_weights_V_1_5, i16 %edge_embedding_weights_V_1_6, i16 %edge_embedding_weights_V_1_7, void @edge_embedding_weights_V_2_0, void @edge_embedding_weights_V_2_1, void @edge_embedding_weights_V_2_2, void @edge_embedding_weights_V_2_3, void @edge_embedding_weights_V_2_4, void @edge_embedding_weights_V_2_5, void @edge_embedding_weights_V_2_6, void @edge_embedding_weights_V_2_7, void @edge_embedding_weights_V_3_0, void @edge_embedding_weights_V_3_1, void @edge_embedding_weights_V_3_2, void @edge_embedding_weights_V_3_3, void @edge_embedding_weights_V_3_4, void @edge_embedding_weights_V_3_5, void @edge_embedding_weights_V_3_6, void @edge_embedding_weights_V_3_7, i64 666, i64 206, i64 18446744073709551615" [example-4/src/message_passing.cc:32]   --->   Operation 31 'specmemcore' 'specmemcore_ln32' <Predicate = true> <Delay = 0.00>
ST_4 : Operation 32 [1/2] (0.00ns)   --->   "%call_ln39 = call void @message_passing_pe19_Pipeline_VITIS_LOOP_43_1_VITIS_LOOP_50_2, i36 %bound, i16 %embeddings_per_node_0_0_0_0_012, i16 %embeddings_per_node_0_0_0_0_01216, i16 %embeddings_per_node_0_0_0_0_01217, i16 %embeddings_per_node_0_0_0_0_01218, i16 %embeddings_per_node_0_0_0_0_01219, i16 %embeddings_per_node_0_0_0_0_01220, i16 %embeddings_per_node_0_0_0_0_01221, i16 %embeddings_per_node_0_0_0_0_01222, i7 %mul_ln712, i16 %message4, i16 %message413, i16 %message414, i16 %message415, i16 %message416, i16 %message417, i16 %message418, i16 %message419, i16 %embeddings_per_node_0_0_0_0_013, i16 %embeddings_per_node_0_0_0_0_01323, i16 %embeddings_per_node_0_0_0_0_01324, i16 %embeddings_per_node_0_0_0_0_01325, i16 %embeddings_per_node_0_0_0_0_01326, i16 %embeddings_per_node_0_0_0_0_01327, i16 %embeddings_per_node_0_0_0_0_01328, i16 %embeddings_per_node_0_0_0_0_01329, i16 %edge_embedding_weights_V_1_0, i16 %edge_embedding_weights_V_1_1, i16 %edge_embedding_weights_V_1_2, i16 %edge_embedding_weights_V_1_3, i7 %neighbor_tables_1_1, i71 %edge_attrs_1_1, i64 %degree_tables_1_1, i16 %edge_embedding_weights_V_1_4, i16 %edge_embedding_weights_V_1_5, i16 %edge_embedding_weights_V_1_6, i16 %edge_embedding_weights_V_1_7" [example-4/src/message_passing.cc:39]   --->   Operation 32 'call' 'call_ln39' <Predicate = true> <Delay = 0.00> <CoreType = "Generic">   --->   Core 0 '' <Latency = 0> <II = 1> <Delay = 1.00> <Generic> <Opcode : >
ST_4 : Operation 33 [1/1] (0.00ns)   --->   "%ret_ln95 = ret" [example-4/src/message_passing.cc:95]   --->   Operation 33 'ret' 'ret_ln95' <Predicate = true> <Delay = 0.00>


============================================================
+ Verbose Summary: Timing violations
============================================================
Target clock period: 3.33ns, clock uncertainty: 0.9ns.

 <State 1>: 2.29ns
The critical path consists of the following:
	'load' operation ('num_of_edges', example-4/src/message_passing.cc:39) on static variable 'num_of_edges_per_pe_1_1' [57]  (0 ns)
	'mul' operation ('bound', example-4/src/message_passing.cc:39) [61]  (2.29 ns)

 <State 2>: 2.29ns
The critical path consists of the following:
	'mul' operation ('bound', example-4/src/message_passing.cc:39) [61]  (2.29 ns)

 <State 3>: 0ns
The critical path consists of the following:

 <State 4>: 0ns
The critical path consists of the following:


============================================================
+ Verbose Summary: Binding
============================================================
N/A
* FSMD analyzer results:
  - Output states:
 - Input state : 
  - Chain level:
	State 1
	State 2
	State 3
	State 4


============================================================
+ Verbose Summary: Datapath Resource usage 
============================================================
N/A
